[2024-06-25 06:50:44,167] {taskinstance.py:1037} INFO - Dependencies all met for <TaskInstance: orchestrator_dag.trigger_text_processing_dag_1 manual__2024-06-25T06:50:41.841732+00:00 [queued]>
[2024-06-25 06:50:44,177] {taskinstance.py:1037} INFO - Dependencies all met for <TaskInstance: orchestrator_dag.trigger_text_processing_dag_1 manual__2024-06-25T06:50:41.841732+00:00 [queued]>
[2024-06-25 06:50:44,177] {taskinstance.py:1243} INFO - 
--------------------------------------------------------------------------------
[2024-06-25 06:50:44,177] {taskinstance.py:1244} INFO - Starting attempt 1 of 2
[2024-06-25 06:50:44,177] {taskinstance.py:1245} INFO - 
--------------------------------------------------------------------------------
[2024-06-25 06:50:44,188] {taskinstance.py:1264} INFO - Executing <Task(TriggerDagRunOperator): trigger_text_processing_dag_1> on 2024-06-25 06:50:41.841732+00:00
[2024-06-25 06:50:44,191] {standard_task_runner.py:52} INFO - Started process 8088 to run task
[2024-06-25 06:50:44,193] {standard_task_runner.py:76} INFO - Running: ['airflow', 'tasks', 'run', 'orchestrator_dag', 'trigger_text_processing_dag_1', 'manual__2024-06-25T06:50:41.841732+00:00', '--job-id', '187', '--raw', '--subdir', 'DAGS_FOLDER/dag_orchestrator.py', '--cfg-path', '/tmp/tmpawtdysm4', '--error-file', '/tmp/tmp7vpf49yc']
[2024-06-25 06:50:44,196] {standard_task_runner.py:77} INFO - Job 187: Subtask trigger_text_processing_dag_1
[2024-06-25 06:50:44,256] {logging_mixin.py:109} INFO - Running <TaskInstance: orchestrator_dag.trigger_text_processing_dag_1 manual__2024-06-25T06:50:41.841732+00:00 [running]> on host 09709d0d4538
[2024-06-25 06:50:44,317] {taskinstance.py:1431} INFO - Exporting the following env vars:
AIRFLOW_CTX_DAG_OWNER=airflow
AIRFLOW_CTX_DAG_ID=orchestrator_dag
AIRFLOW_CTX_TASK_ID=trigger_text_processing_dag_1
AIRFLOW_CTX_EXECUTION_DATE=2024-06-25T06:50:41.841732+00:00
AIRFLOW_CTX_DAG_RUN_ID=manual__2024-06-25T06:50:41.841732+00:00
[2024-06-25 06:50:44,354] {logging_mixin.py:109} WARNING - /home/airflow/.local/lib/python3.6/site-packages/airflow/api/common/trigger_dag.py:90 DeprecationWarning: Calling `DAG.create_dagrun()` without an explicit data interval is deprecated
[2024-06-25 06:50:44,419] {taskinstance.py:1282} INFO - Marking task as SUCCESS. dag_id=orchestrator_dag, task_id=trigger_text_processing_dag_1, execution_date=20240625T065041, start_date=20240625T065044, end_date=20240625T065044
[2024-06-25 06:50:44,446] {local_task_job.py:154} INFO - Task exited with return code 0
[2024-06-25 06:50:44,489] {local_task_job.py:264} INFO - 1 downstream tasks scheduled from follow-on schedule check
