[2024-07-12 00:26:52,598] {taskinstance.py:1037} INFO - Dependencies all met for <TaskInstance: text_processing_dag_1.process_text manual__2024-06-25T06:50:44.317749+00:00 [queued]>
[2024-07-12 00:26:52,623] {taskinstance.py:1037} INFO - Dependencies all met for <TaskInstance: text_processing_dag_1.process_text manual__2024-06-25T06:50:44.317749+00:00 [queued]>
[2024-07-12 00:26:52,628] {taskinstance.py:1243} INFO - 
--------------------------------------------------------------------------------
[2024-07-12 00:26:52,628] {taskinstance.py:1244} INFO - Starting attempt 2 of 3
[2024-07-12 00:26:52,628] {taskinstance.py:1245} INFO - 
--------------------------------------------------------------------------------
[2024-07-12 00:26:52,659] {taskinstance.py:1264} INFO - Executing <Task(PythonOperator): process_text> on 2024-06-25 06:50:44.317749+00:00
[2024-07-12 00:26:52,707] {standard_task_runner.py:76} INFO - Running: ['airflow', 'tasks', 'run', 'text_processing_dag_1', 'process_text', 'manual__2024-06-25T06:50:44.317749+00:00', '--job-id', '3197', '--raw', '--subdir', 'DAGS_FOLDER/dag_text_processing_1.py', '--cfg-path', '/tmp/tmpeky496kf', '--error-file', '/tmp/tmpbhdjpi92']
[2024-07-12 00:26:52,710] {standard_task_runner.py:77} INFO - Job 3197: Subtask process_text
[2024-07-12 00:26:52,668] {standard_task_runner.py:52} INFO - Started process 4690 to run task
[2024-07-12 00:26:53,151] {logging_mixin.py:109} INFO - Running <TaskInstance: text_processing_dag_1.process_text manual__2024-06-25T06:50:44.317749+00:00 [running]> on host cf249bbdc0d0
[2024-07-12 00:26:53,593] {taskinstance.py:1431} INFO - Exporting the following env vars:
AIRFLOW_CTX_DAG_OWNER=airflow
AIRFLOW_CTX_DAG_ID=text_processing_dag_1
AIRFLOW_CTX_TASK_ID=process_text
AIRFLOW_CTX_EXECUTION_DATE=2024-06-25T06:50:44.317749+00:00
AIRFLOW_CTX_DAG_RUN_ID=manual__2024-06-25T06:50:44.317749+00:00
[2024-07-12 00:27:01,056] {logging_mixin.py:109} INFO - Index(['date', 'time', 'messages', 'video_links', 'video_durations'], dtype='object')
[2024-07-12 00:28:30,562] {logging_mixin.py:109} INFO - Error: ZERO_RESULTS for city: شهيد
[2024-07-12 00:28:31,783] {logging_mixin.py:109} INFO - Error: ZERO_RESULTS for city: mosque
[2024-07-12 00:28:36,938] {local_task_job.py:212} WARNING - State of this instance has been externally set to None. Terminating instance.
[2024-07-12 00:28:36,946] {process_utils.py:124} INFO - Sending Signals.SIGTERM to group 4690. PIDs of all processes in the group: [4690]
[2024-07-12 00:28:36,947] {process_utils.py:75} INFO - Sending the signal Signals.SIGTERM to group 4690
[2024-07-12 00:28:36,954] {taskinstance.py:1413} ERROR - Received SIGTERM. Terminating subprocesses.
[2024-07-12 00:28:36,963] {logging_mixin.py:109} INFO - Error fetching data for city: east+gaza+city, Error: Task received SIGTERM signal
[2024-07-12 00:28:41,512] {logging_mixin.py:109} INFO - Error: ZERO_RESULTS for city: الأهالي
[2024-07-12 00:28:45,431] {logging_mixin.py:109} INFO - Error: ZERO_RESULTS for city: Maythaloun
[2024-07-12 00:28:45,765] {logging_mixin.py:109} INFO - Processed data saved to /opt/airflow/data/processed_data_1.json
[2024-07-12 00:28:45,779] {python.py:175} INFO - Done. Returned value was: None
[2024-07-12 00:28:45,806] {taskinstance.py:1282} INFO - Marking task as SUCCESS. dag_id=text_processing_dag_1, task_id=process_text, execution_date=20240625T065044, start_date=20240712T002652, end_date=20240712T002845
[2024-07-12 00:28:45,928] {process_utils.py:70} INFO - Process psutil.Process(pid=4690, status='terminated', exitcode=0, started='00:26:52') (4690) terminated with exit code 0
