[2024-06-20 19:32:12,159] {taskinstance.py:1037} INFO - Dependencies all met for <TaskInstance: orchestrator_dag.trigger_text_processing_dag_2 scheduled__2024-06-18T00:00:00+00:00 [queued]>
[2024-06-20 19:32:12,457] {taskinstance.py:1037} INFO - Dependencies all met for <TaskInstance: orchestrator_dag.trigger_text_processing_dag_2 scheduled__2024-06-18T00:00:00+00:00 [queued]>
[2024-06-20 19:32:12,458] {taskinstance.py:1243} INFO - 
--------------------------------------------------------------------------------
[2024-06-20 19:32:12,458] {taskinstance.py:1244} INFO - Starting attempt 1 of 2
[2024-06-20 19:32:12,458] {taskinstance.py:1245} INFO - 
--------------------------------------------------------------------------------
[2024-06-20 19:32:12,514] {taskinstance.py:1264} INFO - Executing <Task(TriggerDagRunOperator): trigger_text_processing_dag_2> on 2024-06-18 00:00:00+00:00
[2024-06-20 19:32:12,541] {standard_task_runner.py:52} INFO - Started process 230 to run task
[2024-06-20 19:32:12,563] {standard_task_runner.py:76} INFO - Running: ['airflow', 'tasks', 'run', 'orchestrator_dag', 'trigger_text_processing_dag_2', 'scheduled__2024-06-18T00:00:00+00:00', '--job-id', '7', '--raw', '--subdir', 'DAGS_FOLDER/dag_orchestrator.py', '--cfg-path', '/tmp/tmp3qy2_1sq', '--error-file', '/tmp/tmpfmd7zugr']
[2024-06-20 19:32:12,578] {standard_task_runner.py:77} INFO - Job 7: Subtask trigger_text_processing_dag_2
[2024-06-20 19:32:12,907] {logging_mixin.py:109} INFO - Running <TaskInstance: orchestrator_dag.trigger_text_processing_dag_2 scheduled__2024-06-18T00:00:00+00:00 [running]> on host 09fa9687a8d2
[2024-06-20 19:32:13,187] {taskinstance.py:1431} INFO - Exporting the following env vars:
AIRFLOW_CTX_DAG_OWNER=airflow
AIRFLOW_CTX_DAG_ID=orchestrator_dag
AIRFLOW_CTX_TASK_ID=trigger_text_processing_dag_2
AIRFLOW_CTX_EXECUTION_DATE=2024-06-18T00:00:00+00:00
AIRFLOW_CTX_DAG_RUN_ID=scheduled__2024-06-18T00:00:00+00:00
[2024-06-20 19:32:13,319] {logging_mixin.py:109} WARNING - /home/airflow/.local/lib/python3.6/site-packages/airflow/api/common/trigger_dag.py:90 DeprecationWarning: Calling `DAG.create_dagrun()` without an explicit data interval is deprecated
[2024-06-20 19:32:13,614] {taskinstance.py:1282} INFO - Marking task as SUCCESS. dag_id=orchestrator_dag, task_id=trigger_text_processing_dag_2, execution_date=20240618T000000, start_date=20240620T193212, end_date=20240620T193213
[2024-06-20 19:32:13,712] {local_task_job.py:154} INFO - Task exited with return code 0
[2024-06-20 19:32:13,838] {local_task_job.py:264} INFO - 1 downstream tasks scheduled from follow-on schedule check
[2024-06-21 06:32:57,644] {taskinstance.py:1037} INFO - Dependencies all met for <TaskInstance: orchestrator_dag.trigger_text_processing_dag_2 scheduled__2024-06-18T00:00:00+00:00 [queued]>
[2024-06-21 06:32:57,688] {taskinstance.py:1037} INFO - Dependencies all met for <TaskInstance: orchestrator_dag.trigger_text_processing_dag_2 scheduled__2024-06-18T00:00:00+00:00 [queued]>
[2024-06-21 06:32:57,688] {taskinstance.py:1243} INFO - 
--------------------------------------------------------------------------------
[2024-06-21 06:32:57,688] {taskinstance.py:1244} INFO - Starting attempt 1 of 2
[2024-06-21 06:32:57,689] {taskinstance.py:1245} INFO - 
--------------------------------------------------------------------------------
[2024-06-21 06:32:57,817] {taskinstance.py:1264} INFO - Executing <Task(TriggerDagRunOperator): trigger_text_processing_dag_2> on 2024-06-18 00:00:00+00:00
[2024-06-21 06:32:57,906] {standard_task_runner.py:52} INFO - Started process 245 to run task
[2024-06-21 06:32:57,874] {standard_task_runner.py:76} INFO - Running: ['airflow', 'tasks', 'run', 'orchestrator_dag', 'trigger_text_processing_dag_2', 'scheduled__2024-06-18T00:00:00+00:00', '--job-id', '83', '--raw', '--subdir', 'DAGS_FOLDER/dag_orchestrator.py', '--cfg-path', '/tmp/tmp0v0mf6q0', '--error-file', '/tmp/tmp96eg8w45']
[2024-06-21 06:32:57,919] {standard_task_runner.py:77} INFO - Job 83: Subtask trigger_text_processing_dag_2
[2024-06-21 06:32:58,181] {logging_mixin.py:109} INFO - Running <TaskInstance: orchestrator_dag.trigger_text_processing_dag_2 scheduled__2024-06-18T00:00:00+00:00 [running]> on host 95c89469de59
[2024-06-21 06:32:58,561] {taskinstance.py:1431} INFO - Exporting the following env vars:
AIRFLOW_CTX_DAG_OWNER=airflow
AIRFLOW_CTX_DAG_ID=orchestrator_dag
AIRFLOW_CTX_TASK_ID=trigger_text_processing_dag_2
AIRFLOW_CTX_EXECUTION_DATE=2024-06-18T00:00:00+00:00
AIRFLOW_CTX_DAG_RUN_ID=scheduled__2024-06-18T00:00:00+00:00
[2024-06-21 06:32:58,685] {logging_mixin.py:109} WARNING - /home/airflow/.local/lib/python3.6/site-packages/airflow/api/common/trigger_dag.py:90 DeprecationWarning: Calling `DAG.create_dagrun()` without an explicit data interval is deprecated
[2024-06-21 06:32:58,982] {taskinstance.py:1282} INFO - Marking task as SUCCESS. dag_id=orchestrator_dag, task_id=trigger_text_processing_dag_2, execution_date=20240618T000000, start_date=20240621T063257, end_date=20240621T063258
[2024-06-21 06:32:59,163] {local_task_job.py:154} INFO - Task exited with return code 0
[2024-06-21 06:32:59,347] {local_task_job.py:264} INFO - 1 downstream tasks scheduled from follow-on schedule check
[2024-06-25 04:53:00,665] {taskinstance.py:1037} INFO - Dependencies all met for <TaskInstance: orchestrator_dag.trigger_text_processing_dag_2 scheduled__2024-06-18T00:00:00+00:00 [queued]>
[2024-06-25 04:53:00,683] {taskinstance.py:1037} INFO - Dependencies all met for <TaskInstance: orchestrator_dag.trigger_text_processing_dag_2 scheduled__2024-06-18T00:00:00+00:00 [queued]>
[2024-06-25 04:53:00,683] {taskinstance.py:1243} INFO - 
--------------------------------------------------------------------------------
[2024-06-25 04:53:00,683] {taskinstance.py:1244} INFO - Starting attempt 1 of 2
[2024-06-25 04:53:00,683] {taskinstance.py:1245} INFO - 
--------------------------------------------------------------------------------
[2024-06-25 04:53:00,696] {taskinstance.py:1264} INFO - Executing <Task(TriggerDagRunOperator): trigger_text_processing_dag_2> on 2024-06-18 00:00:00+00:00
[2024-06-25 04:53:00,699] {standard_task_runner.py:52} INFO - Started process 3175 to run task
[2024-06-25 04:53:00,702] {standard_task_runner.py:76} INFO - Running: ['airflow', 'tasks', 'run', 'orchestrator_dag', 'trigger_text_processing_dag_2', 'scheduled__2024-06-18T00:00:00+00:00', '--job-id', '127', '--raw', '--subdir', 'DAGS_FOLDER/dag_orchestrator.py', '--cfg-path', '/tmp/tmp3h4q58ua', '--error-file', '/tmp/tmpr3hr4dvi']
[2024-06-25 04:53:00,705] {standard_task_runner.py:77} INFO - Job 127: Subtask trigger_text_processing_dag_2
[2024-06-25 04:53:00,765] {logging_mixin.py:109} INFO - Running <TaskInstance: orchestrator_dag.trigger_text_processing_dag_2 scheduled__2024-06-18T00:00:00+00:00 [running]> on host 09709d0d4538
[2024-06-25 04:53:00,835] {taskinstance.py:1431} INFO - Exporting the following env vars:
AIRFLOW_CTX_DAG_OWNER=airflow
AIRFLOW_CTX_DAG_ID=orchestrator_dag
AIRFLOW_CTX_TASK_ID=trigger_text_processing_dag_2
AIRFLOW_CTX_EXECUTION_DATE=2024-06-18T00:00:00+00:00
AIRFLOW_CTX_DAG_RUN_ID=scheduled__2024-06-18T00:00:00+00:00
[2024-06-25 04:53:00,881] {logging_mixin.py:109} WARNING - /home/airflow/.local/lib/python3.6/site-packages/airflow/api/common/trigger_dag.py:90 DeprecationWarning: Calling `DAG.create_dagrun()` without an explicit data interval is deprecated
[2024-06-25 04:53:01,004] {taskinstance.py:1282} INFO - Marking task as SUCCESS. dag_id=orchestrator_dag, task_id=trigger_text_processing_dag_2, execution_date=20240618T000000, start_date=20240625T045300, end_date=20240625T045301
[2024-06-25 04:53:01,082] {local_task_job.py:154} INFO - Task exited with return code 0
[2024-06-25 04:53:01,125] {local_task_job.py:264} INFO - 1 downstream tasks scheduled from follow-on schedule check
[2024-06-25 04:55:09,639] {taskinstance.py:1037} INFO - Dependencies all met for <TaskInstance: orchestrator_dag.trigger_text_processing_dag_2 scheduled__2024-06-18T00:00:00+00:00 [queued]>
[2024-06-25 04:55:09,657] {taskinstance.py:1037} INFO - Dependencies all met for <TaskInstance: orchestrator_dag.trigger_text_processing_dag_2 scheduled__2024-06-18T00:00:00+00:00 [queued]>
[2024-06-25 04:55:09,657] {taskinstance.py:1243} INFO - 
--------------------------------------------------------------------------------
[2024-06-25 04:55:09,657] {taskinstance.py:1244} INFO - Starting attempt 1 of 2
[2024-06-25 04:55:09,657] {taskinstance.py:1245} INFO - 
--------------------------------------------------------------------------------
[2024-06-25 04:55:09,672] {taskinstance.py:1264} INFO - Executing <Task(TriggerDagRunOperator): trigger_text_processing_dag_2> on 2024-06-18 00:00:00+00:00
[2024-06-25 04:55:09,675] {standard_task_runner.py:52} INFO - Started process 3421 to run task
[2024-06-25 04:55:09,681] {standard_task_runner.py:76} INFO - Running: ['airflow', 'tasks', 'run', 'orchestrator_dag', 'trigger_text_processing_dag_2', 'scheduled__2024-06-18T00:00:00+00:00', '--job-id', '160', '--raw', '--subdir', 'DAGS_FOLDER/dag_orchestrator.py', '--cfg-path', '/tmp/tmpu59szk89', '--error-file', '/tmp/tmp809n8wqh']
[2024-06-25 04:55:09,685] {standard_task_runner.py:77} INFO - Job 160: Subtask trigger_text_processing_dag_2
[2024-06-25 04:55:09,765] {logging_mixin.py:109} INFO - Running <TaskInstance: orchestrator_dag.trigger_text_processing_dag_2 scheduled__2024-06-18T00:00:00+00:00 [running]> on host 09709d0d4538
[2024-06-25 04:55:09,900] {taskinstance.py:1431} INFO - Exporting the following env vars:
AIRFLOW_CTX_DAG_OWNER=airflow
AIRFLOW_CTX_DAG_ID=orchestrator_dag
AIRFLOW_CTX_TASK_ID=trigger_text_processing_dag_2
AIRFLOW_CTX_EXECUTION_DATE=2024-06-18T00:00:00+00:00
AIRFLOW_CTX_DAG_RUN_ID=scheduled__2024-06-18T00:00:00+00:00
[2024-06-25 04:55:09,958] {logging_mixin.py:109} WARNING - /home/airflow/.local/lib/python3.6/site-packages/airflow/api/common/trigger_dag.py:90 DeprecationWarning: Calling `DAG.create_dagrun()` without an explicit data interval is deprecated
[2024-06-25 04:55:10,033] {taskinstance.py:1282} INFO - Marking task as SUCCESS. dag_id=orchestrator_dag, task_id=trigger_text_processing_dag_2, execution_date=20240618T000000, start_date=20240625T045509, end_date=20240625T045510
[2024-06-25 04:55:10,102] {local_task_job.py:154} INFO - Task exited with return code 0
[2024-06-25 04:55:10,166] {local_task_job.py:264} INFO - 1 downstream tasks scheduled from follow-on schedule check
[2024-06-25 04:55:41,649] {taskinstance.py:1037} INFO - Dependencies all met for <TaskInstance: orchestrator_dag.trigger_text_processing_dag_2 scheduled__2024-06-18T00:00:00+00:00 [queued]>
[2024-06-25 04:55:41,707] {taskinstance.py:1037} INFO - Dependencies all met for <TaskInstance: orchestrator_dag.trigger_text_processing_dag_2 scheduled__2024-06-18T00:00:00+00:00 [queued]>
[2024-06-25 04:55:41,708] {taskinstance.py:1243} INFO - 
--------------------------------------------------------------------------------
[2024-06-25 04:55:41,708] {taskinstance.py:1244} INFO - Starting attempt 1 of 2
[2024-06-25 04:55:41,708] {taskinstance.py:1245} INFO - 
--------------------------------------------------------------------------------
[2024-06-25 04:55:41,785] {taskinstance.py:1264} INFO - Executing <Task(TriggerDagRunOperator): trigger_text_processing_dag_2> on 2024-06-18 00:00:00+00:00
[2024-06-25 04:55:41,821] {standard_task_runner.py:52} INFO - Started process 3489 to run task
[2024-06-25 04:55:41,837] {standard_task_runner.py:76} INFO - Running: ['airflow', 'tasks', 'run', 'orchestrator_dag', 'trigger_text_processing_dag_2', 'scheduled__2024-06-18T00:00:00+00:00', '--job-id', '170', '--raw', '--subdir', 'DAGS_FOLDER/dag_orchestrator.py', '--cfg-path', '/tmp/tmpkgsewukw', '--error-file', '/tmp/tmp847_it23']
[2024-06-25 04:55:41,847] {standard_task_runner.py:77} INFO - Job 170: Subtask trigger_text_processing_dag_2
[2024-06-25 04:55:41,979] {logging_mixin.py:109} INFO - Running <TaskInstance: orchestrator_dag.trigger_text_processing_dag_2 scheduled__2024-06-18T00:00:00+00:00 [running]> on host 09709d0d4538
[2024-06-25 04:55:42,080] {taskinstance.py:1431} INFO - Exporting the following env vars:
AIRFLOW_CTX_DAG_OWNER=airflow
AIRFLOW_CTX_DAG_ID=orchestrator_dag
AIRFLOW_CTX_TASK_ID=trigger_text_processing_dag_2
AIRFLOW_CTX_EXECUTION_DATE=2024-06-18T00:00:00+00:00
AIRFLOW_CTX_DAG_RUN_ID=scheduled__2024-06-18T00:00:00+00:00
[2024-06-25 04:55:42,149] {logging_mixin.py:109} WARNING - /home/airflow/.local/lib/python3.6/site-packages/airflow/api/common/trigger_dag.py:90 DeprecationWarning: Calling `DAG.create_dagrun()` without an explicit data interval is deprecated
[2024-06-25 04:55:42,240] {taskinstance.py:1282} INFO - Marking task as SUCCESS. dag_id=orchestrator_dag, task_id=trigger_text_processing_dag_2, execution_date=20240618T000000, start_date=20240625T045541, end_date=20240625T045542
[2024-06-25 04:55:42,292] {local_task_job.py:154} INFO - Task exited with return code 0
[2024-06-25 04:55:42,354] {local_task_job.py:264} INFO - 1 downstream tasks scheduled from follow-on schedule check
[2024-07-12 00:28:53,033] {taskinstance.py:1037} INFO - Dependencies all met for <TaskInstance: orchestrator_dag.trigger_text_processing_dag_2 scheduled__2024-06-18T00:00:00+00:00 [queued]>
[2024-07-12 00:28:53,067] {taskinstance.py:1037} INFO - Dependencies all met for <TaskInstance: orchestrator_dag.trigger_text_processing_dag_2 scheduled__2024-06-18T00:00:00+00:00 [queued]>
[2024-07-12 00:28:53,067] {taskinstance.py:1243} INFO - 
--------------------------------------------------------------------------------
[2024-07-12 00:28:53,067] {taskinstance.py:1244} INFO - Starting attempt 1 of 2
[2024-07-12 00:28:53,067] {taskinstance.py:1245} INFO - 
--------------------------------------------------------------------------------
[2024-07-12 00:28:53,133] {taskinstance.py:1264} INFO - Executing <Task(TriggerDagRunOperator): trigger_text_processing_dag_2> on 2024-06-18 00:00:00+00:00
[2024-07-12 00:28:53,136] {standard_task_runner.py:52} INFO - Started process 4864 to run task
[2024-07-12 00:28:53,139] {standard_task_runner.py:76} INFO - Running: ['airflow', 'tasks', 'run', 'orchestrator_dag', 'trigger_text_processing_dag_2', 'scheduled__2024-06-18T00:00:00+00:00', '--job-id', '3219', '--raw', '--subdir', 'DAGS_FOLDER/dag_orchestrator.py', '--cfg-path', '/tmp/tmpk435u238', '--error-file', '/tmp/tmpmcllo3r6']
[2024-07-12 00:28:53,151] {standard_task_runner.py:77} INFO - Job 3219: Subtask trigger_text_processing_dag_2
[2024-07-12 00:28:53,276] {logging_mixin.py:109} INFO - Running <TaskInstance: orchestrator_dag.trigger_text_processing_dag_2 scheduled__2024-06-18T00:00:00+00:00 [running]> on host cf249bbdc0d0
[2024-07-12 00:28:53,404] {taskinstance.py:1431} INFO - Exporting the following env vars:
AIRFLOW_CTX_DAG_OWNER=airflow
AIRFLOW_CTX_DAG_ID=orchestrator_dag
AIRFLOW_CTX_TASK_ID=trigger_text_processing_dag_2
AIRFLOW_CTX_EXECUTION_DATE=2024-06-18T00:00:00+00:00
AIRFLOW_CTX_DAG_RUN_ID=scheduled__2024-06-18T00:00:00+00:00
[2024-07-12 00:28:53,472] {logging_mixin.py:109} WARNING - /home/airflow/.local/lib/python3.6/site-packages/airflow/api/common/trigger_dag.py:90 DeprecationWarning: Calling `DAG.create_dagrun()` without an explicit data interval is deprecated
[2024-07-12 00:28:53,599] {taskinstance.py:1282} INFO - Marking task as SUCCESS. dag_id=orchestrator_dag, task_id=trigger_text_processing_dag_2, execution_date=20240618T000000, start_date=20240712T002853, end_date=20240712T002853
[2024-07-12 00:28:53,644] {local_task_job.py:154} INFO - Task exited with return code 0
[2024-07-12 00:28:53,717] {local_task_job.py:264} INFO - 1 downstream tasks scheduled from follow-on schedule check
[2024-07-12 00:29:23,012] {taskinstance.py:1037} INFO - Dependencies all met for <TaskInstance: orchestrator_dag.trigger_text_processing_dag_2 scheduled__2024-06-18T00:00:00+00:00 [queued]>
[2024-07-12 00:29:23,022] {taskinstance.py:1037} INFO - Dependencies all met for <TaskInstance: orchestrator_dag.trigger_text_processing_dag_2 scheduled__2024-06-18T00:00:00+00:00 [queued]>
[2024-07-12 00:29:23,022] {taskinstance.py:1243} INFO - 
--------------------------------------------------------------------------------
[2024-07-12 00:29:23,022] {taskinstance.py:1244} INFO - Starting attempt 1 of 2
[2024-07-12 00:29:23,022] {taskinstance.py:1245} INFO - 
--------------------------------------------------------------------------------
[2024-07-12 00:29:23,041] {taskinstance.py:1264} INFO - Executing <Task(TriggerDagRunOperator): trigger_text_processing_dag_2> on 2024-06-18 00:00:00+00:00
[2024-07-12 00:29:23,044] {standard_task_runner.py:52} INFO - Started process 4914 to run task
[2024-07-12 00:29:23,049] {standard_task_runner.py:76} INFO - Running: ['airflow', 'tasks', 'run', 'orchestrator_dag', 'trigger_text_processing_dag_2', 'scheduled__2024-06-18T00:00:00+00:00', '--job-id', '3224', '--raw', '--subdir', 'DAGS_FOLDER/dag_orchestrator.py', '--cfg-path', '/tmp/tmpupii5zx1', '--error-file', '/tmp/tmpdkz349sa']
[2024-07-12 00:29:23,052] {standard_task_runner.py:77} INFO - Job 3224: Subtask trigger_text_processing_dag_2
[2024-07-12 00:29:23,110] {logging_mixin.py:109} INFO - Running <TaskInstance: orchestrator_dag.trigger_text_processing_dag_2 scheduled__2024-06-18T00:00:00+00:00 [running]> on host cf249bbdc0d0
[2024-07-12 00:29:23,173] {taskinstance.py:1431} INFO - Exporting the following env vars:
AIRFLOW_CTX_DAG_OWNER=airflow
AIRFLOW_CTX_DAG_ID=orchestrator_dag
AIRFLOW_CTX_TASK_ID=trigger_text_processing_dag_2
AIRFLOW_CTX_EXECUTION_DATE=2024-06-18T00:00:00+00:00
AIRFLOW_CTX_DAG_RUN_ID=scheduled__2024-06-18T00:00:00+00:00
[2024-07-12 00:29:23,215] {logging_mixin.py:109} WARNING - /home/airflow/.local/lib/python3.6/site-packages/airflow/api/common/trigger_dag.py:90 DeprecationWarning: Calling `DAG.create_dagrun()` without an explicit data interval is deprecated
[2024-07-12 00:29:23,279] {taskinstance.py:1282} INFO - Marking task as SUCCESS. dag_id=orchestrator_dag, task_id=trigger_text_processing_dag_2, execution_date=20240618T000000, start_date=20240712T002923, end_date=20240712T002923
[2024-07-12 00:29:23,299] {local_task_job.py:154} INFO - Task exited with return code 0
[2024-07-12 00:29:23,345] {local_task_job.py:264} INFO - 1 downstream tasks scheduled from follow-on schedule check
[2024-07-12 00:29:53,191] {taskinstance.py:1037} INFO - Dependencies all met for <TaskInstance: orchestrator_dag.trigger_text_processing_dag_2 scheduled__2024-06-18T00:00:00+00:00 [queued]>
[2024-07-12 00:29:53,202] {taskinstance.py:1037} INFO - Dependencies all met for <TaskInstance: orchestrator_dag.trigger_text_processing_dag_2 scheduled__2024-06-18T00:00:00+00:00 [queued]>
[2024-07-12 00:29:53,202] {taskinstance.py:1243} INFO - 
--------------------------------------------------------------------------------
[2024-07-12 00:29:53,203] {taskinstance.py:1244} INFO - Starting attempt 1 of 2
[2024-07-12 00:29:53,203] {taskinstance.py:1245} INFO - 
--------------------------------------------------------------------------------
[2024-07-12 00:29:53,215] {taskinstance.py:1264} INFO - Executing <Task(TriggerDagRunOperator): trigger_text_processing_dag_2> on 2024-06-18 00:00:00+00:00
[2024-07-12 00:29:53,217] {standard_task_runner.py:52} INFO - Started process 4964 to run task
[2024-07-12 00:29:53,220] {standard_task_runner.py:76} INFO - Running: ['airflow', 'tasks', 'run', 'orchestrator_dag', 'trigger_text_processing_dag_2', 'scheduled__2024-06-18T00:00:00+00:00', '--job-id', '3229', '--raw', '--subdir', 'DAGS_FOLDER/dag_orchestrator.py', '--cfg-path', '/tmp/tmpgy6h_1rl', '--error-file', '/tmp/tmp2e4egy6i']
[2024-07-12 00:29:53,223] {standard_task_runner.py:77} INFO - Job 3229: Subtask trigger_text_processing_dag_2
[2024-07-12 00:29:53,281] {logging_mixin.py:109} INFO - Running <TaskInstance: orchestrator_dag.trigger_text_processing_dag_2 scheduled__2024-06-18T00:00:00+00:00 [running]> on host cf249bbdc0d0
[2024-07-12 00:29:53,337] {taskinstance.py:1431} INFO - Exporting the following env vars:
AIRFLOW_CTX_DAG_OWNER=airflow
AIRFLOW_CTX_DAG_ID=orchestrator_dag
AIRFLOW_CTX_TASK_ID=trigger_text_processing_dag_2
AIRFLOW_CTX_EXECUTION_DATE=2024-06-18T00:00:00+00:00
AIRFLOW_CTX_DAG_RUN_ID=scheduled__2024-06-18T00:00:00+00:00
[2024-07-12 00:29:53,380] {logging_mixin.py:109} WARNING - /home/airflow/.local/lib/python3.6/site-packages/airflow/api/common/trigger_dag.py:90 DeprecationWarning: Calling `DAG.create_dagrun()` without an explicit data interval is deprecated
[2024-07-12 00:29:53,442] {taskinstance.py:1282} INFO - Marking task as SUCCESS. dag_id=orchestrator_dag, task_id=trigger_text_processing_dag_2, execution_date=20240618T000000, start_date=20240712T002953, end_date=20240712T002953
[2024-07-12 00:29:53,473] {local_task_job.py:154} INFO - Task exited with return code 0
[2024-07-12 00:29:53,550] {local_task_job.py:264} INFO - 1 downstream tasks scheduled from follow-on schedule check
