[2024-06-26 16:00:53,652] {taskinstance.py:1037} INFO - Dependencies all met for <TaskInstance: webscraping_dag.scrape_and_produce scheduled__2023-03-19T05:00:00+00:00 [queued]>
[2024-06-26 16:00:53,664] {taskinstance.py:1037} INFO - Dependencies all met for <TaskInstance: webscraping_dag.scrape_and_produce scheduled__2023-03-19T05:00:00+00:00 [queued]>
[2024-06-26 16:00:53,665] {taskinstance.py:1243} INFO - 
--------------------------------------------------------------------------------
[2024-06-26 16:00:53,665] {taskinstance.py:1244} INFO - Starting attempt 1 of 2
[2024-06-26 16:00:53,665] {taskinstance.py:1245} INFO - 
--------------------------------------------------------------------------------
[2024-06-26 16:00:53,687] {taskinstance.py:1264} INFO - Executing <Task(PythonOperator): scrape_and_produce> on 2023-03-19 05:00:00+00:00
[2024-06-26 16:00:53,689] {standard_task_runner.py:52} INFO - Started process 6843 to run task
[2024-06-26 16:00:53,692] {standard_task_runner.py:76} INFO - Running: ['airflow', 'tasks', 'run', 'webscraping_dag', 'scrape_and_produce', 'scheduled__2023-03-19T05:00:00+00:00', '--job-id', '2049', '--raw', '--subdir', 'DAGS_FOLDER/webscraping_dag.py', '--cfg-path', '/tmp/tmpqld11d8h', '--error-file', '/tmp/tmp21_h1am2']
[2024-06-26 16:00:53,695] {standard_task_runner.py:77} INFO - Job 2049: Subtask scrape_and_produce
[2024-06-26 16:00:53,774] {logging_mixin.py:109} INFO - Running <TaskInstance: webscraping_dag.scrape_and_produce scheduled__2023-03-19T05:00:00+00:00 [running]> on host 1f86a07ac7e4
[2024-06-26 16:00:53,875] {taskinstance.py:1431} INFO - Exporting the following env vars:
AIRFLOW_CTX_DAG_OWNER=airflow
AIRFLOW_CTX_DAG_ID=webscraping_dag
AIRFLOW_CTX_TASK_ID=scrape_and_produce
AIRFLOW_CTX_EXECUTION_DATE=2023-03-19T05:00:00+00:00
AIRFLOW_CTX_DAG_RUN_ID=scheduled__2023-03-19T05:00:00+00:00
[2024-06-26 16:00:53,881] {logging_mixin.py:109} INFO - Error initializing WebDriver: Message: 'chromedriver' executable needs to be in PATH. Please see https://sites.google.com/a/chromium.org/chromedriver/home
[2024-06-26 16:00:53,882] {logging_mixin.py:109} INFO - 
[2024-06-26 16:00:53,882] {python.py:175} INFO - Done. Returned value was: None
[2024-06-26 16:00:53,908] {taskinstance.py:1282} INFO - Marking task as SUCCESS. dag_id=webscraping_dag, task_id=scrape_and_produce, execution_date=20230319T050000, start_date=20240626T160053, end_date=20240626T160053
[2024-06-26 16:00:53,946] {local_task_job.py:154} INFO - Task exited with return code 0
[2024-06-26 16:00:54,011] {local_task_job.py:264} INFO - 0 downstream tasks scheduled from follow-on schedule check
