[2024-07-12 00:26:52,820] {taskinstance.py:1037} INFO - Dependencies all met for <TaskInstance: text_processing_dag_1.process_text manual__2024-07-11T23:49:07.975703+00:00 [queued]>
[2024-07-12 00:26:52,859] {taskinstance.py:1037} INFO - Dependencies all met for <TaskInstance: text_processing_dag_1.process_text manual__2024-07-11T23:49:07.975703+00:00 [queued]>
[2024-07-12 00:26:52,860] {taskinstance.py:1243} INFO - 
--------------------------------------------------------------------------------
[2024-07-12 00:26:52,861] {taskinstance.py:1244} INFO - Starting attempt 2 of 3
[2024-07-12 00:26:52,861] {taskinstance.py:1245} INFO - 
--------------------------------------------------------------------------------
[2024-07-12 00:26:52,928] {taskinstance.py:1264} INFO - Executing <Task(PythonOperator): process_text> on 2024-07-11 23:49:07.975703+00:00
[2024-07-12 00:26:52,935] {standard_task_runner.py:52} INFO - Started process 4698 to run task
[2024-07-12 00:26:53,010] {standard_task_runner.py:76} INFO - Running: ['airflow', 'tasks', 'run', 'text_processing_dag_1', 'process_text', 'manual__2024-07-11T23:49:07.975703+00:00', '--job-id', '3201', '--raw', '--subdir', 'DAGS_FOLDER/dag_text_processing_1.py', '--cfg-path', '/tmp/tmpz4nx12bk', '--error-file', '/tmp/tmp35xmcek8']
[2024-07-12 00:26:53,013] {standard_task_runner.py:77} INFO - Job 3201: Subtask process_text
[2024-07-12 00:26:53,539] {logging_mixin.py:109} INFO - Running <TaskInstance: text_processing_dag_1.process_text manual__2024-07-11T23:49:07.975703+00:00 [running]> on host cf249bbdc0d0
[2024-07-12 00:26:54,191] {taskinstance.py:1431} INFO - Exporting the following env vars:
AIRFLOW_CTX_DAG_OWNER=airflow
AIRFLOW_CTX_DAG_ID=text_processing_dag_1
AIRFLOW_CTX_TASK_ID=process_text
AIRFLOW_CTX_EXECUTION_DATE=2024-07-11T23:49:07.975703+00:00
AIRFLOW_CTX_DAG_RUN_ID=manual__2024-07-11T23:49:07.975703+00:00
[2024-07-12 00:27:02,339] {logging_mixin.py:109} INFO - Index(['date', 'time', 'messages', 'video_links', 'video_durations'], dtype='object')
[2024-07-12 00:28:28,578] {logging_mixin.py:109} INFO - Error: ZERO_RESULTS for city: شهيد
[2024-07-12 00:28:29,506] {logging_mixin.py:109} INFO - Error: ZERO_RESULTS for city: mosque
[2024-07-12 00:28:37,117] {local_task_job.py:212} WARNING - State of this instance has been externally set to None. Terminating instance.
[2024-07-12 00:28:37,198] {process_utils.py:124} INFO - Sending Signals.SIGTERM to group 4698. PIDs of all processes in the group: [4698]
[2024-07-12 00:28:37,198] {process_utils.py:75} INFO - Sending the signal Signals.SIGTERM to group 4698
[2024-07-12 00:28:37,260] {taskinstance.py:1413} ERROR - Received SIGTERM. Terminating subprocesses.
[2024-07-12 00:28:37,280] {logging_mixin.py:109} INFO - Error fetching data for city: north+east, Error: Task received SIGTERM signal
[2024-07-12 00:28:38,443] {logging_mixin.py:109} INFO - Error: ZERO_RESULTS for city: الأهالي
[2024-07-12 00:28:43,748] {logging_mixin.py:109} INFO - Error: ZERO_RESULTS for city: Maythaloun
[2024-07-12 00:28:44,295] {logging_mixin.py:109} INFO - Processed data saved to /opt/airflow/data/processed_data_1.json
[2024-07-12 00:28:44,297] {python.py:175} INFO - Done. Returned value was: None
[2024-07-12 00:28:44,370] {taskinstance.py:1282} INFO - Marking task as SUCCESS. dag_id=text_processing_dag_1, task_id=process_text, execution_date=20240711T234907, start_date=20240712T002652, end_date=20240712T002844
[2024-07-12 00:28:44,595] {process_utils.py:70} INFO - Process psutil.Process(pid=4698, status='terminated', exitcode=0, started='00:26:52') (4698) terminated with exit code 0
