[2024-07-12 00:29:54,473] {taskinstance.py:1037} INFO - Dependencies all met for <TaskInstance: text_processing_dag_1.process_text manual__2024-07-12T00:29:52.132070+00:00 [queued]>
[2024-07-12 00:29:54,486] {taskinstance.py:1037} INFO - Dependencies all met for <TaskInstance: text_processing_dag_1.process_text manual__2024-07-12T00:29:52.132070+00:00 [queued]>
[2024-07-12 00:29:54,486] {taskinstance.py:1243} INFO - 
--------------------------------------------------------------------------------
[2024-07-12 00:29:54,486] {taskinstance.py:1244} INFO - Starting attempt 1 of 2
[2024-07-12 00:29:54,487] {taskinstance.py:1245} INFO - 
--------------------------------------------------------------------------------
[2024-07-12 00:29:54,499] {taskinstance.py:1264} INFO - Executing <Task(PythonOperator): process_text> on 2024-07-12 00:29:52.132070+00:00
[2024-07-12 00:29:54,504] {standard_task_runner.py:52} INFO - Started process 4969 to run task
[2024-07-12 00:29:54,508] {standard_task_runner.py:76} INFO - Running: ['airflow', 'tasks', 'run', 'text_processing_dag_1', 'process_text', 'manual__2024-07-12T00:29:52.132070+00:00', '--job-id', '3230', '--raw', '--subdir', 'DAGS_FOLDER/dag_text_processing_1.py', '--cfg-path', '/tmp/tmpulnknzcs', '--error-file', '/tmp/tmpcpoqdkix']
[2024-07-12 00:29:54,511] {standard_task_runner.py:77} INFO - Job 3230: Subtask process_text
[2024-07-12 00:29:54,577] {logging_mixin.py:109} INFO - Running <TaskInstance: text_processing_dag_1.process_text manual__2024-07-12T00:29:52.132070+00:00 [running]> on host cf249bbdc0d0
[2024-07-12 00:29:54,654] {taskinstance.py:1431} INFO - Exporting the following env vars:
AIRFLOW_CTX_DAG_OWNER=airflow
AIRFLOW_CTX_DAG_ID=text_processing_dag_1
AIRFLOW_CTX_TASK_ID=process_text
AIRFLOW_CTX_EXECUTION_DATE=2024-07-12T00:29:52.132070+00:00
AIRFLOW_CTX_DAG_RUN_ID=manual__2024-07-12T00:29:52.132070+00:00
[2024-07-12 00:29:55,419] {logging_mixin.py:109} INFO - Index(['date', 'time', 'messages', 'video_links', 'video_durations'], dtype='object')
[2024-07-12 00:30:07,373] {logging_mixin.py:109} INFO - Error: ZERO_RESULTS for city: شهيد
[2024-07-12 00:30:07,730] {logging_mixin.py:109} INFO - Error: ZERO_RESULTS for city: mosque
[2024-07-12 00:30:11,762] {logging_mixin.py:109} INFO - Error: ZERO_RESULTS for city: الأهالي
[2024-07-12 00:30:14,410] {logging_mixin.py:109} INFO - Error: ZERO_RESULTS for city: Maythaloun
[2024-07-12 00:30:14,721] {logging_mixin.py:109} INFO - Processed data saved to /opt/airflow/data/processed_data_1.json
[2024-07-12 00:30:14,723] {python.py:175} INFO - Done. Returned value was: None
[2024-07-12 00:30:14,741] {taskinstance.py:1282} INFO - Marking task as SUCCESS. dag_id=text_processing_dag_1, task_id=process_text, execution_date=20240712T002952, start_date=20240712T002954, end_date=20240712T003014
[2024-07-12 00:30:14,796] {local_task_job.py:154} INFO - Task exited with return code 0
[2024-07-12 00:30:14,846] {local_task_job.py:264} INFO - 0 downstream tasks scheduled from follow-on schedule check
