[2024-07-12 00:26:59,801] {taskinstance.py:1037} INFO - Dependencies all met for <TaskInstance: text_processing_dag_1.process_text manual__2024-07-12T00:26:47.384428+00:00 [queued]>
[2024-07-12 00:26:59,856] {taskinstance.py:1037} INFO - Dependencies all met for <TaskInstance: text_processing_dag_1.process_text manual__2024-07-12T00:26:47.384428+00:00 [queued]>
[2024-07-12 00:26:59,867] {taskinstance.py:1243} INFO - 
--------------------------------------------------------------------------------
[2024-07-12 00:26:59,867] {taskinstance.py:1244} INFO - Starting attempt 1 of 2
[2024-07-12 00:26:59,868] {taskinstance.py:1245} INFO - 
--------------------------------------------------------------------------------
[2024-07-12 00:26:59,954] {taskinstance.py:1264} INFO - Executing <Task(PythonOperator): process_text> on 2024-07-12 00:26:47.384428+00:00
[2024-07-12 00:27:00,015] {standard_task_runner.py:52} INFO - Started process 4730 to run task
[2024-07-12 00:27:00,032] {standard_task_runner.py:76} INFO - Running: ['airflow', 'tasks', 'run', 'text_processing_dag_1', 'process_text', 'manual__2024-07-12T00:26:47.384428+00:00', '--job-id', '3203', '--raw', '--subdir', 'DAGS_FOLDER/dag_text_processing_1.py', '--cfg-path', '/tmp/tmpgxh5rg_1', '--error-file', '/tmp/tmpcr_u_zij']
[2024-07-12 00:27:00,115] {standard_task_runner.py:77} INFO - Job 3203: Subtask process_text
[2024-07-12 00:27:00,633] {logging_mixin.py:109} INFO - Running <TaskInstance: text_processing_dag_1.process_text manual__2024-07-12T00:26:47.384428+00:00 [running]> on host cf249bbdc0d0
[2024-07-12 00:27:01,076] {taskinstance.py:1431} INFO - Exporting the following env vars:
AIRFLOW_CTX_DAG_OWNER=airflow
AIRFLOW_CTX_DAG_ID=text_processing_dag_1
AIRFLOW_CTX_TASK_ID=process_text
AIRFLOW_CTX_EXECUTION_DATE=2024-07-12T00:26:47.384428+00:00
AIRFLOW_CTX_DAG_RUN_ID=manual__2024-07-12T00:26:47.384428+00:00
[2024-07-12 00:27:08,491] {logging_mixin.py:109} INFO - Index(['date', 'time', 'messages', 'video_links', 'video_durations'], dtype='object')
[2024-07-12 00:28:38,356] {logging_mixin.py:109} INFO - Error: ZERO_RESULTS for city: شهيد
[2024-07-12 00:28:38,483] {local_task_job.py:212} WARNING - State of this instance has been externally set to None. Terminating instance.
[2024-07-12 00:28:38,502] {process_utils.py:124} INFO - Sending Signals.SIGTERM to group 4730. PIDs of all processes in the group: [4730]
[2024-07-12 00:28:38,515] {process_utils.py:75} INFO - Sending the signal Signals.SIGTERM to group 4730
[2024-07-12 00:28:38,517] {taskinstance.py:1413} ERROR - Received SIGTERM. Terminating subprocesses.
[2024-07-12 00:28:38,517] {logging_mixin.py:109} INFO - Error fetching data for city: israel, Error: Task received SIGTERM signal
[2024-07-12 00:28:39,035] {logging_mixin.py:109} INFO - Error: ZERO_RESULTS for city: mosque
[2024-07-12 00:28:46,091] {logging_mixin.py:109} INFO - Error: ZERO_RESULTS for city: الأهالي
[2024-07-12 00:28:48,846] {logging_mixin.py:109} INFO - Error: ZERO_RESULTS for city: Maythaloun
[2024-07-12 00:28:49,140] {logging_mixin.py:109} INFO - Processed data saved to /opt/airflow/data/processed_data_1.json
[2024-07-12 00:28:49,143] {python.py:175} INFO - Done. Returned value was: None
[2024-07-12 00:28:49,157] {taskinstance.py:1282} INFO - Marking task as SUCCESS. dag_id=text_processing_dag_1, task_id=process_text, execution_date=20240712T002647, start_date=20240712T002659, end_date=20240712T002849
[2024-07-12 00:28:49,203] {process_utils.py:70} INFO - Process psutil.Process(pid=4730, status='terminated', exitcode=0, started='00:26:59') (4730) terminated with exit code 0
