[2024-06-26 15:52:03,568] {taskinstance.py:1037} INFO - Dependencies all met for <TaskInstance: webscraping_dag.scrape_and_produce scheduled__2023-02-06T16:00:00+00:00 [queued]>
[2024-06-26 15:52:03,587] {taskinstance.py:1037} INFO - Dependencies all met for <TaskInstance: webscraping_dag.scrape_and_produce scheduled__2023-02-06T16:00:00+00:00 [queued]>
[2024-06-26 15:52:03,587] {taskinstance.py:1243} INFO - 
--------------------------------------------------------------------------------
[2024-06-26 15:52:03,591] {taskinstance.py:1244} INFO - Starting attempt 1 of 2
[2024-06-26 15:52:03,591] {taskinstance.py:1245} INFO - 
--------------------------------------------------------------------------------
[2024-06-26 15:52:03,623] {taskinstance.py:1264} INFO - Executing <Task(PythonOperator): scrape_and_produce> on 2023-02-06 16:00:00+00:00
[2024-06-26 15:52:03,628] {standard_task_runner.py:52} INFO - Started process 3387 to run task
[2024-06-26 15:52:03,634] {standard_task_runner.py:76} INFO - Running: ['airflow', 'tasks', 'run', 'webscraping_dag', 'scrape_and_produce', 'scheduled__2023-02-06T16:00:00+00:00', '--job-id', '1076', '--raw', '--subdir', 'DAGS_FOLDER/webscraping_dag.py', '--cfg-path', '/tmp/tmpjqyzzd9o', '--error-file', '/tmp/tmpv7vjy7_c']
[2024-06-26 15:52:03,637] {standard_task_runner.py:77} INFO - Job 1076: Subtask scrape_and_produce
[2024-06-26 15:52:03,722] {logging_mixin.py:109} INFO - Running <TaskInstance: webscraping_dag.scrape_and_produce scheduled__2023-02-06T16:00:00+00:00 [running]> on host 1f86a07ac7e4
[2024-06-26 15:52:03,861] {taskinstance.py:1431} INFO - Exporting the following env vars:
AIRFLOW_CTX_DAG_OWNER=airflow
AIRFLOW_CTX_DAG_ID=webscraping_dag
AIRFLOW_CTX_TASK_ID=scrape_and_produce
AIRFLOW_CTX_EXECUTION_DATE=2023-02-06T16:00:00+00:00
AIRFLOW_CTX_DAG_RUN_ID=scheduled__2023-02-06T16:00:00+00:00
[2024-06-26 15:52:03,868] {logging_mixin.py:109} INFO - Error initializing WebDriver: Message: 'chromedriver' executable needs to be in PATH. Please see https://sites.google.com/a/chromium.org/chromedriver/home
[2024-06-26 15:52:03,868] {logging_mixin.py:109} INFO - 
[2024-06-26 15:52:03,869] {python.py:175} INFO - Done. Returned value was: None
[2024-06-26 15:52:03,894] {taskinstance.py:1282} INFO - Marking task as SUCCESS. dag_id=webscraping_dag, task_id=scrape_and_produce, execution_date=20230206T160000, start_date=20240626T155203, end_date=20240626T155203
[2024-06-26 15:52:03,931] {local_task_job.py:154} INFO - Task exited with return code 0
[2024-06-26 15:52:03,982] {local_task_job.py:264} INFO - 0 downstream tasks scheduled from follow-on schedule check
