[2024-07-11 23:12:19,613] {processor.py:163} INFO - Started process (PID=186) to work on /opt/airflow/dags/dag_text_processing_1.py
[2024-07-11 23:12:19,614] {processor.py:642} INFO - Processing file /opt/airflow/dags/dag_text_processing_1.py for tasks to queue
[2024-07-11 23:12:19,615] {logging_mixin.py:109} INFO - [2024-07-11 23:12:19,615] {dagbag.py:500} INFO - Filling up the DagBag from /opt/airflow/dags/dag_text_processing_1.py
[2024-07-11 23:12:22,400] {processor.py:654} INFO - DAG(s) dict_keys(['text_processing_dag_1']) retrieved from /opt/airflow/dags/dag_text_processing_1.py
[2024-07-11 23:12:22,411] {logging_mixin.py:109} INFO - [2024-07-11 23:12:22,410] {dag.py:2398} INFO - Sync 1 DAGs
[2024-07-11 23:12:22,429] {logging_mixin.py:109} INFO - [2024-07-11 23:12:22,429] {dag.py:2937} INFO - Setting next_dagrun for text_processing_dag_1 to None
[2024-07-11 23:12:22,441] {processor.py:171} INFO - Processing /opt/airflow/dags/dag_text_processing_1.py took 2.831 seconds
[2024-07-11 23:12:52,711] {processor.py:163} INFO - Started process (PID=241) to work on /opt/airflow/dags/dag_text_processing_1.py
[2024-07-11 23:12:52,726] {processor.py:642} INFO - Processing file /opt/airflow/dags/dag_text_processing_1.py for tasks to queue
[2024-07-11 23:12:52,726] {logging_mixin.py:109} INFO - [2024-07-11 23:12:52,726] {dagbag.py:500} INFO - Filling up the DagBag from /opt/airflow/dags/dag_text_processing_1.py
[2024-07-11 23:12:55,728] {processor.py:654} INFO - DAG(s) dict_keys(['text_processing_dag_1']) retrieved from /opt/airflow/dags/dag_text_processing_1.py
[2024-07-11 23:12:55,739] {logging_mixin.py:109} INFO - [2024-07-11 23:12:55,737] {dag.py:2398} INFO - Sync 1 DAGs
[2024-07-11 23:12:55,756] {logging_mixin.py:109} INFO - [2024-07-11 23:12:55,756] {dag.py:2937} INFO - Setting next_dagrun for text_processing_dag_1 to None
[2024-07-11 23:12:55,765] {processor.py:171} INFO - Processing /opt/airflow/dags/dag_text_processing_1.py took 3.057 seconds
[2024-07-11 23:13:26,195] {processor.py:163} INFO - Started process (PID=272) to work on /opt/airflow/dags/dag_text_processing_1.py
[2024-07-11 23:13:26,199] {processor.py:642} INFO - Processing file /opt/airflow/dags/dag_text_processing_1.py for tasks to queue
[2024-07-11 23:13:26,201] {logging_mixin.py:109} INFO - [2024-07-11 23:13:26,200] {dagbag.py:500} INFO - Filling up the DagBag from /opt/airflow/dags/dag_text_processing_1.py
[2024-07-11 23:13:27,893] {processor.py:654} INFO - DAG(s) dict_keys(['text_processing_dag_1']) retrieved from /opt/airflow/dags/dag_text_processing_1.py
[2024-07-11 23:13:27,907] {logging_mixin.py:109} INFO - [2024-07-11 23:13:27,905] {dag.py:2398} INFO - Sync 1 DAGs
[2024-07-11 23:13:27,928] {logging_mixin.py:109} INFO - [2024-07-11 23:13:27,928] {dag.py:2937} INFO - Setting next_dagrun for text_processing_dag_1 to None
[2024-07-11 23:13:27,938] {processor.py:171} INFO - Processing /opt/airflow/dags/dag_text_processing_1.py took 1.754 seconds
[2024-07-11 23:13:58,330] {processor.py:163} INFO - Started process (PID=303) to work on /opt/airflow/dags/dag_text_processing_1.py
[2024-07-11 23:13:58,331] {processor.py:642} INFO - Processing file /opt/airflow/dags/dag_text_processing_1.py for tasks to queue
[2024-07-11 23:13:58,332] {logging_mixin.py:109} INFO - [2024-07-11 23:13:58,332] {dagbag.py:500} INFO - Filling up the DagBag from /opt/airflow/dags/dag_text_processing_1.py
[2024-07-11 23:13:59,751] {processor.py:654} INFO - DAG(s) dict_keys(['text_processing_dag_1']) retrieved from /opt/airflow/dags/dag_text_processing_1.py
[2024-07-11 23:13:59,760] {logging_mixin.py:109} INFO - [2024-07-11 23:13:59,759] {dag.py:2398} INFO - Sync 1 DAGs
[2024-07-11 23:13:59,776] {logging_mixin.py:109} INFO - [2024-07-11 23:13:59,775] {dag.py:2937} INFO - Setting next_dagrun for text_processing_dag_1 to None
[2024-07-11 23:13:59,786] {processor.py:171} INFO - Processing /opt/airflow/dags/dag_text_processing_1.py took 1.462 seconds
[2024-07-11 23:14:30,145] {processor.py:163} INFO - Started process (PID=334) to work on /opt/airflow/dags/dag_text_processing_1.py
[2024-07-11 23:14:30,146] {processor.py:642} INFO - Processing file /opt/airflow/dags/dag_text_processing_1.py for tasks to queue
[2024-07-11 23:14:30,147] {logging_mixin.py:109} INFO - [2024-07-11 23:14:30,147] {dagbag.py:500} INFO - Filling up the DagBag from /opt/airflow/dags/dag_text_processing_1.py
[2024-07-11 23:14:31,505] {processor.py:654} INFO - DAG(s) dict_keys(['text_processing_dag_1']) retrieved from /opt/airflow/dags/dag_text_processing_1.py
[2024-07-11 23:14:31,515] {logging_mixin.py:109} INFO - [2024-07-11 23:14:31,514] {dag.py:2398} INFO - Sync 1 DAGs
[2024-07-11 23:14:31,531] {logging_mixin.py:109} INFO - [2024-07-11 23:14:31,530] {dag.py:2937} INFO - Setting next_dagrun for text_processing_dag_1 to None
[2024-07-11 23:14:31,539] {processor.py:171} INFO - Processing /opt/airflow/dags/dag_text_processing_1.py took 1.401 seconds
[2024-07-11 23:15:01,867] {processor.py:163} INFO - Started process (PID=365) to work on /opt/airflow/dags/dag_text_processing_1.py
[2024-07-11 23:15:01,869] {processor.py:642} INFO - Processing file /opt/airflow/dags/dag_text_processing_1.py for tasks to queue
[2024-07-11 23:15:01,870] {logging_mixin.py:109} INFO - [2024-07-11 23:15:01,869] {dagbag.py:500} INFO - Filling up the DagBag from /opt/airflow/dags/dag_text_processing_1.py
[2024-07-11 23:15:03,206] {processor.py:654} INFO - DAG(s) dict_keys(['text_processing_dag_1']) retrieved from /opt/airflow/dags/dag_text_processing_1.py
[2024-07-11 23:15:03,217] {logging_mixin.py:109} INFO - [2024-07-11 23:15:03,215] {dag.py:2398} INFO - Sync 1 DAGs
[2024-07-11 23:15:03,233] {logging_mixin.py:109} INFO - [2024-07-11 23:15:03,233] {dag.py:2937} INFO - Setting next_dagrun for text_processing_dag_1 to None
[2024-07-11 23:15:03,243] {processor.py:171} INFO - Processing /opt/airflow/dags/dag_text_processing_1.py took 1.379 seconds
[2024-07-11 23:15:33,583] {processor.py:163} INFO - Started process (PID=397) to work on /opt/airflow/dags/dag_text_processing_1.py
[2024-07-11 23:15:33,584] {processor.py:642} INFO - Processing file /opt/airflow/dags/dag_text_processing_1.py for tasks to queue
[2024-07-11 23:15:33,584] {logging_mixin.py:109} INFO - [2024-07-11 23:15:33,584] {dagbag.py:500} INFO - Filling up the DagBag from /opt/airflow/dags/dag_text_processing_1.py
[2024-07-11 23:15:34,980] {processor.py:654} INFO - DAG(s) dict_keys(['text_processing_dag_1']) retrieved from /opt/airflow/dags/dag_text_processing_1.py
[2024-07-11 23:15:34,990] {logging_mixin.py:109} INFO - [2024-07-11 23:15:34,989] {dag.py:2398} INFO - Sync 1 DAGs
[2024-07-11 23:15:35,007] {logging_mixin.py:109} INFO - [2024-07-11 23:15:35,006] {dag.py:2937} INFO - Setting next_dagrun for text_processing_dag_1 to None
[2024-07-11 23:15:35,014] {processor.py:171} INFO - Processing /opt/airflow/dags/dag_text_processing_1.py took 1.436 seconds
[2024-07-11 23:16:05,375] {processor.py:163} INFO - Started process (PID=427) to work on /opt/airflow/dags/dag_text_processing_1.py
[2024-07-11 23:16:05,376] {processor.py:642} INFO - Processing file /opt/airflow/dags/dag_text_processing_1.py for tasks to queue
[2024-07-11 23:16:05,377] {logging_mixin.py:109} INFO - [2024-07-11 23:16:05,377] {dagbag.py:500} INFO - Filling up the DagBag from /opt/airflow/dags/dag_text_processing_1.py
[2024-07-11 23:16:06,785] {processor.py:654} INFO - DAG(s) dict_keys(['text_processing_dag_1']) retrieved from /opt/airflow/dags/dag_text_processing_1.py
[2024-07-11 23:16:06,795] {logging_mixin.py:109} INFO - [2024-07-11 23:16:06,794] {dag.py:2398} INFO - Sync 1 DAGs
[2024-07-11 23:16:06,812] {logging_mixin.py:109} INFO - [2024-07-11 23:16:06,812] {dag.py:2937} INFO - Setting next_dagrun for text_processing_dag_1 to None
[2024-07-11 23:16:06,822] {processor.py:171} INFO - Processing /opt/airflow/dags/dag_text_processing_1.py took 1.451 seconds
[2024-07-11 23:16:37,145] {processor.py:163} INFO - Started process (PID=458) to work on /opt/airflow/dags/dag_text_processing_1.py
[2024-07-11 23:16:37,147] {processor.py:642} INFO - Processing file /opt/airflow/dags/dag_text_processing_1.py for tasks to queue
[2024-07-11 23:16:37,148] {logging_mixin.py:109} INFO - [2024-07-11 23:16:37,148] {dagbag.py:500} INFO - Filling up the DagBag from /opt/airflow/dags/dag_text_processing_1.py
[2024-07-11 23:16:38,525] {processor.py:654} INFO - DAG(s) dict_keys(['text_processing_dag_1']) retrieved from /opt/airflow/dags/dag_text_processing_1.py
[2024-07-11 23:16:38,535] {logging_mixin.py:109} INFO - [2024-07-11 23:16:38,534] {dag.py:2398} INFO - Sync 1 DAGs
[2024-07-11 23:16:38,551] {logging_mixin.py:109} INFO - [2024-07-11 23:16:38,551] {dag.py:2937} INFO - Setting next_dagrun for text_processing_dag_1 to None
[2024-07-11 23:16:38,559] {processor.py:171} INFO - Processing /opt/airflow/dags/dag_text_processing_1.py took 1.420 seconds
[2024-07-11 23:17:08,895] {processor.py:163} INFO - Started process (PID=489) to work on /opt/airflow/dags/dag_text_processing_1.py
[2024-07-11 23:17:08,897] {processor.py:642} INFO - Processing file /opt/airflow/dags/dag_text_processing_1.py for tasks to queue
[2024-07-11 23:17:08,898] {logging_mixin.py:109} INFO - [2024-07-11 23:17:08,898] {dagbag.py:500} INFO - Filling up the DagBag from /opt/airflow/dags/dag_text_processing_1.py
[2024-07-11 23:17:10,297] {processor.py:654} INFO - DAG(s) dict_keys(['text_processing_dag_1']) retrieved from /opt/airflow/dags/dag_text_processing_1.py
[2024-07-11 23:17:10,307] {logging_mixin.py:109} INFO - [2024-07-11 23:17:10,305] {dag.py:2398} INFO - Sync 1 DAGs
[2024-07-11 23:17:10,323] {logging_mixin.py:109} INFO - [2024-07-11 23:17:10,323] {dag.py:2937} INFO - Setting next_dagrun for text_processing_dag_1 to None
[2024-07-11 23:17:10,333] {processor.py:171} INFO - Processing /opt/airflow/dags/dag_text_processing_1.py took 1.443 seconds
[2024-07-11 23:17:40,731] {processor.py:163} INFO - Started process (PID=521) to work on /opt/airflow/dags/dag_text_processing_1.py
[2024-07-11 23:17:40,732] {processor.py:642} INFO - Processing file /opt/airflow/dags/dag_text_processing_1.py for tasks to queue
[2024-07-11 23:17:40,733] {logging_mixin.py:109} INFO - [2024-07-11 23:17:40,732] {dagbag.py:500} INFO - Filling up the DagBag from /opt/airflow/dags/dag_text_processing_1.py
[2024-07-11 23:17:42,115] {processor.py:654} INFO - DAG(s) dict_keys(['text_processing_dag_1']) retrieved from /opt/airflow/dags/dag_text_processing_1.py
[2024-07-11 23:17:42,125] {logging_mixin.py:109} INFO - [2024-07-11 23:17:42,123] {dag.py:2398} INFO - Sync 1 DAGs
[2024-07-11 23:17:42,141] {logging_mixin.py:109} INFO - [2024-07-11 23:17:42,141] {dag.py:2937} INFO - Setting next_dagrun for text_processing_dag_1 to None
[2024-07-11 23:17:42,149] {processor.py:171} INFO - Processing /opt/airflow/dags/dag_text_processing_1.py took 1.422 seconds
[2024-07-11 23:18:12,478] {processor.py:163} INFO - Started process (PID=551) to work on /opt/airflow/dags/dag_text_processing_1.py
[2024-07-11 23:18:12,480] {processor.py:642} INFO - Processing file /opt/airflow/dags/dag_text_processing_1.py for tasks to queue
[2024-07-11 23:18:12,481] {logging_mixin.py:109} INFO - [2024-07-11 23:18:12,481] {dagbag.py:500} INFO - Filling up the DagBag from /opt/airflow/dags/dag_text_processing_1.py
[2024-07-11 23:18:13,963] {processor.py:654} INFO - DAG(s) dict_keys(['text_processing_dag_1']) retrieved from /opt/airflow/dags/dag_text_processing_1.py
[2024-07-11 23:18:13,974] {logging_mixin.py:109} INFO - [2024-07-11 23:18:13,972] {dag.py:2398} INFO - Sync 1 DAGs
[2024-07-11 23:18:13,991] {logging_mixin.py:109} INFO - [2024-07-11 23:18:13,991] {dag.py:2937} INFO - Setting next_dagrun for text_processing_dag_1 to None
[2024-07-11 23:18:14,002] {processor.py:171} INFO - Processing /opt/airflow/dags/dag_text_processing_1.py took 1.532 seconds
[2024-07-11 23:18:44,383] {processor.py:163} INFO - Started process (PID=583) to work on /opt/airflow/dags/dag_text_processing_1.py
[2024-07-11 23:18:44,386] {processor.py:642} INFO - Processing file /opt/airflow/dags/dag_text_processing_1.py for tasks to queue
[2024-07-11 23:18:44,387] {logging_mixin.py:109} INFO - [2024-07-11 23:18:44,387] {dagbag.py:500} INFO - Filling up the DagBag from /opt/airflow/dags/dag_text_processing_1.py
[2024-07-11 23:18:45,878] {processor.py:654} INFO - DAG(s) dict_keys(['text_processing_dag_1']) retrieved from /opt/airflow/dags/dag_text_processing_1.py
[2024-07-11 23:18:45,887] {logging_mixin.py:109} INFO - [2024-07-11 23:18:45,886] {dag.py:2398} INFO - Sync 1 DAGs
[2024-07-11 23:18:45,903] {logging_mixin.py:109} INFO - [2024-07-11 23:18:45,903] {dag.py:2937} INFO - Setting next_dagrun for text_processing_dag_1 to None
[2024-07-11 23:18:45,912] {processor.py:171} INFO - Processing /opt/airflow/dags/dag_text_processing_1.py took 1.532 seconds
[2024-07-11 23:19:16,285] {processor.py:163} INFO - Started process (PID=613) to work on /opt/airflow/dags/dag_text_processing_1.py
[2024-07-11 23:19:16,286] {processor.py:642} INFO - Processing file /opt/airflow/dags/dag_text_processing_1.py for tasks to queue
[2024-07-11 23:19:16,288] {logging_mixin.py:109} INFO - [2024-07-11 23:19:16,287] {dagbag.py:500} INFO - Filling up the DagBag from /opt/airflow/dags/dag_text_processing_1.py
[2024-07-11 23:19:17,899] {processor.py:654} INFO - DAG(s) dict_keys(['text_processing_dag_1']) retrieved from /opt/airflow/dags/dag_text_processing_1.py
[2024-07-11 23:19:17,910] {logging_mixin.py:109} INFO - [2024-07-11 23:19:17,909] {dag.py:2398} INFO - Sync 1 DAGs
[2024-07-11 23:19:17,937] {logging_mixin.py:109} INFO - [2024-07-11 23:19:17,937] {dag.py:2937} INFO - Setting next_dagrun for text_processing_dag_1 to None
[2024-07-11 23:19:17,958] {processor.py:171} INFO - Processing /opt/airflow/dags/dag_text_processing_1.py took 1.679 seconds
[2024-07-11 23:19:48,572] {processor.py:163} INFO - Started process (PID=643) to work on /opt/airflow/dags/dag_text_processing_1.py
[2024-07-11 23:19:48,573] {processor.py:642} INFO - Processing file /opt/airflow/dags/dag_text_processing_1.py for tasks to queue
[2024-07-11 23:19:48,574] {logging_mixin.py:109} INFO - [2024-07-11 23:19:48,574] {dagbag.py:500} INFO - Filling up the DagBag from /opt/airflow/dags/dag_text_processing_1.py
[2024-07-11 23:19:50,288] {processor.py:654} INFO - DAG(s) dict_keys(['text_processing_dag_1']) retrieved from /opt/airflow/dags/dag_text_processing_1.py
[2024-07-11 23:19:50,301] {logging_mixin.py:109} INFO - [2024-07-11 23:19:50,299] {dag.py:2398} INFO - Sync 1 DAGs
[2024-07-11 23:19:50,320] {logging_mixin.py:109} INFO - [2024-07-11 23:19:50,320] {dag.py:2937} INFO - Setting next_dagrun for text_processing_dag_1 to None
[2024-07-11 23:19:50,330] {processor.py:171} INFO - Processing /opt/airflow/dags/dag_text_processing_1.py took 1.761 seconds
[2024-07-11 23:20:20,764] {processor.py:163} INFO - Started process (PID=676) to work on /opt/airflow/dags/dag_text_processing_1.py
[2024-07-11 23:20:20,769] {processor.py:642} INFO - Processing file /opt/airflow/dags/dag_text_processing_1.py for tasks to queue
[2024-07-11 23:20:20,770] {logging_mixin.py:109} INFO - [2024-07-11 23:20:20,770] {dagbag.py:500} INFO - Filling up the DagBag from /opt/airflow/dags/dag_text_processing_1.py
[2024-07-11 23:20:22,625] {processor.py:654} INFO - DAG(s) dict_keys(['text_processing_dag_1']) retrieved from /opt/airflow/dags/dag_text_processing_1.py
[2024-07-11 23:20:22,636] {logging_mixin.py:109} INFO - [2024-07-11 23:20:22,634] {dag.py:2398} INFO - Sync 1 DAGs
[2024-07-11 23:20:22,653] {logging_mixin.py:109} INFO - [2024-07-11 23:20:22,653] {dag.py:2937} INFO - Setting next_dagrun for text_processing_dag_1 to None
[2024-07-11 23:20:22,661] {processor.py:171} INFO - Processing /opt/airflow/dags/dag_text_processing_1.py took 1.908 seconds
[2024-07-11 23:20:52,995] {processor.py:163} INFO - Started process (PID=707) to work on /opt/airflow/dags/dag_text_processing_1.py
[2024-07-11 23:20:52,998] {processor.py:642} INFO - Processing file /opt/airflow/dags/dag_text_processing_1.py for tasks to queue
[2024-07-11 23:20:52,999] {logging_mixin.py:109} INFO - [2024-07-11 23:20:52,999] {dagbag.py:500} INFO - Filling up the DagBag from /opt/airflow/dags/dag_text_processing_1.py
[2024-07-11 23:20:54,679] {processor.py:654} INFO - DAG(s) dict_keys(['text_processing_dag_1']) retrieved from /opt/airflow/dags/dag_text_processing_1.py
[2024-07-11 23:20:54,691] {logging_mixin.py:109} INFO - [2024-07-11 23:20:54,689] {dag.py:2398} INFO - Sync 1 DAGs
[2024-07-11 23:20:54,711] {logging_mixin.py:109} INFO - [2024-07-11 23:20:54,710] {dag.py:2937} INFO - Setting next_dagrun for text_processing_dag_1 to None
[2024-07-11 23:20:54,720] {processor.py:171} INFO - Processing /opt/airflow/dags/dag_text_processing_1.py took 1.730 seconds
[2024-07-11 23:21:25,120] {processor.py:163} INFO - Started process (PID=738) to work on /opt/airflow/dags/dag_text_processing_1.py
[2024-07-11 23:21:25,123] {processor.py:642} INFO - Processing file /opt/airflow/dags/dag_text_processing_1.py for tasks to queue
[2024-07-11 23:21:25,126] {logging_mixin.py:109} INFO - [2024-07-11 23:21:25,125] {dagbag.py:500} INFO - Filling up the DagBag from /opt/airflow/dags/dag_text_processing_1.py
[2024-07-11 23:21:27,145] {processor.py:654} INFO - DAG(s) dict_keys(['text_processing_dag_1']) retrieved from /opt/airflow/dags/dag_text_processing_1.py
[2024-07-11 23:21:27,160] {logging_mixin.py:109} INFO - [2024-07-11 23:21:27,158] {dag.py:2398} INFO - Sync 1 DAGs
[2024-07-11 23:21:27,181] {logging_mixin.py:109} INFO - [2024-07-11 23:21:27,181] {dag.py:2937} INFO - Setting next_dagrun for text_processing_dag_1 to None
[2024-07-11 23:21:27,191] {processor.py:171} INFO - Processing /opt/airflow/dags/dag_text_processing_1.py took 2.090 seconds
[2024-07-11 23:21:57,652] {processor.py:163} INFO - Started process (PID=768) to work on /opt/airflow/dags/dag_text_processing_1.py
[2024-07-11 23:21:57,660] {processor.py:642} INFO - Processing file /opt/airflow/dags/dag_text_processing_1.py for tasks to queue
[2024-07-11 23:21:57,662] {logging_mixin.py:109} INFO - [2024-07-11 23:21:57,662] {dagbag.py:500} INFO - Filling up the DagBag from /opt/airflow/dags/dag_text_processing_1.py
[2024-07-11 23:21:59,567] {processor.py:654} INFO - DAG(s) dict_keys(['text_processing_dag_1']) retrieved from /opt/airflow/dags/dag_text_processing_1.py
[2024-07-11 23:21:59,578] {logging_mixin.py:109} INFO - [2024-07-11 23:21:59,576] {dag.py:2398} INFO - Sync 1 DAGs
[2024-07-11 23:21:59,596] {logging_mixin.py:109} INFO - [2024-07-11 23:21:59,596] {dag.py:2937} INFO - Setting next_dagrun for text_processing_dag_1 to None
[2024-07-11 23:21:59,605] {processor.py:171} INFO - Processing /opt/airflow/dags/dag_text_processing_1.py took 1.967 seconds
[2024-07-11 23:22:30,044] {processor.py:163} INFO - Started process (PID=799) to work on /opt/airflow/dags/dag_text_processing_1.py
[2024-07-11 23:22:30,060] {processor.py:642} INFO - Processing file /opt/airflow/dags/dag_text_processing_1.py for tasks to queue
[2024-07-11 23:22:30,061] {logging_mixin.py:109} INFO - [2024-07-11 23:22:30,061] {dagbag.py:500} INFO - Filling up the DagBag from /opt/airflow/dags/dag_text_processing_1.py
[2024-07-11 23:22:31,773] {processor.py:654} INFO - DAG(s) dict_keys(['text_processing_dag_1']) retrieved from /opt/airflow/dags/dag_text_processing_1.py
[2024-07-11 23:22:31,785] {logging_mixin.py:109} INFO - [2024-07-11 23:22:31,783] {dag.py:2398} INFO - Sync 1 DAGs
[2024-07-11 23:22:31,808] {logging_mixin.py:109} INFO - [2024-07-11 23:22:31,808] {dag.py:2937} INFO - Setting next_dagrun for text_processing_dag_1 to None
[2024-07-11 23:22:31,817] {processor.py:171} INFO - Processing /opt/airflow/dags/dag_text_processing_1.py took 1.793 seconds
[2024-07-11 23:23:02,667] {processor.py:163} INFO - Started process (PID=844) to work on /opt/airflow/dags/dag_text_processing_1.py
[2024-07-11 23:23:02,669] {processor.py:642} INFO - Processing file /opt/airflow/dags/dag_text_processing_1.py for tasks to queue
[2024-07-11 23:23:02,670] {logging_mixin.py:109} INFO - [2024-07-11 23:23:02,670] {dagbag.py:500} INFO - Filling up the DagBag from /opt/airflow/dags/dag_text_processing_1.py
[2024-07-11 23:23:04,885] {processor.py:654} INFO - DAG(s) dict_keys(['text_processing_dag_1']) retrieved from /opt/airflow/dags/dag_text_processing_1.py
[2024-07-11 23:23:04,899] {logging_mixin.py:109} INFO - [2024-07-11 23:23:04,897] {dag.py:2398} INFO - Sync 1 DAGs
[2024-07-11 23:23:04,919] {logging_mixin.py:109} INFO - [2024-07-11 23:23:04,918] {dag.py:2937} INFO - Setting next_dagrun for text_processing_dag_1 to None
[2024-07-11 23:23:04,929] {processor.py:171} INFO - Processing /opt/airflow/dags/dag_text_processing_1.py took 2.268 seconds
[2024-07-11 23:23:35,587] {processor.py:163} INFO - Started process (PID=872) to work on /opt/airflow/dags/dag_text_processing_1.py
[2024-07-11 23:23:35,589] {processor.py:642} INFO - Processing file /opt/airflow/dags/dag_text_processing_1.py for tasks to queue
[2024-07-11 23:23:35,589] {logging_mixin.py:109} INFO - [2024-07-11 23:23:35,589] {dagbag.py:500} INFO - Filling up the DagBag from /opt/airflow/dags/dag_text_processing_1.py
[2024-07-11 23:23:39,031] {processor.py:654} INFO - DAG(s) dict_keys(['text_processing_dag_1']) retrieved from /opt/airflow/dags/dag_text_processing_1.py
[2024-07-11 23:23:39,071] {logging_mixin.py:109} INFO - [2024-07-11 23:23:39,069] {dag.py:2398} INFO - Sync 1 DAGs
[2024-07-11 23:23:39,094] {logging_mixin.py:109} INFO - [2024-07-11 23:23:39,094] {dag.py:2937} INFO - Setting next_dagrun for text_processing_dag_1 to None
[2024-07-11 23:23:39,109] {processor.py:171} INFO - Processing /opt/airflow/dags/dag_text_processing_1.py took 3.531 seconds
[2024-07-11 23:24:09,702] {processor.py:163} INFO - Started process (PID=902) to work on /opt/airflow/dags/dag_text_processing_1.py
[2024-07-11 23:24:09,706] {processor.py:642} INFO - Processing file /opt/airflow/dags/dag_text_processing_1.py for tasks to queue
[2024-07-11 23:24:09,712] {logging_mixin.py:109} INFO - [2024-07-11 23:24:09,711] {dagbag.py:500} INFO - Filling up the DagBag from /opt/airflow/dags/dag_text_processing_1.py
[2024-07-11 23:24:12,388] {processor.py:654} INFO - DAG(s) dict_keys(['text_processing_dag_1']) retrieved from /opt/airflow/dags/dag_text_processing_1.py
[2024-07-11 23:24:12,421] {logging_mixin.py:109} INFO - [2024-07-11 23:24:12,417] {dag.py:2398} INFO - Sync 1 DAGs
[2024-07-11 23:24:12,451] {logging_mixin.py:109} INFO - [2024-07-11 23:24:12,451] {dag.py:2937} INFO - Setting next_dagrun for text_processing_dag_1 to None
[2024-07-11 23:24:12,469] {processor.py:171} INFO - Processing /opt/airflow/dags/dag_text_processing_1.py took 2.782 seconds
[2024-07-11 23:24:42,790] {processor.py:163} INFO - Started process (PID=933) to work on /opt/airflow/dags/dag_text_processing_1.py
[2024-07-11 23:24:42,793] {processor.py:642} INFO - Processing file /opt/airflow/dags/dag_text_processing_1.py for tasks to queue
[2024-07-11 23:24:42,795] {logging_mixin.py:109} INFO - [2024-07-11 23:24:42,795] {dagbag.py:500} INFO - Filling up the DagBag from /opt/airflow/dags/dag_text_processing_1.py
[2024-07-11 23:24:45,242] {processor.py:654} INFO - DAG(s) dict_keys(['text_processing_dag_1']) retrieved from /opt/airflow/dags/dag_text_processing_1.py
[2024-07-11 23:24:45,260] {logging_mixin.py:109} INFO - [2024-07-11 23:24:45,257] {dag.py:2398} INFO - Sync 1 DAGs
[2024-07-11 23:24:45,289] {logging_mixin.py:109} INFO - [2024-07-11 23:24:45,288] {dag.py:2937} INFO - Setting next_dagrun for text_processing_dag_1 to None
[2024-07-11 23:24:45,300] {processor.py:171} INFO - Processing /opt/airflow/dags/dag_text_processing_1.py took 2.521 seconds
[2024-07-11 23:25:15,822] {processor.py:163} INFO - Started process (PID=964) to work on /opt/airflow/dags/dag_text_processing_1.py
[2024-07-11 23:25:15,826] {processor.py:642} INFO - Processing file /opt/airflow/dags/dag_text_processing_1.py for tasks to queue
[2024-07-11 23:25:15,828] {logging_mixin.py:109} INFO - [2024-07-11 23:25:15,828] {dagbag.py:500} INFO - Filling up the DagBag from /opt/airflow/dags/dag_text_processing_1.py
[2024-07-11 23:25:18,742] {processor.py:654} INFO - DAG(s) dict_keys(['text_processing_dag_1']) retrieved from /opt/airflow/dags/dag_text_processing_1.py
[2024-07-11 23:25:18,766] {logging_mixin.py:109} INFO - [2024-07-11 23:25:18,764] {dag.py:2398} INFO - Sync 1 DAGs
[2024-07-11 23:25:18,802] {logging_mixin.py:109} INFO - [2024-07-11 23:25:18,802] {dag.py:2937} INFO - Setting next_dagrun for text_processing_dag_1 to None
[2024-07-11 23:25:18,821] {processor.py:171} INFO - Processing /opt/airflow/dags/dag_text_processing_1.py took 3.010 seconds
[2024-07-11 23:25:49,420] {processor.py:163} INFO - Started process (PID=995) to work on /opt/airflow/dags/dag_text_processing_1.py
[2024-07-11 23:25:49,431] {processor.py:642} INFO - Processing file /opt/airflow/dags/dag_text_processing_1.py for tasks to queue
[2024-07-11 23:25:49,432] {logging_mixin.py:109} INFO - [2024-07-11 23:25:49,432] {dagbag.py:500} INFO - Filling up the DagBag from /opt/airflow/dags/dag_text_processing_1.py
[2024-07-11 23:25:52,102] {processor.py:654} INFO - DAG(s) dict_keys(['text_processing_dag_1']) retrieved from /opt/airflow/dags/dag_text_processing_1.py
[2024-07-11 23:25:52,115] {logging_mixin.py:109} INFO - [2024-07-11 23:25:52,113] {dag.py:2398} INFO - Sync 1 DAGs
[2024-07-11 23:25:52,135] {logging_mixin.py:109} INFO - [2024-07-11 23:25:52,135] {dag.py:2937} INFO - Setting next_dagrun for text_processing_dag_1 to None
[2024-07-11 23:25:52,154] {processor.py:171} INFO - Processing /opt/airflow/dags/dag_text_processing_1.py took 2.738 seconds
[2024-07-11 23:26:22,687] {processor.py:163} INFO - Started process (PID=1026) to work on /opt/airflow/dags/dag_text_processing_1.py
[2024-07-11 23:26:22,690] {processor.py:642} INFO - Processing file /opt/airflow/dags/dag_text_processing_1.py for tasks to queue
[2024-07-11 23:26:22,692] {logging_mixin.py:109} INFO - [2024-07-11 23:26:22,691] {dagbag.py:500} INFO - Filling up the DagBag from /opt/airflow/dags/dag_text_processing_1.py
[2024-07-11 23:26:25,778] {processor.py:654} INFO - DAG(s) dict_keys(['text_processing_dag_1']) retrieved from /opt/airflow/dags/dag_text_processing_1.py
[2024-07-11 23:26:25,811] {logging_mixin.py:109} INFO - [2024-07-11 23:26:25,806] {dag.py:2398} INFO - Sync 1 DAGs
[2024-07-11 23:26:25,870] {logging_mixin.py:109} INFO - [2024-07-11 23:26:25,869] {dag.py:2937} INFO - Setting next_dagrun for text_processing_dag_1 to None
[2024-07-11 23:26:25,896] {processor.py:171} INFO - Processing /opt/airflow/dags/dag_text_processing_1.py took 3.221 seconds
[2024-07-11 23:26:56,516] {processor.py:163} INFO - Started process (PID=1057) to work on /opt/airflow/dags/dag_text_processing_1.py
[2024-07-11 23:26:56,519] {processor.py:642} INFO - Processing file /opt/airflow/dags/dag_text_processing_1.py for tasks to queue
[2024-07-11 23:26:56,522] {logging_mixin.py:109} INFO - [2024-07-11 23:26:56,521] {dagbag.py:500} INFO - Filling up the DagBag from /opt/airflow/dags/dag_text_processing_1.py
[2024-07-11 23:26:59,287] {processor.py:654} INFO - DAG(s) dict_keys(['text_processing_dag_1']) retrieved from /opt/airflow/dags/dag_text_processing_1.py
[2024-07-11 23:26:59,307] {logging_mixin.py:109} INFO - [2024-07-11 23:26:59,305] {dag.py:2398} INFO - Sync 1 DAGs
[2024-07-11 23:26:59,346] {logging_mixin.py:109} INFO - [2024-07-11 23:26:59,346] {dag.py:2937} INFO - Setting next_dagrun for text_processing_dag_1 to None
[2024-07-11 23:26:59,364] {processor.py:171} INFO - Processing /opt/airflow/dags/dag_text_processing_1.py took 2.868 seconds
[2024-07-11 23:27:29,919] {processor.py:163} INFO - Started process (PID=1088) to work on /opt/airflow/dags/dag_text_processing_1.py
[2024-07-11 23:27:29,922] {processor.py:642} INFO - Processing file /opt/airflow/dags/dag_text_processing_1.py for tasks to queue
[2024-07-11 23:27:29,924] {logging_mixin.py:109} INFO - [2024-07-11 23:27:29,924] {dagbag.py:500} INFO - Filling up the DagBag from /opt/airflow/dags/dag_text_processing_1.py
[2024-07-11 23:27:33,438] {processor.py:654} INFO - DAG(s) dict_keys(['text_processing_dag_1']) retrieved from /opt/airflow/dags/dag_text_processing_1.py
[2024-07-11 23:27:33,460] {logging_mixin.py:109} INFO - [2024-07-11 23:27:33,457] {dag.py:2398} INFO - Sync 1 DAGs
[2024-07-11 23:27:33,501] {logging_mixin.py:109} INFO - [2024-07-11 23:27:33,500] {dag.py:2937} INFO - Setting next_dagrun for text_processing_dag_1 to None
[2024-07-11 23:27:33,527] {processor.py:171} INFO - Processing /opt/airflow/dags/dag_text_processing_1.py took 3.619 seconds
[2024-07-11 23:28:04,291] {processor.py:163} INFO - Started process (PID=1119) to work on /opt/airflow/dags/dag_text_processing_1.py
[2024-07-11 23:28:04,305] {processor.py:642} INFO - Processing file /opt/airflow/dags/dag_text_processing_1.py for tasks to queue
[2024-07-11 23:28:04,307] {logging_mixin.py:109} INFO - [2024-07-11 23:28:04,306] {dagbag.py:500} INFO - Filling up the DagBag from /opt/airflow/dags/dag_text_processing_1.py
[2024-07-11 23:28:07,589] {processor.py:654} INFO - DAG(s) dict_keys(['text_processing_dag_1']) retrieved from /opt/airflow/dags/dag_text_processing_1.py
[2024-07-11 23:28:07,627] {logging_mixin.py:109} INFO - [2024-07-11 23:28:07,623] {dag.py:2398} INFO - Sync 1 DAGs
[2024-07-11 23:28:07,689] {logging_mixin.py:109} INFO - [2024-07-11 23:28:07,688] {dag.py:2937} INFO - Setting next_dagrun for text_processing_dag_1 to None
[2024-07-11 23:28:07,715] {processor.py:171} INFO - Processing /opt/airflow/dags/dag_text_processing_1.py took 3.435 seconds
[2024-07-11 23:28:38,393] {processor.py:163} INFO - Started process (PID=1150) to work on /opt/airflow/dags/dag_text_processing_1.py
[2024-07-11 23:28:38,399] {processor.py:642} INFO - Processing file /opt/airflow/dags/dag_text_processing_1.py for tasks to queue
[2024-07-11 23:28:38,401] {logging_mixin.py:109} INFO - [2024-07-11 23:28:38,401] {dagbag.py:500} INFO - Filling up the DagBag from /opt/airflow/dags/dag_text_processing_1.py
[2024-07-11 23:28:41,918] {processor.py:654} INFO - DAG(s) dict_keys(['text_processing_dag_1']) retrieved from /opt/airflow/dags/dag_text_processing_1.py
[2024-07-11 23:28:41,952] {logging_mixin.py:109} INFO - [2024-07-11 23:28:41,947] {dag.py:2398} INFO - Sync 1 DAGs
[2024-07-11 23:28:42,016] {logging_mixin.py:109} INFO - [2024-07-11 23:28:42,015] {dag.py:2937} INFO - Setting next_dagrun for text_processing_dag_1 to None
[2024-07-11 23:28:42,042] {processor.py:171} INFO - Processing /opt/airflow/dags/dag_text_processing_1.py took 3.661 seconds
[2024-07-11 23:29:12,927] {processor.py:163} INFO - Started process (PID=1190) to work on /opt/airflow/dags/dag_text_processing_1.py
[2024-07-11 23:29:12,928] {processor.py:642} INFO - Processing file /opt/airflow/dags/dag_text_processing_1.py for tasks to queue
[2024-07-11 23:29:12,929] {logging_mixin.py:109} INFO - [2024-07-11 23:29:12,929] {dagbag.py:500} INFO - Filling up the DagBag from /opt/airflow/dags/dag_text_processing_1.py
[2024-07-11 23:29:14,853] {processor.py:654} INFO - DAG(s) dict_keys(['text_processing_dag_1']) retrieved from /opt/airflow/dags/dag_text_processing_1.py
[2024-07-11 23:29:14,865] {logging_mixin.py:109} INFO - [2024-07-11 23:29:14,864] {dag.py:2398} INFO - Sync 1 DAGs
[2024-07-11 23:29:14,890] {logging_mixin.py:109} INFO - [2024-07-11 23:29:14,890] {dag.py:2937} INFO - Setting next_dagrun for text_processing_dag_1 to None
[2024-07-11 23:29:14,904] {processor.py:171} INFO - Processing /opt/airflow/dags/dag_text_processing_1.py took 1.981 seconds
[2024-07-11 23:29:45,620] {processor.py:163} INFO - Started process (PID=1226) to work on /opt/airflow/dags/dag_text_processing_1.py
[2024-07-11 23:29:45,621] {processor.py:642} INFO - Processing file /opt/airflow/dags/dag_text_processing_1.py for tasks to queue
[2024-07-11 23:29:45,622] {logging_mixin.py:109} INFO - [2024-07-11 23:29:45,622] {dagbag.py:500} INFO - Filling up the DagBag from /opt/airflow/dags/dag_text_processing_1.py
[2024-07-11 23:29:47,840] {processor.py:654} INFO - DAG(s) dict_keys(['text_processing_dag_1']) retrieved from /opt/airflow/dags/dag_text_processing_1.py
[2024-07-11 23:29:47,856] {logging_mixin.py:109} INFO - [2024-07-11 23:29:47,854] {dag.py:2398} INFO - Sync 1 DAGs
[2024-07-11 23:29:47,888] {logging_mixin.py:109} INFO - [2024-07-11 23:29:47,887] {dag.py:2937} INFO - Setting next_dagrun for text_processing_dag_1 to None
[2024-07-11 23:29:47,905] {processor.py:171} INFO - Processing /opt/airflow/dags/dag_text_processing_1.py took 2.288 seconds
[2024-07-11 23:30:18,321] {processor.py:163} INFO - Started process (PID=1253) to work on /opt/airflow/dags/dag_text_processing_1.py
[2024-07-11 23:30:18,325] {processor.py:642} INFO - Processing file /opt/airflow/dags/dag_text_processing_1.py for tasks to queue
[2024-07-11 23:30:18,327] {logging_mixin.py:109} INFO - [2024-07-11 23:30:18,327] {dagbag.py:500} INFO - Filling up the DagBag from /opt/airflow/dags/dag_text_processing_1.py
[2024-07-11 23:30:21,217] {processor.py:654} INFO - DAG(s) dict_keys(['text_processing_dag_1']) retrieved from /opt/airflow/dags/dag_text_processing_1.py
[2024-07-11 23:30:21,230] {logging_mixin.py:109} INFO - [2024-07-11 23:30:21,228] {dag.py:2398} INFO - Sync 1 DAGs
[2024-07-11 23:30:21,253] {logging_mixin.py:109} INFO - [2024-07-11 23:30:21,253] {dag.py:2937} INFO - Setting next_dagrun for text_processing_dag_1 to None
[2024-07-11 23:30:21,265] {processor.py:171} INFO - Processing /opt/airflow/dags/dag_text_processing_1.py took 2.957 seconds
[2024-07-11 23:30:51,379] {processor.py:163} INFO - Started process (PID=1284) to work on /opt/airflow/dags/dag_text_processing_1.py
[2024-07-11 23:30:51,384] {processor.py:642} INFO - Processing file /opt/airflow/dags/dag_text_processing_1.py for tasks to queue
[2024-07-11 23:30:51,387] {logging_mixin.py:109} INFO - [2024-07-11 23:30:51,387] {dagbag.py:500} INFO - Filling up the DagBag from /opt/airflow/dags/dag_text_processing_1.py
[2024-07-11 23:30:54,289] {processor.py:654} INFO - DAG(s) dict_keys(['text_processing_dag_1']) retrieved from /opt/airflow/dags/dag_text_processing_1.py
[2024-07-11 23:30:54,301] {logging_mixin.py:109} INFO - [2024-07-11 23:30:54,299] {dag.py:2398} INFO - Sync 1 DAGs
[2024-07-11 23:30:54,322] {logging_mixin.py:109} INFO - [2024-07-11 23:30:54,322] {dag.py:2937} INFO - Setting next_dagrun for text_processing_dag_1 to None
[2024-07-11 23:30:54,334] {processor.py:171} INFO - Processing /opt/airflow/dags/dag_text_processing_1.py took 2.968 seconds
[2024-07-11 23:31:24,933] {processor.py:163} INFO - Started process (PID=1315) to work on /opt/airflow/dags/dag_text_processing_1.py
[2024-07-11 23:31:24,937] {processor.py:642} INFO - Processing file /opt/airflow/dags/dag_text_processing_1.py for tasks to queue
[2024-07-11 23:31:24,940] {logging_mixin.py:109} INFO - [2024-07-11 23:31:24,940] {dagbag.py:500} INFO - Filling up the DagBag from /opt/airflow/dags/dag_text_processing_1.py
[2024-07-11 23:31:27,466] {processor.py:654} INFO - DAG(s) dict_keys(['text_processing_dag_1']) retrieved from /opt/airflow/dags/dag_text_processing_1.py
[2024-07-11 23:31:27,478] {logging_mixin.py:109} INFO - [2024-07-11 23:31:27,476] {dag.py:2398} INFO - Sync 1 DAGs
[2024-07-11 23:31:27,501] {logging_mixin.py:109} INFO - [2024-07-11 23:31:27,500] {dag.py:2937} INFO - Setting next_dagrun for text_processing_dag_1 to None
[2024-07-11 23:31:27,511] {processor.py:171} INFO - Processing /opt/airflow/dags/dag_text_processing_1.py took 2.590 seconds
[2024-07-11 23:31:58,200] {processor.py:163} INFO - Started process (PID=1346) to work on /opt/airflow/dags/dag_text_processing_1.py
[2024-07-11 23:31:58,214] {processor.py:642} INFO - Processing file /opt/airflow/dags/dag_text_processing_1.py for tasks to queue
[2024-07-11 23:31:58,217] {logging_mixin.py:109} INFO - [2024-07-11 23:31:58,216] {dagbag.py:500} INFO - Filling up the DagBag from /opt/airflow/dags/dag_text_processing_1.py
[2024-07-11 23:32:01,390] {processor.py:654} INFO - DAG(s) dict_keys(['text_processing_dag_1']) retrieved from /opt/airflow/dags/dag_text_processing_1.py
[2024-07-11 23:32:01,418] {logging_mixin.py:109} INFO - [2024-07-11 23:32:01,404] {dag.py:2398} INFO - Sync 1 DAGs
[2024-07-11 23:32:01,452] {logging_mixin.py:109} INFO - [2024-07-11 23:32:01,452] {dag.py:2937} INFO - Setting next_dagrun for text_processing_dag_1 to None
[2024-07-11 23:32:01,476] {processor.py:171} INFO - Processing /opt/airflow/dags/dag_text_processing_1.py took 3.287 seconds
[2024-07-11 23:32:32,174] {processor.py:163} INFO - Started process (PID=1378) to work on /opt/airflow/dags/dag_text_processing_1.py
[2024-07-11 23:32:32,186] {processor.py:642} INFO - Processing file /opt/airflow/dags/dag_text_processing_1.py for tasks to queue
[2024-07-11 23:32:32,187] {logging_mixin.py:109} INFO - [2024-07-11 23:32:32,187] {dagbag.py:500} INFO - Filling up the DagBag from /opt/airflow/dags/dag_text_processing_1.py
[2024-07-11 23:32:35,473] {processor.py:654} INFO - DAG(s) dict_keys(['text_processing_dag_1']) retrieved from /opt/airflow/dags/dag_text_processing_1.py
[2024-07-11 23:32:35,489] {logging_mixin.py:109} INFO - [2024-07-11 23:32:35,487] {dag.py:2398} INFO - Sync 1 DAGs
[2024-07-11 23:32:35,527] {logging_mixin.py:109} INFO - [2024-07-11 23:32:35,527] {dag.py:2937} INFO - Setting next_dagrun for text_processing_dag_1 to None
[2024-07-11 23:32:35,541] {processor.py:171} INFO - Processing /opt/airflow/dags/dag_text_processing_1.py took 3.372 seconds
[2024-07-11 23:33:06,237] {processor.py:163} INFO - Started process (PID=1409) to work on /opt/airflow/dags/dag_text_processing_1.py
[2024-07-11 23:33:06,241] {processor.py:642} INFO - Processing file /opt/airflow/dags/dag_text_processing_1.py for tasks to queue
[2024-07-11 23:33:06,243] {logging_mixin.py:109} INFO - [2024-07-11 23:33:06,243] {dagbag.py:500} INFO - Filling up the DagBag from /opt/airflow/dags/dag_text_processing_1.py
[2024-07-11 23:33:09,716] {processor.py:654} INFO - DAG(s) dict_keys(['text_processing_dag_1']) retrieved from /opt/airflow/dags/dag_text_processing_1.py
[2024-07-11 23:33:09,732] {logging_mixin.py:109} INFO - [2024-07-11 23:33:09,730] {dag.py:2398} INFO - Sync 1 DAGs
[2024-07-11 23:33:09,756] {logging_mixin.py:109} INFO - [2024-07-11 23:33:09,756] {dag.py:2937} INFO - Setting next_dagrun for text_processing_dag_1 to None
[2024-07-11 23:33:09,768] {processor.py:171} INFO - Processing /opt/airflow/dags/dag_text_processing_1.py took 3.547 seconds
[2024-07-11 23:33:40,472] {processor.py:163} INFO - Started process (PID=1439) to work on /opt/airflow/dags/dag_text_processing_1.py
[2024-07-11 23:33:40,484] {processor.py:642} INFO - Processing file /opt/airflow/dags/dag_text_processing_1.py for tasks to queue
[2024-07-11 23:33:40,485] {logging_mixin.py:109} INFO - [2024-07-11 23:33:40,485] {dagbag.py:500} INFO - Filling up the DagBag from /opt/airflow/dags/dag_text_processing_1.py
[2024-07-11 23:33:43,391] {processor.py:654} INFO - DAG(s) dict_keys(['text_processing_dag_1']) retrieved from /opt/airflow/dags/dag_text_processing_1.py
[2024-07-11 23:33:43,425] {logging_mixin.py:109} INFO - [2024-07-11 23:33:43,419] {dag.py:2398} INFO - Sync 1 DAGs
[2024-07-11 23:33:43,495] {logging_mixin.py:109} INFO - [2024-07-11 23:33:43,495] {dag.py:2937} INFO - Setting next_dagrun for text_processing_dag_1 to None
[2024-07-11 23:33:43,521] {processor.py:171} INFO - Processing /opt/airflow/dags/dag_text_processing_1.py took 3.072 seconds
[2024-07-11 23:34:14,085] {processor.py:163} INFO - Started process (PID=1471) to work on /opt/airflow/dags/dag_text_processing_1.py
[2024-07-11 23:34:14,089] {processor.py:642} INFO - Processing file /opt/airflow/dags/dag_text_processing_1.py for tasks to queue
[2024-07-11 23:34:14,094] {logging_mixin.py:109} INFO - [2024-07-11 23:34:14,091] {dagbag.py:500} INFO - Filling up the DagBag from /opt/airflow/dags/dag_text_processing_1.py
[2024-07-11 23:34:17,096] {processor.py:654} INFO - DAG(s) dict_keys(['text_processing_dag_1']) retrieved from /opt/airflow/dags/dag_text_processing_1.py
[2024-07-11 23:34:17,119] {logging_mixin.py:109} INFO - [2024-07-11 23:34:17,112] {dag.py:2398} INFO - Sync 1 DAGs
[2024-07-11 23:34:17,155] {logging_mixin.py:109} INFO - [2024-07-11 23:34:17,155] {dag.py:2937} INFO - Setting next_dagrun for text_processing_dag_1 to None
[2024-07-11 23:34:17,176] {processor.py:171} INFO - Processing /opt/airflow/dags/dag_text_processing_1.py took 3.105 seconds
[2024-07-11 23:34:47,683] {processor.py:163} INFO - Started process (PID=1501) to work on /opt/airflow/dags/dag_text_processing_1.py
[2024-07-11 23:34:47,686] {processor.py:642} INFO - Processing file /opt/airflow/dags/dag_text_processing_1.py for tasks to queue
[2024-07-11 23:34:47,688] {logging_mixin.py:109} INFO - [2024-07-11 23:34:47,687] {dagbag.py:500} INFO - Filling up the DagBag from /opt/airflow/dags/dag_text_processing_1.py
[2024-07-11 23:34:50,623] {processor.py:654} INFO - DAG(s) dict_keys(['text_processing_dag_1']) retrieved from /opt/airflow/dags/dag_text_processing_1.py
[2024-07-11 23:34:50,646] {logging_mixin.py:109} INFO - [2024-07-11 23:34:50,642] {dag.py:2398} INFO - Sync 1 DAGs
[2024-07-11 23:34:50,681] {logging_mixin.py:109} INFO - [2024-07-11 23:34:50,681] {dag.py:2937} INFO - Setting next_dagrun for text_processing_dag_1 to None
[2024-07-11 23:34:50,703] {processor.py:171} INFO - Processing /opt/airflow/dags/dag_text_processing_1.py took 3.032 seconds
[2024-07-11 23:35:21,522] {processor.py:163} INFO - Started process (PID=1532) to work on /opt/airflow/dags/dag_text_processing_1.py
[2024-07-11 23:35:21,532] {processor.py:642} INFO - Processing file /opt/airflow/dags/dag_text_processing_1.py for tasks to queue
[2024-07-11 23:35:21,534] {logging_mixin.py:109} INFO - [2024-07-11 23:35:21,533] {dagbag.py:500} INFO - Filling up the DagBag from /opt/airflow/dags/dag_text_processing_1.py
[2024-07-11 23:35:24,254] {processor.py:654} INFO - DAG(s) dict_keys(['text_processing_dag_1']) retrieved from /opt/airflow/dags/dag_text_processing_1.py
[2024-07-11 23:35:24,267] {logging_mixin.py:109} INFO - [2024-07-11 23:35:24,265] {dag.py:2398} INFO - Sync 1 DAGs
[2024-07-11 23:35:24,294] {logging_mixin.py:109} INFO - [2024-07-11 23:35:24,294] {dag.py:2937} INFO - Setting next_dagrun for text_processing_dag_1 to None
[2024-07-11 23:35:24,304] {processor.py:171} INFO - Processing /opt/airflow/dags/dag_text_processing_1.py took 2.798 seconds
[2024-07-11 23:35:55,022] {processor.py:163} INFO - Started process (PID=1572) to work on /opt/airflow/dags/dag_text_processing_1.py
[2024-07-11 23:35:55,024] {processor.py:642} INFO - Processing file /opt/airflow/dags/dag_text_processing_1.py for tasks to queue
[2024-07-11 23:35:55,025] {logging_mixin.py:109} INFO - [2024-07-11 23:35:55,025] {dagbag.py:500} INFO - Filling up the DagBag from /opt/airflow/dags/dag_text_processing_1.py
[2024-07-11 23:35:57,761] {processor.py:654} INFO - DAG(s) dict_keys(['text_processing_dag_1']) retrieved from /opt/airflow/dags/dag_text_processing_1.py
[2024-07-11 23:35:57,777] {logging_mixin.py:109} INFO - [2024-07-11 23:35:57,774] {dag.py:2398} INFO - Sync 1 DAGs
[2024-07-11 23:35:57,803] {logging_mixin.py:109} INFO - [2024-07-11 23:35:57,802] {dag.py:2937} INFO - Setting next_dagrun for text_processing_dag_1 to None
[2024-07-11 23:35:57,816] {processor.py:171} INFO - Processing /opt/airflow/dags/dag_text_processing_1.py took 2.798 seconds
[2024-07-11 23:36:28,692] {processor.py:163} INFO - Started process (PID=1608) to work on /opt/airflow/dags/dag_text_processing_1.py
[2024-07-11 23:36:28,693] {processor.py:642} INFO - Processing file /opt/airflow/dags/dag_text_processing_1.py for tasks to queue
[2024-07-11 23:36:28,694] {logging_mixin.py:109} INFO - [2024-07-11 23:36:28,694] {dagbag.py:500} INFO - Filling up the DagBag from /opt/airflow/dags/dag_text_processing_1.py
[2024-07-11 23:36:31,646] {processor.py:654} INFO - DAG(s) dict_keys(['text_processing_dag_1']) retrieved from /opt/airflow/dags/dag_text_processing_1.py
[2024-07-11 23:36:31,669] {logging_mixin.py:109} INFO - [2024-07-11 23:36:31,666] {dag.py:2398} INFO - Sync 1 DAGs
[2024-07-11 23:36:31,706] {logging_mixin.py:109} INFO - [2024-07-11 23:36:31,706] {dag.py:2937} INFO - Setting next_dagrun for text_processing_dag_1 to None
[2024-07-11 23:36:31,726] {processor.py:171} INFO - Processing /opt/airflow/dags/dag_text_processing_1.py took 3.038 seconds
[2024-07-11 23:37:02,397] {processor.py:163} INFO - Started process (PID=1634) to work on /opt/airflow/dags/dag_text_processing_1.py
[2024-07-11 23:37:02,404] {processor.py:642} INFO - Processing file /opt/airflow/dags/dag_text_processing_1.py for tasks to queue
[2024-07-11 23:37:02,407] {logging_mixin.py:109} INFO - [2024-07-11 23:37:02,406] {dagbag.py:500} INFO - Filling up the DagBag from /opt/airflow/dags/dag_text_processing_1.py
[2024-07-11 23:37:05,756] {processor.py:654} INFO - DAG(s) dict_keys(['text_processing_dag_1']) retrieved from /opt/airflow/dags/dag_text_processing_1.py
[2024-07-11 23:37:05,780] {logging_mixin.py:109} INFO - [2024-07-11 23:37:05,776] {dag.py:2398} INFO - Sync 1 DAGs
[2024-07-11 23:37:05,818] {logging_mixin.py:109} INFO - [2024-07-11 23:37:05,817] {dag.py:2937} INFO - Setting next_dagrun for text_processing_dag_1 to None
[2024-07-11 23:37:05,835] {processor.py:171} INFO - Processing /opt/airflow/dags/dag_text_processing_1.py took 3.446 seconds
[2024-07-11 23:37:36,220] {processor.py:163} INFO - Started process (PID=1667) to work on /opt/airflow/dags/dag_text_processing_1.py
[2024-07-11 23:37:36,225] {processor.py:642} INFO - Processing file /opt/airflow/dags/dag_text_processing_1.py for tasks to queue
[2024-07-11 23:37:36,228] {logging_mixin.py:109} INFO - [2024-07-11 23:37:36,228] {dagbag.py:500} INFO - Filling up the DagBag from /opt/airflow/dags/dag_text_processing_1.py
[2024-07-11 23:37:39,119] {processor.py:654} INFO - DAG(s) dict_keys(['text_processing_dag_1']) retrieved from /opt/airflow/dags/dag_text_processing_1.py
[2024-07-11 23:37:39,133] {logging_mixin.py:109} INFO - [2024-07-11 23:37:39,130] {dag.py:2398} INFO - Sync 1 DAGs
[2024-07-11 23:37:39,159] {logging_mixin.py:109} INFO - [2024-07-11 23:37:39,158] {dag.py:2937} INFO - Setting next_dagrun for text_processing_dag_1 to None
[2024-07-11 23:37:39,173] {processor.py:171} INFO - Processing /opt/airflow/dags/dag_text_processing_1.py took 2.967 seconds
[2024-07-11 23:38:09,811] {processor.py:163} INFO - Started process (PID=1698) to work on /opt/airflow/dags/dag_text_processing_1.py
[2024-07-11 23:38:09,817] {processor.py:642} INFO - Processing file /opt/airflow/dags/dag_text_processing_1.py for tasks to queue
[2024-07-11 23:38:09,823] {logging_mixin.py:109} INFO - [2024-07-11 23:38:09,823] {dagbag.py:500} INFO - Filling up the DagBag from /opt/airflow/dags/dag_text_processing_1.py
[2024-07-11 23:38:13,689] {processor.py:654} INFO - DAG(s) dict_keys(['text_processing_dag_1']) retrieved from /opt/airflow/dags/dag_text_processing_1.py
[2024-07-11 23:38:13,710] {logging_mixin.py:109} INFO - [2024-07-11 23:38:13,706] {dag.py:2398} INFO - Sync 1 DAGs
[2024-07-11 23:38:13,758] {logging_mixin.py:109} INFO - [2024-07-11 23:38:13,758] {dag.py:2937} INFO - Setting next_dagrun for text_processing_dag_1 to None
[2024-07-11 23:38:13,776] {processor.py:171} INFO - Processing /opt/airflow/dags/dag_text_processing_1.py took 3.977 seconds
[2024-07-11 23:38:44,371] {processor.py:163} INFO - Started process (PID=1732) to work on /opt/airflow/dags/dag_text_processing_1.py
[2024-07-11 23:38:44,375] {processor.py:642} INFO - Processing file /opt/airflow/dags/dag_text_processing_1.py for tasks to queue
[2024-07-11 23:38:44,380] {logging_mixin.py:109} INFO - [2024-07-11 23:38:44,378] {dagbag.py:500} INFO - Filling up the DagBag from /opt/airflow/dags/dag_text_processing_1.py
[2024-07-11 23:38:46,968] {processor.py:654} INFO - DAG(s) dict_keys(['text_processing_dag_1']) retrieved from /opt/airflow/dags/dag_text_processing_1.py
[2024-07-11 23:38:46,985] {logging_mixin.py:109} INFO - [2024-07-11 23:38:46,983] {dag.py:2398} INFO - Sync 1 DAGs
[2024-07-11 23:38:47,011] {logging_mixin.py:109} INFO - [2024-07-11 23:38:47,011] {dag.py:2937} INFO - Setting next_dagrun for text_processing_dag_1 to None
[2024-07-11 23:38:47,024] {processor.py:171} INFO - Processing /opt/airflow/dags/dag_text_processing_1.py took 2.660 seconds
[2024-07-11 23:39:17,766] {processor.py:163} INFO - Started process (PID=1759) to work on /opt/airflow/dags/dag_text_processing_1.py
[2024-07-11 23:39:17,772] {processor.py:642} INFO - Processing file /opt/airflow/dags/dag_text_processing_1.py for tasks to queue
[2024-07-11 23:39:17,776] {logging_mixin.py:109} INFO - [2024-07-11 23:39:17,775] {dagbag.py:500} INFO - Filling up the DagBag from /opt/airflow/dags/dag_text_processing_1.py
[2024-07-11 23:39:20,319] {processor.py:654} INFO - DAG(s) dict_keys(['text_processing_dag_1']) retrieved from /opt/airflow/dags/dag_text_processing_1.py
[2024-07-11 23:39:20,335] {logging_mixin.py:109} INFO - [2024-07-11 23:39:20,332] {dag.py:2398} INFO - Sync 1 DAGs
[2024-07-11 23:39:20,373] {logging_mixin.py:109} INFO - [2024-07-11 23:39:20,373] {dag.py:2937} INFO - Setting next_dagrun for text_processing_dag_1 to None
[2024-07-11 23:39:20,390] {processor.py:171} INFO - Processing /opt/airflow/dags/dag_text_processing_1.py took 2.641 seconds
[2024-07-11 23:39:51,127] {processor.py:163} INFO - Started process (PID=1789) to work on /opt/airflow/dags/dag_text_processing_1.py
[2024-07-11 23:39:51,132] {processor.py:642} INFO - Processing file /opt/airflow/dags/dag_text_processing_1.py for tasks to queue
[2024-07-11 23:39:51,135] {logging_mixin.py:109} INFO - [2024-07-11 23:39:51,134] {dagbag.py:500} INFO - Filling up the DagBag from /opt/airflow/dags/dag_text_processing_1.py
[2024-07-11 23:39:53,728] {processor.py:654} INFO - DAG(s) dict_keys(['text_processing_dag_1']) retrieved from /opt/airflow/dags/dag_text_processing_1.py
[2024-07-11 23:39:53,750] {logging_mixin.py:109} INFO - [2024-07-11 23:39:53,746] {dag.py:2398} INFO - Sync 1 DAGs
[2024-07-11 23:39:53,789] {logging_mixin.py:109} INFO - [2024-07-11 23:39:53,789] {dag.py:2937} INFO - Setting next_dagrun for text_processing_dag_1 to None
[2024-07-11 23:39:53,812] {processor.py:171} INFO - Processing /opt/airflow/dags/dag_text_processing_1.py took 2.699 seconds
[2024-07-11 23:40:23,932] {processor.py:163} INFO - Started process (PID=1822) to work on /opt/airflow/dags/dag_text_processing_1.py
[2024-07-11 23:40:23,936] {processor.py:642} INFO - Processing file /opt/airflow/dags/dag_text_processing_1.py for tasks to queue
[2024-07-11 23:40:23,938] {logging_mixin.py:109} INFO - [2024-07-11 23:40:23,938] {dagbag.py:500} INFO - Filling up the DagBag from /opt/airflow/dags/dag_text_processing_1.py
[2024-07-11 23:40:26,602] {processor.py:654} INFO - DAG(s) dict_keys(['text_processing_dag_1']) retrieved from /opt/airflow/dags/dag_text_processing_1.py
[2024-07-11 23:40:26,616] {logging_mixin.py:109} INFO - [2024-07-11 23:40:26,613] {dag.py:2398} INFO - Sync 1 DAGs
[2024-07-11 23:40:26,643] {logging_mixin.py:109} INFO - [2024-07-11 23:40:26,642] {dag.py:2937} INFO - Setting next_dagrun for text_processing_dag_1 to None
[2024-07-11 23:40:26,655] {processor.py:171} INFO - Processing /opt/airflow/dags/dag_text_processing_1.py took 2.736 seconds
[2024-07-11 23:40:57,165] {processor.py:163} INFO - Started process (PID=1853) to work on /opt/airflow/dags/dag_text_processing_1.py
[2024-07-11 23:40:57,168] {processor.py:642} INFO - Processing file /opt/airflow/dags/dag_text_processing_1.py for tasks to queue
[2024-07-11 23:40:57,170] {logging_mixin.py:109} INFO - [2024-07-11 23:40:57,170] {dagbag.py:500} INFO - Filling up the DagBag from /opt/airflow/dags/dag_text_processing_1.py
[2024-07-11 23:40:59,791] {processor.py:654} INFO - DAG(s) dict_keys(['text_processing_dag_1']) retrieved from /opt/airflow/dags/dag_text_processing_1.py
[2024-07-11 23:40:59,805] {logging_mixin.py:109} INFO - [2024-07-11 23:40:59,803] {dag.py:2398} INFO - Sync 1 DAGs
[2024-07-11 23:40:59,827] {logging_mixin.py:109} INFO - [2024-07-11 23:40:59,826] {dag.py:2937} INFO - Setting next_dagrun for text_processing_dag_1 to None
[2024-07-11 23:40:59,839] {processor.py:171} INFO - Processing /opt/airflow/dags/dag_text_processing_1.py took 2.684 seconds
[2024-07-11 23:41:30,560] {processor.py:163} INFO - Started process (PID=1884) to work on /opt/airflow/dags/dag_text_processing_1.py
[2024-07-11 23:41:30,566] {processor.py:642} INFO - Processing file /opt/airflow/dags/dag_text_processing_1.py for tasks to queue
[2024-07-11 23:41:30,568] {logging_mixin.py:109} INFO - [2024-07-11 23:41:30,568] {dagbag.py:500} INFO - Filling up the DagBag from /opt/airflow/dags/dag_text_processing_1.py
[2024-07-11 23:41:33,988] {processor.py:654} INFO - DAG(s) dict_keys(['text_processing_dag_1']) retrieved from /opt/airflow/dags/dag_text_processing_1.py
[2024-07-11 23:41:34,011] {logging_mixin.py:109} INFO - [2024-07-11 23:41:34,009] {dag.py:2398} INFO - Sync 1 DAGs
[2024-07-11 23:41:34,062] {logging_mixin.py:109} INFO - [2024-07-11 23:41:34,062] {dag.py:2937} INFO - Setting next_dagrun for text_processing_dag_1 to None
[2024-07-11 23:41:34,086] {processor.py:171} INFO - Processing /opt/airflow/dags/dag_text_processing_1.py took 3.542 seconds
[2024-07-11 23:42:04,597] {processor.py:163} INFO - Started process (PID=1923) to work on /opt/airflow/dags/dag_text_processing_1.py
[2024-07-11 23:42:04,599] {processor.py:642} INFO - Processing file /opt/airflow/dags/dag_text_processing_1.py for tasks to queue
[2024-07-11 23:42:04,599] {logging_mixin.py:109} INFO - [2024-07-11 23:42:04,599] {dagbag.py:500} INFO - Filling up the DagBag from /opt/airflow/dags/dag_text_processing_1.py
[2024-07-11 23:42:05,968] {processor.py:654} INFO - DAG(s) dict_keys(['text_processing_dag_1']) retrieved from /opt/airflow/dags/dag_text_processing_1.py
[2024-07-11 23:42:05,979] {logging_mixin.py:109} INFO - [2024-07-11 23:42:05,978] {dag.py:2398} INFO - Sync 1 DAGs
[2024-07-11 23:42:05,997] {logging_mixin.py:109} INFO - [2024-07-11 23:42:05,997] {dag.py:2937} INFO - Setting next_dagrun for text_processing_dag_1 to None
[2024-07-11 23:42:06,006] {processor.py:171} INFO - Processing /opt/airflow/dags/dag_text_processing_1.py took 1.411 seconds
[2024-07-11 23:42:36,385] {processor.py:163} INFO - Started process (PID=1959) to work on /opt/airflow/dags/dag_text_processing_1.py
[2024-07-11 23:42:36,387] {processor.py:642} INFO - Processing file /opt/airflow/dags/dag_text_processing_1.py for tasks to queue
[2024-07-11 23:42:36,388] {logging_mixin.py:109} INFO - [2024-07-11 23:42:36,387] {dagbag.py:500} INFO - Filling up the DagBag from /opt/airflow/dags/dag_text_processing_1.py
[2024-07-11 23:42:37,970] {processor.py:654} INFO - DAG(s) dict_keys(['text_processing_dag_1']) retrieved from /opt/airflow/dags/dag_text_processing_1.py
[2024-07-11 23:42:37,979] {logging_mixin.py:109} INFO - [2024-07-11 23:42:37,978] {dag.py:2398} INFO - Sync 1 DAGs
[2024-07-11 23:42:37,996] {logging_mixin.py:109} INFO - [2024-07-11 23:42:37,995] {dag.py:2937} INFO - Setting next_dagrun for text_processing_dag_1 to None
[2024-07-11 23:42:38,006] {processor.py:171} INFO - Processing /opt/airflow/dags/dag_text_processing_1.py took 1.625 seconds
[2024-07-11 23:43:08,271] {processor.py:163} INFO - Started process (PID=1987) to work on /opt/airflow/dags/dag_text_processing_1.py
[2024-07-11 23:43:08,278] {processor.py:642} INFO - Processing file /opt/airflow/dags/dag_text_processing_1.py for tasks to queue
[2024-07-11 23:43:08,279] {logging_mixin.py:109} INFO - [2024-07-11 23:43:08,279] {dagbag.py:500} INFO - Filling up the DagBag from /opt/airflow/dags/dag_text_processing_1.py
[2024-07-11 23:43:09,663] {processor.py:654} INFO - DAG(s) dict_keys(['text_processing_dag_1']) retrieved from /opt/airflow/dags/dag_text_processing_1.py
[2024-07-11 23:43:09,678] {logging_mixin.py:109} INFO - [2024-07-11 23:43:09,675] {dag.py:2398} INFO - Sync 1 DAGs
[2024-07-11 23:43:09,702] {logging_mixin.py:109} INFO - [2024-07-11 23:43:09,702] {dag.py:2937} INFO - Setting next_dagrun for text_processing_dag_1 to None
[2024-07-11 23:43:09,713] {processor.py:171} INFO - Processing /opt/airflow/dags/dag_text_processing_1.py took 1.454 seconds
[2024-07-11 23:43:39,985] {processor.py:163} INFO - Started process (PID=2017) to work on /opt/airflow/dags/dag_text_processing_1.py
[2024-07-11 23:43:39,987] {processor.py:642} INFO - Processing file /opt/airflow/dags/dag_text_processing_1.py for tasks to queue
[2024-07-11 23:43:39,987] {logging_mixin.py:109} INFO - [2024-07-11 23:43:39,987] {dagbag.py:500} INFO - Filling up the DagBag from /opt/airflow/dags/dag_text_processing_1.py
[2024-07-11 23:43:41,303] {processor.py:654} INFO - DAG(s) dict_keys(['text_processing_dag_1']) retrieved from /opt/airflow/dags/dag_text_processing_1.py
[2024-07-11 23:43:41,313] {logging_mixin.py:109} INFO - [2024-07-11 23:43:41,311] {dag.py:2398} INFO - Sync 1 DAGs
[2024-07-11 23:43:41,329] {logging_mixin.py:109} INFO - [2024-07-11 23:43:41,329] {dag.py:2937} INFO - Setting next_dagrun for text_processing_dag_1 to None
[2024-07-11 23:43:41,338] {processor.py:171} INFO - Processing /opt/airflow/dags/dag_text_processing_1.py took 1.357 seconds
[2024-07-11 23:44:11,585] {processor.py:163} INFO - Started process (PID=2048) to work on /opt/airflow/dags/dag_text_processing_1.py
[2024-07-11 23:44:11,586] {processor.py:642} INFO - Processing file /opt/airflow/dags/dag_text_processing_1.py for tasks to queue
[2024-07-11 23:44:11,587] {logging_mixin.py:109} INFO - [2024-07-11 23:44:11,587] {dagbag.py:500} INFO - Filling up the DagBag from /opt/airflow/dags/dag_text_processing_1.py
[2024-07-11 23:44:13,021] {processor.py:654} INFO - DAG(s) dict_keys(['text_processing_dag_1']) retrieved from /opt/airflow/dags/dag_text_processing_1.py
[2024-07-11 23:44:13,031] {logging_mixin.py:109} INFO - [2024-07-11 23:44:13,029] {dag.py:2398} INFO - Sync 1 DAGs
[2024-07-11 23:44:13,048] {logging_mixin.py:109} INFO - [2024-07-11 23:44:13,048] {dag.py:2937} INFO - Setting next_dagrun for text_processing_dag_1 to None
[2024-07-11 23:44:13,057] {processor.py:171} INFO - Processing /opt/airflow/dags/dag_text_processing_1.py took 1.475 seconds
[2024-07-11 23:44:43,336] {processor.py:163} INFO - Started process (PID=2078) to work on /opt/airflow/dags/dag_text_processing_1.py
[2024-07-11 23:44:43,337] {processor.py:642} INFO - Processing file /opt/airflow/dags/dag_text_processing_1.py for tasks to queue
[2024-07-11 23:44:43,338] {logging_mixin.py:109} INFO - [2024-07-11 23:44:43,338] {dagbag.py:500} INFO - Filling up the DagBag from /opt/airflow/dags/dag_text_processing_1.py
[2024-07-11 23:44:46,476] {processor.py:654} INFO - DAG(s) dict_keys(['text_processing_dag_1']) retrieved from /opt/airflow/dags/dag_text_processing_1.py
[2024-07-11 23:44:46,494] {logging_mixin.py:109} INFO - [2024-07-11 23:44:46,493] {dag.py:2398} INFO - Sync 1 DAGs
[2024-07-11 23:44:46,524] {logging_mixin.py:109} INFO - [2024-07-11 23:44:46,524] {dag.py:2937} INFO - Setting next_dagrun for text_processing_dag_1 to None
[2024-07-11 23:44:46,552] {processor.py:171} INFO - Processing /opt/airflow/dags/dag_text_processing_1.py took 3.220 seconds
[2024-07-11 23:45:16,878] {processor.py:163} INFO - Started process (PID=2111) to work on /opt/airflow/dags/dag_text_processing_1.py
[2024-07-11 23:45:16,879] {processor.py:642} INFO - Processing file /opt/airflow/dags/dag_text_processing_1.py for tasks to queue
[2024-07-11 23:45:16,880] {logging_mixin.py:109} INFO - [2024-07-11 23:45:16,880] {dagbag.py:500} INFO - Filling up the DagBag from /opt/airflow/dags/dag_text_processing_1.py
[2024-07-11 23:45:18,274] {processor.py:654} INFO - DAG(s) dict_keys(['text_processing_dag_1']) retrieved from /opt/airflow/dags/dag_text_processing_1.py
[2024-07-11 23:45:18,284] {logging_mixin.py:109} INFO - [2024-07-11 23:45:18,283] {dag.py:2398} INFO - Sync 1 DAGs
[2024-07-11 23:45:18,300] {logging_mixin.py:109} INFO - [2024-07-11 23:45:18,300] {dag.py:2937} INFO - Setting next_dagrun for text_processing_dag_1 to None
[2024-07-11 23:45:18,310] {processor.py:171} INFO - Processing /opt/airflow/dags/dag_text_processing_1.py took 1.436 seconds
[2024-07-11 23:45:48,589] {processor.py:163} INFO - Started process (PID=2141) to work on /opt/airflow/dags/dag_text_processing_1.py
[2024-07-11 23:45:48,591] {processor.py:642} INFO - Processing file /opt/airflow/dags/dag_text_processing_1.py for tasks to queue
[2024-07-11 23:45:48,591] {logging_mixin.py:109} INFO - [2024-07-11 23:45:48,591] {dagbag.py:500} INFO - Filling up the DagBag from /opt/airflow/dags/dag_text_processing_1.py
[2024-07-11 23:45:49,873] {processor.py:654} INFO - DAG(s) dict_keys(['text_processing_dag_1']) retrieved from /opt/airflow/dags/dag_text_processing_1.py
[2024-07-11 23:45:49,882] {logging_mixin.py:109} INFO - [2024-07-11 23:45:49,881] {dag.py:2398} INFO - Sync 1 DAGs
[2024-07-11 23:45:49,898] {logging_mixin.py:109} INFO - [2024-07-11 23:45:49,898] {dag.py:2937} INFO - Setting next_dagrun for text_processing_dag_1 to None
[2024-07-11 23:45:49,909] {processor.py:171} INFO - Processing /opt/airflow/dags/dag_text_processing_1.py took 1.324 seconds
[2024-07-11 23:46:20,163] {processor.py:163} INFO - Started process (PID=2172) to work on /opt/airflow/dags/dag_text_processing_1.py
[2024-07-11 23:46:20,165] {processor.py:642} INFO - Processing file /opt/airflow/dags/dag_text_processing_1.py for tasks to queue
[2024-07-11 23:46:20,165] {logging_mixin.py:109} INFO - [2024-07-11 23:46:20,165] {dagbag.py:500} INFO - Filling up the DagBag from /opt/airflow/dags/dag_text_processing_1.py
[2024-07-11 23:46:21,989] {processor.py:654} INFO - DAG(s) dict_keys(['text_processing_dag_1']) retrieved from /opt/airflow/dags/dag_text_processing_1.py
[2024-07-11 23:46:21,997] {logging_mixin.py:109} INFO - [2024-07-11 23:46:21,996] {dag.py:2398} INFO - Sync 1 DAGs
[2024-07-11 23:46:22,014] {logging_mixin.py:109} INFO - [2024-07-11 23:46:22,014] {dag.py:2937} INFO - Setting next_dagrun for text_processing_dag_1 to None
[2024-07-11 23:46:22,023] {processor.py:171} INFO - Processing /opt/airflow/dags/dag_text_processing_1.py took 1.864 seconds
[2024-07-11 23:46:52,327] {processor.py:163} INFO - Started process (PID=2203) to work on /opt/airflow/dags/dag_text_processing_1.py
[2024-07-11 23:46:52,328] {processor.py:642} INFO - Processing file /opt/airflow/dags/dag_text_processing_1.py for tasks to queue
[2024-07-11 23:46:52,328] {logging_mixin.py:109} INFO - [2024-07-11 23:46:52,328] {dagbag.py:500} INFO - Filling up the DagBag from /opt/airflow/dags/dag_text_processing_1.py
[2024-07-11 23:46:53,663] {processor.py:654} INFO - DAG(s) dict_keys(['text_processing_dag_1']) retrieved from /opt/airflow/dags/dag_text_processing_1.py
[2024-07-11 23:46:53,672] {logging_mixin.py:109} INFO - [2024-07-11 23:46:53,671] {dag.py:2398} INFO - Sync 1 DAGs
[2024-07-11 23:46:53,688] {logging_mixin.py:109} INFO - [2024-07-11 23:46:53,688] {dag.py:2937} INFO - Setting next_dagrun for text_processing_dag_1 to None
[2024-07-11 23:46:53,697] {processor.py:171} INFO - Processing /opt/airflow/dags/dag_text_processing_1.py took 1.373 seconds
[2024-07-11 23:47:23,981] {processor.py:163} INFO - Started process (PID=2235) to work on /opt/airflow/dags/dag_text_processing_1.py
[2024-07-11 23:47:23,986] {processor.py:642} INFO - Processing file /opt/airflow/dags/dag_text_processing_1.py for tasks to queue
[2024-07-11 23:47:23,987] {logging_mixin.py:109} INFO - [2024-07-11 23:47:23,987] {dagbag.py:500} INFO - Filling up the DagBag from /opt/airflow/dags/dag_text_processing_1.py
[2024-07-11 23:47:25,315] {processor.py:654} INFO - DAG(s) dict_keys(['text_processing_dag_1']) retrieved from /opt/airflow/dags/dag_text_processing_1.py
[2024-07-11 23:47:25,326] {logging_mixin.py:109} INFO - [2024-07-11 23:47:25,324] {dag.py:2398} INFO - Sync 1 DAGs
[2024-07-11 23:47:25,341] {logging_mixin.py:109} INFO - [2024-07-11 23:47:25,341] {dag.py:2937} INFO - Setting next_dagrun for text_processing_dag_1 to None
[2024-07-11 23:47:25,352] {processor.py:171} INFO - Processing /opt/airflow/dags/dag_text_processing_1.py took 1.376 seconds
[2024-07-11 23:47:55,639] {processor.py:163} INFO - Started process (PID=2265) to work on /opt/airflow/dags/dag_text_processing_1.py
[2024-07-11 23:47:55,640] {processor.py:642} INFO - Processing file /opt/airflow/dags/dag_text_processing_1.py for tasks to queue
[2024-07-11 23:47:55,640] {logging_mixin.py:109} INFO - [2024-07-11 23:47:55,640] {dagbag.py:500} INFO - Filling up the DagBag from /opt/airflow/dags/dag_text_processing_1.py
[2024-07-11 23:47:56,996] {processor.py:654} INFO - DAG(s) dict_keys(['text_processing_dag_1']) retrieved from /opt/airflow/dags/dag_text_processing_1.py
[2024-07-11 23:47:57,007] {logging_mixin.py:109} INFO - [2024-07-11 23:47:57,006] {dag.py:2398} INFO - Sync 1 DAGs
[2024-07-11 23:47:57,024] {logging_mixin.py:109} INFO - [2024-07-11 23:47:57,024] {dag.py:2937} INFO - Setting next_dagrun for text_processing_dag_1 to None
[2024-07-11 23:47:57,036] {processor.py:171} INFO - Processing /opt/airflow/dags/dag_text_processing_1.py took 1.400 seconds
[2024-07-11 23:48:27,286] {processor.py:163} INFO - Started process (PID=2296) to work on /opt/airflow/dags/dag_text_processing_1.py
[2024-07-11 23:48:27,288] {processor.py:642} INFO - Processing file /opt/airflow/dags/dag_text_processing_1.py for tasks to queue
[2024-07-11 23:48:27,289] {logging_mixin.py:109} INFO - [2024-07-11 23:48:27,288] {dagbag.py:500} INFO - Filling up the DagBag from /opt/airflow/dags/dag_text_processing_1.py
[2024-07-11 23:48:28,604] {processor.py:654} INFO - DAG(s) dict_keys(['text_processing_dag_1']) retrieved from /opt/airflow/dags/dag_text_processing_1.py
[2024-07-11 23:48:28,614] {logging_mixin.py:109} INFO - [2024-07-11 23:48:28,613] {dag.py:2398} INFO - Sync 1 DAGs
[2024-07-11 23:48:28,630] {logging_mixin.py:109} INFO - [2024-07-11 23:48:28,630] {dag.py:2937} INFO - Setting next_dagrun for text_processing_dag_1 to None
[2024-07-11 23:48:28,639] {processor.py:171} INFO - Processing /opt/airflow/dags/dag_text_processing_1.py took 1.355 seconds
[2024-07-11 23:48:58,893] {processor.py:163} INFO - Started process (PID=2328) to work on /opt/airflow/dags/dag_text_processing_1.py
[2024-07-11 23:48:58,895] {processor.py:642} INFO - Processing file /opt/airflow/dags/dag_text_processing_1.py for tasks to queue
[2024-07-11 23:48:58,895] {logging_mixin.py:109} INFO - [2024-07-11 23:48:58,895] {dagbag.py:500} INFO - Filling up the DagBag from /opt/airflow/dags/dag_text_processing_1.py
[2024-07-11 23:49:00,303] {processor.py:654} INFO - DAG(s) dict_keys(['text_processing_dag_1']) retrieved from /opt/airflow/dags/dag_text_processing_1.py
[2024-07-11 23:49:00,312] {logging_mixin.py:109} INFO - [2024-07-11 23:49:00,310] {dag.py:2398} INFO - Sync 1 DAGs
[2024-07-11 23:49:00,328] {logging_mixin.py:109} INFO - [2024-07-11 23:49:00,328] {dag.py:2937} INFO - Setting next_dagrun for text_processing_dag_1 to None
[2024-07-11 23:49:00,336] {processor.py:171} INFO - Processing /opt/airflow/dags/dag_text_processing_1.py took 1.447 seconds
[2024-07-11 23:49:30,607] {processor.py:163} INFO - Started process (PID=2372) to work on /opt/airflow/dags/dag_text_processing_1.py
[2024-07-11 23:49:30,609] {processor.py:642} INFO - Processing file /opt/airflow/dags/dag_text_processing_1.py for tasks to queue
[2024-07-11 23:49:30,613] {logging_mixin.py:109} INFO - [2024-07-11 23:49:30,612] {dagbag.py:500} INFO - Filling up the DagBag from /opt/airflow/dags/dag_text_processing_1.py
[2024-07-11 23:49:32,293] {processor.py:654} INFO - DAG(s) dict_keys(['text_processing_dag_1']) retrieved from /opt/airflow/dags/dag_text_processing_1.py
[2024-07-11 23:49:32,302] {logging_mixin.py:109} INFO - [2024-07-11 23:49:32,300] {dag.py:2398} INFO - Sync 1 DAGs
[2024-07-11 23:49:32,319] {logging_mixin.py:109} INFO - [2024-07-11 23:49:32,319] {dag.py:2937} INFO - Setting next_dagrun for text_processing_dag_1 to None
[2024-07-11 23:49:32,327] {processor.py:171} INFO - Processing /opt/airflow/dags/dag_text_processing_1.py took 1.724 seconds
[2024-07-11 23:50:02,643] {processor.py:163} INFO - Started process (PID=2403) to work on /opt/airflow/dags/dag_text_processing_1.py
[2024-07-11 23:50:02,645] {processor.py:642} INFO - Processing file /opt/airflow/dags/dag_text_processing_1.py for tasks to queue
[2024-07-11 23:50:02,646] {logging_mixin.py:109} INFO - [2024-07-11 23:50:02,646] {dagbag.py:500} INFO - Filling up the DagBag from /opt/airflow/dags/dag_text_processing_1.py
[2024-07-11 23:50:04,225] {processor.py:654} INFO - DAG(s) dict_keys(['text_processing_dag_1']) retrieved from /opt/airflow/dags/dag_text_processing_1.py
[2024-07-11 23:50:04,241] {logging_mixin.py:109} INFO - [2024-07-11 23:50:04,240] {dag.py:2398} INFO - Sync 1 DAGs
[2024-07-11 23:50:04,263] {logging_mixin.py:109} INFO - [2024-07-11 23:50:04,263] {dag.py:2937} INFO - Setting next_dagrun for text_processing_dag_1 to None
[2024-07-11 23:50:04,276] {processor.py:171} INFO - Processing /opt/airflow/dags/dag_text_processing_1.py took 1.636 seconds
[2024-07-11 23:50:34,551] {processor.py:163} INFO - Started process (PID=2435) to work on /opt/airflow/dags/dag_text_processing_1.py
[2024-07-11 23:50:34,554] {processor.py:642} INFO - Processing file /opt/airflow/dags/dag_text_processing_1.py for tasks to queue
[2024-07-11 23:50:34,555] {logging_mixin.py:109} INFO - [2024-07-11 23:50:34,555] {dagbag.py:500} INFO - Filling up the DagBag from /opt/airflow/dags/dag_text_processing_1.py
[2024-07-11 23:50:35,946] {processor.py:654} INFO - DAG(s) dict_keys(['text_processing_dag_1']) retrieved from /opt/airflow/dags/dag_text_processing_1.py
[2024-07-11 23:50:35,956] {logging_mixin.py:109} INFO - [2024-07-11 23:50:35,954] {dag.py:2398} INFO - Sync 1 DAGs
[2024-07-11 23:50:35,970] {logging_mixin.py:109} INFO - [2024-07-11 23:50:35,970] {dag.py:2937} INFO - Setting next_dagrun for text_processing_dag_1 to None
[2024-07-11 23:50:35,979] {processor.py:171} INFO - Processing /opt/airflow/dags/dag_text_processing_1.py took 1.432 seconds
[2024-07-11 23:51:06,230] {processor.py:163} INFO - Started process (PID=2465) to work on /opt/airflow/dags/dag_text_processing_1.py
[2024-07-11 23:51:06,231] {processor.py:642} INFO - Processing file /opt/airflow/dags/dag_text_processing_1.py for tasks to queue
[2024-07-11 23:51:06,232] {logging_mixin.py:109} INFO - [2024-07-11 23:51:06,232] {dagbag.py:500} INFO - Filling up the DagBag from /opt/airflow/dags/dag_text_processing_1.py
[2024-07-11 23:51:07,579] {processor.py:654} INFO - DAG(s) dict_keys(['text_processing_dag_1']) retrieved from /opt/airflow/dags/dag_text_processing_1.py
[2024-07-11 23:51:07,589] {logging_mixin.py:109} INFO - [2024-07-11 23:51:07,588] {dag.py:2398} INFO - Sync 1 DAGs
[2024-07-11 23:51:07,606] {logging_mixin.py:109} INFO - [2024-07-11 23:51:07,606] {dag.py:2937} INFO - Setting next_dagrun for text_processing_dag_1 to None
[2024-07-11 23:51:07,621] {processor.py:171} INFO - Processing /opt/airflow/dags/dag_text_processing_1.py took 1.397 seconds
[2024-07-11 23:51:37,926] {processor.py:163} INFO - Started process (PID=2496) to work on /opt/airflow/dags/dag_text_processing_1.py
[2024-07-11 23:51:37,928] {processor.py:642} INFO - Processing file /opt/airflow/dags/dag_text_processing_1.py for tasks to queue
[2024-07-11 23:51:37,928] {logging_mixin.py:109} INFO - [2024-07-11 23:51:37,928] {dagbag.py:500} INFO - Filling up the DagBag from /opt/airflow/dags/dag_text_processing_1.py
[2024-07-11 23:51:39,303] {processor.py:654} INFO - DAG(s) dict_keys(['text_processing_dag_1']) retrieved from /opt/airflow/dags/dag_text_processing_1.py
[2024-07-11 23:51:39,311] {logging_mixin.py:109} INFO - [2024-07-11 23:51:39,310] {dag.py:2398} INFO - Sync 1 DAGs
[2024-07-11 23:51:39,326] {logging_mixin.py:109} INFO - [2024-07-11 23:51:39,326] {dag.py:2937} INFO - Setting next_dagrun for text_processing_dag_1 to None
[2024-07-11 23:51:39,334] {processor.py:171} INFO - Processing /opt/airflow/dags/dag_text_processing_1.py took 1.410 seconds
[2024-07-11 23:52:09,598] {processor.py:163} INFO - Started process (PID=2528) to work on /opt/airflow/dags/dag_text_processing_1.py
[2024-07-11 23:52:09,599] {processor.py:642} INFO - Processing file /opt/airflow/dags/dag_text_processing_1.py for tasks to queue
[2024-07-11 23:52:09,601] {logging_mixin.py:109} INFO - [2024-07-11 23:52:09,600] {dagbag.py:500} INFO - Filling up the DagBag from /opt/airflow/dags/dag_text_processing_1.py
[2024-07-11 23:52:10,933] {processor.py:654} INFO - DAG(s) dict_keys(['text_processing_dag_1']) retrieved from /opt/airflow/dags/dag_text_processing_1.py
[2024-07-11 23:52:10,943] {logging_mixin.py:109} INFO - [2024-07-11 23:52:10,942] {dag.py:2398} INFO - Sync 1 DAGs
[2024-07-11 23:52:10,958] {logging_mixin.py:109} INFO - [2024-07-11 23:52:10,958] {dag.py:2937} INFO - Setting next_dagrun for text_processing_dag_1 to None
[2024-07-11 23:52:10,968] {processor.py:171} INFO - Processing /opt/airflow/dags/dag_text_processing_1.py took 1.373 seconds
[2024-07-11 23:52:41,256] {processor.py:163} INFO - Started process (PID=2558) to work on /opt/airflow/dags/dag_text_processing_1.py
[2024-07-11 23:52:41,258] {processor.py:642} INFO - Processing file /opt/airflow/dags/dag_text_processing_1.py for tasks to queue
[2024-07-11 23:52:41,258] {logging_mixin.py:109} INFO - [2024-07-11 23:52:41,258] {dagbag.py:500} INFO - Filling up the DagBag from /opt/airflow/dags/dag_text_processing_1.py
[2024-07-11 23:52:42,680] {processor.py:654} INFO - DAG(s) dict_keys(['text_processing_dag_1']) retrieved from /opt/airflow/dags/dag_text_processing_1.py
[2024-07-11 23:52:42,689] {logging_mixin.py:109} INFO - [2024-07-11 23:52:42,688] {dag.py:2398} INFO - Sync 1 DAGs
[2024-07-11 23:52:42,704] {logging_mixin.py:109} INFO - [2024-07-11 23:52:42,704] {dag.py:2937} INFO - Setting next_dagrun for text_processing_dag_1 to None
[2024-07-11 23:52:42,713] {processor.py:171} INFO - Processing /opt/airflow/dags/dag_text_processing_1.py took 1.461 seconds
[2024-07-11 23:53:12,998] {processor.py:163} INFO - Started process (PID=2589) to work on /opt/airflow/dags/dag_text_processing_1.py
[2024-07-11 23:53:12,999] {processor.py:642} INFO - Processing file /opt/airflow/dags/dag_text_processing_1.py for tasks to queue
[2024-07-11 23:53:13,000] {logging_mixin.py:109} INFO - [2024-07-11 23:53:12,999] {dagbag.py:500} INFO - Filling up the DagBag from /opt/airflow/dags/dag_text_processing_1.py
[2024-07-11 23:53:14,297] {processor.py:654} INFO - DAG(s) dict_keys(['text_processing_dag_1']) retrieved from /opt/airflow/dags/dag_text_processing_1.py
[2024-07-11 23:53:14,322] {logging_mixin.py:109} INFO - [2024-07-11 23:53:14,320] {dag.py:2398} INFO - Sync 1 DAGs
[2024-07-11 23:53:14,349] {logging_mixin.py:109} INFO - [2024-07-11 23:53:14,348] {dag.py:2937} INFO - Setting next_dagrun for text_processing_dag_1 to None
[2024-07-11 23:53:14,382] {processor.py:171} INFO - Processing /opt/airflow/dags/dag_text_processing_1.py took 1.387 seconds
[2024-07-11 23:53:44,708] {processor.py:163} INFO - Started process (PID=2620) to work on /opt/airflow/dags/dag_text_processing_1.py
[2024-07-11 23:53:44,714] {processor.py:642} INFO - Processing file /opt/airflow/dags/dag_text_processing_1.py for tasks to queue
[2024-07-11 23:53:44,715] {logging_mixin.py:109} INFO - [2024-07-11 23:53:44,714] {dagbag.py:500} INFO - Filling up the DagBag from /opt/airflow/dags/dag_text_processing_1.py
[2024-07-11 23:53:46,031] {processor.py:654} INFO - DAG(s) dict_keys(['text_processing_dag_1']) retrieved from /opt/airflow/dags/dag_text_processing_1.py
[2024-07-11 23:53:46,040] {logging_mixin.py:109} INFO - [2024-07-11 23:53:46,038] {dag.py:2398} INFO - Sync 1 DAGs
[2024-07-11 23:53:46,056] {logging_mixin.py:109} INFO - [2024-07-11 23:53:46,056] {dag.py:2937} INFO - Setting next_dagrun for text_processing_dag_1 to None
[2024-07-11 23:53:46,064] {processor.py:171} INFO - Processing /opt/airflow/dags/dag_text_processing_1.py took 1.361 seconds
[2024-07-11 23:54:16,336] {processor.py:163} INFO - Started process (PID=2652) to work on /opt/airflow/dags/dag_text_processing_1.py
[2024-07-11 23:54:16,338] {processor.py:642} INFO - Processing file /opt/airflow/dags/dag_text_processing_1.py for tasks to queue
[2024-07-11 23:54:16,338] {logging_mixin.py:109} INFO - [2024-07-11 23:54:16,338] {dagbag.py:500} INFO - Filling up the DagBag from /opt/airflow/dags/dag_text_processing_1.py
[2024-07-11 23:54:17,805] {processor.py:654} INFO - DAG(s) dict_keys(['text_processing_dag_1']) retrieved from /opt/airflow/dags/dag_text_processing_1.py
[2024-07-11 23:54:17,817] {logging_mixin.py:109} INFO - [2024-07-11 23:54:17,815] {dag.py:2398} INFO - Sync 1 DAGs
[2024-07-11 23:54:17,834] {logging_mixin.py:109} INFO - [2024-07-11 23:54:17,834] {dag.py:2937} INFO - Setting next_dagrun for text_processing_dag_1 to None
[2024-07-11 23:54:17,843] {processor.py:171} INFO - Processing /opt/airflow/dags/dag_text_processing_1.py took 1.510 seconds
[2024-07-11 23:54:48,129] {processor.py:163} INFO - Started process (PID=2683) to work on /opt/airflow/dags/dag_text_processing_1.py
[2024-07-11 23:54:48,130] {processor.py:642} INFO - Processing file /opt/airflow/dags/dag_text_processing_1.py for tasks to queue
[2024-07-11 23:54:48,131] {logging_mixin.py:109} INFO - [2024-07-11 23:54:48,131] {dagbag.py:500} INFO - Filling up the DagBag from /opt/airflow/dags/dag_text_processing_1.py
[2024-07-11 23:54:49,686] {processor.py:654} INFO - DAG(s) dict_keys(['text_processing_dag_1']) retrieved from /opt/airflow/dags/dag_text_processing_1.py
[2024-07-11 23:54:49,697] {logging_mixin.py:109} INFO - [2024-07-11 23:54:49,695] {dag.py:2398} INFO - Sync 1 DAGs
[2024-07-11 23:54:49,713] {logging_mixin.py:109} INFO - [2024-07-11 23:54:49,713] {dag.py:2937} INFO - Setting next_dagrun for text_processing_dag_1 to None
[2024-07-11 23:54:49,722] {processor.py:171} INFO - Processing /opt/airflow/dags/dag_text_processing_1.py took 1.597 seconds
[2024-07-11 23:55:19,970] {processor.py:163} INFO - Started process (PID=2714) to work on /opt/airflow/dags/dag_text_processing_1.py
[2024-07-11 23:55:19,971] {processor.py:642} INFO - Processing file /opt/airflow/dags/dag_text_processing_1.py for tasks to queue
[2024-07-11 23:55:19,971] {logging_mixin.py:109} INFO - [2024-07-11 23:55:19,971] {dagbag.py:500} INFO - Filling up the DagBag from /opt/airflow/dags/dag_text_processing_1.py
[2024-07-11 23:55:21,369] {processor.py:654} INFO - DAG(s) dict_keys(['text_processing_dag_1']) retrieved from /opt/airflow/dags/dag_text_processing_1.py
[2024-07-11 23:55:21,379] {logging_mixin.py:109} INFO - [2024-07-11 23:55:21,377] {dag.py:2398} INFO - Sync 1 DAGs
[2024-07-11 23:55:21,396] {logging_mixin.py:109} INFO - [2024-07-11 23:55:21,396] {dag.py:2937} INFO - Setting next_dagrun for text_processing_dag_1 to None
[2024-07-11 23:55:21,407] {processor.py:171} INFO - Processing /opt/airflow/dags/dag_text_processing_1.py took 1.441 seconds
[2024-07-11 23:55:51,680] {processor.py:163} INFO - Started process (PID=2745) to work on /opt/airflow/dags/dag_text_processing_1.py
[2024-07-11 23:55:51,684] {processor.py:642} INFO - Processing file /opt/airflow/dags/dag_text_processing_1.py for tasks to queue
[2024-07-11 23:55:51,686] {logging_mixin.py:109} INFO - [2024-07-11 23:55:51,685] {dagbag.py:500} INFO - Filling up the DagBag from /opt/airflow/dags/dag_text_processing_1.py
[2024-07-11 23:55:53,235] {processor.py:654} INFO - DAG(s) dict_keys(['text_processing_dag_1']) retrieved from /opt/airflow/dags/dag_text_processing_1.py
[2024-07-11 23:55:53,245] {logging_mixin.py:109} INFO - [2024-07-11 23:55:53,244] {dag.py:2398} INFO - Sync 1 DAGs
[2024-07-11 23:55:53,261] {logging_mixin.py:109} INFO - [2024-07-11 23:55:53,260] {dag.py:2937} INFO - Setting next_dagrun for text_processing_dag_1 to None
[2024-07-11 23:55:53,269] {processor.py:171} INFO - Processing /opt/airflow/dags/dag_text_processing_1.py took 1.594 seconds
[2024-07-11 23:56:23,710] {processor.py:163} INFO - Started process (PID=2784) to work on /opt/airflow/dags/dag_text_processing_1.py
[2024-07-11 23:56:23,712] {processor.py:642} INFO - Processing file /opt/airflow/dags/dag_text_processing_1.py for tasks to queue
[2024-07-11 23:56:23,712] {logging_mixin.py:109} INFO - [2024-07-11 23:56:23,712] {dagbag.py:500} INFO - Filling up the DagBag from /opt/airflow/dags/dag_text_processing_1.py
[2024-07-11 23:56:25,227] {processor.py:654} INFO - DAG(s) dict_keys(['text_processing_dag_1']) retrieved from /opt/airflow/dags/dag_text_processing_1.py
[2024-07-11 23:56:25,237] {logging_mixin.py:109} INFO - [2024-07-11 23:56:25,236] {dag.py:2398} INFO - Sync 1 DAGs
[2024-07-11 23:56:25,255] {logging_mixin.py:109} INFO - [2024-07-11 23:56:25,255] {dag.py:2937} INFO - Setting next_dagrun for text_processing_dag_1 to None
[2024-07-11 23:56:25,269] {processor.py:171} INFO - Processing /opt/airflow/dags/dag_text_processing_1.py took 1.562 seconds
[2024-07-11 23:56:55,629] {processor.py:163} INFO - Started process (PID=2820) to work on /opt/airflow/dags/dag_text_processing_1.py
[2024-07-11 23:56:55,630] {processor.py:642} INFO - Processing file /opt/airflow/dags/dag_text_processing_1.py for tasks to queue
[2024-07-11 23:56:55,631] {logging_mixin.py:109} INFO - [2024-07-11 23:56:55,631] {dagbag.py:500} INFO - Filling up the DagBag from /opt/airflow/dags/dag_text_processing_1.py
[2024-07-11 23:56:56,980] {processor.py:654} INFO - DAG(s) dict_keys(['text_processing_dag_1']) retrieved from /opt/airflow/dags/dag_text_processing_1.py
[2024-07-11 23:56:56,989] {logging_mixin.py:109} INFO - [2024-07-11 23:56:56,987] {dag.py:2398} INFO - Sync 1 DAGs
[2024-07-11 23:56:57,005] {logging_mixin.py:109} INFO - [2024-07-11 23:56:57,005] {dag.py:2937} INFO - Setting next_dagrun for text_processing_dag_1 to None
[2024-07-11 23:56:57,014] {processor.py:171} INFO - Processing /opt/airflow/dags/dag_text_processing_1.py took 1.388 seconds
[2024-07-11 23:57:27,255] {processor.py:163} INFO - Started process (PID=2848) to work on /opt/airflow/dags/dag_text_processing_1.py
[2024-07-11 23:57:27,266] {processor.py:642} INFO - Processing file /opt/airflow/dags/dag_text_processing_1.py for tasks to queue
[2024-07-11 23:57:27,266] {logging_mixin.py:109} INFO - [2024-07-11 23:57:27,266] {dagbag.py:500} INFO - Filling up the DagBag from /opt/airflow/dags/dag_text_processing_1.py
[2024-07-11 23:57:28,880] {processor.py:654} INFO - DAG(s) dict_keys(['text_processing_dag_1']) retrieved from /opt/airflow/dags/dag_text_processing_1.py
[2024-07-11 23:57:28,889] {logging_mixin.py:109} INFO - [2024-07-11 23:57:28,888] {dag.py:2398} INFO - Sync 1 DAGs
[2024-07-11 23:57:28,906] {logging_mixin.py:109} INFO - [2024-07-11 23:57:28,906] {dag.py:2937} INFO - Setting next_dagrun for text_processing_dag_1 to None
[2024-07-11 23:57:28,915] {processor.py:171} INFO - Processing /opt/airflow/dags/dag_text_processing_1.py took 1.663 seconds
[2024-07-11 23:57:59,178] {processor.py:163} INFO - Started process (PID=2878) to work on /opt/airflow/dags/dag_text_processing_1.py
[2024-07-11 23:57:59,180] {processor.py:642} INFO - Processing file /opt/airflow/dags/dag_text_processing_1.py for tasks to queue
[2024-07-11 23:57:59,181] {logging_mixin.py:109} INFO - [2024-07-11 23:57:59,180] {dagbag.py:500} INFO - Filling up the DagBag from /opt/airflow/dags/dag_text_processing_1.py
[2024-07-11 23:58:00,553] {processor.py:654} INFO - DAG(s) dict_keys(['text_processing_dag_1']) retrieved from /opt/airflow/dags/dag_text_processing_1.py
[2024-07-11 23:58:00,564] {logging_mixin.py:109} INFO - [2024-07-11 23:58:00,563] {dag.py:2398} INFO - Sync 1 DAGs
[2024-07-11 23:58:00,582] {logging_mixin.py:109} INFO - [2024-07-11 23:58:00,582] {dag.py:2937} INFO - Setting next_dagrun for text_processing_dag_1 to None
[2024-07-11 23:58:00,592] {processor.py:171} INFO - Processing /opt/airflow/dags/dag_text_processing_1.py took 1.418 seconds
[2024-07-11 23:58:30,852] {processor.py:163} INFO - Started process (PID=2909) to work on /opt/airflow/dags/dag_text_processing_1.py
[2024-07-11 23:58:30,853] {processor.py:642} INFO - Processing file /opt/airflow/dags/dag_text_processing_1.py for tasks to queue
[2024-07-11 23:58:30,854] {logging_mixin.py:109} INFO - [2024-07-11 23:58:30,854] {dagbag.py:500} INFO - Filling up the DagBag from /opt/airflow/dags/dag_text_processing_1.py
[2024-07-11 23:58:32,253] {processor.py:654} INFO - DAG(s) dict_keys(['text_processing_dag_1']) retrieved from /opt/airflow/dags/dag_text_processing_1.py
[2024-07-11 23:58:32,262] {logging_mixin.py:109} INFO - [2024-07-11 23:58:32,261] {dag.py:2398} INFO - Sync 1 DAGs
[2024-07-11 23:58:32,278] {logging_mixin.py:109} INFO - [2024-07-11 23:58:32,278] {dag.py:2937} INFO - Setting next_dagrun for text_processing_dag_1 to None
[2024-07-11 23:58:32,287] {processor.py:171} INFO - Processing /opt/airflow/dags/dag_text_processing_1.py took 1.438 seconds
[2024-07-11 23:59:02,472] {processor.py:163} INFO - Started process (PID=2941) to work on /opt/airflow/dags/dag_text_processing_1.py
[2024-07-11 23:59:02,474] {processor.py:642} INFO - Processing file /opt/airflow/dags/dag_text_processing_1.py for tasks to queue
[2024-07-11 23:59:02,474] {logging_mixin.py:109} INFO - [2024-07-11 23:59:02,474] {dagbag.py:500} INFO - Filling up the DagBag from /opt/airflow/dags/dag_text_processing_1.py
[2024-07-11 23:59:03,912] {processor.py:654} INFO - DAG(s) dict_keys(['text_processing_dag_1']) retrieved from /opt/airflow/dags/dag_text_processing_1.py
[2024-07-11 23:59:03,923] {logging_mixin.py:109} INFO - [2024-07-11 23:59:03,922] {dag.py:2398} INFO - Sync 1 DAGs
[2024-07-11 23:59:03,940] {logging_mixin.py:109} INFO - [2024-07-11 23:59:03,940] {dag.py:2937} INFO - Setting next_dagrun for text_processing_dag_1 to None
[2024-07-11 23:59:03,949] {processor.py:171} INFO - Processing /opt/airflow/dags/dag_text_processing_1.py took 1.481 seconds
[2024-07-11 23:59:34,235] {processor.py:163} INFO - Started process (PID=2971) to work on /opt/airflow/dags/dag_text_processing_1.py
[2024-07-11 23:59:34,235] {processor.py:642} INFO - Processing file /opt/airflow/dags/dag_text_processing_1.py for tasks to queue
[2024-07-11 23:59:34,236] {logging_mixin.py:109} INFO - [2024-07-11 23:59:34,236] {dagbag.py:500} INFO - Filling up the DagBag from /opt/airflow/dags/dag_text_processing_1.py
[2024-07-11 23:59:35,573] {processor.py:654} INFO - DAG(s) dict_keys(['text_processing_dag_1']) retrieved from /opt/airflow/dags/dag_text_processing_1.py
[2024-07-11 23:59:35,583] {logging_mixin.py:109} INFO - [2024-07-11 23:59:35,581] {dag.py:2398} INFO - Sync 1 DAGs
[2024-07-11 23:59:35,600] {logging_mixin.py:109} INFO - [2024-07-11 23:59:35,599] {dag.py:2937} INFO - Setting next_dagrun for text_processing_dag_1 to None
[2024-07-11 23:59:35,609] {processor.py:171} INFO - Processing /opt/airflow/dags/dag_text_processing_1.py took 1.377 seconds
