[2024-07-11 23:12:19,585] {processor.py:163} INFO - Started process (PID=181) to work on /opt/airflow/dags/dag_text_processing_2.py
[2024-07-11 23:12:19,586] {processor.py:642} INFO - Processing file /opt/airflow/dags/dag_text_processing_2.py for tasks to queue
[2024-07-11 23:12:19,587] {logging_mixin.py:109} INFO - [2024-07-11 23:12:19,587] {dagbag.py:500} INFO - Filling up the DagBag from /opt/airflow/dags/dag_text_processing_2.py
[2024-07-11 23:12:22,396] {processor.py:654} INFO - DAG(s) dict_keys(['text_processing_dag_2']) retrieved from /opt/airflow/dags/dag_text_processing_2.py
[2024-07-11 23:12:22,407] {logging_mixin.py:109} INFO - [2024-07-11 23:12:22,406] {dag.py:2398} INFO - Sync 1 DAGs
[2024-07-11 23:12:22,424] {logging_mixin.py:109} INFO - [2024-07-11 23:12:22,424] {dag.py:2937} INFO - Setting next_dagrun for text_processing_dag_2 to None
[2024-07-11 23:12:22,435] {processor.py:171} INFO - Processing /opt/airflow/dags/dag_text_processing_2.py took 2.853 seconds
[2024-07-11 23:12:52,698] {processor.py:163} INFO - Started process (PID=239) to work on /opt/airflow/dags/dag_text_processing_2.py
[2024-07-11 23:12:52,712] {processor.py:642} INFO - Processing file /opt/airflow/dags/dag_text_processing_2.py for tasks to queue
[2024-07-11 23:12:52,713] {logging_mixin.py:109} INFO - [2024-07-11 23:12:52,713] {dagbag.py:500} INFO - Filling up the DagBag from /opt/airflow/dags/dag_text_processing_2.py
[2024-07-11 23:12:55,702] {processor.py:654} INFO - DAG(s) dict_keys(['text_processing_dag_2']) retrieved from /opt/airflow/dags/dag_text_processing_2.py
[2024-07-11 23:12:55,713] {logging_mixin.py:109} INFO - [2024-07-11 23:12:55,712] {dag.py:2398} INFO - Sync 1 DAGs
[2024-07-11 23:12:55,729] {logging_mixin.py:109} INFO - [2024-07-11 23:12:55,729] {dag.py:2937} INFO - Setting next_dagrun for text_processing_dag_2 to None
[2024-07-11 23:12:55,738] {processor.py:171} INFO - Processing /opt/airflow/dags/dag_text_processing_2.py took 3.043 seconds
[2024-07-11 23:13:26,184] {processor.py:163} INFO - Started process (PID=270) to work on /opt/airflow/dags/dag_text_processing_2.py
[2024-07-11 23:13:26,188] {processor.py:642} INFO - Processing file /opt/airflow/dags/dag_text_processing_2.py for tasks to queue
[2024-07-11 23:13:26,190] {logging_mixin.py:109} INFO - [2024-07-11 23:13:26,190] {dagbag.py:500} INFO - Filling up the DagBag from /opt/airflow/dags/dag_text_processing_2.py
[2024-07-11 23:13:27,896] {processor.py:654} INFO - DAG(s) dict_keys(['text_processing_dag_2']) retrieved from /opt/airflow/dags/dag_text_processing_2.py
[2024-07-11 23:13:27,910] {logging_mixin.py:109} INFO - [2024-07-11 23:13:27,908] {dag.py:2398} INFO - Sync 1 DAGs
[2024-07-11 23:13:27,927] {logging_mixin.py:109} INFO - [2024-07-11 23:13:27,927] {dag.py:2937} INFO - Setting next_dagrun for text_processing_dag_2 to None
[2024-07-11 23:13:27,939] {processor.py:171} INFO - Processing /opt/airflow/dags/dag_text_processing_2.py took 1.766 seconds
[2024-07-11 23:13:58,322] {processor.py:163} INFO - Started process (PID=301) to work on /opt/airflow/dags/dag_text_processing_2.py
[2024-07-11 23:13:58,323] {processor.py:642} INFO - Processing file /opt/airflow/dags/dag_text_processing_2.py for tasks to queue
[2024-07-11 23:13:58,324] {logging_mixin.py:109} INFO - [2024-07-11 23:13:58,324] {dagbag.py:500} INFO - Filling up the DagBag from /opt/airflow/dags/dag_text_processing_2.py
[2024-07-11 23:13:59,746] {processor.py:654} INFO - DAG(s) dict_keys(['text_processing_dag_2']) retrieved from /opt/airflow/dags/dag_text_processing_2.py
[2024-07-11 23:13:59,757] {logging_mixin.py:109} INFO - [2024-07-11 23:13:59,755] {dag.py:2398} INFO - Sync 1 DAGs
[2024-07-11 23:13:59,772] {logging_mixin.py:109} INFO - [2024-07-11 23:13:59,772] {dag.py:2937} INFO - Setting next_dagrun for text_processing_dag_2 to None
[2024-07-11 23:13:59,781] {processor.py:171} INFO - Processing /opt/airflow/dags/dag_text_processing_2.py took 1.465 seconds
[2024-07-11 23:14:30,139] {processor.py:163} INFO - Started process (PID=332) to work on /opt/airflow/dags/dag_text_processing_2.py
[2024-07-11 23:14:30,141] {processor.py:642} INFO - Processing file /opt/airflow/dags/dag_text_processing_2.py for tasks to queue
[2024-07-11 23:14:30,142] {logging_mixin.py:109} INFO - [2024-07-11 23:14:30,142] {dagbag.py:500} INFO - Filling up the DagBag from /opt/airflow/dags/dag_text_processing_2.py
[2024-07-11 23:14:31,505] {processor.py:654} INFO - DAG(s) dict_keys(['text_processing_dag_2']) retrieved from /opt/airflow/dags/dag_text_processing_2.py
[2024-07-11 23:14:31,515] {logging_mixin.py:109} INFO - [2024-07-11 23:14:31,513] {dag.py:2398} INFO - Sync 1 DAGs
[2024-07-11 23:14:31,531] {logging_mixin.py:109} INFO - [2024-07-11 23:14:31,530] {dag.py:2937} INFO - Setting next_dagrun for text_processing_dag_2 to None
[2024-07-11 23:14:31,542] {processor.py:171} INFO - Processing /opt/airflow/dags/dag_text_processing_2.py took 1.413 seconds
[2024-07-11 23:15:01,863] {processor.py:163} INFO - Started process (PID=363) to work on /opt/airflow/dags/dag_text_processing_2.py
[2024-07-11 23:15:01,869] {processor.py:642} INFO - Processing file /opt/airflow/dags/dag_text_processing_2.py for tasks to queue
[2024-07-11 23:15:01,870] {logging_mixin.py:109} INFO - [2024-07-11 23:15:01,869] {dagbag.py:500} INFO - Filling up the DagBag from /opt/airflow/dags/dag_text_processing_2.py
[2024-07-11 23:15:03,229] {processor.py:654} INFO - DAG(s) dict_keys(['text_processing_dag_2']) retrieved from /opt/airflow/dags/dag_text_processing_2.py
[2024-07-11 23:15:03,238] {logging_mixin.py:109} INFO - [2024-07-11 23:15:03,237] {dag.py:2398} INFO - Sync 1 DAGs
[2024-07-11 23:15:03,255] {logging_mixin.py:109} INFO - [2024-07-11 23:15:03,255] {dag.py:2937} INFO - Setting next_dagrun for text_processing_dag_2 to None
[2024-07-11 23:15:03,265] {processor.py:171} INFO - Processing /opt/airflow/dags/dag_text_processing_2.py took 1.405 seconds
[2024-07-11 23:15:33,578] {processor.py:163} INFO - Started process (PID=394) to work on /opt/airflow/dags/dag_text_processing_2.py
[2024-07-11 23:15:33,579] {processor.py:642} INFO - Processing file /opt/airflow/dags/dag_text_processing_2.py for tasks to queue
[2024-07-11 23:15:33,580] {logging_mixin.py:109} INFO - [2024-07-11 23:15:33,580] {dagbag.py:500} INFO - Filling up the DagBag from /opt/airflow/dags/dag_text_processing_2.py
[2024-07-11 23:15:34,975] {processor.py:654} INFO - DAG(s) dict_keys(['text_processing_dag_2']) retrieved from /opt/airflow/dags/dag_text_processing_2.py
[2024-07-11 23:15:34,985] {logging_mixin.py:109} INFO - [2024-07-11 23:15:34,984] {dag.py:2398} INFO - Sync 1 DAGs
[2024-07-11 23:15:35,001] {logging_mixin.py:109} INFO - [2024-07-11 23:15:35,001] {dag.py:2937} INFO - Setting next_dagrun for text_processing_dag_2 to None
[2024-07-11 23:15:35,010] {processor.py:171} INFO - Processing /opt/airflow/dags/dag_text_processing_2.py took 1.436 seconds
[2024-07-11 23:16:05,370] {processor.py:163} INFO - Started process (PID=425) to work on /opt/airflow/dags/dag_text_processing_2.py
[2024-07-11 23:16:05,372] {processor.py:642} INFO - Processing file /opt/airflow/dags/dag_text_processing_2.py for tasks to queue
[2024-07-11 23:16:05,373] {logging_mixin.py:109} INFO - [2024-07-11 23:16:05,373] {dagbag.py:500} INFO - Filling up the DagBag from /opt/airflow/dags/dag_text_processing_2.py
[2024-07-11 23:16:06,787] {processor.py:654} INFO - DAG(s) dict_keys(['text_processing_dag_2']) retrieved from /opt/airflow/dags/dag_text_processing_2.py
[2024-07-11 23:16:06,797] {logging_mixin.py:109} INFO - [2024-07-11 23:16:06,796] {dag.py:2398} INFO - Sync 1 DAGs
[2024-07-11 23:16:06,814] {logging_mixin.py:109} INFO - [2024-07-11 23:16:06,813] {dag.py:2937} INFO - Setting next_dagrun for text_processing_dag_2 to None
[2024-07-11 23:16:06,824] {processor.py:171} INFO - Processing /opt/airflow/dags/dag_text_processing_2.py took 1.458 seconds
[2024-07-11 23:16:37,138] {processor.py:163} INFO - Started process (PID=456) to work on /opt/airflow/dags/dag_text_processing_2.py
[2024-07-11 23:16:37,140] {processor.py:642} INFO - Processing file /opt/airflow/dags/dag_text_processing_2.py for tasks to queue
[2024-07-11 23:16:37,141] {logging_mixin.py:109} INFO - [2024-07-11 23:16:37,141] {dagbag.py:500} INFO - Filling up the DagBag from /opt/airflow/dags/dag_text_processing_2.py
[2024-07-11 23:16:38,525] {processor.py:654} INFO - DAG(s) dict_keys(['text_processing_dag_2']) retrieved from /opt/airflow/dags/dag_text_processing_2.py
[2024-07-11 23:16:38,535] {logging_mixin.py:109} INFO - [2024-07-11 23:16:38,534] {dag.py:2398} INFO - Sync 1 DAGs
[2024-07-11 23:16:38,551] {logging_mixin.py:109} INFO - [2024-07-11 23:16:38,551] {dag.py:2937} INFO - Setting next_dagrun for text_processing_dag_2 to None
[2024-07-11 23:16:38,561] {processor.py:171} INFO - Processing /opt/airflow/dags/dag_text_processing_2.py took 1.432 seconds
[2024-07-11 23:17:08,889] {processor.py:163} INFO - Started process (PID=487) to work on /opt/airflow/dags/dag_text_processing_2.py
[2024-07-11 23:17:08,892] {processor.py:642} INFO - Processing file /opt/airflow/dags/dag_text_processing_2.py for tasks to queue
[2024-07-11 23:17:08,893] {logging_mixin.py:109} INFO - [2024-07-11 23:17:08,893] {dagbag.py:500} INFO - Filling up the DagBag from /opt/airflow/dags/dag_text_processing_2.py
[2024-07-11 23:17:10,285] {processor.py:654} INFO - DAG(s) dict_keys(['text_processing_dag_2']) retrieved from /opt/airflow/dags/dag_text_processing_2.py
[2024-07-11 23:17:10,295] {logging_mixin.py:109} INFO - [2024-07-11 23:17:10,293] {dag.py:2398} INFO - Sync 1 DAGs
[2024-07-11 23:17:10,310] {logging_mixin.py:109} INFO - [2024-07-11 23:17:10,310] {dag.py:2937} INFO - Setting next_dagrun for text_processing_dag_2 to None
[2024-07-11 23:17:10,319] {processor.py:171} INFO - Processing /opt/airflow/dags/dag_text_processing_2.py took 1.436 seconds
[2024-07-11 23:17:40,721] {processor.py:163} INFO - Started process (PID=518) to work on /opt/airflow/dags/dag_text_processing_2.py
[2024-07-11 23:17:40,723] {processor.py:642} INFO - Processing file /opt/airflow/dags/dag_text_processing_2.py for tasks to queue
[2024-07-11 23:17:40,724] {logging_mixin.py:109} INFO - [2024-07-11 23:17:40,723] {dagbag.py:500} INFO - Filling up the DagBag from /opt/airflow/dags/dag_text_processing_2.py
[2024-07-11 23:17:42,113] {processor.py:654} INFO - DAG(s) dict_keys(['text_processing_dag_2']) retrieved from /opt/airflow/dags/dag_text_processing_2.py
[2024-07-11 23:17:42,123] {logging_mixin.py:109} INFO - [2024-07-11 23:17:42,121] {dag.py:2398} INFO - Sync 1 DAGs
[2024-07-11 23:17:42,139] {logging_mixin.py:109} INFO - [2024-07-11 23:17:42,139] {dag.py:2937} INFO - Setting next_dagrun for text_processing_dag_2 to None
[2024-07-11 23:17:42,148] {processor.py:171} INFO - Processing /opt/airflow/dags/dag_text_processing_2.py took 1.432 seconds
[2024-07-11 23:18:12,472] {processor.py:163} INFO - Started process (PID=549) to work on /opt/airflow/dags/dag_text_processing_2.py
[2024-07-11 23:18:12,474] {processor.py:642} INFO - Processing file /opt/airflow/dags/dag_text_processing_2.py for tasks to queue
[2024-07-11 23:18:12,475] {logging_mixin.py:109} INFO - [2024-07-11 23:18:12,475] {dagbag.py:500} INFO - Filling up the DagBag from /opt/airflow/dags/dag_text_processing_2.py
[2024-07-11 23:18:13,971] {processor.py:654} INFO - DAG(s) dict_keys(['text_processing_dag_2']) retrieved from /opt/airflow/dags/dag_text_processing_2.py
[2024-07-11 23:18:13,982] {logging_mixin.py:109} INFO - [2024-07-11 23:18:13,981] {dag.py:2398} INFO - Sync 1 DAGs
[2024-07-11 23:18:14,000] {logging_mixin.py:109} INFO - [2024-07-11 23:18:14,000] {dag.py:2937} INFO - Setting next_dagrun for text_processing_dag_2 to None
[2024-07-11 23:18:14,011] {processor.py:171} INFO - Processing /opt/airflow/dags/dag_text_processing_2.py took 1.547 seconds
[2024-07-11 23:18:44,378] {processor.py:163} INFO - Started process (PID=580) to work on /opt/airflow/dags/dag_text_processing_2.py
[2024-07-11 23:18:44,379] {processor.py:642} INFO - Processing file /opt/airflow/dags/dag_text_processing_2.py for tasks to queue
[2024-07-11 23:18:44,380] {logging_mixin.py:109} INFO - [2024-07-11 23:18:44,380] {dagbag.py:500} INFO - Filling up the DagBag from /opt/airflow/dags/dag_text_processing_2.py
[2024-07-11 23:18:45,898] {processor.py:654} INFO - DAG(s) dict_keys(['text_processing_dag_2']) retrieved from /opt/airflow/dags/dag_text_processing_2.py
[2024-07-11 23:18:45,907] {logging_mixin.py:109} INFO - [2024-07-11 23:18:45,906] {dag.py:2398} INFO - Sync 1 DAGs
[2024-07-11 23:18:45,923] {logging_mixin.py:109} INFO - [2024-07-11 23:18:45,923] {dag.py:2937} INFO - Setting next_dagrun for text_processing_dag_2 to None
[2024-07-11 23:18:45,932] {processor.py:171} INFO - Processing /opt/airflow/dags/dag_text_processing_2.py took 1.557 seconds
[2024-07-11 23:19:16,279] {processor.py:163} INFO - Started process (PID=611) to work on /opt/airflow/dags/dag_text_processing_2.py
[2024-07-11 23:19:16,281] {processor.py:642} INFO - Processing file /opt/airflow/dags/dag_text_processing_2.py for tasks to queue
[2024-07-11 23:19:16,282] {logging_mixin.py:109} INFO - [2024-07-11 23:19:16,282] {dagbag.py:500} INFO - Filling up the DagBag from /opt/airflow/dags/dag_text_processing_2.py
[2024-07-11 23:19:17,898] {processor.py:654} INFO - DAG(s) dict_keys(['text_processing_dag_2']) retrieved from /opt/airflow/dags/dag_text_processing_2.py
[2024-07-11 23:19:17,910] {logging_mixin.py:109} INFO - [2024-07-11 23:19:17,908] {dag.py:2398} INFO - Sync 1 DAGs
[2024-07-11 23:19:17,937] {logging_mixin.py:109} INFO - [2024-07-11 23:19:17,937] {dag.py:2937} INFO - Setting next_dagrun for text_processing_dag_2 to None
[2024-07-11 23:19:17,959] {processor.py:171} INFO - Processing /opt/airflow/dags/dag_text_processing_2.py took 1.686 seconds
[2024-07-11 23:19:48,572] {processor.py:163} INFO - Started process (PID=642) to work on /opt/airflow/dags/dag_text_processing_2.py
[2024-07-11 23:19:48,579] {processor.py:642} INFO - Processing file /opt/airflow/dags/dag_text_processing_2.py for tasks to queue
[2024-07-11 23:19:48,591] {logging_mixin.py:109} INFO - [2024-07-11 23:19:48,591] {dagbag.py:500} INFO - Filling up the DagBag from /opt/airflow/dags/dag_text_processing_2.py
[2024-07-11 23:19:50,277] {processor.py:654} INFO - DAG(s) dict_keys(['text_processing_dag_2']) retrieved from /opt/airflow/dags/dag_text_processing_2.py
[2024-07-11 23:19:50,289] {logging_mixin.py:109} INFO - [2024-07-11 23:19:50,287] {dag.py:2398} INFO - Sync 1 DAGs
[2024-07-11 23:19:50,309] {logging_mixin.py:109} INFO - [2024-07-11 23:19:50,309] {dag.py:2937} INFO - Setting next_dagrun for text_processing_dag_2 to None
[2024-07-11 23:19:50,318] {processor.py:171} INFO - Processing /opt/airflow/dags/dag_text_processing_2.py took 1.751 seconds
[2024-07-11 23:20:20,743] {processor.py:163} INFO - Started process (PID=673) to work on /opt/airflow/dags/dag_text_processing_2.py
[2024-07-11 23:20:20,751] {processor.py:642} INFO - Processing file /opt/airflow/dags/dag_text_processing_2.py for tasks to queue
[2024-07-11 23:20:20,755] {logging_mixin.py:109} INFO - [2024-07-11 23:20:20,753] {dagbag.py:500} INFO - Filling up the DagBag from /opt/airflow/dags/dag_text_processing_2.py
[2024-07-11 23:20:22,649] {processor.py:654} INFO - DAG(s) dict_keys(['text_processing_dag_2']) retrieved from /opt/airflow/dags/dag_text_processing_2.py
[2024-07-11 23:20:22,659] {logging_mixin.py:109} INFO - [2024-07-11 23:20:22,657] {dag.py:2398} INFO - Sync 1 DAGs
[2024-07-11 23:20:22,675] {logging_mixin.py:109} INFO - [2024-07-11 23:20:22,675] {dag.py:2937} INFO - Setting next_dagrun for text_processing_dag_2 to None
[2024-07-11 23:20:22,685] {processor.py:171} INFO - Processing /opt/airflow/dags/dag_text_processing_2.py took 1.961 seconds
[2024-07-11 23:20:52,992] {processor.py:163} INFO - Started process (PID=704) to work on /opt/airflow/dags/dag_text_processing_2.py
[2024-07-11 23:20:52,994] {processor.py:642} INFO - Processing file /opt/airflow/dags/dag_text_processing_2.py for tasks to queue
[2024-07-11 23:20:52,995] {logging_mixin.py:109} INFO - [2024-07-11 23:20:52,995] {dagbag.py:500} INFO - Filling up the DagBag from /opt/airflow/dags/dag_text_processing_2.py
[2024-07-11 23:20:54,687] {processor.py:654} INFO - DAG(s) dict_keys(['text_processing_dag_2']) retrieved from /opt/airflow/dags/dag_text_processing_2.py
[2024-07-11 23:20:54,699] {logging_mixin.py:109} INFO - [2024-07-11 23:20:54,697] {dag.py:2398} INFO - Sync 1 DAGs
[2024-07-11 23:20:54,718] {logging_mixin.py:109} INFO - [2024-07-11 23:20:54,718] {dag.py:2937} INFO - Setting next_dagrun for text_processing_dag_2 to None
[2024-07-11 23:20:54,740] {processor.py:171} INFO - Processing /opt/airflow/dags/dag_text_processing_2.py took 1.756 seconds
[2024-07-11 23:21:25,093] {processor.py:163} INFO - Started process (PID=735) to work on /opt/airflow/dags/dag_text_processing_2.py
[2024-07-11 23:21:25,104] {processor.py:642} INFO - Processing file /opt/airflow/dags/dag_text_processing_2.py for tasks to queue
[2024-07-11 23:21:25,106] {logging_mixin.py:109} INFO - [2024-07-11 23:21:25,105] {dagbag.py:500} INFO - Filling up the DagBag from /opt/airflow/dags/dag_text_processing_2.py
[2024-07-11 23:21:27,154] {processor.py:654} INFO - DAG(s) dict_keys(['text_processing_dag_2']) retrieved from /opt/airflow/dags/dag_text_processing_2.py
[2024-07-11 23:21:27,169] {logging_mixin.py:109} INFO - [2024-07-11 23:21:27,168] {dag.py:2398} INFO - Sync 1 DAGs
[2024-07-11 23:21:27,194] {logging_mixin.py:109} INFO - [2024-07-11 23:21:27,192] {dag.py:2937} INFO - Setting next_dagrun for text_processing_dag_2 to None
[2024-07-11 23:21:27,207] {processor.py:171} INFO - Processing /opt/airflow/dags/dag_text_processing_2.py took 2.132 seconds
[2024-07-11 23:21:57,643] {processor.py:163} INFO - Started process (PID=766) to work on /opt/airflow/dags/dag_text_processing_2.py
[2024-07-11 23:21:57,648] {processor.py:642} INFO - Processing file /opt/airflow/dags/dag_text_processing_2.py for tasks to queue
[2024-07-11 23:21:57,650] {logging_mixin.py:109} INFO - [2024-07-11 23:21:57,650] {dagbag.py:500} INFO - Filling up the DagBag from /opt/airflow/dags/dag_text_processing_2.py
[2024-07-11 23:21:59,547] {processor.py:654} INFO - DAG(s) dict_keys(['text_processing_dag_2']) retrieved from /opt/airflow/dags/dag_text_processing_2.py
[2024-07-11 23:21:59,559] {logging_mixin.py:109} INFO - [2024-07-11 23:21:59,558] {dag.py:2398} INFO - Sync 1 DAGs
[2024-07-11 23:21:59,576] {logging_mixin.py:109} INFO - [2024-07-11 23:21:59,576] {dag.py:2937} INFO - Setting next_dagrun for text_processing_dag_2 to None
[2024-07-11 23:21:59,585] {processor.py:171} INFO - Processing /opt/airflow/dags/dag_text_processing_2.py took 1.956 seconds
[2024-07-11 23:22:30,027] {processor.py:163} INFO - Started process (PID=797) to work on /opt/airflow/dags/dag_text_processing_2.py
[2024-07-11 23:22:30,045] {processor.py:642} INFO - Processing file /opt/airflow/dags/dag_text_processing_2.py for tasks to queue
[2024-07-11 23:22:30,047] {logging_mixin.py:109} INFO - [2024-07-11 23:22:30,046] {dagbag.py:500} INFO - Filling up the DagBag from /opt/airflow/dags/dag_text_processing_2.py
[2024-07-11 23:22:31,795] {processor.py:654} INFO - DAG(s) dict_keys(['text_processing_dag_2']) retrieved from /opt/airflow/dags/dag_text_processing_2.py
[2024-07-11 23:22:31,809] {logging_mixin.py:109} INFO - [2024-07-11 23:22:31,807] {dag.py:2398} INFO - Sync 1 DAGs
[2024-07-11 23:22:31,831] {logging_mixin.py:109} INFO - [2024-07-11 23:22:31,831] {dag.py:2937} INFO - Setting next_dagrun for text_processing_dag_2 to None
[2024-07-11 23:22:31,843] {processor.py:171} INFO - Processing /opt/airflow/dags/dag_text_processing_2.py took 1.850 seconds
[2024-07-11 23:23:02,545] {processor.py:163} INFO - Started process (PID=836) to work on /opt/airflow/dags/dag_text_processing_2.py
[2024-07-11 23:23:02,549] {processor.py:642} INFO - Processing file /opt/airflow/dags/dag_text_processing_2.py for tasks to queue
[2024-07-11 23:23:02,551] {logging_mixin.py:109} INFO - [2024-07-11 23:23:02,550] {dagbag.py:500} INFO - Filling up the DagBag from /opt/airflow/dags/dag_text_processing_2.py
[2024-07-11 23:23:04,861] {processor.py:654} INFO - DAG(s) dict_keys(['text_processing_dag_2']) retrieved from /opt/airflow/dags/dag_text_processing_2.py
[2024-07-11 23:23:04,873] {logging_mixin.py:109} INFO - [2024-07-11 23:23:04,871] {dag.py:2398} INFO - Sync 1 DAGs
[2024-07-11 23:23:04,892] {logging_mixin.py:109} INFO - [2024-07-11 23:23:04,892] {dag.py:2937} INFO - Setting next_dagrun for text_processing_dag_2 to None
[2024-07-11 23:23:04,902] {processor.py:171} INFO - Processing /opt/airflow/dags/dag_text_processing_2.py took 2.370 seconds
[2024-07-11 23:23:35,559] {processor.py:163} INFO - Started process (PID=869) to work on /opt/airflow/dags/dag_text_processing_2.py
[2024-07-11 23:23:35,561] {processor.py:642} INFO - Processing file /opt/airflow/dags/dag_text_processing_2.py for tasks to queue
[2024-07-11 23:23:35,584] {logging_mixin.py:109} INFO - [2024-07-11 23:23:35,579] {dagbag.py:500} INFO - Filling up the DagBag from /opt/airflow/dags/dag_text_processing_2.py
[2024-07-11 23:23:38,803] {processor.py:654} INFO - DAG(s) dict_keys(['text_processing_dag_2']) retrieved from /opt/airflow/dags/dag_text_processing_2.py
[2024-07-11 23:23:38,867] {logging_mixin.py:109} INFO - [2024-07-11 23:23:38,865] {dag.py:2398} INFO - Sync 1 DAGs
[2024-07-11 23:23:38,915] {logging_mixin.py:109} INFO - [2024-07-11 23:23:38,915] {dag.py:2937} INFO - Setting next_dagrun for text_processing_dag_2 to None
[2024-07-11 23:23:39,010] {processor.py:171} INFO - Processing /opt/airflow/dags/dag_text_processing_2.py took 3.503 seconds
[2024-07-11 23:24:09,713] {processor.py:163} INFO - Started process (PID=900) to work on /opt/airflow/dags/dag_text_processing_2.py
[2024-07-11 23:24:09,719] {processor.py:642} INFO - Processing file /opt/airflow/dags/dag_text_processing_2.py for tasks to queue
[2024-07-11 23:24:09,722] {logging_mixin.py:109} INFO - [2024-07-11 23:24:09,721] {dagbag.py:500} INFO - Filling up the DagBag from /opt/airflow/dags/dag_text_processing_2.py
[2024-07-11 23:24:12,319] {processor.py:654} INFO - DAG(s) dict_keys(['text_processing_dag_2']) retrieved from /opt/airflow/dags/dag_text_processing_2.py
[2024-07-11 23:24:12,339] {logging_mixin.py:109} INFO - [2024-07-11 23:24:12,337] {dag.py:2398} INFO - Sync 1 DAGs
[2024-07-11 23:24:12,371] {logging_mixin.py:109} INFO - [2024-07-11 23:24:12,371] {dag.py:2937} INFO - Setting next_dagrun for text_processing_dag_2 to None
[2024-07-11 23:24:12,390] {processor.py:171} INFO - Processing /opt/airflow/dags/dag_text_processing_2.py took 2.694 seconds
[2024-07-11 23:24:42,779] {processor.py:163} INFO - Started process (PID=931) to work on /opt/airflow/dags/dag_text_processing_2.py
[2024-07-11 23:24:42,783] {processor.py:642} INFO - Processing file /opt/airflow/dags/dag_text_processing_2.py for tasks to queue
[2024-07-11 23:24:42,785] {logging_mixin.py:109} INFO - [2024-07-11 23:24:42,784] {dagbag.py:500} INFO - Filling up the DagBag from /opt/airflow/dags/dag_text_processing_2.py
[2024-07-11 23:24:45,405] {processor.py:654} INFO - DAG(s) dict_keys(['text_processing_dag_2']) retrieved from /opt/airflow/dags/dag_text_processing_2.py
[2024-07-11 23:24:45,424] {logging_mixin.py:109} INFO - [2024-07-11 23:24:45,422] {dag.py:2398} INFO - Sync 1 DAGs
[2024-07-11 23:24:45,478] {logging_mixin.py:109} INFO - [2024-07-11 23:24:45,477] {dag.py:2937} INFO - Setting next_dagrun for text_processing_dag_2 to None
[2024-07-11 23:24:45,514] {processor.py:171} INFO - Processing /opt/airflow/dags/dag_text_processing_2.py took 2.746 seconds
[2024-07-11 23:25:15,813] {processor.py:163} INFO - Started process (PID=962) to work on /opt/airflow/dags/dag_text_processing_2.py
[2024-07-11 23:25:15,816] {processor.py:642} INFO - Processing file /opt/airflow/dags/dag_text_processing_2.py for tasks to queue
[2024-07-11 23:25:15,818] {logging_mixin.py:109} INFO - [2024-07-11 23:25:15,818] {dagbag.py:500} INFO - Filling up the DagBag from /opt/airflow/dags/dag_text_processing_2.py
[2024-07-11 23:25:18,795] {processor.py:654} INFO - DAG(s) dict_keys(['text_processing_dag_2']) retrieved from /opt/airflow/dags/dag_text_processing_2.py
[2024-07-11 23:25:18,817] {logging_mixin.py:109} INFO - [2024-07-11 23:25:18,812] {dag.py:2398} INFO - Sync 1 DAGs
[2024-07-11 23:25:18,857] {logging_mixin.py:109} INFO - [2024-07-11 23:25:18,856] {dag.py:2937} INFO - Setting next_dagrun for text_processing_dag_2 to None
[2024-07-11 23:25:18,870] {processor.py:171} INFO - Processing /opt/airflow/dags/dag_text_processing_2.py took 3.067 seconds
[2024-07-11 23:25:49,409] {processor.py:163} INFO - Started process (PID=993) to work on /opt/airflow/dags/dag_text_processing_2.py
[2024-07-11 23:25:49,412] {processor.py:642} INFO - Processing file /opt/airflow/dags/dag_text_processing_2.py for tasks to queue
[2024-07-11 23:25:49,413] {logging_mixin.py:109} INFO - [2024-07-11 23:25:49,413] {dagbag.py:500} INFO - Filling up the DagBag from /opt/airflow/dags/dag_text_processing_2.py
[2024-07-11 23:25:52,098] {processor.py:654} INFO - DAG(s) dict_keys(['text_processing_dag_2']) retrieved from /opt/airflow/dags/dag_text_processing_2.py
[2024-07-11 23:25:52,110] {logging_mixin.py:109} INFO - [2024-07-11 23:25:52,108] {dag.py:2398} INFO - Sync 1 DAGs
[2024-07-11 23:25:52,130] {logging_mixin.py:109} INFO - [2024-07-11 23:25:52,130] {dag.py:2937} INFO - Setting next_dagrun for text_processing_dag_2 to None
[2024-07-11 23:25:52,141] {processor.py:171} INFO - Processing /opt/airflow/dags/dag_text_processing_2.py took 2.737 seconds
[2024-07-11 23:26:22,676] {processor.py:163} INFO - Started process (PID=1024) to work on /opt/airflow/dags/dag_text_processing_2.py
[2024-07-11 23:26:22,681] {processor.py:642} INFO - Processing file /opt/airflow/dags/dag_text_processing_2.py for tasks to queue
[2024-07-11 23:26:22,683] {logging_mixin.py:109} INFO - [2024-07-11 23:26:22,682] {dagbag.py:500} INFO - Filling up the DagBag from /opt/airflow/dags/dag_text_processing_2.py
[2024-07-11 23:26:25,785] {processor.py:654} INFO - DAG(s) dict_keys(['text_processing_dag_2']) retrieved from /opt/airflow/dags/dag_text_processing_2.py
[2024-07-11 23:26:25,819] {logging_mixin.py:109} INFO - [2024-07-11 23:26:25,814] {dag.py:2398} INFO - Sync 1 DAGs
[2024-07-11 23:26:25,876] {logging_mixin.py:109} INFO - [2024-07-11 23:26:25,876] {dag.py:2937} INFO - Setting next_dagrun for text_processing_dag_2 to None
[2024-07-11 23:26:25,902] {processor.py:171} INFO - Processing /opt/airflow/dags/dag_text_processing_2.py took 3.237 seconds
[2024-07-11 23:26:56,482] {processor.py:163} INFO - Started process (PID=1055) to work on /opt/airflow/dags/dag_text_processing_2.py
[2024-07-11 23:26:56,489] {processor.py:642} INFO - Processing file /opt/airflow/dags/dag_text_processing_2.py for tasks to queue
[2024-07-11 23:26:56,502] {logging_mixin.py:109} INFO - [2024-07-11 23:26:56,501] {dagbag.py:500} INFO - Filling up the DagBag from /opt/airflow/dags/dag_text_processing_2.py
[2024-07-11 23:26:59,254] {processor.py:654} INFO - DAG(s) dict_keys(['text_processing_dag_2']) retrieved from /opt/airflow/dags/dag_text_processing_2.py
[2024-07-11 23:26:59,267] {logging_mixin.py:109} INFO - [2024-07-11 23:26:59,265] {dag.py:2398} INFO - Sync 1 DAGs
[2024-07-11 23:26:59,303] {logging_mixin.py:109} INFO - [2024-07-11 23:26:59,303] {dag.py:2937} INFO - Setting next_dagrun for text_processing_dag_2 to None
[2024-07-11 23:26:59,320] {processor.py:171} INFO - Processing /opt/airflow/dags/dag_text_processing_2.py took 2.853 seconds
[2024-07-11 23:27:29,908] {processor.py:163} INFO - Started process (PID=1086) to work on /opt/airflow/dags/dag_text_processing_2.py
[2024-07-11 23:27:29,912] {processor.py:642} INFO - Processing file /opt/airflow/dags/dag_text_processing_2.py for tasks to queue
[2024-07-11 23:27:29,914] {logging_mixin.py:109} INFO - [2024-07-11 23:27:29,914] {dagbag.py:500} INFO - Filling up the DagBag from /opt/airflow/dags/dag_text_processing_2.py
[2024-07-11 23:27:33,423] {processor.py:654} INFO - DAG(s) dict_keys(['text_processing_dag_2']) retrieved from /opt/airflow/dags/dag_text_processing_2.py
[2024-07-11 23:27:33,447] {logging_mixin.py:109} INFO - [2024-07-11 23:27:33,444] {dag.py:2398} INFO - Sync 1 DAGs
[2024-07-11 23:27:33,493] {logging_mixin.py:109} INFO - [2024-07-11 23:27:33,492] {dag.py:2937} INFO - Setting next_dagrun for text_processing_dag_2 to None
[2024-07-11 23:27:33,515] {processor.py:171} INFO - Processing /opt/airflow/dags/dag_text_processing_2.py took 3.617 seconds
[2024-07-11 23:28:04,283] {processor.py:163} INFO - Started process (PID=1117) to work on /opt/airflow/dags/dag_text_processing_2.py
[2024-07-11 23:28:04,286] {processor.py:642} INFO - Processing file /opt/airflow/dags/dag_text_processing_2.py for tasks to queue
[2024-07-11 23:28:04,289] {logging_mixin.py:109} INFO - [2024-07-11 23:28:04,289] {dagbag.py:500} INFO - Filling up the DagBag from /opt/airflow/dags/dag_text_processing_2.py
[2024-07-11 23:28:07,586] {processor.py:654} INFO - DAG(s) dict_keys(['text_processing_dag_2']) retrieved from /opt/airflow/dags/dag_text_processing_2.py
[2024-07-11 23:28:07,624] {logging_mixin.py:109} INFO - [2024-07-11 23:28:07,619] {dag.py:2398} INFO - Sync 1 DAGs
[2024-07-11 23:28:07,679] {logging_mixin.py:109} INFO - [2024-07-11 23:28:07,678] {dag.py:2937} INFO - Setting next_dagrun for text_processing_dag_2 to None
[2024-07-11 23:28:07,705] {processor.py:171} INFO - Processing /opt/airflow/dags/dag_text_processing_2.py took 3.433 seconds
[2024-07-11 23:28:38,384] {processor.py:163} INFO - Started process (PID=1148) to work on /opt/airflow/dags/dag_text_processing_2.py
[2024-07-11 23:28:38,388] {processor.py:642} INFO - Processing file /opt/airflow/dags/dag_text_processing_2.py for tasks to queue
[2024-07-11 23:28:38,391] {logging_mixin.py:109} INFO - [2024-07-11 23:28:38,390] {dagbag.py:500} INFO - Filling up the DagBag from /opt/airflow/dags/dag_text_processing_2.py
[2024-07-11 23:28:41,935] {processor.py:654} INFO - DAG(s) dict_keys(['text_processing_dag_2']) retrieved from /opt/airflow/dags/dag_text_processing_2.py
[2024-07-11 23:28:41,968] {logging_mixin.py:109} INFO - [2024-07-11 23:28:41,963] {dag.py:2398} INFO - Sync 1 DAGs
[2024-07-11 23:28:42,028] {logging_mixin.py:109} INFO - [2024-07-11 23:28:42,028] {dag.py:2937} INFO - Setting next_dagrun for text_processing_dag_2 to None
[2024-07-11 23:28:42,055] {processor.py:171} INFO - Processing /opt/airflow/dags/dag_text_processing_2.py took 3.683 seconds
[2024-07-11 23:29:12,720] {processor.py:163} INFO - Started process (PID=1182) to work on /opt/airflow/dags/dag_text_processing_2.py
[2024-07-11 23:29:12,724] {processor.py:642} INFO - Processing file /opt/airflow/dags/dag_text_processing_2.py for tasks to queue
[2024-07-11 23:29:12,726] {logging_mixin.py:109} INFO - [2024-07-11 23:29:12,726] {dagbag.py:500} INFO - Filling up the DagBag from /opt/airflow/dags/dag_text_processing_2.py
[2024-07-11 23:29:14,735] {processor.py:654} INFO - DAG(s) dict_keys(['text_processing_dag_2']) retrieved from /opt/airflow/dags/dag_text_processing_2.py
[2024-07-11 23:29:14,747] {logging_mixin.py:109} INFO - [2024-07-11 23:29:14,745] {dag.py:2398} INFO - Sync 1 DAGs
[2024-07-11 23:29:14,766] {logging_mixin.py:109} INFO - [2024-07-11 23:29:14,766] {dag.py:2937} INFO - Setting next_dagrun for text_processing_dag_2 to None
[2024-07-11 23:29:14,776] {processor.py:171} INFO - Processing /opt/airflow/dags/dag_text_processing_2.py took 2.071 seconds
[2024-07-11 23:29:45,339] {processor.py:163} INFO - Started process (PID=1217) to work on /opt/airflow/dags/dag_text_processing_2.py
[2024-07-11 23:29:45,342] {processor.py:642} INFO - Processing file /opt/airflow/dags/dag_text_processing_2.py for tasks to queue
[2024-07-11 23:29:45,345] {logging_mixin.py:109} INFO - [2024-07-11 23:29:45,344] {dagbag.py:500} INFO - Filling up the DagBag from /opt/airflow/dags/dag_text_processing_2.py
[2024-07-11 23:29:47,638] {processor.py:654} INFO - DAG(s) dict_keys(['text_processing_dag_2']) retrieved from /opt/airflow/dags/dag_text_processing_2.py
[2024-07-11 23:29:47,651] {logging_mixin.py:109} INFO - [2024-07-11 23:29:47,649] {dag.py:2398} INFO - Sync 1 DAGs
[2024-07-11 23:29:47,674] {logging_mixin.py:109} INFO - [2024-07-11 23:29:47,674] {dag.py:2937} INFO - Setting next_dagrun for text_processing_dag_2 to None
[2024-07-11 23:29:47,686] {processor.py:171} INFO - Processing /opt/airflow/dags/dag_text_processing_2.py took 2.358 seconds
[2024-07-11 23:30:18,308] {processor.py:163} INFO - Started process (PID=1251) to work on /opt/airflow/dags/dag_text_processing_2.py
[2024-07-11 23:30:18,313] {processor.py:642} INFO - Processing file /opt/airflow/dags/dag_text_processing_2.py for tasks to queue
[2024-07-11 23:30:18,316] {logging_mixin.py:109} INFO - [2024-07-11 23:30:18,316] {dagbag.py:500} INFO - Filling up the DagBag from /opt/airflow/dags/dag_text_processing_2.py
[2024-07-11 23:30:21,200] {processor.py:654} INFO - DAG(s) dict_keys(['text_processing_dag_2']) retrieved from /opt/airflow/dags/dag_text_processing_2.py
[2024-07-11 23:30:21,213] {logging_mixin.py:109} INFO - [2024-07-11 23:30:21,212] {dag.py:2398} INFO - Sync 1 DAGs
[2024-07-11 23:30:21,235] {logging_mixin.py:109} INFO - [2024-07-11 23:30:21,235] {dag.py:2937} INFO - Setting next_dagrun for text_processing_dag_2 to None
[2024-07-11 23:30:21,253] {processor.py:171} INFO - Processing /opt/airflow/dags/dag_text_processing_2.py took 2.958 seconds
[2024-07-11 23:30:51,365] {processor.py:163} INFO - Started process (PID=1282) to work on /opt/airflow/dags/dag_text_processing_2.py
[2024-07-11 23:30:51,369] {processor.py:642} INFO - Processing file /opt/airflow/dags/dag_text_processing_2.py for tasks to queue
[2024-07-11 23:30:51,371] {logging_mixin.py:109} INFO - [2024-07-11 23:30:51,371] {dagbag.py:500} INFO - Filling up the DagBag from /opt/airflow/dags/dag_text_processing_2.py
[2024-07-11 23:30:54,268] {processor.py:654} INFO - DAG(s) dict_keys(['text_processing_dag_2']) retrieved from /opt/airflow/dags/dag_text_processing_2.py
[2024-07-11 23:30:54,281] {logging_mixin.py:109} INFO - [2024-07-11 23:30:54,279] {dag.py:2398} INFO - Sync 1 DAGs
[2024-07-11 23:30:54,301] {logging_mixin.py:109} INFO - [2024-07-11 23:30:54,301] {dag.py:2937} INFO - Setting next_dagrun for text_processing_dag_2 to None
[2024-07-11 23:30:54,315] {processor.py:171} INFO - Processing /opt/airflow/dags/dag_text_processing_2.py took 2.960 seconds
[2024-07-11 23:31:24,927] {processor.py:163} INFO - Started process (PID=1313) to work on /opt/airflow/dags/dag_text_processing_2.py
[2024-07-11 23:31:24,932] {processor.py:642} INFO - Processing file /opt/airflow/dags/dag_text_processing_2.py for tasks to queue
[2024-07-11 23:31:24,934] {logging_mixin.py:109} INFO - [2024-07-11 23:31:24,934] {dagbag.py:500} INFO - Filling up the DagBag from /opt/airflow/dags/dag_text_processing_2.py
[2024-07-11 23:31:27,472] {processor.py:654} INFO - DAG(s) dict_keys(['text_processing_dag_2']) retrieved from /opt/airflow/dags/dag_text_processing_2.py
[2024-07-11 23:31:27,483] {logging_mixin.py:109} INFO - [2024-07-11 23:31:27,481] {dag.py:2398} INFO - Sync 1 DAGs
[2024-07-11 23:31:27,505] {logging_mixin.py:109} INFO - [2024-07-11 23:31:27,505] {dag.py:2937} INFO - Setting next_dagrun for text_processing_dag_2 to None
[2024-07-11 23:31:27,529] {processor.py:171} INFO - Processing /opt/airflow/dags/dag_text_processing_2.py took 2.613 seconds
[2024-07-11 23:31:58,187] {processor.py:163} INFO - Started process (PID=1344) to work on /opt/airflow/dags/dag_text_processing_2.py
[2024-07-11 23:31:58,191] {processor.py:642} INFO - Processing file /opt/airflow/dags/dag_text_processing_2.py for tasks to queue
[2024-07-11 23:31:58,194] {logging_mixin.py:109} INFO - [2024-07-11 23:31:58,193] {dagbag.py:500} INFO - Filling up the DagBag from /opt/airflow/dags/dag_text_processing_2.py
[2024-07-11 23:32:01,405] {processor.py:654} INFO - DAG(s) dict_keys(['text_processing_dag_2']) retrieved from /opt/airflow/dags/dag_text_processing_2.py
[2024-07-11 23:32:01,435] {logging_mixin.py:109} INFO - [2024-07-11 23:32:01,428] {dag.py:2398} INFO - Sync 1 DAGs
[2024-07-11 23:32:01,461] {logging_mixin.py:109} INFO - [2024-07-11 23:32:01,461] {dag.py:2937} INFO - Setting next_dagrun for text_processing_dag_2 to None
[2024-07-11 23:32:01,493] {processor.py:171} INFO - Processing /opt/airflow/dags/dag_text_processing_2.py took 3.316 seconds
[2024-07-11 23:32:32,169] {processor.py:163} INFO - Started process (PID=1375) to work on /opt/airflow/dags/dag_text_processing_2.py
[2024-07-11 23:32:32,170] {processor.py:642} INFO - Processing file /opt/airflow/dags/dag_text_processing_2.py for tasks to queue
[2024-07-11 23:32:32,171] {logging_mixin.py:109} INFO - [2024-07-11 23:32:32,171] {dagbag.py:500} INFO - Filling up the DagBag from /opt/airflow/dags/dag_text_processing_2.py
[2024-07-11 23:32:35,466] {processor.py:654} INFO - DAG(s) dict_keys(['text_processing_dag_2']) retrieved from /opt/airflow/dags/dag_text_processing_2.py
[2024-07-11 23:32:35,484] {logging_mixin.py:109} INFO - [2024-07-11 23:32:35,480] {dag.py:2398} INFO - Sync 1 DAGs
[2024-07-11 23:32:35,515] {logging_mixin.py:109} INFO - [2024-07-11 23:32:35,515] {dag.py:2937} INFO - Setting next_dagrun for text_processing_dag_2 to None
[2024-07-11 23:32:35,540] {processor.py:171} INFO - Processing /opt/airflow/dags/dag_text_processing_2.py took 3.375 seconds
[2024-07-11 23:33:06,202] {processor.py:163} INFO - Started process (PID=1406) to work on /opt/airflow/dags/dag_text_processing_2.py
[2024-07-11 23:33:06,207] {processor.py:642} INFO - Processing file /opt/airflow/dags/dag_text_processing_2.py for tasks to queue
[2024-07-11 23:33:06,210] {logging_mixin.py:109} INFO - [2024-07-11 23:33:06,209] {dagbag.py:500} INFO - Filling up the DagBag from /opt/airflow/dags/dag_text_processing_2.py
[2024-07-11 23:33:09,644] {processor.py:654} INFO - DAG(s) dict_keys(['text_processing_dag_2']) retrieved from /opt/airflow/dags/dag_text_processing_2.py
[2024-07-11 23:33:09,658] {logging_mixin.py:109} INFO - [2024-07-11 23:33:09,656] {dag.py:2398} INFO - Sync 1 DAGs
[2024-07-11 23:33:09,682] {logging_mixin.py:109} INFO - [2024-07-11 23:33:09,682] {dag.py:2937} INFO - Setting next_dagrun for text_processing_dag_2 to None
[2024-07-11 23:33:09,694] {processor.py:171} INFO - Processing /opt/airflow/dags/dag_text_processing_2.py took 3.504 seconds
[2024-07-11 23:33:40,450] {processor.py:163} INFO - Started process (PID=1437) to work on /opt/airflow/dags/dag_text_processing_2.py
[2024-07-11 23:33:40,475] {processor.py:642} INFO - Processing file /opt/airflow/dags/dag_text_processing_2.py for tasks to queue
[2024-07-11 23:33:40,476] {logging_mixin.py:109} INFO - [2024-07-11 23:33:40,476] {dagbag.py:500} INFO - Filling up the DagBag from /opt/airflow/dags/dag_text_processing_2.py
[2024-07-11 23:33:43,369] {processor.py:654} INFO - DAG(s) dict_keys(['text_processing_dag_2']) retrieved from /opt/airflow/dags/dag_text_processing_2.py
[2024-07-11 23:33:43,405] {logging_mixin.py:109} INFO - [2024-07-11 23:33:43,401] {dag.py:2398} INFO - Sync 1 DAGs
[2024-07-11 23:33:43,474] {logging_mixin.py:109} INFO - [2024-07-11 23:33:43,473] {dag.py:2937} INFO - Setting next_dagrun for text_processing_dag_2 to None
[2024-07-11 23:33:43,503] {processor.py:171} INFO - Processing /opt/airflow/dags/dag_text_processing_2.py took 3.088 seconds
[2024-07-11 23:34:14,067] {processor.py:163} INFO - Started process (PID=1468) to work on /opt/airflow/dags/dag_text_processing_2.py
[2024-07-11 23:34:14,070] {processor.py:642} INFO - Processing file /opt/airflow/dags/dag_text_processing_2.py for tasks to queue
[2024-07-11 23:34:14,072] {logging_mixin.py:109} INFO - [2024-07-11 23:34:14,072] {dagbag.py:500} INFO - Filling up the DagBag from /opt/airflow/dags/dag_text_processing_2.py
[2024-07-11 23:34:17,114] {processor.py:654} INFO - DAG(s) dict_keys(['text_processing_dag_2']) retrieved from /opt/airflow/dags/dag_text_processing_2.py
[2024-07-11 23:34:17,135] {logging_mixin.py:109} INFO - [2024-07-11 23:34:17,132] {dag.py:2398} INFO - Sync 1 DAGs
[2024-07-11 23:34:17,172] {logging_mixin.py:109} INFO - [2024-07-11 23:34:17,172] {dag.py:2937} INFO - Setting next_dagrun for text_processing_dag_2 to None
[2024-07-11 23:34:17,202] {processor.py:171} INFO - Processing /opt/airflow/dags/dag_text_processing_2.py took 3.150 seconds
[2024-07-11 23:34:47,668] {processor.py:163} INFO - Started process (PID=1499) to work on /opt/airflow/dags/dag_text_processing_2.py
[2024-07-11 23:34:47,675] {processor.py:642} INFO - Processing file /opt/airflow/dags/dag_text_processing_2.py for tasks to queue
[2024-07-11 23:34:47,678] {logging_mixin.py:109} INFO - [2024-07-11 23:34:47,678] {dagbag.py:500} INFO - Filling up the DagBag from /opt/airflow/dags/dag_text_processing_2.py
[2024-07-11 23:34:50,719] {processor.py:654} INFO - DAG(s) dict_keys(['text_processing_dag_2']) retrieved from /opt/airflow/dags/dag_text_processing_2.py
[2024-07-11 23:34:50,742] {logging_mixin.py:109} INFO - [2024-07-11 23:34:50,738] {dag.py:2398} INFO - Sync 1 DAGs
[2024-07-11 23:34:50,778] {logging_mixin.py:109} INFO - [2024-07-11 23:34:50,777] {dag.py:2937} INFO - Setting next_dagrun for text_processing_dag_2 to None
[2024-07-11 23:34:50,796] {processor.py:171} INFO - Processing /opt/airflow/dags/dag_text_processing_2.py took 3.141 seconds
[2024-07-11 23:35:21,507] {processor.py:163} INFO - Started process (PID=1530) to work on /opt/airflow/dags/dag_text_processing_2.py
[2024-07-11 23:35:21,521] {processor.py:642} INFO - Processing file /opt/airflow/dags/dag_text_processing_2.py for tasks to queue
[2024-07-11 23:35:21,523] {logging_mixin.py:109} INFO - [2024-07-11 23:35:21,523] {dagbag.py:500} INFO - Filling up the DagBag from /opt/airflow/dags/dag_text_processing_2.py
[2024-07-11 23:35:24,258] {processor.py:654} INFO - DAG(s) dict_keys(['text_processing_dag_2']) retrieved from /opt/airflow/dags/dag_text_processing_2.py
[2024-07-11 23:35:24,271] {logging_mixin.py:109} INFO - [2024-07-11 23:35:24,269] {dag.py:2398} INFO - Sync 1 DAGs
[2024-07-11 23:35:24,295] {logging_mixin.py:109} INFO - [2024-07-11 23:35:24,295] {dag.py:2937} INFO - Setting next_dagrun for text_processing_dag_2 to None
[2024-07-11 23:35:24,306] {processor.py:171} INFO - Processing /opt/airflow/dags/dag_text_processing_2.py took 2.816 seconds
[2024-07-11 23:35:54,765] {processor.py:163} INFO - Started process (PID=1563) to work on /opt/airflow/dags/dag_text_processing_2.py
[2024-07-11 23:35:54,769] {processor.py:642} INFO - Processing file /opt/airflow/dags/dag_text_processing_2.py for tasks to queue
[2024-07-11 23:35:54,771] {logging_mixin.py:109} INFO - [2024-07-11 23:35:54,771] {dagbag.py:500} INFO - Filling up the DagBag from /opt/airflow/dags/dag_text_processing_2.py
[2024-07-11 23:35:57,661] {processor.py:654} INFO - DAG(s) dict_keys(['text_processing_dag_2']) retrieved from /opt/airflow/dags/dag_text_processing_2.py
[2024-07-11 23:35:57,676] {logging_mixin.py:109} INFO - [2024-07-11 23:35:57,674] {dag.py:2398} INFO - Sync 1 DAGs
[2024-07-11 23:35:57,698] {logging_mixin.py:109} INFO - [2024-07-11 23:35:57,698] {dag.py:2937} INFO - Setting next_dagrun for text_processing_dag_2 to None
[2024-07-11 23:35:57,712] {processor.py:171} INFO - Processing /opt/airflow/dags/dag_text_processing_2.py took 2.957 seconds
[2024-07-11 23:36:28,415] {processor.py:163} INFO - Started process (PID=1600) to work on /opt/airflow/dags/dag_text_processing_2.py
[2024-07-11 23:36:28,419] {processor.py:642} INFO - Processing file /opt/airflow/dags/dag_text_processing_2.py for tasks to queue
[2024-07-11 23:36:28,421] {logging_mixin.py:109} INFO - [2024-07-11 23:36:28,420] {dagbag.py:500} INFO - Filling up the DagBag from /opt/airflow/dags/dag_text_processing_2.py
[2024-07-11 23:36:31,384] {processor.py:654} INFO - DAG(s) dict_keys(['text_processing_dag_2']) retrieved from /opt/airflow/dags/dag_text_processing_2.py
[2024-07-11 23:36:31,406] {logging_mixin.py:109} INFO - [2024-07-11 23:36:31,403] {dag.py:2398} INFO - Sync 1 DAGs
[2024-07-11 23:36:31,444] {logging_mixin.py:109} INFO - [2024-07-11 23:36:31,444] {dag.py:2937} INFO - Setting next_dagrun for text_processing_dag_2 to None
[2024-07-11 23:36:31,463] {processor.py:171} INFO - Processing /opt/airflow/dags/dag_text_processing_2.py took 3.069 seconds
[2024-07-11 23:37:02,413] {processor.py:163} INFO - Started process (PID=1633) to work on /opt/airflow/dags/dag_text_processing_2.py
[2024-07-11 23:37:02,416] {processor.py:642} INFO - Processing file /opt/airflow/dags/dag_text_processing_2.py for tasks to queue
[2024-07-11 23:37:02,418] {logging_mixin.py:109} INFO - [2024-07-11 23:37:02,418] {dagbag.py:500} INFO - Filling up the DagBag from /opt/airflow/dags/dag_text_processing_2.py
[2024-07-11 23:37:05,815] {processor.py:654} INFO - DAG(s) dict_keys(['text_processing_dag_2']) retrieved from /opt/airflow/dags/dag_text_processing_2.py
[2024-07-11 23:37:05,843] {logging_mixin.py:109} INFO - [2024-07-11 23:37:05,840] {dag.py:2398} INFO - Sync 1 DAGs
[2024-07-11 23:37:05,883] {logging_mixin.py:109} INFO - [2024-07-11 23:37:05,883] {dag.py:2937} INFO - Setting next_dagrun for text_processing_dag_2 to None
[2024-07-11 23:37:05,902] {processor.py:171} INFO - Processing /opt/airflow/dags/dag_text_processing_2.py took 3.494 seconds
[2024-07-11 23:37:36,197] {processor.py:163} INFO - Started process (PID=1664) to work on /opt/airflow/dags/dag_text_processing_2.py
[2024-07-11 23:37:36,208] {processor.py:642} INFO - Processing file /opt/airflow/dags/dag_text_processing_2.py for tasks to queue
[2024-07-11 23:37:36,211] {logging_mixin.py:109} INFO - [2024-07-11 23:37:36,210] {dagbag.py:500} INFO - Filling up the DagBag from /opt/airflow/dags/dag_text_processing_2.py
[2024-07-11 23:37:39,116] {processor.py:654} INFO - DAG(s) dict_keys(['text_processing_dag_2']) retrieved from /opt/airflow/dags/dag_text_processing_2.py
[2024-07-11 23:37:39,130] {logging_mixin.py:109} INFO - [2024-07-11 23:37:39,128] {dag.py:2398} INFO - Sync 1 DAGs
[2024-07-11 23:37:39,155] {logging_mixin.py:109} INFO - [2024-07-11 23:37:39,155] {dag.py:2937} INFO - Setting next_dagrun for text_processing_dag_2 to None
[2024-07-11 23:37:39,166] {processor.py:171} INFO - Processing /opt/airflow/dags/dag_text_processing_2.py took 2.988 seconds
[2024-07-11 23:38:09,767] {processor.py:163} INFO - Started process (PID=1695) to work on /opt/airflow/dags/dag_text_processing_2.py
[2024-07-11 23:38:09,771] {processor.py:642} INFO - Processing file /opt/airflow/dags/dag_text_processing_2.py for tasks to queue
[2024-07-11 23:38:09,773] {logging_mixin.py:109} INFO - [2024-07-11 23:38:09,773] {dagbag.py:500} INFO - Filling up the DagBag from /opt/airflow/dags/dag_text_processing_2.py
[2024-07-11 23:38:13,376] {processor.py:654} INFO - DAG(s) dict_keys(['text_processing_dag_2']) retrieved from /opt/airflow/dags/dag_text_processing_2.py
[2024-07-11 23:38:13,403] {logging_mixin.py:109} INFO - [2024-07-11 23:38:13,400] {dag.py:2398} INFO - Sync 1 DAGs
[2024-07-11 23:38:13,468] {logging_mixin.py:109} INFO - [2024-07-11 23:38:13,467] {dag.py:2937} INFO - Setting next_dagrun for text_processing_dag_2 to None
[2024-07-11 23:38:13,497] {processor.py:171} INFO - Processing /opt/airflow/dags/dag_text_processing_2.py took 3.740 seconds
[2024-07-11 23:38:43,642] {processor.py:163} INFO - Started process (PID=1726) to work on /opt/airflow/dags/dag_text_processing_2.py
[2024-07-11 23:38:43,646] {processor.py:642} INFO - Processing file /opt/airflow/dags/dag_text_processing_2.py for tasks to queue
[2024-07-11 23:38:43,649] {logging_mixin.py:109} INFO - [2024-07-11 23:38:43,648] {dagbag.py:500} INFO - Filling up the DagBag from /opt/airflow/dags/dag_text_processing_2.py
[2024-07-11 23:38:46,725] {processor.py:654} INFO - DAG(s) dict_keys(['text_processing_dag_2']) retrieved from /opt/airflow/dags/dag_text_processing_2.py
[2024-07-11 23:38:46,740] {logging_mixin.py:109} INFO - [2024-07-11 23:38:46,737] {dag.py:2398} INFO - Sync 1 DAGs
[2024-07-11 23:38:46,766] {logging_mixin.py:109} INFO - [2024-07-11 23:38:46,766] {dag.py:2937} INFO - Setting next_dagrun for text_processing_dag_2 to None
[2024-07-11 23:38:46,779] {processor.py:171} INFO - Processing /opt/airflow/dags/dag_text_processing_2.py took 3.149 seconds
[2024-07-11 23:39:17,711] {processor.py:163} INFO - Started process (PID=1757) to work on /opt/airflow/dags/dag_text_processing_2.py
[2024-07-11 23:39:17,721] {processor.py:642} INFO - Processing file /opt/airflow/dags/dag_text_processing_2.py for tasks to queue
[2024-07-11 23:39:17,726] {logging_mixin.py:109} INFO - [2024-07-11 23:39:17,725] {dagbag.py:500} INFO - Filling up the DagBag from /opt/airflow/dags/dag_text_processing_2.py
[2024-07-11 23:39:20,421] {processor.py:654} INFO - DAG(s) dict_keys(['text_processing_dag_2']) retrieved from /opt/airflow/dags/dag_text_processing_2.py
[2024-07-11 23:39:20,441] {logging_mixin.py:109} INFO - [2024-07-11 23:39:20,439] {dag.py:2398} INFO - Sync 1 DAGs
[2024-07-11 23:39:20,484] {logging_mixin.py:109} INFO - [2024-07-11 23:39:20,484] {dag.py:2937} INFO - Setting next_dagrun for text_processing_dag_2 to None
[2024-07-11 23:39:20,510] {processor.py:171} INFO - Processing /opt/airflow/dags/dag_text_processing_2.py took 2.822 seconds
[2024-07-11 23:39:51,124] {processor.py:163} INFO - Started process (PID=1788) to work on /opt/airflow/dags/dag_text_processing_2.py
[2024-07-11 23:39:51,128] {processor.py:642} INFO - Processing file /opt/airflow/dags/dag_text_processing_2.py for tasks to queue
[2024-07-11 23:39:51,130] {logging_mixin.py:109} INFO - [2024-07-11 23:39:51,129] {dagbag.py:500} INFO - Filling up the DagBag from /opt/airflow/dags/dag_text_processing_2.py
[2024-07-11 23:39:53,696] {processor.py:654} INFO - DAG(s) dict_keys(['text_processing_dag_2']) retrieved from /opt/airflow/dags/dag_text_processing_2.py
[2024-07-11 23:39:53,711] {logging_mixin.py:109} INFO - [2024-07-11 23:39:53,709] {dag.py:2398} INFO - Sync 1 DAGs
[2024-07-11 23:39:53,733] {logging_mixin.py:109} INFO - [2024-07-11 23:39:53,732] {dag.py:2937} INFO - Setting next_dagrun for text_processing_dag_2 to None
[2024-07-11 23:39:53,744] {processor.py:171} INFO - Processing /opt/airflow/dags/dag_text_processing_2.py took 2.633 seconds
[2024-07-11 23:40:23,916] {processor.py:163} INFO - Started process (PID=1819) to work on /opt/airflow/dags/dag_text_processing_2.py
[2024-07-11 23:40:23,921] {processor.py:642} INFO - Processing file /opt/airflow/dags/dag_text_processing_2.py for tasks to queue
[2024-07-11 23:40:23,924] {logging_mixin.py:109} INFO - [2024-07-11 23:40:23,923] {dagbag.py:500} INFO - Filling up the DagBag from /opt/airflow/dags/dag_text_processing_2.py
[2024-07-11 23:40:26,581] {processor.py:654} INFO - DAG(s) dict_keys(['text_processing_dag_2']) retrieved from /opt/airflow/dags/dag_text_processing_2.py
[2024-07-11 23:40:26,595] {logging_mixin.py:109} INFO - [2024-07-11 23:40:26,594] {dag.py:2398} INFO - Sync 1 DAGs
[2024-07-11 23:40:26,618] {logging_mixin.py:109} INFO - [2024-07-11 23:40:26,618] {dag.py:2937} INFO - Setting next_dagrun for text_processing_dag_2 to None
[2024-07-11 23:40:26,630] {processor.py:171} INFO - Processing /opt/airflow/dags/dag_text_processing_2.py took 2.724 seconds
[2024-07-11 23:40:57,153] {processor.py:163} INFO - Started process (PID=1850) to work on /opt/airflow/dags/dag_text_processing_2.py
[2024-07-11 23:40:57,158] {processor.py:642} INFO - Processing file /opt/airflow/dags/dag_text_processing_2.py for tasks to queue
[2024-07-11 23:40:57,161] {logging_mixin.py:109} INFO - [2024-07-11 23:40:57,160] {dagbag.py:500} INFO - Filling up the DagBag from /opt/airflow/dags/dag_text_processing_2.py
[2024-07-11 23:40:59,774] {processor.py:654} INFO - DAG(s) dict_keys(['text_processing_dag_2']) retrieved from /opt/airflow/dags/dag_text_processing_2.py
[2024-07-11 23:40:59,787] {logging_mixin.py:109} INFO - [2024-07-11 23:40:59,785] {dag.py:2398} INFO - Sync 1 DAGs
[2024-07-11 23:40:59,809] {logging_mixin.py:109} INFO - [2024-07-11 23:40:59,809] {dag.py:2937} INFO - Setting next_dagrun for text_processing_dag_2 to None
[2024-07-11 23:40:59,821] {processor.py:171} INFO - Processing /opt/airflow/dags/dag_text_processing_2.py took 2.677 seconds
[2024-07-11 23:41:30,532] {processor.py:163} INFO - Started process (PID=1881) to work on /opt/airflow/dags/dag_text_processing_2.py
[2024-07-11 23:41:30,540] {processor.py:642} INFO - Processing file /opt/airflow/dags/dag_text_processing_2.py for tasks to queue
[2024-07-11 23:41:30,542] {logging_mixin.py:109} INFO - [2024-07-11 23:41:30,542] {dagbag.py:500} INFO - Filling up the DagBag from /opt/airflow/dags/dag_text_processing_2.py
[2024-07-11 23:41:33,934] {processor.py:654} INFO - DAG(s) dict_keys(['text_processing_dag_2']) retrieved from /opt/airflow/dags/dag_text_processing_2.py
[2024-07-11 23:41:33,962] {logging_mixin.py:109} INFO - [2024-07-11 23:41:33,961] {dag.py:2398} INFO - Sync 1 DAGs
[2024-07-11 23:41:34,013] {logging_mixin.py:109} INFO - [2024-07-11 23:41:34,013] {dag.py:2937} INFO - Setting next_dagrun for text_processing_dag_2 to None
[2024-07-11 23:41:34,040] {processor.py:171} INFO - Processing /opt/airflow/dags/dag_text_processing_2.py took 3.540 seconds
[2024-07-11 23:42:04,480] {processor.py:163} INFO - Started process (PID=1914) to work on /opt/airflow/dags/dag_text_processing_2.py
[2024-07-11 23:42:04,485] {processor.py:642} INFO - Processing file /opt/airflow/dags/dag_text_processing_2.py for tasks to queue
[2024-07-11 23:42:04,485] {logging_mixin.py:109} INFO - [2024-07-11 23:42:04,485] {dagbag.py:500} INFO - Filling up the DagBag from /opt/airflow/dags/dag_text_processing_2.py
[2024-07-11 23:42:05,865] {processor.py:654} INFO - DAG(s) dict_keys(['text_processing_dag_2']) retrieved from /opt/airflow/dags/dag_text_processing_2.py
[2024-07-11 23:42:05,877] {logging_mixin.py:109} INFO - [2024-07-11 23:42:05,873] {dag.py:2398} INFO - Sync 1 DAGs
[2024-07-11 23:42:05,895] {logging_mixin.py:109} INFO - [2024-07-11 23:42:05,895] {dag.py:2937} INFO - Setting next_dagrun for text_processing_dag_2 to None
[2024-07-11 23:42:05,903] {processor.py:171} INFO - Processing /opt/airflow/dags/dag_text_processing_2.py took 1.426 seconds
[2024-07-11 23:42:36,220] {processor.py:163} INFO - Started process (PID=1950) to work on /opt/airflow/dags/dag_text_processing_2.py
[2024-07-11 23:42:36,221] {processor.py:642} INFO - Processing file /opt/airflow/dags/dag_text_processing_2.py for tasks to queue
[2024-07-11 23:42:36,222] {logging_mixin.py:109} INFO - [2024-07-11 23:42:36,222] {dagbag.py:500} INFO - Filling up the DagBag from /opt/airflow/dags/dag_text_processing_2.py
[2024-07-11 23:42:37,868] {processor.py:654} INFO - DAG(s) dict_keys(['text_processing_dag_2']) retrieved from /opt/airflow/dags/dag_text_processing_2.py
[2024-07-11 23:42:37,876] {logging_mixin.py:109} INFO - [2024-07-11 23:42:37,875] {dag.py:2398} INFO - Sync 1 DAGs
[2024-07-11 23:42:37,892] {logging_mixin.py:109} INFO - [2024-07-11 23:42:37,892] {dag.py:2937} INFO - Setting next_dagrun for text_processing_dag_2 to None
[2024-07-11 23:42:37,902] {processor.py:171} INFO - Processing /opt/airflow/dags/dag_text_processing_2.py took 1.686 seconds
[2024-07-11 23:43:08,253] {processor.py:163} INFO - Started process (PID=1984) to work on /opt/airflow/dags/dag_text_processing_2.py
[2024-07-11 23:43:08,261] {processor.py:642} INFO - Processing file /opt/airflow/dags/dag_text_processing_2.py for tasks to queue
[2024-07-11 23:43:08,263] {logging_mixin.py:109} INFO - [2024-07-11 23:43:08,262] {dagbag.py:500} INFO - Filling up the DagBag from /opt/airflow/dags/dag_text_processing_2.py
[2024-07-11 23:43:09,696] {processor.py:654} INFO - DAG(s) dict_keys(['text_processing_dag_2']) retrieved from /opt/airflow/dags/dag_text_processing_2.py
[2024-07-11 23:43:09,720] {logging_mixin.py:109} INFO - [2024-07-11 23:43:09,718] {dag.py:2398} INFO - Sync 1 DAGs
[2024-07-11 23:43:09,740] {logging_mixin.py:109} INFO - [2024-07-11 23:43:09,739] {dag.py:2937} INFO - Setting next_dagrun for text_processing_dag_2 to None
[2024-07-11 23:43:09,752] {processor.py:171} INFO - Processing /opt/airflow/dags/dag_text_processing_2.py took 1.509 seconds
[2024-07-11 23:43:39,982] {processor.py:163} INFO - Started process (PID=2015) to work on /opt/airflow/dags/dag_text_processing_2.py
[2024-07-11 23:43:39,984] {processor.py:642} INFO - Processing file /opt/airflow/dags/dag_text_processing_2.py for tasks to queue
[2024-07-11 23:43:39,985] {logging_mixin.py:109} INFO - [2024-07-11 23:43:39,984] {dagbag.py:500} INFO - Filling up the DagBag from /opt/airflow/dags/dag_text_processing_2.py
[2024-07-11 23:43:41,294] {processor.py:654} INFO - DAG(s) dict_keys(['text_processing_dag_2']) retrieved from /opt/airflow/dags/dag_text_processing_2.py
[2024-07-11 23:43:41,304] {logging_mixin.py:109} INFO - [2024-07-11 23:43:41,303] {dag.py:2398} INFO - Sync 1 DAGs
[2024-07-11 23:43:41,320] {logging_mixin.py:109} INFO - [2024-07-11 23:43:41,320] {dag.py:2937} INFO - Setting next_dagrun for text_processing_dag_2 to None
[2024-07-11 23:43:41,330] {processor.py:171} INFO - Processing /opt/airflow/dags/dag_text_processing_2.py took 1.352 seconds
[2024-07-11 23:44:11,582] {processor.py:163} INFO - Started process (PID=2046) to work on /opt/airflow/dags/dag_text_processing_2.py
[2024-07-11 23:44:11,584] {processor.py:642} INFO - Processing file /opt/airflow/dags/dag_text_processing_2.py for tasks to queue
[2024-07-11 23:44:11,585] {logging_mixin.py:109} INFO - [2024-07-11 23:44:11,584] {dagbag.py:500} INFO - Filling up the DagBag from /opt/airflow/dags/dag_text_processing_2.py
[2024-07-11 23:44:13,026] {processor.py:654} INFO - DAG(s) dict_keys(['text_processing_dag_2']) retrieved from /opt/airflow/dags/dag_text_processing_2.py
[2024-07-11 23:44:13,037] {logging_mixin.py:109} INFO - [2024-07-11 23:44:13,035] {dag.py:2398} INFO - Sync 1 DAGs
[2024-07-11 23:44:13,055] {logging_mixin.py:109} INFO - [2024-07-11 23:44:13,055] {dag.py:2937} INFO - Setting next_dagrun for text_processing_dag_2 to None
[2024-07-11 23:44:13,064] {processor.py:171} INFO - Processing /opt/airflow/dags/dag_text_processing_2.py took 1.485 seconds
[2024-07-11 23:44:43,335] {processor.py:163} INFO - Started process (PID=2077) to work on /opt/airflow/dags/dag_text_processing_2.py
[2024-07-11 23:44:43,336] {processor.py:642} INFO - Processing file /opt/airflow/dags/dag_text_processing_2.py for tasks to queue
[2024-07-11 23:44:43,337] {logging_mixin.py:109} INFO - [2024-07-11 23:44:43,337] {dagbag.py:500} INFO - Filling up the DagBag from /opt/airflow/dags/dag_text_processing_2.py
[2024-07-11 23:44:46,419] {processor.py:654} INFO - DAG(s) dict_keys(['text_processing_dag_2']) retrieved from /opt/airflow/dags/dag_text_processing_2.py
[2024-07-11 23:44:46,433] {logging_mixin.py:109} INFO - [2024-07-11 23:44:46,431] {dag.py:2398} INFO - Sync 1 DAGs
[2024-07-11 23:44:46,467] {logging_mixin.py:109} INFO - [2024-07-11 23:44:46,467] {dag.py:2937} INFO - Setting next_dagrun for text_processing_dag_2 to None
[2024-07-11 23:44:46,493] {processor.py:171} INFO - Processing /opt/airflow/dags/dag_text_processing_2.py took 3.161 seconds
[2024-07-11 23:45:16,871] {processor.py:163} INFO - Started process (PID=2108) to work on /opt/airflow/dags/dag_text_processing_2.py
[2024-07-11 23:45:16,872] {processor.py:642} INFO - Processing file /opt/airflow/dags/dag_text_processing_2.py for tasks to queue
[2024-07-11 23:45:16,873] {logging_mixin.py:109} INFO - [2024-07-11 23:45:16,873] {dagbag.py:500} INFO - Filling up the DagBag from /opt/airflow/dags/dag_text_processing_2.py
[2024-07-11 23:45:18,266] {processor.py:654} INFO - DAG(s) dict_keys(['text_processing_dag_2']) retrieved from /opt/airflow/dags/dag_text_processing_2.py
[2024-07-11 23:45:18,276] {logging_mixin.py:109} INFO - [2024-07-11 23:45:18,275] {dag.py:2398} INFO - Sync 1 DAGs
[2024-07-11 23:45:18,294] {logging_mixin.py:109} INFO - [2024-07-11 23:45:18,294] {dag.py:2937} INFO - Setting next_dagrun for text_processing_dag_2 to None
[2024-07-11 23:45:18,303] {processor.py:171} INFO - Processing /opt/airflow/dags/dag_text_processing_2.py took 1.436 seconds
[2024-07-11 23:45:48,585] {processor.py:163} INFO - Started process (PID=2139) to work on /opt/airflow/dags/dag_text_processing_2.py
[2024-07-11 23:45:48,588] {processor.py:642} INFO - Processing file /opt/airflow/dags/dag_text_processing_2.py for tasks to queue
[2024-07-11 23:45:48,588] {logging_mixin.py:109} INFO - [2024-07-11 23:45:48,588] {dagbag.py:500} INFO - Filling up the DagBag from /opt/airflow/dags/dag_text_processing_2.py
[2024-07-11 23:45:49,861] {processor.py:654} INFO - DAG(s) dict_keys(['text_processing_dag_2']) retrieved from /opt/airflow/dags/dag_text_processing_2.py
[2024-07-11 23:45:49,870] {logging_mixin.py:109} INFO - [2024-07-11 23:45:49,869] {dag.py:2398} INFO - Sync 1 DAGs
[2024-07-11 23:45:49,885] {logging_mixin.py:109} INFO - [2024-07-11 23:45:49,885] {dag.py:2937} INFO - Setting next_dagrun for text_processing_dag_2 to None
[2024-07-11 23:45:49,893] {processor.py:171} INFO - Processing /opt/airflow/dags/dag_text_processing_2.py took 1.312 seconds
[2024-07-11 23:46:20,159] {processor.py:163} INFO - Started process (PID=2170) to work on /opt/airflow/dags/dag_text_processing_2.py
[2024-07-11 23:46:20,160] {processor.py:642} INFO - Processing file /opt/airflow/dags/dag_text_processing_2.py for tasks to queue
[2024-07-11 23:46:20,161] {logging_mixin.py:109} INFO - [2024-07-11 23:46:20,161] {dagbag.py:500} INFO - Filling up the DagBag from /opt/airflow/dags/dag_text_processing_2.py
[2024-07-11 23:46:21,981] {processor.py:654} INFO - DAG(s) dict_keys(['text_processing_dag_2']) retrieved from /opt/airflow/dags/dag_text_processing_2.py
[2024-07-11 23:46:21,992] {logging_mixin.py:109} INFO - [2024-07-11 23:46:21,990] {dag.py:2398} INFO - Sync 1 DAGs
[2024-07-11 23:46:22,009] {logging_mixin.py:109} INFO - [2024-07-11 23:46:22,009] {dag.py:2937} INFO - Setting next_dagrun for text_processing_dag_2 to None
[2024-07-11 23:46:22,017] {processor.py:171} INFO - Processing /opt/airflow/dags/dag_text_processing_2.py took 1.863 seconds
[2024-07-11 23:46:52,323] {processor.py:163} INFO - Started process (PID=2201) to work on /opt/airflow/dags/dag_text_processing_2.py
[2024-07-11 23:46:52,324] {processor.py:642} INFO - Processing file /opt/airflow/dags/dag_text_processing_2.py for tasks to queue
[2024-07-11 23:46:52,324] {logging_mixin.py:109} INFO - [2024-07-11 23:46:52,324] {dagbag.py:500} INFO - Filling up the DagBag from /opt/airflow/dags/dag_text_processing_2.py
[2024-07-11 23:46:53,647] {processor.py:654} INFO - DAG(s) dict_keys(['text_processing_dag_2']) retrieved from /opt/airflow/dags/dag_text_processing_2.py
[2024-07-11 23:46:53,659] {logging_mixin.py:109} INFO - [2024-07-11 23:46:53,657] {dag.py:2398} INFO - Sync 1 DAGs
[2024-07-11 23:46:53,675] {logging_mixin.py:109} INFO - [2024-07-11 23:46:53,675] {dag.py:2937} INFO - Setting next_dagrun for text_processing_dag_2 to None
[2024-07-11 23:46:53,683] {processor.py:171} INFO - Processing /opt/airflow/dags/dag_text_processing_2.py took 1.364 seconds
[2024-07-11 23:47:23,977] {processor.py:163} INFO - Started process (PID=2232) to work on /opt/airflow/dags/dag_text_processing_2.py
[2024-07-11 23:47:23,978] {processor.py:642} INFO - Processing file /opt/airflow/dags/dag_text_processing_2.py for tasks to queue
[2024-07-11 23:47:23,979] {logging_mixin.py:109} INFO - [2024-07-11 23:47:23,979] {dagbag.py:500} INFO - Filling up the DagBag from /opt/airflow/dags/dag_text_processing_2.py
[2024-07-11 23:47:25,315] {processor.py:654} INFO - DAG(s) dict_keys(['text_processing_dag_2']) retrieved from /opt/airflow/dags/dag_text_processing_2.py
[2024-07-11 23:47:25,325] {logging_mixin.py:109} INFO - [2024-07-11 23:47:25,323] {dag.py:2398} INFO - Sync 1 DAGs
[2024-07-11 23:47:25,341] {logging_mixin.py:109} INFO - [2024-07-11 23:47:25,341] {dag.py:2937} INFO - Setting next_dagrun for text_processing_dag_2 to None
[2024-07-11 23:47:25,350] {processor.py:171} INFO - Processing /opt/airflow/dags/dag_text_processing_2.py took 1.376 seconds
[2024-07-11 23:47:55,637] {processor.py:163} INFO - Started process (PID=2263) to work on /opt/airflow/dags/dag_text_processing_2.py
[2024-07-11 23:47:55,638] {processor.py:642} INFO - Processing file /opt/airflow/dags/dag_text_processing_2.py for tasks to queue
[2024-07-11 23:47:55,639] {logging_mixin.py:109} INFO - [2024-07-11 23:47:55,639] {dagbag.py:500} INFO - Filling up the DagBag from /opt/airflow/dags/dag_text_processing_2.py
[2024-07-11 23:47:56,986] {processor.py:654} INFO - DAG(s) dict_keys(['text_processing_dag_2']) retrieved from /opt/airflow/dags/dag_text_processing_2.py
[2024-07-11 23:47:56,998] {logging_mixin.py:109} INFO - [2024-07-11 23:47:56,996] {dag.py:2398} INFO - Sync 1 DAGs
[2024-07-11 23:47:57,014] {logging_mixin.py:109} INFO - [2024-07-11 23:47:57,014] {dag.py:2937} INFO - Setting next_dagrun for text_processing_dag_2 to None
[2024-07-11 23:47:57,023] {processor.py:171} INFO - Processing /opt/airflow/dags/dag_text_processing_2.py took 1.389 seconds
[2024-07-11 23:48:27,283] {processor.py:163} INFO - Started process (PID=2294) to work on /opt/airflow/dags/dag_text_processing_2.py
[2024-07-11 23:48:27,288] {processor.py:642} INFO - Processing file /opt/airflow/dags/dag_text_processing_2.py for tasks to queue
[2024-07-11 23:48:27,289] {logging_mixin.py:109} INFO - [2024-07-11 23:48:27,288] {dagbag.py:500} INFO - Filling up the DagBag from /opt/airflow/dags/dag_text_processing_2.py
[2024-07-11 23:48:28,592] {processor.py:654} INFO - DAG(s) dict_keys(['text_processing_dag_2']) retrieved from /opt/airflow/dags/dag_text_processing_2.py
[2024-07-11 23:48:28,602] {logging_mixin.py:109} INFO - [2024-07-11 23:48:28,601] {dag.py:2398} INFO - Sync 1 DAGs
[2024-07-11 23:48:28,617] {logging_mixin.py:109} INFO - [2024-07-11 23:48:28,617] {dag.py:2937} INFO - Setting next_dagrun for text_processing_dag_2 to None
[2024-07-11 23:48:28,625] {processor.py:171} INFO - Processing /opt/airflow/dags/dag_text_processing_2.py took 1.345 seconds
[2024-07-11 23:48:58,886] {processor.py:163} INFO - Started process (PID=2325) to work on /opt/airflow/dags/dag_text_processing_2.py
[2024-07-11 23:48:58,888] {processor.py:642} INFO - Processing file /opt/airflow/dags/dag_text_processing_2.py for tasks to queue
[2024-07-11 23:48:58,889] {logging_mixin.py:109} INFO - [2024-07-11 23:48:58,888] {dagbag.py:500} INFO - Filling up the DagBag from /opt/airflow/dags/dag_text_processing_2.py
[2024-07-11 23:49:00,303] {processor.py:654} INFO - DAG(s) dict_keys(['text_processing_dag_2']) retrieved from /opt/airflow/dags/dag_text_processing_2.py
[2024-07-11 23:49:00,313] {logging_mixin.py:109} INFO - [2024-07-11 23:49:00,311] {dag.py:2398} INFO - Sync 1 DAGs
[2024-07-11 23:49:00,329] {logging_mixin.py:109} INFO - [2024-07-11 23:49:00,329] {dag.py:2937} INFO - Setting next_dagrun for text_processing_dag_2 to None
[2024-07-11 23:49:00,339] {processor.py:171} INFO - Processing /opt/airflow/dags/dag_text_processing_2.py took 1.457 seconds
[2024-07-11 23:49:30,601] {processor.py:163} INFO - Started process (PID=2370) to work on /opt/airflow/dags/dag_text_processing_2.py
[2024-07-11 23:49:30,603] {processor.py:642} INFO - Processing file /opt/airflow/dags/dag_text_processing_2.py for tasks to queue
[2024-07-11 23:49:30,603] {logging_mixin.py:109} INFO - [2024-07-11 23:49:30,603] {dagbag.py:500} INFO - Filling up the DagBag from /opt/airflow/dags/dag_text_processing_2.py
[2024-07-11 23:49:32,259] {processor.py:654} INFO - DAG(s) dict_keys(['text_processing_dag_2']) retrieved from /opt/airflow/dags/dag_text_processing_2.py
[2024-07-11 23:49:32,267] {logging_mixin.py:109} INFO - [2024-07-11 23:49:32,266] {dag.py:2398} INFO - Sync 1 DAGs
[2024-07-11 23:49:32,285] {logging_mixin.py:109} INFO - [2024-07-11 23:49:32,285] {dag.py:2937} INFO - Setting next_dagrun for text_processing_dag_2 to None
[2024-07-11 23:49:32,296] {processor.py:171} INFO - Processing /opt/airflow/dags/dag_text_processing_2.py took 1.702 seconds
[2024-07-11 23:50:02,638] {processor.py:163} INFO - Started process (PID=2401) to work on /opt/airflow/dags/dag_text_processing_2.py
[2024-07-11 23:50:02,645] {processor.py:642} INFO - Processing file /opt/airflow/dags/dag_text_processing_2.py for tasks to queue
[2024-07-11 23:50:02,646] {logging_mixin.py:109} INFO - [2024-07-11 23:50:02,646] {dagbag.py:500} INFO - Filling up the DagBag from /opt/airflow/dags/dag_text_processing_2.py
[2024-07-11 23:50:04,210] {processor.py:654} INFO - DAG(s) dict_keys(['text_processing_dag_2']) retrieved from /opt/airflow/dags/dag_text_processing_2.py
[2024-07-11 23:50:04,223] {logging_mixin.py:109} INFO - [2024-07-11 23:50:04,219] {dag.py:2398} INFO - Sync 1 DAGs
[2024-07-11 23:50:04,243] {logging_mixin.py:109} INFO - [2024-07-11 23:50:04,242] {dag.py:2937} INFO - Setting next_dagrun for text_processing_dag_2 to None
[2024-07-11 23:50:04,259] {processor.py:171} INFO - Processing /opt/airflow/dags/dag_text_processing_2.py took 1.625 seconds
[2024-07-11 23:50:34,538] {processor.py:163} INFO - Started process (PID=2432) to work on /opt/airflow/dags/dag_text_processing_2.py
[2024-07-11 23:50:34,540] {processor.py:642} INFO - Processing file /opt/airflow/dags/dag_text_processing_2.py for tasks to queue
[2024-07-11 23:50:34,540] {logging_mixin.py:109} INFO - [2024-07-11 23:50:34,540] {dagbag.py:500} INFO - Filling up the DagBag from /opt/airflow/dags/dag_text_processing_2.py
[2024-07-11 23:50:35,946] {processor.py:654} INFO - DAG(s) dict_keys(['text_processing_dag_2']) retrieved from /opt/airflow/dags/dag_text_processing_2.py
[2024-07-11 23:50:35,956] {logging_mixin.py:109} INFO - [2024-07-11 23:50:35,954] {dag.py:2398} INFO - Sync 1 DAGs
[2024-07-11 23:50:35,973] {logging_mixin.py:109} INFO - [2024-07-11 23:50:35,972] {dag.py:2937} INFO - Setting next_dagrun for text_processing_dag_2 to None
[2024-07-11 23:50:35,981] {processor.py:171} INFO - Processing /opt/airflow/dags/dag_text_processing_2.py took 1.446 seconds
[2024-07-11 23:51:06,225] {processor.py:163} INFO - Started process (PID=2463) to work on /opt/airflow/dags/dag_text_processing_2.py
[2024-07-11 23:51:06,227] {processor.py:642} INFO - Processing file /opt/airflow/dags/dag_text_processing_2.py for tasks to queue
[2024-07-11 23:51:06,227] {logging_mixin.py:109} INFO - [2024-07-11 23:51:06,227] {dagbag.py:500} INFO - Filling up the DagBag from /opt/airflow/dags/dag_text_processing_2.py
[2024-07-11 23:51:07,615] {processor.py:654} INFO - DAG(s) dict_keys(['text_processing_dag_2']) retrieved from /opt/airflow/dags/dag_text_processing_2.py
[2024-07-11 23:51:07,625] {logging_mixin.py:109} INFO - [2024-07-11 23:51:07,623] {dag.py:2398} INFO - Sync 1 DAGs
[2024-07-11 23:51:07,642] {logging_mixin.py:109} INFO - [2024-07-11 23:51:07,642] {dag.py:2937} INFO - Setting next_dagrun for text_processing_dag_2 to None
[2024-07-11 23:51:07,656] {processor.py:171} INFO - Processing /opt/airflow/dags/dag_text_processing_2.py took 1.436 seconds
[2024-07-11 23:51:37,924] {processor.py:163} INFO - Started process (PID=2494) to work on /opt/airflow/dags/dag_text_processing_2.py
[2024-07-11 23:51:37,925] {processor.py:642} INFO - Processing file /opt/airflow/dags/dag_text_processing_2.py for tasks to queue
[2024-07-11 23:51:37,926] {logging_mixin.py:109} INFO - [2024-07-11 23:51:37,925] {dagbag.py:500} INFO - Filling up the DagBag from /opt/airflow/dags/dag_text_processing_2.py
[2024-07-11 23:51:39,281] {processor.py:654} INFO - DAG(s) dict_keys(['text_processing_dag_2']) retrieved from /opt/airflow/dags/dag_text_processing_2.py
[2024-07-11 23:51:39,290] {logging_mixin.py:109} INFO - [2024-07-11 23:51:39,288] {dag.py:2398} INFO - Sync 1 DAGs
[2024-07-11 23:51:39,304] {logging_mixin.py:109} INFO - [2024-07-11 23:51:39,304] {dag.py:2937} INFO - Setting next_dagrun for text_processing_dag_2 to None
[2024-07-11 23:51:39,313] {processor.py:171} INFO - Processing /opt/airflow/dags/dag_text_processing_2.py took 1.392 seconds
[2024-07-11 23:52:09,594] {processor.py:163} INFO - Started process (PID=2525) to work on /opt/airflow/dags/dag_text_processing_2.py
[2024-07-11 23:52:09,595] {processor.py:642} INFO - Processing file /opt/airflow/dags/dag_text_processing_2.py for tasks to queue
[2024-07-11 23:52:09,596] {logging_mixin.py:109} INFO - [2024-07-11 23:52:09,596] {dagbag.py:500} INFO - Filling up the DagBag from /opt/airflow/dags/dag_text_processing_2.py
[2024-07-11 23:52:10,933] {processor.py:654} INFO - DAG(s) dict_keys(['text_processing_dag_2']) retrieved from /opt/airflow/dags/dag_text_processing_2.py
[2024-07-11 23:52:10,943] {logging_mixin.py:109} INFO - [2024-07-11 23:52:10,942] {dag.py:2398} INFO - Sync 1 DAGs
[2024-07-11 23:52:10,959] {logging_mixin.py:109} INFO - [2024-07-11 23:52:10,959] {dag.py:2937} INFO - Setting next_dagrun for text_processing_dag_2 to None
[2024-07-11 23:52:10,969] {processor.py:171} INFO - Processing /opt/airflow/dags/dag_text_processing_2.py took 1.379 seconds
[2024-07-11 23:52:41,248] {processor.py:163} INFO - Started process (PID=2556) to work on /opt/airflow/dags/dag_text_processing_2.py
[2024-07-11 23:52:41,250] {processor.py:642} INFO - Processing file /opt/airflow/dags/dag_text_processing_2.py for tasks to queue
[2024-07-11 23:52:41,252] {logging_mixin.py:109} INFO - [2024-07-11 23:52:41,251] {dagbag.py:500} INFO - Filling up the DagBag from /opt/airflow/dags/dag_text_processing_2.py
[2024-07-11 23:52:42,684] {processor.py:654} INFO - DAG(s) dict_keys(['text_processing_dag_2']) retrieved from /opt/airflow/dags/dag_text_processing_2.py
[2024-07-11 23:52:42,694] {logging_mixin.py:109} INFO - [2024-07-11 23:52:42,692] {dag.py:2398} INFO - Sync 1 DAGs
[2024-07-11 23:52:42,709] {logging_mixin.py:109} INFO - [2024-07-11 23:52:42,709] {dag.py:2937} INFO - Setting next_dagrun for text_processing_dag_2 to None
[2024-07-11 23:52:42,718] {processor.py:171} INFO - Processing /opt/airflow/dags/dag_text_processing_2.py took 1.474 seconds
[2024-07-11 23:53:12,994] {processor.py:163} INFO - Started process (PID=2587) to work on /opt/airflow/dags/dag_text_processing_2.py
[2024-07-11 23:53:12,995] {processor.py:642} INFO - Processing file /opt/airflow/dags/dag_text_processing_2.py for tasks to queue
[2024-07-11 23:53:12,995] {logging_mixin.py:109} INFO - [2024-07-11 23:53:12,995] {dagbag.py:500} INFO - Filling up the DagBag from /opt/airflow/dags/dag_text_processing_2.py
[2024-07-11 23:53:14,304] {processor.py:654} INFO - DAG(s) dict_keys(['text_processing_dag_2']) retrieved from /opt/airflow/dags/dag_text_processing_2.py
[2024-07-11 23:53:14,323] {logging_mixin.py:109} INFO - [2024-07-11 23:53:14,321] {dag.py:2398} INFO - Sync 1 DAGs
[2024-07-11 23:53:14,357] {logging_mixin.py:109} INFO - [2024-07-11 23:53:14,357] {dag.py:2937} INFO - Setting next_dagrun for text_processing_dag_2 to None
[2024-07-11 23:53:14,395] {processor.py:171} INFO - Processing /opt/airflow/dags/dag_text_processing_2.py took 1.404 seconds
[2024-07-11 23:53:44,703] {processor.py:163} INFO - Started process (PID=2618) to work on /opt/airflow/dags/dag_text_processing_2.py
[2024-07-11 23:53:44,705] {processor.py:642} INFO - Processing file /opt/airflow/dags/dag_text_processing_2.py for tasks to queue
[2024-07-11 23:53:44,706] {logging_mixin.py:109} INFO - [2024-07-11 23:53:44,706] {dagbag.py:500} INFO - Filling up the DagBag from /opt/airflow/dags/dag_text_processing_2.py
[2024-07-11 23:53:45,991] {processor.py:654} INFO - DAG(s) dict_keys(['text_processing_dag_2']) retrieved from /opt/airflow/dags/dag_text_processing_2.py
[2024-07-11 23:53:46,000] {logging_mixin.py:109} INFO - [2024-07-11 23:53:45,999] {dag.py:2398} INFO - Sync 1 DAGs
[2024-07-11 23:53:46,016] {logging_mixin.py:109} INFO - [2024-07-11 23:53:46,016] {dag.py:2937} INFO - Setting next_dagrun for text_processing_dag_2 to None
[2024-07-11 23:53:46,027] {processor.py:171} INFO - Processing /opt/airflow/dags/dag_text_processing_2.py took 1.329 seconds
[2024-07-11 23:54:16,332] {processor.py:163} INFO - Started process (PID=2649) to work on /opt/airflow/dags/dag_text_processing_2.py
[2024-07-11 23:54:16,333] {processor.py:642} INFO - Processing file /opt/airflow/dags/dag_text_processing_2.py for tasks to queue
[2024-07-11 23:54:16,334] {logging_mixin.py:109} INFO - [2024-07-11 23:54:16,334] {dagbag.py:500} INFO - Filling up the DagBag from /opt/airflow/dags/dag_text_processing_2.py
[2024-07-11 23:54:17,814] {processor.py:654} INFO - DAG(s) dict_keys(['text_processing_dag_2']) retrieved from /opt/airflow/dags/dag_text_processing_2.py
[2024-07-11 23:54:17,823] {logging_mixin.py:109} INFO - [2024-07-11 23:54:17,822] {dag.py:2398} INFO - Sync 1 DAGs
[2024-07-11 23:54:17,839] {logging_mixin.py:109} INFO - [2024-07-11 23:54:17,839] {dag.py:2937} INFO - Setting next_dagrun for text_processing_dag_2 to None
[2024-07-11 23:54:17,847] {processor.py:171} INFO - Processing /opt/airflow/dags/dag_text_processing_2.py took 1.518 seconds
[2024-07-11 23:54:48,123] {processor.py:163} INFO - Started process (PID=2680) to work on /opt/airflow/dags/dag_text_processing_2.py
[2024-07-11 23:54:48,124] {processor.py:642} INFO - Processing file /opt/airflow/dags/dag_text_processing_2.py for tasks to queue
[2024-07-11 23:54:48,125] {logging_mixin.py:109} INFO - [2024-07-11 23:54:48,125] {dagbag.py:500} INFO - Filling up the DagBag from /opt/airflow/dags/dag_text_processing_2.py
[2024-07-11 23:54:49,684] {processor.py:654} INFO - DAG(s) dict_keys(['text_processing_dag_2']) retrieved from /opt/airflow/dags/dag_text_processing_2.py
[2024-07-11 23:54:49,693] {logging_mixin.py:109} INFO - [2024-07-11 23:54:49,692] {dag.py:2398} INFO - Sync 1 DAGs
[2024-07-11 23:54:49,709] {logging_mixin.py:109} INFO - [2024-07-11 23:54:49,709] {dag.py:2937} INFO - Setting next_dagrun for text_processing_dag_2 to None
[2024-07-11 23:54:49,719] {processor.py:171} INFO - Processing /opt/airflow/dags/dag_text_processing_2.py took 1.599 seconds
[2024-07-11 23:55:19,963] {processor.py:163} INFO - Started process (PID=2711) to work on /opt/airflow/dags/dag_text_processing_2.py
[2024-07-11 23:55:19,964] {processor.py:642} INFO - Processing file /opt/airflow/dags/dag_text_processing_2.py for tasks to queue
[2024-07-11 23:55:19,965] {logging_mixin.py:109} INFO - [2024-07-11 23:55:19,965] {dagbag.py:500} INFO - Filling up the DagBag from /opt/airflow/dags/dag_text_processing_2.py
[2024-07-11 23:55:21,359] {processor.py:654} INFO - DAG(s) dict_keys(['text_processing_dag_2']) retrieved from /opt/airflow/dags/dag_text_processing_2.py
[2024-07-11 23:55:21,368] {logging_mixin.py:109} INFO - [2024-07-11 23:55:21,367] {dag.py:2398} INFO - Sync 1 DAGs
[2024-07-11 23:55:21,384] {logging_mixin.py:109} INFO - [2024-07-11 23:55:21,384] {dag.py:2937} INFO - Setting next_dagrun for text_processing_dag_2 to None
[2024-07-11 23:55:21,393] {processor.py:171} INFO - Processing /opt/airflow/dags/dag_text_processing_2.py took 1.433 seconds
[2024-07-11 23:55:51,674] {processor.py:163} INFO - Started process (PID=2742) to work on /opt/airflow/dags/dag_text_processing_2.py
[2024-07-11 23:55:51,683] {processor.py:642} INFO - Processing file /opt/airflow/dags/dag_text_processing_2.py for tasks to queue
[2024-07-11 23:55:51,684] {logging_mixin.py:109} INFO - [2024-07-11 23:55:51,684] {dagbag.py:500} INFO - Filling up the DagBag from /opt/airflow/dags/dag_text_processing_2.py
[2024-07-11 23:55:53,236] {processor.py:654} INFO - DAG(s) dict_keys(['text_processing_dag_2']) retrieved from /opt/airflow/dags/dag_text_processing_2.py
[2024-07-11 23:55:53,245] {logging_mixin.py:109} INFO - [2024-07-11 23:55:53,243] {dag.py:2398} INFO - Sync 1 DAGs
[2024-07-11 23:55:53,260] {logging_mixin.py:109} INFO - [2024-07-11 23:55:53,260] {dag.py:2937} INFO - Setting next_dagrun for text_processing_dag_2 to None
[2024-07-11 23:55:53,269] {processor.py:171} INFO - Processing /opt/airflow/dags/dag_text_processing_2.py took 1.605 seconds
[2024-07-11 23:56:23,588] {processor.py:163} INFO - Started process (PID=2775) to work on /opt/airflow/dags/dag_text_processing_2.py
[2024-07-11 23:56:23,591] {processor.py:642} INFO - Processing file /opt/airflow/dags/dag_text_processing_2.py for tasks to queue
[2024-07-11 23:56:23,592] {logging_mixin.py:109} INFO - [2024-07-11 23:56:23,592] {dagbag.py:500} INFO - Filling up the DagBag from /opt/airflow/dags/dag_text_processing_2.py
[2024-07-11 23:56:25,128] {processor.py:654} INFO - DAG(s) dict_keys(['text_processing_dag_2']) retrieved from /opt/airflow/dags/dag_text_processing_2.py
[2024-07-11 23:56:25,140] {logging_mixin.py:109} INFO - [2024-07-11 23:56:25,138] {dag.py:2398} INFO - Sync 1 DAGs
[2024-07-11 23:56:25,157] {logging_mixin.py:109} INFO - [2024-07-11 23:56:25,157] {dag.py:2937} INFO - Setting next_dagrun for text_processing_dag_2 to None
[2024-07-11 23:56:25,166] {processor.py:171} INFO - Processing /opt/airflow/dags/dag_text_processing_2.py took 1.581 seconds
[2024-07-11 23:56:55,464] {processor.py:163} INFO - Started process (PID=2812) to work on /opt/airflow/dags/dag_text_processing_2.py
[2024-07-11 23:56:55,465] {processor.py:642} INFO - Processing file /opt/airflow/dags/dag_text_processing_2.py for tasks to queue
[2024-07-11 23:56:55,466] {logging_mixin.py:109} INFO - [2024-07-11 23:56:55,465] {dagbag.py:500} INFO - Filling up the DagBag from /opt/airflow/dags/dag_text_processing_2.py
[2024-07-11 23:56:56,878] {processor.py:654} INFO - DAG(s) dict_keys(['text_processing_dag_2']) retrieved from /opt/airflow/dags/dag_text_processing_2.py
[2024-07-11 23:56:56,887] {logging_mixin.py:109} INFO - [2024-07-11 23:56:56,886] {dag.py:2398} INFO - Sync 1 DAGs
[2024-07-11 23:56:56,902] {logging_mixin.py:109} INFO - [2024-07-11 23:56:56,901] {dag.py:2937} INFO - Setting next_dagrun for text_processing_dag_2 to None
[2024-07-11 23:56:56,910] {processor.py:171} INFO - Processing /opt/airflow/dags/dag_text_processing_2.py took 1.449 seconds
[2024-07-11 23:57:27,252] {processor.py:163} INFO - Started process (PID=2845) to work on /opt/airflow/dags/dag_text_processing_2.py
[2024-07-11 23:57:27,254] {processor.py:642} INFO - Processing file /opt/airflow/dags/dag_text_processing_2.py for tasks to queue
[2024-07-11 23:57:27,255] {logging_mixin.py:109} INFO - [2024-07-11 23:57:27,255] {dagbag.py:500} INFO - Filling up the DagBag from /opt/airflow/dags/dag_text_processing_2.py
[2024-07-11 23:57:28,860] {processor.py:654} INFO - DAG(s) dict_keys(['text_processing_dag_2']) retrieved from /opt/airflow/dags/dag_text_processing_2.py
[2024-07-11 23:57:28,870] {logging_mixin.py:109} INFO - [2024-07-11 23:57:28,868] {dag.py:2398} INFO - Sync 1 DAGs
[2024-07-11 23:57:28,884] {logging_mixin.py:109} INFO - [2024-07-11 23:57:28,884] {dag.py:2937} INFO - Setting next_dagrun for text_processing_dag_2 to None
[2024-07-11 23:57:28,893] {processor.py:171} INFO - Processing /opt/airflow/dags/dag_text_processing_2.py took 1.644 seconds
[2024-07-11 23:57:59,173] {processor.py:163} INFO - Started process (PID=2876) to work on /opt/airflow/dags/dag_text_processing_2.py
[2024-07-11 23:57:59,180] {processor.py:642} INFO - Processing file /opt/airflow/dags/dag_text_processing_2.py for tasks to queue
[2024-07-11 23:57:59,180] {logging_mixin.py:109} INFO - [2024-07-11 23:57:59,180] {dagbag.py:500} INFO - Filling up the DagBag from /opt/airflow/dags/dag_text_processing_2.py
[2024-07-11 23:58:00,556] {processor.py:654} INFO - DAG(s) dict_keys(['text_processing_dag_2']) retrieved from /opt/airflow/dags/dag_text_processing_2.py
[2024-07-11 23:58:00,565] {logging_mixin.py:109} INFO - [2024-07-11 23:58:00,564] {dag.py:2398} INFO - Sync 1 DAGs
[2024-07-11 23:58:00,584] {logging_mixin.py:109} INFO - [2024-07-11 23:58:00,583] {dag.py:2937} INFO - Setting next_dagrun for text_processing_dag_2 to None
[2024-07-11 23:58:00,597] {processor.py:171} INFO - Processing /opt/airflow/dags/dag_text_processing_2.py took 1.428 seconds
[2024-07-11 23:58:30,849] {processor.py:163} INFO - Started process (PID=2907) to work on /opt/airflow/dags/dag_text_processing_2.py
[2024-07-11 23:58:30,850] {processor.py:642} INFO - Processing file /opt/airflow/dags/dag_text_processing_2.py for tasks to queue
[2024-07-11 23:58:30,851] {logging_mixin.py:109} INFO - [2024-07-11 23:58:30,850] {dagbag.py:500} INFO - Filling up the DagBag from /opt/airflow/dags/dag_text_processing_2.py
[2024-07-11 23:58:32,253] {processor.py:654} INFO - DAG(s) dict_keys(['text_processing_dag_2']) retrieved from /opt/airflow/dags/dag_text_processing_2.py
[2024-07-11 23:58:32,262] {logging_mixin.py:109} INFO - [2024-07-11 23:58:32,261] {dag.py:2398} INFO - Sync 1 DAGs
[2024-07-11 23:58:32,276] {logging_mixin.py:109} INFO - [2024-07-11 23:58:32,276] {dag.py:2937} INFO - Setting next_dagrun for text_processing_dag_2 to None
[2024-07-11 23:58:32,285] {processor.py:171} INFO - Processing /opt/airflow/dags/dag_text_processing_2.py took 1.438 seconds
[2024-07-11 23:59:02,467] {processor.py:163} INFO - Started process (PID=2938) to work on /opt/airflow/dags/dag_text_processing_2.py
[2024-07-11 23:59:02,474] {processor.py:642} INFO - Processing file /opt/airflow/dags/dag_text_processing_2.py for tasks to queue
[2024-07-11 23:59:02,474] {logging_mixin.py:109} INFO - [2024-07-11 23:59:02,474] {dagbag.py:500} INFO - Filling up the DagBag from /opt/airflow/dags/dag_text_processing_2.py
[2024-07-11 23:59:03,915] {processor.py:654} INFO - DAG(s) dict_keys(['text_processing_dag_2']) retrieved from /opt/airflow/dags/dag_text_processing_2.py
[2024-07-11 23:59:03,924] {logging_mixin.py:109} INFO - [2024-07-11 23:59:03,922] {dag.py:2398} INFO - Sync 1 DAGs
[2024-07-11 23:59:03,941] {logging_mixin.py:109} INFO - [2024-07-11 23:59:03,941] {dag.py:2937} INFO - Setting next_dagrun for text_processing_dag_2 to None
[2024-07-11 23:59:03,951] {processor.py:171} INFO - Processing /opt/airflow/dags/dag_text_processing_2.py took 1.489 seconds
[2024-07-11 23:59:34,230] {processor.py:163} INFO - Started process (PID=2969) to work on /opt/airflow/dags/dag_text_processing_2.py
[2024-07-11 23:59:34,231] {processor.py:642} INFO - Processing file /opt/airflow/dags/dag_text_processing_2.py for tasks to queue
[2024-07-11 23:59:34,231] {logging_mixin.py:109} INFO - [2024-07-11 23:59:34,231] {dagbag.py:500} INFO - Filling up the DagBag from /opt/airflow/dags/dag_text_processing_2.py
[2024-07-11 23:59:35,560] {processor.py:654} INFO - DAG(s) dict_keys(['text_processing_dag_2']) retrieved from /opt/airflow/dags/dag_text_processing_2.py
[2024-07-11 23:59:35,570] {logging_mixin.py:109} INFO - [2024-07-11 23:59:35,569] {dag.py:2398} INFO - Sync 1 DAGs
[2024-07-11 23:59:35,585] {logging_mixin.py:109} INFO - [2024-07-11 23:59:35,585] {dag.py:2937} INFO - Setting next_dagrun for text_processing_dag_2 to None
[2024-07-11 23:59:35,594] {processor.py:171} INFO - Processing /opt/airflow/dags/dag_text_processing_2.py took 1.367 seconds
