[2024-07-11 23:12:19,391] {processor.py:163} INFO - Started process (PID=173) to work on /opt/airflow/dags/kafka_consumer_dag.py
[2024-07-11 23:12:19,393] {processor.py:642} INFO - Processing file /opt/airflow/dags/kafka_consumer_dag.py for tasks to queue
[2024-07-11 23:12:19,395] {logging_mixin.py:109} INFO - [2024-07-11 23:12:19,395] {dagbag.py:500} INFO - Filling up the DagBag from /opt/airflow/dags/kafka_consumer_dag.py
[2024-07-11 23:12:19,501] {processor.py:654} INFO - DAG(s) dict_keys(['kafka_consumer_dag']) retrieved from /opt/airflow/dags/kafka_consumer_dag.py
[2024-07-11 23:12:19,517] {logging_mixin.py:109} INFO - [2024-07-11 23:12:19,517] {dag.py:2398} INFO - Sync 1 DAGs
[2024-07-11 23:12:19,564] {processor.py:171} INFO - Processing /opt/airflow/dags/kafka_consumer_dag.py took 0.176 seconds
[2024-07-11 23:12:49,587] {processor.py:163} INFO - Started process (PID=229) to work on /opt/airflow/dags/kafka_consumer_dag.py
[2024-07-11 23:12:49,588] {processor.py:642} INFO - Processing file /opt/airflow/dags/kafka_consumer_dag.py for tasks to queue
[2024-07-11 23:12:49,589] {logging_mixin.py:109} INFO - [2024-07-11 23:12:49,589] {dagbag.py:500} INFO - Filling up the DagBag from /opt/airflow/dags/kafka_consumer_dag.py
[2024-07-11 23:12:49,630] {processor.py:654} INFO - DAG(s) dict_keys(['kafka_consumer_dag']) retrieved from /opt/airflow/dags/kafka_consumer_dag.py
[2024-07-11 23:12:49,640] {logging_mixin.py:109} INFO - [2024-07-11 23:12:49,640] {dag.py:2398} INFO - Sync 1 DAGs
[2024-07-11 23:12:49,668] {processor.py:171} INFO - Processing /opt/airflow/dags/kafka_consumer_dag.py took 0.083 seconds
[2024-07-11 23:13:19,971] {processor.py:163} INFO - Started process (PID=260) to work on /opt/airflow/dags/kafka_consumer_dag.py
[2024-07-11 23:13:19,979] {processor.py:642} INFO - Processing file /opt/airflow/dags/kafka_consumer_dag.py for tasks to queue
[2024-07-11 23:13:19,980] {logging_mixin.py:109} INFO - [2024-07-11 23:13:19,980] {dagbag.py:500} INFO - Filling up the DagBag from /opt/airflow/dags/kafka_consumer_dag.py
[2024-07-11 23:13:20,071] {processor.py:654} INFO - DAG(s) dict_keys(['kafka_consumer_dag']) retrieved from /opt/airflow/dags/kafka_consumer_dag.py
[2024-07-11 23:13:20,087] {logging_mixin.py:109} INFO - [2024-07-11 23:13:20,087] {dag.py:2398} INFO - Sync 1 DAGs
[2024-07-11 23:13:20,120] {processor.py:171} INFO - Processing /opt/airflow/dags/kafka_consumer_dag.py took 0.155 seconds
[2024-07-11 23:13:51,133] {processor.py:163} INFO - Started process (PID=291) to work on /opt/airflow/dags/kafka_consumer_dag.py
[2024-07-11 23:13:51,137] {processor.py:642} INFO - Processing file /opt/airflow/dags/kafka_consumer_dag.py for tasks to queue
[2024-07-11 23:13:51,139] {logging_mixin.py:109} INFO - [2024-07-11 23:13:51,139] {dagbag.py:500} INFO - Filling up the DagBag from /opt/airflow/dags/kafka_consumer_dag.py
[2024-07-11 23:13:51,222] {processor.py:654} INFO - DAG(s) dict_keys(['kafka_consumer_dag']) retrieved from /opt/airflow/dags/kafka_consumer_dag.py
[2024-07-11 23:13:51,235] {logging_mixin.py:109} INFO - [2024-07-11 23:13:51,235] {dag.py:2398} INFO - Sync 1 DAGs
[2024-07-11 23:13:51,266] {processor.py:171} INFO - Processing /opt/airflow/dags/kafka_consumer_dag.py took 0.144 seconds
[2024-07-11 23:14:21,982] {processor.py:163} INFO - Started process (PID=322) to work on /opt/airflow/dags/kafka_consumer_dag.py
[2024-07-11 23:14:21,984] {processor.py:642} INFO - Processing file /opt/airflow/dags/kafka_consumer_dag.py for tasks to queue
[2024-07-11 23:14:21,985] {logging_mixin.py:109} INFO - [2024-07-11 23:14:21,985] {dagbag.py:500} INFO - Filling up the DagBag from /opt/airflow/dags/kafka_consumer_dag.py
[2024-07-11 23:14:22,033] {processor.py:654} INFO - DAG(s) dict_keys(['kafka_consumer_dag']) retrieved from /opt/airflow/dags/kafka_consumer_dag.py
[2024-07-11 23:14:22,043] {logging_mixin.py:109} INFO - [2024-07-11 23:14:22,043] {dag.py:2398} INFO - Sync 1 DAGs
[2024-07-11 23:14:22,071] {processor.py:171} INFO - Processing /opt/airflow/dags/kafka_consumer_dag.py took 0.099 seconds
[2024-07-11 23:14:52,679] {processor.py:163} INFO - Started process (PID=353) to work on /opt/airflow/dags/kafka_consumer_dag.py
[2024-07-11 23:14:52,681] {processor.py:642} INFO - Processing file /opt/airflow/dags/kafka_consumer_dag.py for tasks to queue
[2024-07-11 23:14:52,682] {logging_mixin.py:109} INFO - [2024-07-11 23:14:52,681] {dagbag.py:500} INFO - Filling up the DagBag from /opt/airflow/dags/kafka_consumer_dag.py
[2024-07-11 23:14:52,726] {processor.py:654} INFO - DAG(s) dict_keys(['kafka_consumer_dag']) retrieved from /opt/airflow/dags/kafka_consumer_dag.py
[2024-07-11 23:14:52,742] {logging_mixin.py:109} INFO - [2024-07-11 23:14:52,742] {dag.py:2398} INFO - Sync 1 DAGs
[2024-07-11 23:14:52,772] {processor.py:171} INFO - Processing /opt/airflow/dags/kafka_consumer_dag.py took 0.096 seconds
[2024-07-11 23:15:23,420] {processor.py:163} INFO - Started process (PID=384) to work on /opt/airflow/dags/kafka_consumer_dag.py
[2024-07-11 23:15:23,422] {processor.py:642} INFO - Processing file /opt/airflow/dags/kafka_consumer_dag.py for tasks to queue
[2024-07-11 23:15:23,423] {logging_mixin.py:109} INFO - [2024-07-11 23:15:23,422] {dagbag.py:500} INFO - Filling up the DagBag from /opt/airflow/dags/kafka_consumer_dag.py
[2024-07-11 23:15:23,465] {processor.py:654} INFO - DAG(s) dict_keys(['kafka_consumer_dag']) retrieved from /opt/airflow/dags/kafka_consumer_dag.py
[2024-07-11 23:15:23,475] {logging_mixin.py:109} INFO - [2024-07-11 23:15:23,475] {dag.py:2398} INFO - Sync 1 DAGs
[2024-07-11 23:15:23,501] {processor.py:171} INFO - Processing /opt/airflow/dags/kafka_consumer_dag.py took 0.088 seconds
[2024-07-11 23:15:54,160] {processor.py:163} INFO - Started process (PID=415) to work on /opt/airflow/dags/kafka_consumer_dag.py
[2024-07-11 23:15:54,162] {processor.py:642} INFO - Processing file /opt/airflow/dags/kafka_consumer_dag.py for tasks to queue
[2024-07-11 23:15:54,163] {logging_mixin.py:109} INFO - [2024-07-11 23:15:54,163] {dagbag.py:500} INFO - Filling up the DagBag from /opt/airflow/dags/kafka_consumer_dag.py
[2024-07-11 23:15:54,220] {processor.py:654} INFO - DAG(s) dict_keys(['kafka_consumer_dag']) retrieved from /opt/airflow/dags/kafka_consumer_dag.py
[2024-07-11 23:15:54,232] {logging_mixin.py:109} INFO - [2024-07-11 23:15:54,232] {dag.py:2398} INFO - Sync 1 DAGs
[2024-07-11 23:15:54,268] {processor.py:171} INFO - Processing /opt/airflow/dags/kafka_consumer_dag.py took 0.116 seconds
[2024-07-11 23:16:24,945] {processor.py:163} INFO - Started process (PID=446) to work on /opt/airflow/dags/kafka_consumer_dag.py
[2024-07-11 23:16:24,946] {processor.py:642} INFO - Processing file /opt/airflow/dags/kafka_consumer_dag.py for tasks to queue
[2024-07-11 23:16:24,947] {logging_mixin.py:109} INFO - [2024-07-11 23:16:24,947] {dagbag.py:500} INFO - Filling up the DagBag from /opt/airflow/dags/kafka_consumer_dag.py
[2024-07-11 23:16:24,988] {processor.py:654} INFO - DAG(s) dict_keys(['kafka_consumer_dag']) retrieved from /opt/airflow/dags/kafka_consumer_dag.py
[2024-07-11 23:16:24,998] {logging_mixin.py:109} INFO - [2024-07-11 23:16:24,998] {dag.py:2398} INFO - Sync 1 DAGs
[2024-07-11 23:16:25,030] {processor.py:171} INFO - Processing /opt/airflow/dags/kafka_consumer_dag.py took 0.087 seconds
[2024-07-11 23:16:55,702] {processor.py:163} INFO - Started process (PID=477) to work on /opt/airflow/dags/kafka_consumer_dag.py
[2024-07-11 23:16:55,705] {processor.py:642} INFO - Processing file /opt/airflow/dags/kafka_consumer_dag.py for tasks to queue
[2024-07-11 23:16:55,706] {logging_mixin.py:109} INFO - [2024-07-11 23:16:55,706] {dagbag.py:500} INFO - Filling up the DagBag from /opt/airflow/dags/kafka_consumer_dag.py
[2024-07-11 23:16:55,751] {processor.py:654} INFO - DAG(s) dict_keys(['kafka_consumer_dag']) retrieved from /opt/airflow/dags/kafka_consumer_dag.py
[2024-07-11 23:16:55,761] {logging_mixin.py:109} INFO - [2024-07-11 23:16:55,761] {dag.py:2398} INFO - Sync 1 DAGs
[2024-07-11 23:16:55,791] {processor.py:171} INFO - Processing /opt/airflow/dags/kafka_consumer_dag.py took 0.099 seconds
[2024-07-11 23:17:26,529] {processor.py:163} INFO - Started process (PID=508) to work on /opt/airflow/dags/kafka_consumer_dag.py
[2024-07-11 23:17:26,531] {processor.py:642} INFO - Processing file /opt/airflow/dags/kafka_consumer_dag.py for tasks to queue
[2024-07-11 23:17:26,532] {logging_mixin.py:109} INFO - [2024-07-11 23:17:26,532] {dagbag.py:500} INFO - Filling up the DagBag from /opt/airflow/dags/kafka_consumer_dag.py
[2024-07-11 23:17:26,572] {processor.py:654} INFO - DAG(s) dict_keys(['kafka_consumer_dag']) retrieved from /opt/airflow/dags/kafka_consumer_dag.py
[2024-07-11 23:17:26,582] {logging_mixin.py:109} INFO - [2024-07-11 23:17:26,582] {dag.py:2398} INFO - Sync 1 DAGs
[2024-07-11 23:17:26,613] {processor.py:171} INFO - Processing /opt/airflow/dags/kafka_consumer_dag.py took 0.087 seconds
[2024-07-11 23:17:57,285] {processor.py:163} INFO - Started process (PID=539) to work on /opt/airflow/dags/kafka_consumer_dag.py
[2024-07-11 23:17:57,287] {processor.py:642} INFO - Processing file /opt/airflow/dags/kafka_consumer_dag.py for tasks to queue
[2024-07-11 23:17:57,288] {logging_mixin.py:109} INFO - [2024-07-11 23:17:57,288] {dagbag.py:500} INFO - Filling up the DagBag from /opt/airflow/dags/kafka_consumer_dag.py
[2024-07-11 23:17:57,331] {processor.py:654} INFO - DAG(s) dict_keys(['kafka_consumer_dag']) retrieved from /opt/airflow/dags/kafka_consumer_dag.py
[2024-07-11 23:17:57,341] {logging_mixin.py:109} INFO - [2024-07-11 23:17:57,341] {dag.py:2398} INFO - Sync 1 DAGs
[2024-07-11 23:17:57,368] {processor.py:171} INFO - Processing /opt/airflow/dags/kafka_consumer_dag.py took 0.090 seconds
[2024-07-11 23:18:28,167] {processor.py:163} INFO - Started process (PID=570) to work on /opt/airflow/dags/kafka_consumer_dag.py
[2024-07-11 23:18:28,175] {processor.py:642} INFO - Processing file /opt/airflow/dags/kafka_consumer_dag.py for tasks to queue
[2024-07-11 23:18:28,177] {logging_mixin.py:109} INFO - [2024-07-11 23:18:28,177] {dagbag.py:500} INFO - Filling up the DagBag from /opt/airflow/dags/kafka_consumer_dag.py
[2024-07-11 23:18:28,260] {processor.py:654} INFO - DAG(s) dict_keys(['kafka_consumer_dag']) retrieved from /opt/airflow/dags/kafka_consumer_dag.py
[2024-07-11 23:18:28,273] {logging_mixin.py:109} INFO - [2024-07-11 23:18:28,272] {dag.py:2398} INFO - Sync 1 DAGs
[2024-07-11 23:18:28,298] {processor.py:171} INFO - Processing /opt/airflow/dags/kafka_consumer_dag.py took 0.143 seconds
[2024-07-11 23:18:59,063] {processor.py:163} INFO - Started process (PID=601) to work on /opt/airflow/dags/kafka_consumer_dag.py
[2024-07-11 23:18:59,065] {processor.py:642} INFO - Processing file /opt/airflow/dags/kafka_consumer_dag.py for tasks to queue
[2024-07-11 23:18:59,068] {logging_mixin.py:109} INFO - [2024-07-11 23:18:59,066] {dagbag.py:500} INFO - Filling up the DagBag from /opt/airflow/dags/kafka_consumer_dag.py
[2024-07-11 23:18:59,118] {processor.py:654} INFO - DAG(s) dict_keys(['kafka_consumer_dag']) retrieved from /opt/airflow/dags/kafka_consumer_dag.py
[2024-07-11 23:18:59,130] {logging_mixin.py:109} INFO - [2024-07-11 23:18:59,129] {dag.py:2398} INFO - Sync 1 DAGs
[2024-07-11 23:18:59,158] {processor.py:171} INFO - Processing /opt/airflow/dags/kafka_consumer_dag.py took 0.099 seconds
[2024-07-11 23:19:29,349] {processor.py:163} INFO - Started process (PID=632) to work on /opt/airflow/dags/kafka_consumer_dag.py
[2024-07-11 23:19:29,351] {processor.py:642} INFO - Processing file /opt/airflow/dags/kafka_consumer_dag.py for tasks to queue
[2024-07-11 23:19:29,351] {logging_mixin.py:109} INFO - [2024-07-11 23:19:29,351] {dagbag.py:500} INFO - Filling up the DagBag from /opt/airflow/dags/kafka_consumer_dag.py
[2024-07-11 23:19:29,392] {processor.py:654} INFO - DAG(s) dict_keys(['kafka_consumer_dag']) retrieved from /opt/airflow/dags/kafka_consumer_dag.py
[2024-07-11 23:19:29,404] {logging_mixin.py:109} INFO - [2024-07-11 23:19:29,404] {dag.py:2398} INFO - Sync 1 DAGs
[2024-07-11 23:19:29,432] {processor.py:171} INFO - Processing /opt/airflow/dags/kafka_consumer_dag.py took 0.086 seconds
[2024-07-11 23:19:59,502] {processor.py:163} INFO - Started process (PID=663) to work on /opt/airflow/dags/kafka_consumer_dag.py
[2024-07-11 23:19:59,503] {processor.py:642} INFO - Processing file /opt/airflow/dags/kafka_consumer_dag.py for tasks to queue
[2024-07-11 23:19:59,504] {logging_mixin.py:109} INFO - [2024-07-11 23:19:59,504] {dagbag.py:500} INFO - Filling up the DagBag from /opt/airflow/dags/kafka_consumer_dag.py
[2024-07-11 23:19:59,554] {processor.py:654} INFO - DAG(s) dict_keys(['kafka_consumer_dag']) retrieved from /opt/airflow/dags/kafka_consumer_dag.py
[2024-07-11 23:19:59,566] {logging_mixin.py:109} INFO - [2024-07-11 23:19:59,566] {dag.py:2398} INFO - Sync 1 DAGs
[2024-07-11 23:19:59,592] {processor.py:171} INFO - Processing /opt/airflow/dags/kafka_consumer_dag.py took 0.097 seconds
[2024-07-11 23:20:29,781] {processor.py:163} INFO - Started process (PID=694) to work on /opt/airflow/dags/kafka_consumer_dag.py
[2024-07-11 23:20:29,782] {processor.py:642} INFO - Processing file /opt/airflow/dags/kafka_consumer_dag.py for tasks to queue
[2024-07-11 23:20:29,783] {logging_mixin.py:109} INFO - [2024-07-11 23:20:29,783] {dagbag.py:500} INFO - Filling up the DagBag from /opt/airflow/dags/kafka_consumer_dag.py
[2024-07-11 23:20:29,826] {processor.py:654} INFO - DAG(s) dict_keys(['kafka_consumer_dag']) retrieved from /opt/airflow/dags/kafka_consumer_dag.py
[2024-07-11 23:20:29,837] {logging_mixin.py:109} INFO - [2024-07-11 23:20:29,837] {dag.py:2398} INFO - Sync 1 DAGs
[2024-07-11 23:20:29,864] {processor.py:171} INFO - Processing /opt/airflow/dags/kafka_consumer_dag.py took 0.088 seconds
[2024-07-11 23:21:00,827] {processor.py:163} INFO - Started process (PID=725) to work on /opt/airflow/dags/kafka_consumer_dag.py
[2024-07-11 23:21:00,829] {processor.py:642} INFO - Processing file /opt/airflow/dags/kafka_consumer_dag.py for tasks to queue
[2024-07-11 23:21:00,830] {logging_mixin.py:109} INFO - [2024-07-11 23:21:00,830] {dagbag.py:500} INFO - Filling up the DagBag from /opt/airflow/dags/kafka_consumer_dag.py
[2024-07-11 23:21:00,895] {processor.py:654} INFO - DAG(s) dict_keys(['kafka_consumer_dag']) retrieved from /opt/airflow/dags/kafka_consumer_dag.py
[2024-07-11 23:21:00,907] {logging_mixin.py:109} INFO - [2024-07-11 23:21:00,907] {dag.py:2398} INFO - Sync 1 DAGs
[2024-07-11 23:21:00,944] {processor.py:171} INFO - Processing /opt/airflow/dags/kafka_consumer_dag.py took 0.125 seconds
[2024-07-11 23:21:31,330] {processor.py:163} INFO - Started process (PID=756) to work on /opt/airflow/dags/kafka_consumer_dag.py
[2024-07-11 23:21:31,340] {processor.py:642} INFO - Processing file /opt/airflow/dags/kafka_consumer_dag.py for tasks to queue
[2024-07-11 23:21:31,342] {logging_mixin.py:109} INFO - [2024-07-11 23:21:31,341] {dagbag.py:500} INFO - Filling up the DagBag from /opt/airflow/dags/kafka_consumer_dag.py
[2024-07-11 23:21:31,397] {processor.py:654} INFO - DAG(s) dict_keys(['kafka_consumer_dag']) retrieved from /opt/airflow/dags/kafka_consumer_dag.py
[2024-07-11 23:21:31,412] {logging_mixin.py:109} INFO - [2024-07-11 23:21:31,412] {dag.py:2398} INFO - Sync 1 DAGs
[2024-07-11 23:21:31,451] {processor.py:171} INFO - Processing /opt/airflow/dags/kafka_consumer_dag.py took 0.137 seconds
[2024-07-11 23:22:01,690] {processor.py:163} INFO - Started process (PID=787) to work on /opt/airflow/dags/kafka_consumer_dag.py
[2024-07-11 23:22:01,692] {processor.py:642} INFO - Processing file /opt/airflow/dags/kafka_consumer_dag.py for tasks to queue
[2024-07-11 23:22:01,693] {logging_mixin.py:109} INFO - [2024-07-11 23:22:01,693] {dagbag.py:500} INFO - Filling up the DagBag from /opt/airflow/dags/kafka_consumer_dag.py
[2024-07-11 23:22:01,736] {processor.py:654} INFO - DAG(s) dict_keys(['kafka_consumer_dag']) retrieved from /opt/airflow/dags/kafka_consumer_dag.py
[2024-07-11 23:22:01,746] {logging_mixin.py:109} INFO - [2024-07-11 23:22:01,746] {dag.py:2398} INFO - Sync 1 DAGs
[2024-07-11 23:22:01,774] {processor.py:171} INFO - Processing /opt/airflow/dags/kafka_consumer_dag.py took 0.090 seconds
[2024-07-11 23:22:31,873] {processor.py:163} INFO - Started process (PID=816) to work on /opt/airflow/dags/kafka_consumer_dag.py
[2024-07-11 23:22:31,874] {processor.py:642} INFO - Processing file /opt/airflow/dags/kafka_consumer_dag.py for tasks to queue
[2024-07-11 23:22:31,875] {logging_mixin.py:109} INFO - [2024-07-11 23:22:31,875] {dagbag.py:500} INFO - Filling up the DagBag from /opt/airflow/dags/kafka_consumer_dag.py
[2024-07-11 23:22:31,922] {processor.py:654} INFO - DAG(s) dict_keys(['kafka_consumer_dag']) retrieved from /opt/airflow/dags/kafka_consumer_dag.py
[2024-07-11 23:22:31,934] {logging_mixin.py:109} INFO - [2024-07-11 23:22:31,934] {dag.py:2398} INFO - Sync 1 DAGs
[2024-07-11 23:22:31,969] {processor.py:171} INFO - Processing /opt/airflow/dags/kafka_consumer_dag.py took 0.102 seconds
[2024-07-11 23:23:02,190] {processor.py:163} INFO - Started process (PID=828) to work on /opt/airflow/dags/kafka_consumer_dag.py
[2024-07-11 23:23:02,193] {processor.py:642} INFO - Processing file /opt/airflow/dags/kafka_consumer_dag.py for tasks to queue
[2024-07-11 23:23:02,197] {logging_mixin.py:109} INFO - [2024-07-11 23:23:02,196] {dagbag.py:500} INFO - Filling up the DagBag from /opt/airflow/dags/kafka_consumer_dag.py
[2024-07-11 23:23:02,353] {processor.py:654} INFO - DAG(s) dict_keys(['kafka_consumer_dag']) retrieved from /opt/airflow/dags/kafka_consumer_dag.py
[2024-07-11 23:23:02,389] {logging_mixin.py:109} INFO - [2024-07-11 23:23:02,389] {dag.py:2398} INFO - Sync 1 DAGs
[2024-07-11 23:23:02,480] {processor.py:171} INFO - Processing /opt/airflow/dags/kafka_consumer_dag.py took 0.300 seconds
[2024-07-11 23:23:33,136] {processor.py:163} INFO - Started process (PID=859) to work on /opt/airflow/dags/kafka_consumer_dag.py
[2024-07-11 23:23:33,138] {processor.py:642} INFO - Processing file /opt/airflow/dags/kafka_consumer_dag.py for tasks to queue
[2024-07-11 23:23:33,139] {logging_mixin.py:109} INFO - [2024-07-11 23:23:33,139] {dagbag.py:500} INFO - Filling up the DagBag from /opt/airflow/dags/kafka_consumer_dag.py
[2024-07-11 23:23:33,331] {processor.py:654} INFO - DAG(s) dict_keys(['kafka_consumer_dag']) retrieved from /opt/airflow/dags/kafka_consumer_dag.py
[2024-07-11 23:23:33,376] {logging_mixin.py:109} INFO - [2024-07-11 23:23:33,376] {dag.py:2398} INFO - Sync 1 DAGs
[2024-07-11 23:23:33,417] {processor.py:171} INFO - Processing /opt/airflow/dags/kafka_consumer_dag.py took 0.286 seconds
[2024-07-11 23:24:04,345] {processor.py:163} INFO - Started process (PID=890) to work on /opt/airflow/dags/kafka_consumer_dag.py
[2024-07-11 23:24:04,351] {processor.py:642} INFO - Processing file /opt/airflow/dags/kafka_consumer_dag.py for tasks to queue
[2024-07-11 23:24:04,353] {logging_mixin.py:109} INFO - [2024-07-11 23:24:04,353] {dagbag.py:500} INFO - Filling up the DagBag from /opt/airflow/dags/kafka_consumer_dag.py
[2024-07-11 23:24:04,523] {processor.py:654} INFO - DAG(s) dict_keys(['kafka_consumer_dag']) retrieved from /opt/airflow/dags/kafka_consumer_dag.py
[2024-07-11 23:24:04,564] {logging_mixin.py:109} INFO - [2024-07-11 23:24:04,564] {dag.py:2398} INFO - Sync 1 DAGs
[2024-07-11 23:24:04,614] {processor.py:171} INFO - Processing /opt/airflow/dags/kafka_consumer_dag.py took 0.280 seconds
[2024-07-11 23:24:34,735] {processor.py:163} INFO - Started process (PID=921) to work on /opt/airflow/dags/kafka_consumer_dag.py
[2024-07-11 23:24:34,741] {processor.py:642} INFO - Processing file /opt/airflow/dags/kafka_consumer_dag.py for tasks to queue
[2024-07-11 23:24:34,745] {logging_mixin.py:109} INFO - [2024-07-11 23:24:34,744] {dagbag.py:500} INFO - Filling up the DagBag from /opt/airflow/dags/kafka_consumer_dag.py
[2024-07-11 23:24:34,971] {processor.py:654} INFO - DAG(s) dict_keys(['kafka_consumer_dag']) retrieved from /opt/airflow/dags/kafka_consumer_dag.py
[2024-07-11 23:24:35,000] {logging_mixin.py:109} INFO - [2024-07-11 23:24:35,000] {dag.py:2398} INFO - Sync 1 DAGs
[2024-07-11 23:24:35,086] {processor.py:171} INFO - Processing /opt/airflow/dags/kafka_consumer_dag.py took 0.370 seconds
[2024-07-11 23:25:05,694] {processor.py:163} INFO - Started process (PID=952) to work on /opt/airflow/dags/kafka_consumer_dag.py
[2024-07-11 23:25:05,699] {processor.py:642} INFO - Processing file /opt/airflow/dags/kafka_consumer_dag.py for tasks to queue
[2024-07-11 23:25:05,700] {logging_mixin.py:109} INFO - [2024-07-11 23:25:05,700] {dagbag.py:500} INFO - Filling up the DagBag from /opt/airflow/dags/kafka_consumer_dag.py
[2024-07-11 23:25:05,848] {processor.py:654} INFO - DAG(s) dict_keys(['kafka_consumer_dag']) retrieved from /opt/airflow/dags/kafka_consumer_dag.py
[2024-07-11 23:25:05,884] {logging_mixin.py:109} INFO - [2024-07-11 23:25:05,884] {dag.py:2398} INFO - Sync 1 DAGs
[2024-07-11 23:25:05,950] {processor.py:171} INFO - Processing /opt/airflow/dags/kafka_consumer_dag.py took 0.262 seconds
[2024-07-11 23:25:36,072] {processor.py:163} INFO - Started process (PID=983) to work on /opt/airflow/dags/kafka_consumer_dag.py
[2024-07-11 23:25:36,076] {processor.py:642} INFO - Processing file /opt/airflow/dags/kafka_consumer_dag.py for tasks to queue
[2024-07-11 23:25:36,079] {logging_mixin.py:109} INFO - [2024-07-11 23:25:36,078] {dagbag.py:500} INFO - Filling up the DagBag from /opt/airflow/dags/kafka_consumer_dag.py
[2024-07-11 23:25:36,207] {processor.py:654} INFO - DAG(s) dict_keys(['kafka_consumer_dag']) retrieved from /opt/airflow/dags/kafka_consumer_dag.py
[2024-07-11 23:25:36,224] {logging_mixin.py:109} INFO - [2024-07-11 23:25:36,224] {dag.py:2398} INFO - Sync 1 DAGs
[2024-07-11 23:25:36,273] {processor.py:171} INFO - Processing /opt/airflow/dags/kafka_consumer_dag.py took 0.219 seconds
[2024-07-11 23:26:06,369] {processor.py:163} INFO - Started process (PID=1014) to work on /opt/airflow/dags/kafka_consumer_dag.py
[2024-07-11 23:26:06,373] {processor.py:642} INFO - Processing file /opt/airflow/dags/kafka_consumer_dag.py for tasks to queue
[2024-07-11 23:26:06,374] {logging_mixin.py:109} INFO - [2024-07-11 23:26:06,374] {dagbag.py:500} INFO - Filling up the DagBag from /opt/airflow/dags/kafka_consumer_dag.py
[2024-07-11 23:26:06,453] {processor.py:654} INFO - DAG(s) dict_keys(['kafka_consumer_dag']) retrieved from /opt/airflow/dags/kafka_consumer_dag.py
[2024-07-11 23:26:06,474] {logging_mixin.py:109} INFO - [2024-07-11 23:26:06,474] {dag.py:2398} INFO - Sync 1 DAGs
[2024-07-11 23:26:06,526] {processor.py:171} INFO - Processing /opt/airflow/dags/kafka_consumer_dag.py took 0.162 seconds
[2024-07-11 23:26:37,073] {processor.py:163} INFO - Started process (PID=1045) to work on /opt/airflow/dags/kafka_consumer_dag.py
[2024-07-11 23:26:37,076] {processor.py:642} INFO - Processing file /opt/airflow/dags/kafka_consumer_dag.py for tasks to queue
[2024-07-11 23:26:37,078] {logging_mixin.py:109} INFO - [2024-07-11 23:26:37,077] {dagbag.py:500} INFO - Filling up the DagBag from /opt/airflow/dags/kafka_consumer_dag.py
[2024-07-11 23:26:37,208] {processor.py:654} INFO - DAG(s) dict_keys(['kafka_consumer_dag']) retrieved from /opt/airflow/dags/kafka_consumer_dag.py
[2024-07-11 23:26:37,239] {logging_mixin.py:109} INFO - [2024-07-11 23:26:37,238] {dag.py:2398} INFO - Sync 1 DAGs
[2024-07-11 23:26:37,322] {processor.py:171} INFO - Processing /opt/airflow/dags/kafka_consumer_dag.py took 0.257 seconds
[2024-07-11 23:27:07,489] {processor.py:163} INFO - Started process (PID=1076) to work on /opt/airflow/dags/kafka_consumer_dag.py
[2024-07-11 23:27:07,494] {processor.py:642} INFO - Processing file /opt/airflow/dags/kafka_consumer_dag.py for tasks to queue
[2024-07-11 23:27:07,499] {logging_mixin.py:109} INFO - [2024-07-11 23:27:07,498] {dagbag.py:500} INFO - Filling up the DagBag from /opt/airflow/dags/kafka_consumer_dag.py
[2024-07-11 23:27:07,633] {processor.py:654} INFO - DAG(s) dict_keys(['kafka_consumer_dag']) retrieved from /opt/airflow/dags/kafka_consumer_dag.py
[2024-07-11 23:27:07,647] {logging_mixin.py:109} INFO - [2024-07-11 23:27:07,647] {dag.py:2398} INFO - Sync 1 DAGs
[2024-07-11 23:27:07,688] {processor.py:171} INFO - Processing /opt/airflow/dags/kafka_consumer_dag.py took 0.214 seconds
[2024-07-11 23:27:37,886] {processor.py:163} INFO - Started process (PID=1107) to work on /opt/airflow/dags/kafka_consumer_dag.py
[2024-07-11 23:27:37,890] {processor.py:642} INFO - Processing file /opt/airflow/dags/kafka_consumer_dag.py for tasks to queue
[2024-07-11 23:27:37,893] {logging_mixin.py:109} INFO - [2024-07-11 23:27:37,892] {dagbag.py:500} INFO - Filling up the DagBag from /opt/airflow/dags/kafka_consumer_dag.py
[2024-07-11 23:27:38,018] {processor.py:654} INFO - DAG(s) dict_keys(['kafka_consumer_dag']) retrieved from /opt/airflow/dags/kafka_consumer_dag.py
[2024-07-11 23:27:38,037] {logging_mixin.py:109} INFO - [2024-07-11 23:27:38,037] {dag.py:2398} INFO - Sync 1 DAGs
[2024-07-11 23:27:38,074] {processor.py:171} INFO - Processing /opt/airflow/dags/kafka_consumer_dag.py took 0.194 seconds
[2024-07-11 23:28:08,841] {processor.py:163} INFO - Started process (PID=1138) to work on /opt/airflow/dags/kafka_consumer_dag.py
[2024-07-11 23:28:08,845] {processor.py:642} INFO - Processing file /opt/airflow/dags/kafka_consumer_dag.py for tasks to queue
[2024-07-11 23:28:08,847] {logging_mixin.py:109} INFO - [2024-07-11 23:28:08,847] {dagbag.py:500} INFO - Filling up the DagBag from /opt/airflow/dags/kafka_consumer_dag.py
[2024-07-11 23:28:09,069] {processor.py:654} INFO - DAG(s) dict_keys(['kafka_consumer_dag']) retrieved from /opt/airflow/dags/kafka_consumer_dag.py
[2024-07-11 23:28:09,117] {logging_mixin.py:109} INFO - [2024-07-11 23:28:09,117] {dag.py:2398} INFO - Sync 1 DAGs
[2024-07-11 23:28:09,167] {processor.py:171} INFO - Processing /opt/airflow/dags/kafka_consumer_dag.py took 0.338 seconds
[2024-07-11 23:28:42,144] {processor.py:163} INFO - Started process (PID=1167) to work on /opt/airflow/dags/kafka_consumer_dag.py
[2024-07-11 23:28:42,149] {processor.py:642} INFO - Processing file /opt/airflow/dags/kafka_consumer_dag.py for tasks to queue
[2024-07-11 23:28:42,151] {logging_mixin.py:109} INFO - [2024-07-11 23:28:42,151] {dagbag.py:500} INFO - Filling up the DagBag from /opt/airflow/dags/kafka_consumer_dag.py
[2024-07-11 23:28:42,321] {processor.py:654} INFO - DAG(s) dict_keys(['kafka_consumer_dag']) retrieved from /opt/airflow/dags/kafka_consumer_dag.py
[2024-07-11 23:28:42,356] {logging_mixin.py:109} INFO - [2024-07-11 23:28:42,355] {dag.py:2398} INFO - Sync 1 DAGs
[2024-07-11 23:28:42,439] {processor.py:171} INFO - Processing /opt/airflow/dags/kafka_consumer_dag.py took 0.306 seconds
[2024-07-11 23:29:12,696] {processor.py:163} INFO - Started process (PID=1179) to work on /opt/airflow/dags/kafka_consumer_dag.py
[2024-07-11 23:29:12,700] {processor.py:642} INFO - Processing file /opt/airflow/dags/kafka_consumer_dag.py for tasks to queue
[2024-07-11 23:29:12,702] {logging_mixin.py:109} INFO - [2024-07-11 23:29:12,702] {dagbag.py:500} INFO - Filling up the DagBag from /opt/airflow/dags/kafka_consumer_dag.py
[2024-07-11 23:29:12,843] {processor.py:654} INFO - DAG(s) dict_keys(['kafka_consumer_dag']) retrieved from /opt/airflow/dags/kafka_consumer_dag.py
[2024-07-11 23:29:12,867] {logging_mixin.py:109} INFO - [2024-07-11 23:29:12,867] {dag.py:2398} INFO - Sync 1 DAGs
[2024-07-11 23:29:12,905] {processor.py:171} INFO - Processing /opt/airflow/dags/kafka_consumer_dag.py took 0.222 seconds
[2024-07-11 23:29:43,157] {processor.py:163} INFO - Started process (PID=1210) to work on /opt/airflow/dags/kafka_consumer_dag.py
[2024-07-11 23:29:43,162] {processor.py:642} INFO - Processing file /opt/airflow/dags/kafka_consumer_dag.py for tasks to queue
[2024-07-11 23:29:43,164] {logging_mixin.py:109} INFO - [2024-07-11 23:29:43,163] {dagbag.py:500} INFO - Filling up the DagBag from /opt/airflow/dags/kafka_consumer_dag.py
[2024-07-11 23:29:43,309] {processor.py:654} INFO - DAG(s) dict_keys(['kafka_consumer_dag']) retrieved from /opt/airflow/dags/kafka_consumer_dag.py
[2024-07-11 23:29:43,349] {logging_mixin.py:109} INFO - [2024-07-11 23:29:43,349] {dag.py:2398} INFO - Sync 1 DAGs
[2024-07-11 23:29:43,454] {processor.py:171} INFO - Processing /opt/airflow/dags/kafka_consumer_dag.py took 0.307 seconds
[2024-07-11 23:30:14,045] {processor.py:163} INFO - Started process (PID=1241) to work on /opt/airflow/dags/kafka_consumer_dag.py
[2024-07-11 23:30:14,048] {processor.py:642} INFO - Processing file /opt/airflow/dags/kafka_consumer_dag.py for tasks to queue
[2024-07-11 23:30:14,051] {logging_mixin.py:109} INFO - [2024-07-11 23:30:14,050] {dagbag.py:500} INFO - Filling up the DagBag from /opt/airflow/dags/kafka_consumer_dag.py
[2024-07-11 23:30:14,161] {processor.py:654} INFO - DAG(s) dict_keys(['kafka_consumer_dag']) retrieved from /opt/airflow/dags/kafka_consumer_dag.py
[2024-07-11 23:30:14,183] {logging_mixin.py:109} INFO - [2024-07-11 23:30:14,183] {dag.py:2398} INFO - Sync 1 DAGs
[2024-07-11 23:30:14,240] {processor.py:171} INFO - Processing /opt/airflow/dags/kafka_consumer_dag.py took 0.205 seconds
[2024-07-11 23:30:44,479] {processor.py:163} INFO - Started process (PID=1272) to work on /opt/airflow/dags/kafka_consumer_dag.py
[2024-07-11 23:30:44,487] {processor.py:642} INFO - Processing file /opt/airflow/dags/kafka_consumer_dag.py for tasks to queue
[2024-07-11 23:30:44,490] {logging_mixin.py:109} INFO - [2024-07-11 23:30:44,489] {dagbag.py:500} INFO - Filling up the DagBag from /opt/airflow/dags/kafka_consumer_dag.py
[2024-07-11 23:30:44,640] {processor.py:654} INFO - DAG(s) dict_keys(['kafka_consumer_dag']) retrieved from /opt/airflow/dags/kafka_consumer_dag.py
[2024-07-11 23:30:44,707] {logging_mixin.py:109} INFO - [2024-07-11 23:30:44,706] {dag.py:2398} INFO - Sync 1 DAGs
[2024-07-11 23:30:44,818] {processor.py:171} INFO - Processing /opt/airflow/dags/kafka_consumer_dag.py took 0.350 seconds
[2024-07-11 23:31:15,590] {processor.py:163} INFO - Started process (PID=1303) to work on /opt/airflow/dags/kafka_consumer_dag.py
[2024-07-11 23:31:15,598] {processor.py:642} INFO - Processing file /opt/airflow/dags/kafka_consumer_dag.py for tasks to queue
[2024-07-11 23:31:15,600] {logging_mixin.py:109} INFO - [2024-07-11 23:31:15,599] {dagbag.py:500} INFO - Filling up the DagBag from /opt/airflow/dags/kafka_consumer_dag.py
[2024-07-11 23:31:15,714] {processor.py:654} INFO - DAG(s) dict_keys(['kafka_consumer_dag']) retrieved from /opt/airflow/dags/kafka_consumer_dag.py
[2024-07-11 23:31:15,736] {logging_mixin.py:109} INFO - [2024-07-11 23:31:15,735] {dag.py:2398} INFO - Sync 1 DAGs
[2024-07-11 23:31:15,810] {processor.py:171} INFO - Processing /opt/airflow/dags/kafka_consumer_dag.py took 0.241 seconds
[2024-07-11 23:31:46,751] {processor.py:163} INFO - Started process (PID=1334) to work on /opt/airflow/dags/kafka_consumer_dag.py
[2024-07-11 23:31:46,755] {processor.py:642} INFO - Processing file /opt/airflow/dags/kafka_consumer_dag.py for tasks to queue
[2024-07-11 23:31:46,757] {logging_mixin.py:109} INFO - [2024-07-11 23:31:46,756] {dagbag.py:500} INFO - Filling up the DagBag from /opt/airflow/dags/kafka_consumer_dag.py
[2024-07-11 23:31:46,930] {processor.py:654} INFO - DAG(s) dict_keys(['kafka_consumer_dag']) retrieved from /opt/airflow/dags/kafka_consumer_dag.py
[2024-07-11 23:31:46,998] {logging_mixin.py:109} INFO - [2024-07-11 23:31:46,997] {dag.py:2398} INFO - Sync 1 DAGs
[2024-07-11 23:31:47,054] {processor.py:171} INFO - Processing /opt/airflow/dags/kafka_consumer_dag.py took 0.314 seconds
[2024-07-11 23:32:17,705] {processor.py:163} INFO - Started process (PID=1365) to work on /opt/airflow/dags/kafka_consumer_dag.py
[2024-07-11 23:32:17,709] {processor.py:642} INFO - Processing file /opt/airflow/dags/kafka_consumer_dag.py for tasks to queue
[2024-07-11 23:32:17,711] {logging_mixin.py:109} INFO - [2024-07-11 23:32:17,711] {dagbag.py:500} INFO - Filling up the DagBag from /opt/airflow/dags/kafka_consumer_dag.py
[2024-07-11 23:32:17,865] {processor.py:654} INFO - DAG(s) dict_keys(['kafka_consumer_dag']) retrieved from /opt/airflow/dags/kafka_consumer_dag.py
[2024-07-11 23:32:17,904] {logging_mixin.py:109} INFO - [2024-07-11 23:32:17,904] {dag.py:2398} INFO - Sync 1 DAGs
[2024-07-11 23:32:18,000] {processor.py:171} INFO - Processing /opt/airflow/dags/kafka_consumer_dag.py took 0.305 seconds
[2024-07-11 23:32:48,714] {processor.py:163} INFO - Started process (PID=1396) to work on /opt/airflow/dags/kafka_consumer_dag.py
[2024-07-11 23:32:48,722] {processor.py:642} INFO - Processing file /opt/airflow/dags/kafka_consumer_dag.py for tasks to queue
[2024-07-11 23:32:48,725] {logging_mixin.py:109} INFO - [2024-07-11 23:32:48,724] {dagbag.py:500} INFO - Filling up the DagBag from /opt/airflow/dags/kafka_consumer_dag.py
[2024-07-11 23:32:48,895] {processor.py:654} INFO - DAG(s) dict_keys(['kafka_consumer_dag']) retrieved from /opt/airflow/dags/kafka_consumer_dag.py
[2024-07-11 23:32:48,937] {logging_mixin.py:109} INFO - [2024-07-11 23:32:48,937] {dag.py:2398} INFO - Sync 1 DAGs
[2024-07-11 23:32:49,028] {processor.py:171} INFO - Processing /opt/airflow/dags/kafka_consumer_dag.py took 0.327 seconds
[2024-07-11 23:33:19,897] {processor.py:163} INFO - Started process (PID=1427) to work on /opt/airflow/dags/kafka_consumer_dag.py
[2024-07-11 23:33:19,900] {processor.py:642} INFO - Processing file /opt/airflow/dags/kafka_consumer_dag.py for tasks to queue
[2024-07-11 23:33:19,903] {logging_mixin.py:109} INFO - [2024-07-11 23:33:19,902] {dagbag.py:500} INFO - Filling up the DagBag from /opt/airflow/dags/kafka_consumer_dag.py
[2024-07-11 23:33:20,067] {processor.py:654} INFO - DAG(s) dict_keys(['kafka_consumer_dag']) retrieved from /opt/airflow/dags/kafka_consumer_dag.py
[2024-07-11 23:33:20,115] {logging_mixin.py:109} INFO - [2024-07-11 23:33:20,115] {dag.py:2398} INFO - Sync 1 DAGs
[2024-07-11 23:33:20,216] {processor.py:171} INFO - Processing /opt/airflow/dags/kafka_consumer_dag.py took 0.329 seconds
[2024-07-11 23:33:50,685] {processor.py:163} INFO - Started process (PID=1458) to work on /opt/airflow/dags/kafka_consumer_dag.py
[2024-07-11 23:33:50,691] {processor.py:642} INFO - Processing file /opt/airflow/dags/kafka_consumer_dag.py for tasks to queue
[2024-07-11 23:33:50,694] {logging_mixin.py:109} INFO - [2024-07-11 23:33:50,693] {dagbag.py:500} INFO - Filling up the DagBag from /opt/airflow/dags/kafka_consumer_dag.py
[2024-07-11 23:33:50,813] {processor.py:654} INFO - DAG(s) dict_keys(['kafka_consumer_dag']) retrieved from /opt/airflow/dags/kafka_consumer_dag.py
[2024-07-11 23:33:50,827] {logging_mixin.py:109} INFO - [2024-07-11 23:33:50,827] {dag.py:2398} INFO - Sync 1 DAGs
[2024-07-11 23:33:50,870] {processor.py:171} INFO - Processing /opt/airflow/dags/kafka_consumer_dag.py took 0.202 seconds
[2024-07-11 23:34:21,327] {processor.py:163} INFO - Started process (PID=1489) to work on /opt/airflow/dags/kafka_consumer_dag.py
[2024-07-11 23:34:21,332] {processor.py:642} INFO - Processing file /opt/airflow/dags/kafka_consumer_dag.py for tasks to queue
[2024-07-11 23:34:21,334] {logging_mixin.py:109} INFO - [2024-07-11 23:34:21,334] {dagbag.py:500} INFO - Filling up the DagBag from /opt/airflow/dags/kafka_consumer_dag.py
[2024-07-11 23:34:21,515] {processor.py:654} INFO - DAG(s) dict_keys(['kafka_consumer_dag']) retrieved from /opt/airflow/dags/kafka_consumer_dag.py
[2024-07-11 23:34:21,574] {logging_mixin.py:109} INFO - [2024-07-11 23:34:21,574] {dag.py:2398} INFO - Sync 1 DAGs
[2024-07-11 23:34:21,690] {processor.py:171} INFO - Processing /opt/airflow/dags/kafka_consumer_dag.py took 0.375 seconds
[2024-07-11 23:34:51,874] {processor.py:163} INFO - Started process (PID=1520) to work on /opt/airflow/dags/kafka_consumer_dag.py
[2024-07-11 23:34:51,878] {processor.py:642} INFO - Processing file /opt/airflow/dags/kafka_consumer_dag.py for tasks to queue
[2024-07-11 23:34:51,880] {logging_mixin.py:109} INFO - [2024-07-11 23:34:51,880] {dagbag.py:500} INFO - Filling up the DagBag from /opt/airflow/dags/kafka_consumer_dag.py
[2024-07-11 23:34:52,032] {processor.py:654} INFO - DAG(s) dict_keys(['kafka_consumer_dag']) retrieved from /opt/airflow/dags/kafka_consumer_dag.py
[2024-07-11 23:34:52,070] {logging_mixin.py:109} INFO - [2024-07-11 23:34:52,069] {dag.py:2398} INFO - Sync 1 DAGs
[2024-07-11 23:34:52,177] {processor.py:171} INFO - Processing /opt/airflow/dags/kafka_consumer_dag.py took 0.315 seconds
[2024-07-11 23:35:24,358] {processor.py:163} INFO - Started process (PID=1549) to work on /opt/airflow/dags/kafka_consumer_dag.py
[2024-07-11 23:35:24,360] {processor.py:642} INFO - Processing file /opt/airflow/dags/kafka_consumer_dag.py for tasks to queue
[2024-07-11 23:35:24,361] {logging_mixin.py:109} INFO - [2024-07-11 23:35:24,361] {dagbag.py:500} INFO - Filling up the DagBag from /opt/airflow/dags/kafka_consumer_dag.py
[2024-07-11 23:35:24,424] {processor.py:654} INFO - DAG(s) dict_keys(['kafka_consumer_dag']) retrieved from /opt/airflow/dags/kafka_consumer_dag.py
[2024-07-11 23:35:24,442] {logging_mixin.py:109} INFO - [2024-07-11 23:35:24,442] {dag.py:2398} INFO - Sync 1 DAGs
[2024-07-11 23:35:24,498] {processor.py:171} INFO - Processing /opt/airflow/dags/kafka_consumer_dag.py took 0.145 seconds
[2024-07-11 23:35:54,755] {processor.py:163} INFO - Started process (PID=1561) to work on /opt/airflow/dags/kafka_consumer_dag.py
[2024-07-11 23:35:54,759] {processor.py:642} INFO - Processing file /opt/airflow/dags/kafka_consumer_dag.py for tasks to queue
[2024-07-11 23:35:54,762] {logging_mixin.py:109} INFO - [2024-07-11 23:35:54,761] {dagbag.py:500} INFO - Filling up the DagBag from /opt/airflow/dags/kafka_consumer_dag.py
[2024-07-11 23:35:54,933] {processor.py:654} INFO - DAG(s) dict_keys(['kafka_consumer_dag']) retrieved from /opt/airflow/dags/kafka_consumer_dag.py
[2024-07-11 23:35:54,956] {logging_mixin.py:109} INFO - [2024-07-11 23:35:54,956] {dag.py:2398} INFO - Sync 1 DAGs
[2024-07-11 23:35:54,996] {processor.py:171} INFO - Processing /opt/airflow/dags/kafka_consumer_dag.py took 0.253 seconds
[2024-07-11 23:36:25,179] {processor.py:163} INFO - Started process (PID=1592) to work on /opt/airflow/dags/kafka_consumer_dag.py
[2024-07-11 23:36:25,184] {processor.py:642} INFO - Processing file /opt/airflow/dags/kafka_consumer_dag.py for tasks to queue
[2024-07-11 23:36:25,187] {logging_mixin.py:109} INFO - [2024-07-11 23:36:25,186] {dagbag.py:500} INFO - Filling up the DagBag from /opt/airflow/dags/kafka_consumer_dag.py
[2024-07-11 23:36:25,349] {processor.py:654} INFO - DAG(s) dict_keys(['kafka_consumer_dag']) retrieved from /opt/airflow/dags/kafka_consumer_dag.py
[2024-07-11 23:36:25,392] {logging_mixin.py:109} INFO - [2024-07-11 23:36:25,392] {dag.py:2398} INFO - Sync 1 DAGs
[2024-07-11 23:36:25,495] {processor.py:171} INFO - Processing /opt/airflow/dags/kafka_consumer_dag.py took 0.329 seconds
[2024-07-11 23:36:55,883] {processor.py:163} INFO - Started process (PID=1623) to work on /opt/airflow/dags/kafka_consumer_dag.py
[2024-07-11 23:36:55,893] {processor.py:642} INFO - Processing file /opt/airflow/dags/kafka_consumer_dag.py for tasks to queue
[2024-07-11 23:36:55,895] {logging_mixin.py:109} INFO - [2024-07-11 23:36:55,895] {dagbag.py:500} INFO - Filling up the DagBag from /opt/airflow/dags/kafka_consumer_dag.py
[2024-07-11 23:36:56,061] {processor.py:654} INFO - DAG(s) dict_keys(['kafka_consumer_dag']) retrieved from /opt/airflow/dags/kafka_consumer_dag.py
[2024-07-11 23:36:56,102] {logging_mixin.py:109} INFO - [2024-07-11 23:36:56,102] {dag.py:2398} INFO - Sync 1 DAGs
[2024-07-11 23:36:56,212] {processor.py:171} INFO - Processing /opt/airflow/dags/kafka_consumer_dag.py took 0.341 seconds
[2024-07-11 23:37:26,313] {processor.py:163} INFO - Started process (PID=1654) to work on /opt/airflow/dags/kafka_consumer_dag.py
[2024-07-11 23:37:26,318] {processor.py:642} INFO - Processing file /opt/airflow/dags/kafka_consumer_dag.py for tasks to queue
[2024-07-11 23:37:26,321] {logging_mixin.py:109} INFO - [2024-07-11 23:37:26,320] {dagbag.py:500} INFO - Filling up the DagBag from /opt/airflow/dags/kafka_consumer_dag.py
[2024-07-11 23:37:26,538] {processor.py:654} INFO - DAG(s) dict_keys(['kafka_consumer_dag']) retrieved from /opt/airflow/dags/kafka_consumer_dag.py
[2024-07-11 23:37:26,602] {logging_mixin.py:109} INFO - [2024-07-11 23:37:26,602] {dag.py:2398} INFO - Sync 1 DAGs
[2024-07-11 23:37:26,718] {processor.py:171} INFO - Processing /opt/airflow/dags/kafka_consumer_dag.py took 0.420 seconds
[2024-07-11 23:37:57,372] {processor.py:163} INFO - Started process (PID=1685) to work on /opt/airflow/dags/kafka_consumer_dag.py
[2024-07-11 23:37:57,374] {processor.py:642} INFO - Processing file /opt/airflow/dags/kafka_consumer_dag.py for tasks to queue
[2024-07-11 23:37:57,376] {logging_mixin.py:109} INFO - [2024-07-11 23:37:57,375] {dagbag.py:500} INFO - Filling up the DagBag from /opt/airflow/dags/kafka_consumer_dag.py
[2024-07-11 23:37:57,479] {processor.py:654} INFO - DAG(s) dict_keys(['kafka_consumer_dag']) retrieved from /opt/airflow/dags/kafka_consumer_dag.py
[2024-07-11 23:37:57,545] {logging_mixin.py:109} INFO - [2024-07-11 23:37:57,545] {dag.py:2398} INFO - Sync 1 DAGs
[2024-07-11 23:37:57,639] {processor.py:171} INFO - Processing /opt/airflow/dags/kafka_consumer_dag.py took 0.276 seconds
[2024-07-11 23:38:27,918] {processor.py:163} INFO - Started process (PID=1716) to work on /opt/airflow/dags/kafka_consumer_dag.py
[2024-07-11 23:38:27,923] {processor.py:642} INFO - Processing file /opt/airflow/dags/kafka_consumer_dag.py for tasks to queue
[2024-07-11 23:38:27,925] {logging_mixin.py:109} INFO - [2024-07-11 23:38:27,924] {dagbag.py:500} INFO - Filling up the DagBag from /opt/airflow/dags/kafka_consumer_dag.py
[2024-07-11 23:38:28,124] {processor.py:654} INFO - DAG(s) dict_keys(['kafka_consumer_dag']) retrieved from /opt/airflow/dags/kafka_consumer_dag.py
[2024-07-11 23:38:28,142] {logging_mixin.py:109} INFO - [2024-07-11 23:38:28,142] {dag.py:2398} INFO - Sync 1 DAGs
[2024-07-11 23:38:28,184] {processor.py:171} INFO - Processing /opt/airflow/dags/kafka_consumer_dag.py took 0.278 seconds
[2024-07-11 23:38:59,149] {processor.py:163} INFO - Started process (PID=1747) to work on /opt/airflow/dags/kafka_consumer_dag.py
[2024-07-11 23:38:59,153] {processor.py:642} INFO - Processing file /opt/airflow/dags/kafka_consumer_dag.py for tasks to queue
[2024-07-11 23:38:59,156] {logging_mixin.py:109} INFO - [2024-07-11 23:38:59,156] {dagbag.py:500} INFO - Filling up the DagBag from /opt/airflow/dags/kafka_consumer_dag.py
[2024-07-11 23:38:59,318] {processor.py:654} INFO - DAG(s) dict_keys(['kafka_consumer_dag']) retrieved from /opt/airflow/dags/kafka_consumer_dag.py
[2024-07-11 23:38:59,361] {logging_mixin.py:109} INFO - [2024-07-11 23:38:59,360] {dag.py:2398} INFO - Sync 1 DAGs
[2024-07-11 23:38:59,469] {processor.py:171} INFO - Processing /opt/airflow/dags/kafka_consumer_dag.py took 0.332 seconds
[2024-07-11 23:39:29,651] {processor.py:163} INFO - Started process (PID=1778) to work on /opt/airflow/dags/kafka_consumer_dag.py
[2024-07-11 23:39:29,655] {processor.py:642} INFO - Processing file /opt/airflow/dags/kafka_consumer_dag.py for tasks to queue
[2024-07-11 23:39:29,657] {logging_mixin.py:109} INFO - [2024-07-11 23:39:29,657] {dagbag.py:500} INFO - Filling up the DagBag from /opt/airflow/dags/kafka_consumer_dag.py
[2024-07-11 23:39:29,842] {processor.py:654} INFO - DAG(s) dict_keys(['kafka_consumer_dag']) retrieved from /opt/airflow/dags/kafka_consumer_dag.py
[2024-07-11 23:39:29,860] {logging_mixin.py:109} INFO - [2024-07-11 23:39:29,860] {dag.py:2398} INFO - Sync 1 DAGs
[2024-07-11 23:39:29,914] {processor.py:171} INFO - Processing /opt/airflow/dags/kafka_consumer_dag.py took 0.278 seconds
[2024-07-11 23:39:59,978] {processor.py:163} INFO - Started process (PID=1809) to work on /opt/airflow/dags/kafka_consumer_dag.py
[2024-07-11 23:39:59,983] {processor.py:642} INFO - Processing file /opt/airflow/dags/kafka_consumer_dag.py for tasks to queue
[2024-07-11 23:39:59,986] {logging_mixin.py:109} INFO - [2024-07-11 23:39:59,986] {dagbag.py:500} INFO - Filling up the DagBag from /opt/airflow/dags/kafka_consumer_dag.py
[2024-07-11 23:40:00,170] {processor.py:654} INFO - DAG(s) dict_keys(['kafka_consumer_dag']) retrieved from /opt/airflow/dags/kafka_consumer_dag.py
[2024-07-11 23:40:00,221] {logging_mixin.py:109} INFO - [2024-07-11 23:40:00,220] {dag.py:2398} INFO - Sync 1 DAGs
[2024-07-11 23:40:00,346] {processor.py:171} INFO - Processing /opt/airflow/dags/kafka_consumer_dag.py took 0.379 seconds
[2024-07-11 23:40:30,747] {processor.py:163} INFO - Started process (PID=1840) to work on /opt/airflow/dags/kafka_consumer_dag.py
[2024-07-11 23:40:30,750] {processor.py:642} INFO - Processing file /opt/airflow/dags/kafka_consumer_dag.py for tasks to queue
[2024-07-11 23:40:30,751] {logging_mixin.py:109} INFO - [2024-07-11 23:40:30,751] {dagbag.py:500} INFO - Filling up the DagBag from /opt/airflow/dags/kafka_consumer_dag.py
[2024-07-11 23:40:30,864] {processor.py:654} INFO - DAG(s) dict_keys(['kafka_consumer_dag']) retrieved from /opt/airflow/dags/kafka_consumer_dag.py
[2024-07-11 23:40:30,895] {logging_mixin.py:109} INFO - [2024-07-11 23:40:30,894] {dag.py:2398} INFO - Sync 1 DAGs
[2024-07-11 23:40:30,966] {processor.py:171} INFO - Processing /opt/airflow/dags/kafka_consumer_dag.py took 0.225 seconds
[2024-07-11 23:41:01,105] {processor.py:163} INFO - Started process (PID=1871) to work on /opt/airflow/dags/kafka_consumer_dag.py
[2024-07-11 23:41:01,107] {processor.py:642} INFO - Processing file /opt/airflow/dags/kafka_consumer_dag.py for tasks to queue
[2024-07-11 23:41:01,109] {logging_mixin.py:109} INFO - [2024-07-11 23:41:01,108] {dagbag.py:500} INFO - Filling up the DagBag from /opt/airflow/dags/kafka_consumer_dag.py
[2024-07-11 23:41:01,187] {processor.py:654} INFO - DAG(s) dict_keys(['kafka_consumer_dag']) retrieved from /opt/airflow/dags/kafka_consumer_dag.py
[2024-07-11 23:41:01,211] {logging_mixin.py:109} INFO - [2024-07-11 23:41:01,210] {dag.py:2398} INFO - Sync 1 DAGs
[2024-07-11 23:41:01,267] {processor.py:171} INFO - Processing /opt/airflow/dags/kafka_consumer_dag.py took 0.168 seconds
[2024-07-11 23:41:34,161] {processor.py:163} INFO - Started process (PID=1900) to work on /opt/airflow/dags/kafka_consumer_dag.py
[2024-07-11 23:41:34,165] {processor.py:642} INFO - Processing file /opt/airflow/dags/kafka_consumer_dag.py for tasks to queue
[2024-07-11 23:41:34,166] {logging_mixin.py:109} INFO - [2024-07-11 23:41:34,166] {dagbag.py:500} INFO - Filling up the DagBag from /opt/airflow/dags/kafka_consumer_dag.py
[2024-07-11 23:41:34,262] {processor.py:654} INFO - DAG(s) dict_keys(['kafka_consumer_dag']) retrieved from /opt/airflow/dags/kafka_consumer_dag.py
[2024-07-11 23:41:34,294] {logging_mixin.py:109} INFO - [2024-07-11 23:41:34,293] {dag.py:2398} INFO - Sync 1 DAGs
[2024-07-11 23:41:34,371] {processor.py:171} INFO - Processing /opt/airflow/dags/kafka_consumer_dag.py took 0.213 seconds
[2024-07-11 23:42:04,478] {processor.py:163} INFO - Started process (PID=1912) to work on /opt/airflow/dags/kafka_consumer_dag.py
[2024-07-11 23:42:04,479] {processor.py:642} INFO - Processing file /opt/airflow/dags/kafka_consumer_dag.py for tasks to queue
[2024-07-11 23:42:04,479] {logging_mixin.py:109} INFO - [2024-07-11 23:42:04,479] {dagbag.py:500} INFO - Filling up the DagBag from /opt/airflow/dags/kafka_consumer_dag.py
[2024-07-11 23:42:04,516] {processor.py:654} INFO - DAG(s) dict_keys(['kafka_consumer_dag']) retrieved from /opt/airflow/dags/kafka_consumer_dag.py
[2024-07-11 23:42:04,526] {logging_mixin.py:109} INFO - [2024-07-11 23:42:04,526] {dag.py:2398} INFO - Sync 1 DAGs
[2024-07-11 23:42:04,550] {processor.py:171} INFO - Processing /opt/airflow/dags/kafka_consumer_dag.py took 0.076 seconds
[2024-07-11 23:42:35,208] {processor.py:163} INFO - Started process (PID=1943) to work on /opt/airflow/dags/kafka_consumer_dag.py
[2024-07-11 23:42:35,210] {processor.py:642} INFO - Processing file /opt/airflow/dags/kafka_consumer_dag.py for tasks to queue
[2024-07-11 23:42:35,210] {logging_mixin.py:109} INFO - [2024-07-11 23:42:35,210] {dagbag.py:500} INFO - Filling up the DagBag from /opt/airflow/dags/kafka_consumer_dag.py
[2024-07-11 23:42:35,258] {processor.py:654} INFO - DAG(s) dict_keys(['kafka_consumer_dag']) retrieved from /opt/airflow/dags/kafka_consumer_dag.py
[2024-07-11 23:42:35,272] {logging_mixin.py:109} INFO - [2024-07-11 23:42:35,272] {dag.py:2398} INFO - Sync 1 DAGs
[2024-07-11 23:42:35,307] {processor.py:171} INFO - Processing /opt/airflow/dags/kafka_consumer_dag.py took 0.102 seconds
[2024-07-11 23:43:06,112] {processor.py:163} INFO - Started process (PID=1974) to work on /opt/airflow/dags/kafka_consumer_dag.py
[2024-07-11 23:43:06,113] {processor.py:642} INFO - Processing file /opt/airflow/dags/kafka_consumer_dag.py for tasks to queue
[2024-07-11 23:43:06,114] {logging_mixin.py:109} INFO - [2024-07-11 23:43:06,114] {dagbag.py:500} INFO - Filling up the DagBag from /opt/airflow/dags/kafka_consumer_dag.py
[2024-07-11 23:43:06,155] {processor.py:654} INFO - DAG(s) dict_keys(['kafka_consumer_dag']) retrieved from /opt/airflow/dags/kafka_consumer_dag.py
[2024-07-11 23:43:06,167] {logging_mixin.py:109} INFO - [2024-07-11 23:43:06,166] {dag.py:2398} INFO - Sync 1 DAGs
[2024-07-11 23:43:06,199] {processor.py:171} INFO - Processing /opt/airflow/dags/kafka_consumer_dag.py took 0.089 seconds
[2024-07-11 23:43:36,876] {processor.py:163} INFO - Started process (PID=2005) to work on /opt/airflow/dags/kafka_consumer_dag.py
[2024-07-11 23:43:36,878] {processor.py:642} INFO - Processing file /opt/airflow/dags/kafka_consumer_dag.py for tasks to queue
[2024-07-11 23:43:36,879] {logging_mixin.py:109} INFO - [2024-07-11 23:43:36,879] {dagbag.py:500} INFO - Filling up the DagBag from /opt/airflow/dags/kafka_consumer_dag.py
[2024-07-11 23:43:36,915] {processor.py:654} INFO - DAG(s) dict_keys(['kafka_consumer_dag']) retrieved from /opt/airflow/dags/kafka_consumer_dag.py
[2024-07-11 23:43:36,924] {logging_mixin.py:109} INFO - [2024-07-11 23:43:36,924] {dag.py:2398} INFO - Sync 1 DAGs
[2024-07-11 23:43:36,949] {processor.py:171} INFO - Processing /opt/airflow/dags/kafka_consumer_dag.py took 0.076 seconds
[2024-07-11 23:44:07,478] {processor.py:163} INFO - Started process (PID=2036) to work on /opt/airflow/dags/kafka_consumer_dag.py
[2024-07-11 23:44:07,479] {processor.py:642} INFO - Processing file /opt/airflow/dags/kafka_consumer_dag.py for tasks to queue
[2024-07-11 23:44:07,480] {logging_mixin.py:109} INFO - [2024-07-11 23:44:07,480] {dagbag.py:500} INFO - Filling up the DagBag from /opt/airflow/dags/kafka_consumer_dag.py
[2024-07-11 23:44:07,519] {processor.py:654} INFO - DAG(s) dict_keys(['kafka_consumer_dag']) retrieved from /opt/airflow/dags/kafka_consumer_dag.py
[2024-07-11 23:44:07,529] {logging_mixin.py:109} INFO - [2024-07-11 23:44:07,529] {dag.py:2398} INFO - Sync 1 DAGs
[2024-07-11 23:44:07,552] {processor.py:171} INFO - Processing /opt/airflow/dags/kafka_consumer_dag.py took 0.077 seconds
[2024-07-11 23:44:38,212] {processor.py:163} INFO - Started process (PID=2067) to work on /opt/airflow/dags/kafka_consumer_dag.py
[2024-07-11 23:44:38,213] {processor.py:642} INFO - Processing file /opt/airflow/dags/kafka_consumer_dag.py for tasks to queue
[2024-07-11 23:44:38,213] {logging_mixin.py:109} INFO - [2024-07-11 23:44:38,213] {dagbag.py:500} INFO - Filling up the DagBag from /opt/airflow/dags/kafka_consumer_dag.py
[2024-07-11 23:44:38,254] {processor.py:654} INFO - DAG(s) dict_keys(['kafka_consumer_dag']) retrieved from /opt/airflow/dags/kafka_consumer_dag.py
[2024-07-11 23:44:38,264] {logging_mixin.py:109} INFO - [2024-07-11 23:44:38,264] {dag.py:2398} INFO - Sync 1 DAGs
[2024-07-11 23:44:38,293] {processor.py:171} INFO - Processing /opt/airflow/dags/kafka_consumer_dag.py took 0.085 seconds
[2024-07-11 23:45:08,721] {processor.py:163} INFO - Started process (PID=2098) to work on /opt/airflow/dags/kafka_consumer_dag.py
[2024-07-11 23:45:08,722] {processor.py:642} INFO - Processing file /opt/airflow/dags/kafka_consumer_dag.py for tasks to queue
[2024-07-11 23:45:08,723] {logging_mixin.py:109} INFO - [2024-07-11 23:45:08,723] {dagbag.py:500} INFO - Filling up the DagBag from /opt/airflow/dags/kafka_consumer_dag.py
[2024-07-11 23:45:08,768] {processor.py:654} INFO - DAG(s) dict_keys(['kafka_consumer_dag']) retrieved from /opt/airflow/dags/kafka_consumer_dag.py
[2024-07-11 23:45:08,779] {logging_mixin.py:109} INFO - [2024-07-11 23:45:08,779] {dag.py:2398} INFO - Sync 1 DAGs
[2024-07-11 23:45:08,813] {processor.py:171} INFO - Processing /opt/airflow/dags/kafka_consumer_dag.py took 0.094 seconds
[2024-07-11 23:45:39,417] {processor.py:163} INFO - Started process (PID=2129) to work on /opt/airflow/dags/kafka_consumer_dag.py
[2024-07-11 23:45:39,419] {processor.py:642} INFO - Processing file /opt/airflow/dags/kafka_consumer_dag.py for tasks to queue
[2024-07-11 23:45:39,419] {logging_mixin.py:109} INFO - [2024-07-11 23:45:39,419] {dagbag.py:500} INFO - Filling up the DagBag from /opt/airflow/dags/kafka_consumer_dag.py
[2024-07-11 23:45:39,460] {processor.py:654} INFO - DAG(s) dict_keys(['kafka_consumer_dag']) retrieved from /opt/airflow/dags/kafka_consumer_dag.py
[2024-07-11 23:45:39,471] {logging_mixin.py:109} INFO - [2024-07-11 23:45:39,471] {dag.py:2398} INFO - Sync 1 DAGs
[2024-07-11 23:45:39,507] {processor.py:171} INFO - Processing /opt/airflow/dags/kafka_consumer_dag.py took 0.092 seconds
[2024-07-11 23:46:10,017] {processor.py:163} INFO - Started process (PID=2160) to work on /opt/airflow/dags/kafka_consumer_dag.py
[2024-07-11 23:46:10,025] {processor.py:642} INFO - Processing file /opt/airflow/dags/kafka_consumer_dag.py for tasks to queue
[2024-07-11 23:46:10,025] {logging_mixin.py:109} INFO - [2024-07-11 23:46:10,025] {dagbag.py:500} INFO - Filling up the DagBag from /opt/airflow/dags/kafka_consumer_dag.py
[2024-07-11 23:46:10,065] {processor.py:654} INFO - DAG(s) dict_keys(['kafka_consumer_dag']) retrieved from /opt/airflow/dags/kafka_consumer_dag.py
[2024-07-11 23:46:10,074] {logging_mixin.py:109} INFO - [2024-07-11 23:46:10,074] {dag.py:2398} INFO - Sync 1 DAGs
[2024-07-11 23:46:10,099] {processor.py:171} INFO - Processing /opt/airflow/dags/kafka_consumer_dag.py took 0.085 seconds
[2024-07-11 23:46:40,153] {processor.py:163} INFO - Started process (PID=2191) to work on /opt/airflow/dags/kafka_consumer_dag.py
[2024-07-11 23:46:40,155] {processor.py:642} INFO - Processing file /opt/airflow/dags/kafka_consumer_dag.py for tasks to queue
[2024-07-11 23:46:40,156] {logging_mixin.py:109} INFO - [2024-07-11 23:46:40,156] {dagbag.py:500} INFO - Filling up the DagBag from /opt/airflow/dags/kafka_consumer_dag.py
[2024-07-11 23:46:40,200] {processor.py:654} INFO - DAG(s) dict_keys(['kafka_consumer_dag']) retrieved from /opt/airflow/dags/kafka_consumer_dag.py
[2024-07-11 23:46:40,211] {logging_mixin.py:109} INFO - [2024-07-11 23:46:40,211] {dag.py:2398} INFO - Sync 1 DAGs
[2024-07-11 23:46:40,252] {processor.py:171} INFO - Processing /opt/airflow/dags/kafka_consumer_dag.py took 0.109 seconds
[2024-07-11 23:47:10,793] {processor.py:163} INFO - Started process (PID=2222) to work on /opt/airflow/dags/kafka_consumer_dag.py
[2024-07-11 23:47:10,796] {processor.py:642} INFO - Processing file /opt/airflow/dags/kafka_consumer_dag.py for tasks to queue
[2024-07-11 23:47:10,797] {logging_mixin.py:109} INFO - [2024-07-11 23:47:10,797] {dagbag.py:500} INFO - Filling up the DagBag from /opt/airflow/dags/kafka_consumer_dag.py
[2024-07-11 23:47:10,838] {processor.py:654} INFO - DAG(s) dict_keys(['kafka_consumer_dag']) retrieved from /opt/airflow/dags/kafka_consumer_dag.py
[2024-07-11 23:47:10,849] {logging_mixin.py:109} INFO - [2024-07-11 23:47:10,849] {dag.py:2398} INFO - Sync 1 DAGs
[2024-07-11 23:47:10,876] {processor.py:171} INFO - Processing /opt/airflow/dags/kafka_consumer_dag.py took 0.089 seconds
[2024-07-11 23:47:41,455] {processor.py:163} INFO - Started process (PID=2253) to work on /opt/airflow/dags/kafka_consumer_dag.py
[2024-07-11 23:47:41,457] {processor.py:642} INFO - Processing file /opt/airflow/dags/kafka_consumer_dag.py for tasks to queue
[2024-07-11 23:47:41,458] {logging_mixin.py:109} INFO - [2024-07-11 23:47:41,458] {dagbag.py:500} INFO - Filling up the DagBag from /opt/airflow/dags/kafka_consumer_dag.py
[2024-07-11 23:47:41,503] {processor.py:654} INFO - DAG(s) dict_keys(['kafka_consumer_dag']) retrieved from /opt/airflow/dags/kafka_consumer_dag.py
[2024-07-11 23:47:41,513] {logging_mixin.py:109} INFO - [2024-07-11 23:47:41,513] {dag.py:2398} INFO - Sync 1 DAGs
[2024-07-11 23:47:41,548] {processor.py:171} INFO - Processing /opt/airflow/dags/kafka_consumer_dag.py took 0.099 seconds
[2024-07-11 23:48:12,120] {processor.py:163} INFO - Started process (PID=2284) to work on /opt/airflow/dags/kafka_consumer_dag.py
[2024-07-11 23:48:12,121] {processor.py:642} INFO - Processing file /opt/airflow/dags/kafka_consumer_dag.py for tasks to queue
[2024-07-11 23:48:12,122] {logging_mixin.py:109} INFO - [2024-07-11 23:48:12,122] {dagbag.py:500} INFO - Filling up the DagBag from /opt/airflow/dags/kafka_consumer_dag.py
[2024-07-11 23:48:12,160] {processor.py:654} INFO - DAG(s) dict_keys(['kafka_consumer_dag']) retrieved from /opt/airflow/dags/kafka_consumer_dag.py
[2024-07-11 23:48:12,170] {logging_mixin.py:109} INFO - [2024-07-11 23:48:12,170] {dag.py:2398} INFO - Sync 1 DAGs
[2024-07-11 23:48:12,205] {processor.py:171} INFO - Processing /opt/airflow/dags/kafka_consumer_dag.py took 0.088 seconds
[2024-07-11 23:48:42,732] {processor.py:163} INFO - Started process (PID=2315) to work on /opt/airflow/dags/kafka_consumer_dag.py
[2024-07-11 23:48:42,734] {processor.py:642} INFO - Processing file /opt/airflow/dags/kafka_consumer_dag.py for tasks to queue
[2024-07-11 23:48:42,735] {logging_mixin.py:109} INFO - [2024-07-11 23:48:42,734] {dagbag.py:500} INFO - Filling up the DagBag from /opt/airflow/dags/kafka_consumer_dag.py
[2024-07-11 23:48:42,771] {processor.py:654} INFO - DAG(s) dict_keys(['kafka_consumer_dag']) retrieved from /opt/airflow/dags/kafka_consumer_dag.py
[2024-07-11 23:48:42,780] {logging_mixin.py:109} INFO - [2024-07-11 23:48:42,780] {dag.py:2398} INFO - Sync 1 DAGs
[2024-07-11 23:48:42,804] {processor.py:171} INFO - Processing /opt/airflow/dags/kafka_consumer_dag.py took 0.074 seconds
[2024-07-11 23:49:13,411] {processor.py:163} INFO - Started process (PID=2360) to work on /opt/airflow/dags/kafka_consumer_dag.py
[2024-07-11 23:49:13,412] {processor.py:642} INFO - Processing file /opt/airflow/dags/kafka_consumer_dag.py for tasks to queue
[2024-07-11 23:49:13,413] {logging_mixin.py:109} INFO - [2024-07-11 23:49:13,413] {dagbag.py:500} INFO - Filling up the DagBag from /opt/airflow/dags/kafka_consumer_dag.py
[2024-07-11 23:49:13,452] {processor.py:654} INFO - DAG(s) dict_keys(['kafka_consumer_dag']) retrieved from /opt/airflow/dags/kafka_consumer_dag.py
[2024-07-11 23:49:13,463] {logging_mixin.py:109} INFO - [2024-07-11 23:49:13,463] {dag.py:2398} INFO - Sync 1 DAGs
[2024-07-11 23:49:13,495] {processor.py:171} INFO - Processing /opt/airflow/dags/kafka_consumer_dag.py took 0.086 seconds
[2024-07-11 23:49:44,466] {processor.py:163} INFO - Started process (PID=2391) to work on /opt/airflow/dags/kafka_consumer_dag.py
[2024-07-11 23:49:44,467] {processor.py:642} INFO - Processing file /opt/airflow/dags/kafka_consumer_dag.py for tasks to queue
[2024-07-11 23:49:44,468] {logging_mixin.py:109} INFO - [2024-07-11 23:49:44,467] {dagbag.py:500} INFO - Filling up the DagBag from /opt/airflow/dags/kafka_consumer_dag.py
[2024-07-11 23:49:44,509] {processor.py:654} INFO - DAG(s) dict_keys(['kafka_consumer_dag']) retrieved from /opt/airflow/dags/kafka_consumer_dag.py
[2024-07-11 23:49:44,518] {logging_mixin.py:109} INFO - [2024-07-11 23:49:44,518] {dag.py:2398} INFO - Sync 1 DAGs
[2024-07-11 23:49:44,543] {processor.py:171} INFO - Processing /opt/airflow/dags/kafka_consumer_dag.py took 0.081 seconds
[2024-07-11 23:50:15,353] {processor.py:163} INFO - Started process (PID=2422) to work on /opt/airflow/dags/kafka_consumer_dag.py
[2024-07-11 23:50:15,354] {processor.py:642} INFO - Processing file /opt/airflow/dags/kafka_consumer_dag.py for tasks to queue
[2024-07-11 23:50:15,355] {logging_mixin.py:109} INFO - [2024-07-11 23:50:15,355] {dagbag.py:500} INFO - Filling up the DagBag from /opt/airflow/dags/kafka_consumer_dag.py
[2024-07-11 23:50:15,401] {processor.py:654} INFO - DAG(s) dict_keys(['kafka_consumer_dag']) retrieved from /opt/airflow/dags/kafka_consumer_dag.py
[2024-07-11 23:50:15,412] {logging_mixin.py:109} INFO - [2024-07-11 23:50:15,412] {dag.py:2398} INFO - Sync 1 DAGs
[2024-07-11 23:50:15,446] {processor.py:171} INFO - Processing /opt/airflow/dags/kafka_consumer_dag.py took 0.095 seconds
[2024-07-11 23:50:46,044] {processor.py:163} INFO - Started process (PID=2453) to work on /opt/airflow/dags/kafka_consumer_dag.py
[2024-07-11 23:50:46,045] {processor.py:642} INFO - Processing file /opt/airflow/dags/kafka_consumer_dag.py for tasks to queue
[2024-07-11 23:50:46,045] {logging_mixin.py:109} INFO - [2024-07-11 23:50:46,045] {dagbag.py:500} INFO - Filling up the DagBag from /opt/airflow/dags/kafka_consumer_dag.py
[2024-07-11 23:50:46,084] {processor.py:654} INFO - DAG(s) dict_keys(['kafka_consumer_dag']) retrieved from /opt/airflow/dags/kafka_consumer_dag.py
[2024-07-11 23:50:46,094] {logging_mixin.py:109} INFO - [2024-07-11 23:50:46,093] {dag.py:2398} INFO - Sync 1 DAGs
[2024-07-11 23:50:46,119] {processor.py:171} INFO - Processing /opt/airflow/dags/kafka_consumer_dag.py took 0.078 seconds
[2024-07-11 23:51:16,730] {processor.py:163} INFO - Started process (PID=2484) to work on /opt/airflow/dags/kafka_consumer_dag.py
[2024-07-11 23:51:16,731] {processor.py:642} INFO - Processing file /opt/airflow/dags/kafka_consumer_dag.py for tasks to queue
[2024-07-11 23:51:16,732] {logging_mixin.py:109} INFO - [2024-07-11 23:51:16,732] {dagbag.py:500} INFO - Filling up the DagBag from /opt/airflow/dags/kafka_consumer_dag.py
[2024-07-11 23:51:16,771] {processor.py:654} INFO - DAG(s) dict_keys(['kafka_consumer_dag']) retrieved from /opt/airflow/dags/kafka_consumer_dag.py
[2024-07-11 23:51:16,781] {logging_mixin.py:109} INFO - [2024-07-11 23:51:16,780] {dag.py:2398} INFO - Sync 1 DAGs
[2024-07-11 23:51:16,807] {processor.py:171} INFO - Processing /opt/airflow/dags/kafka_consumer_dag.py took 0.082 seconds
[2024-07-11 23:51:47,407] {processor.py:163} INFO - Started process (PID=2515) to work on /opt/airflow/dags/kafka_consumer_dag.py
[2024-07-11 23:51:47,408] {processor.py:642} INFO - Processing file /opt/airflow/dags/kafka_consumer_dag.py for tasks to queue
[2024-07-11 23:51:47,409] {logging_mixin.py:109} INFO - [2024-07-11 23:51:47,409] {dagbag.py:500} INFO - Filling up the DagBag from /opt/airflow/dags/kafka_consumer_dag.py
[2024-07-11 23:51:47,451] {processor.py:654} INFO - DAG(s) dict_keys(['kafka_consumer_dag']) retrieved from /opt/airflow/dags/kafka_consumer_dag.py
[2024-07-11 23:51:47,460] {logging_mixin.py:109} INFO - [2024-07-11 23:51:47,460] {dag.py:2398} INFO - Sync 1 DAGs
[2024-07-11 23:51:47,488] {processor.py:171} INFO - Processing /opt/airflow/dags/kafka_consumer_dag.py took 0.086 seconds
[2024-07-11 23:52:18,043] {processor.py:163} INFO - Started process (PID=2546) to work on /opt/airflow/dags/kafka_consumer_dag.py
[2024-07-11 23:52:18,044] {processor.py:642} INFO - Processing file /opt/airflow/dags/kafka_consumer_dag.py for tasks to queue
[2024-07-11 23:52:18,045] {logging_mixin.py:109} INFO - [2024-07-11 23:52:18,045] {dagbag.py:500} INFO - Filling up the DagBag from /opt/airflow/dags/kafka_consumer_dag.py
[2024-07-11 23:52:18,084] {processor.py:654} INFO - DAG(s) dict_keys(['kafka_consumer_dag']) retrieved from /opt/airflow/dags/kafka_consumer_dag.py
[2024-07-11 23:52:18,094] {logging_mixin.py:109} INFO - [2024-07-11 23:52:18,094] {dag.py:2398} INFO - Sync 1 DAGs
[2024-07-11 23:52:18,119] {processor.py:171} INFO - Processing /opt/airflow/dags/kafka_consumer_dag.py took 0.081 seconds
[2024-07-11 23:52:48,801] {processor.py:163} INFO - Started process (PID=2577) to work on /opt/airflow/dags/kafka_consumer_dag.py
[2024-07-11 23:52:48,803] {processor.py:642} INFO - Processing file /opt/airflow/dags/kafka_consumer_dag.py for tasks to queue
[2024-07-11 23:52:48,804] {logging_mixin.py:109} INFO - [2024-07-11 23:52:48,804] {dagbag.py:500} INFO - Filling up the DagBag from /opt/airflow/dags/kafka_consumer_dag.py
[2024-07-11 23:52:48,845] {processor.py:654} INFO - DAG(s) dict_keys(['kafka_consumer_dag']) retrieved from /opt/airflow/dags/kafka_consumer_dag.py
[2024-07-11 23:52:48,854] {logging_mixin.py:109} INFO - [2024-07-11 23:52:48,854] {dag.py:2398} INFO - Sync 1 DAGs
[2024-07-11 23:52:48,879] {processor.py:171} INFO - Processing /opt/airflow/dags/kafka_consumer_dag.py took 0.084 seconds
[2024-07-11 23:53:19,482] {processor.py:163} INFO - Started process (PID=2608) to work on /opt/airflow/dags/kafka_consumer_dag.py
[2024-07-11 23:53:19,483] {processor.py:642} INFO - Processing file /opt/airflow/dags/kafka_consumer_dag.py for tasks to queue
[2024-07-11 23:53:19,483] {logging_mixin.py:109} INFO - [2024-07-11 23:53:19,483] {dagbag.py:500} INFO - Filling up the DagBag from /opt/airflow/dags/kafka_consumer_dag.py
[2024-07-11 23:53:19,526] {processor.py:654} INFO - DAG(s) dict_keys(['kafka_consumer_dag']) retrieved from /opt/airflow/dags/kafka_consumer_dag.py
[2024-07-11 23:53:19,538] {logging_mixin.py:109} INFO - [2024-07-11 23:53:19,538] {dag.py:2398} INFO - Sync 1 DAGs
[2024-07-11 23:53:19,566] {processor.py:171} INFO - Processing /opt/airflow/dags/kafka_consumer_dag.py took 0.088 seconds
[2024-07-11 23:53:50,104] {processor.py:163} INFO - Started process (PID=2639) to work on /opt/airflow/dags/kafka_consumer_dag.py
[2024-07-11 23:53:50,114] {processor.py:642} INFO - Processing file /opt/airflow/dags/kafka_consumer_dag.py for tasks to queue
[2024-07-11 23:53:50,115] {logging_mixin.py:109} INFO - [2024-07-11 23:53:50,115] {dagbag.py:500} INFO - Filling up the DagBag from /opt/airflow/dags/kafka_consumer_dag.py
[2024-07-11 23:53:50,152] {processor.py:654} INFO - DAG(s) dict_keys(['kafka_consumer_dag']) retrieved from /opt/airflow/dags/kafka_consumer_dag.py
[2024-07-11 23:53:50,161] {logging_mixin.py:109} INFO - [2024-07-11 23:53:50,161] {dag.py:2398} INFO - Sync 1 DAGs
[2024-07-11 23:53:50,187] {processor.py:171} INFO - Processing /opt/airflow/dags/kafka_consumer_dag.py took 0.087 seconds
[2024-07-11 23:54:20,880] {processor.py:163} INFO - Started process (PID=2670) to work on /opt/airflow/dags/kafka_consumer_dag.py
[2024-07-11 23:54:20,882] {processor.py:642} INFO - Processing file /opt/airflow/dags/kafka_consumer_dag.py for tasks to queue
[2024-07-11 23:54:20,883] {logging_mixin.py:109} INFO - [2024-07-11 23:54:20,882] {dagbag.py:500} INFO - Filling up the DagBag from /opt/airflow/dags/kafka_consumer_dag.py
[2024-07-11 23:54:20,925] {processor.py:654} INFO - DAG(s) dict_keys(['kafka_consumer_dag']) retrieved from /opt/airflow/dags/kafka_consumer_dag.py
[2024-07-11 23:54:20,937] {logging_mixin.py:109} INFO - [2024-07-11 23:54:20,937] {dag.py:2398} INFO - Sync 1 DAGs
[2024-07-11 23:54:20,987] {processor.py:171} INFO - Processing /opt/airflow/dags/kafka_consumer_dag.py took 0.109 seconds
[2024-07-11 23:54:51,757] {processor.py:163} INFO - Started process (PID=2701) to work on /opt/airflow/dags/kafka_consumer_dag.py
[2024-07-11 23:54:51,758] {processor.py:642} INFO - Processing file /opt/airflow/dags/kafka_consumer_dag.py for tasks to queue
[2024-07-11 23:54:51,759] {logging_mixin.py:109} INFO - [2024-07-11 23:54:51,759] {dagbag.py:500} INFO - Filling up the DagBag from /opt/airflow/dags/kafka_consumer_dag.py
[2024-07-11 23:54:51,798] {processor.py:654} INFO - DAG(s) dict_keys(['kafka_consumer_dag']) retrieved from /opt/airflow/dags/kafka_consumer_dag.py
[2024-07-11 23:54:51,809] {logging_mixin.py:109} INFO - [2024-07-11 23:54:51,809] {dag.py:2398} INFO - Sync 1 DAGs
[2024-07-11 23:54:51,841] {processor.py:171} INFO - Processing /opt/airflow/dags/kafka_consumer_dag.py took 0.087 seconds
[2024-07-11 23:55:22,444] {processor.py:163} INFO - Started process (PID=2732) to work on /opt/airflow/dags/kafka_consumer_dag.py
[2024-07-11 23:55:22,445] {processor.py:642} INFO - Processing file /opt/airflow/dags/kafka_consumer_dag.py for tasks to queue
[2024-07-11 23:55:22,446] {logging_mixin.py:109} INFO - [2024-07-11 23:55:22,446] {dagbag.py:500} INFO - Filling up the DagBag from /opt/airflow/dags/kafka_consumer_dag.py
[2024-07-11 23:55:22,492] {processor.py:654} INFO - DAG(s) dict_keys(['kafka_consumer_dag']) retrieved from /opt/airflow/dags/kafka_consumer_dag.py
[2024-07-11 23:55:22,503] {logging_mixin.py:109} INFO - [2024-07-11 23:55:22,503] {dag.py:2398} INFO - Sync 1 DAGs
[2024-07-11 23:55:22,533] {processor.py:171} INFO - Processing /opt/airflow/dags/kafka_consumer_dag.py took 0.094 seconds
[2024-07-11 23:55:53,390] {processor.py:163} INFO - Started process (PID=2763) to work on /opt/airflow/dags/kafka_consumer_dag.py
[2024-07-11 23:55:53,391] {processor.py:642} INFO - Processing file /opt/airflow/dags/kafka_consumer_dag.py for tasks to queue
[2024-07-11 23:55:53,392] {logging_mixin.py:109} INFO - [2024-07-11 23:55:53,391] {dagbag.py:500} INFO - Filling up the DagBag from /opt/airflow/dags/kafka_consumer_dag.py
[2024-07-11 23:55:53,431] {processor.py:654} INFO - DAG(s) dict_keys(['kafka_consumer_dag']) retrieved from /opt/airflow/dags/kafka_consumer_dag.py
[2024-07-11 23:55:53,441] {logging_mixin.py:109} INFO - [2024-07-11 23:55:53,441] {dag.py:2398} INFO - Sync 1 DAGs
[2024-07-11 23:55:53,471] {processor.py:171} INFO - Processing /opt/airflow/dags/kafka_consumer_dag.py took 0.084 seconds
[2024-07-11 23:56:23,586] {processor.py:163} INFO - Started process (PID=2773) to work on /opt/airflow/dags/kafka_consumer_dag.py
[2024-07-11 23:56:23,587] {processor.py:642} INFO - Processing file /opt/airflow/dags/kafka_consumer_dag.py for tasks to queue
[2024-07-11 23:56:23,588] {logging_mixin.py:109} INFO - [2024-07-11 23:56:23,588] {dagbag.py:500} INFO - Filling up the DagBag from /opt/airflow/dags/kafka_consumer_dag.py
[2024-07-11 23:56:23,627] {processor.py:654} INFO - DAG(s) dict_keys(['kafka_consumer_dag']) retrieved from /opt/airflow/dags/kafka_consumer_dag.py
[2024-07-11 23:56:23,639] {logging_mixin.py:109} INFO - [2024-07-11 23:56:23,638] {dag.py:2398} INFO - Sync 1 DAGs
[2024-07-11 23:56:23,679] {processor.py:171} INFO - Processing /opt/airflow/dags/kafka_consumer_dag.py took 0.096 seconds
[2024-07-11 23:56:54,412] {processor.py:163} INFO - Started process (PID=2804) to work on /opt/airflow/dags/kafka_consumer_dag.py
[2024-07-11 23:56:54,413] {processor.py:642} INFO - Processing file /opt/airflow/dags/kafka_consumer_dag.py for tasks to queue
[2024-07-11 23:56:54,414] {logging_mixin.py:109} INFO - [2024-07-11 23:56:54,414] {dagbag.py:500} INFO - Filling up the DagBag from /opt/airflow/dags/kafka_consumer_dag.py
[2024-07-11 23:56:54,451] {processor.py:654} INFO - DAG(s) dict_keys(['kafka_consumer_dag']) retrieved from /opt/airflow/dags/kafka_consumer_dag.py
[2024-07-11 23:56:54,460] {logging_mixin.py:109} INFO - [2024-07-11 23:56:54,460] {dag.py:2398} INFO - Sync 1 DAGs
[2024-07-11 23:56:54,498] {processor.py:171} INFO - Processing /opt/airflow/dags/kafka_consumer_dag.py took 0.089 seconds
[2024-07-11 23:57:25,158] {processor.py:163} INFO - Started process (PID=2835) to work on /opt/airflow/dags/kafka_consumer_dag.py
[2024-07-11 23:57:25,159] {processor.py:642} INFO - Processing file /opt/airflow/dags/kafka_consumer_dag.py for tasks to queue
[2024-07-11 23:57:25,160] {logging_mixin.py:109} INFO - [2024-07-11 23:57:25,159] {dagbag.py:500} INFO - Filling up the DagBag from /opt/airflow/dags/kafka_consumer_dag.py
[2024-07-11 23:57:25,196] {processor.py:654} INFO - DAG(s) dict_keys(['kafka_consumer_dag']) retrieved from /opt/airflow/dags/kafka_consumer_dag.py
[2024-07-11 23:57:25,206] {logging_mixin.py:109} INFO - [2024-07-11 23:57:25,206] {dag.py:2398} INFO - Sync 1 DAGs
[2024-07-11 23:57:25,230] {processor.py:171} INFO - Processing /opt/airflow/dags/kafka_consumer_dag.py took 0.074 seconds
[2024-07-11 23:57:56,052] {processor.py:163} INFO - Started process (PID=2866) to work on /opt/airflow/dags/kafka_consumer_dag.py
[2024-07-11 23:57:56,054] {processor.py:642} INFO - Processing file /opt/airflow/dags/kafka_consumer_dag.py for tasks to queue
[2024-07-11 23:57:56,055] {logging_mixin.py:109} INFO - [2024-07-11 23:57:56,055] {dagbag.py:500} INFO - Filling up the DagBag from /opt/airflow/dags/kafka_consumer_dag.py
[2024-07-11 23:57:56,094] {processor.py:654} INFO - DAG(s) dict_keys(['kafka_consumer_dag']) retrieved from /opt/airflow/dags/kafka_consumer_dag.py
[2024-07-11 23:57:56,104] {logging_mixin.py:109} INFO - [2024-07-11 23:57:56,104] {dag.py:2398} INFO - Sync 1 DAGs
[2024-07-11 23:57:56,140] {processor.py:171} INFO - Processing /opt/airflow/dags/kafka_consumer_dag.py took 0.092 seconds
[2024-07-11 23:58:26,739] {processor.py:163} INFO - Started process (PID=2897) to work on /opt/airflow/dags/kafka_consumer_dag.py
[2024-07-11 23:58:26,740] {processor.py:642} INFO - Processing file /opt/airflow/dags/kafka_consumer_dag.py for tasks to queue
[2024-07-11 23:58:26,740] {logging_mixin.py:109} INFO - [2024-07-11 23:58:26,740] {dagbag.py:500} INFO - Filling up the DagBag from /opt/airflow/dags/kafka_consumer_dag.py
[2024-07-11 23:58:26,782] {processor.py:654} INFO - DAG(s) dict_keys(['kafka_consumer_dag']) retrieved from /opt/airflow/dags/kafka_consumer_dag.py
[2024-07-11 23:58:26,794] {logging_mixin.py:109} INFO - [2024-07-11 23:58:26,794] {dag.py:2398} INFO - Sync 1 DAGs
[2024-07-11 23:58:26,821] {processor.py:171} INFO - Processing /opt/airflow/dags/kafka_consumer_dag.py took 0.086 seconds
[2024-07-11 23:58:57,422] {processor.py:163} INFO - Started process (PID=2928) to work on /opt/airflow/dags/kafka_consumer_dag.py
[2024-07-11 23:58:57,424] {processor.py:642} INFO - Processing file /opt/airflow/dags/kafka_consumer_dag.py for tasks to queue
[2024-07-11 23:58:57,424] {logging_mixin.py:109} INFO - [2024-07-11 23:58:57,424] {dagbag.py:500} INFO - Filling up the DagBag from /opt/airflow/dags/kafka_consumer_dag.py
[2024-07-11 23:58:57,527] {processor.py:654} INFO - DAG(s) dict_keys(['kafka_consumer_dag']) retrieved from /opt/airflow/dags/kafka_consumer_dag.py
[2024-07-11 23:58:57,538] {logging_mixin.py:109} INFO - [2024-07-11 23:58:57,538] {dag.py:2398} INFO - Sync 1 DAGs
[2024-07-11 23:58:57,573] {processor.py:171} INFO - Processing /opt/airflow/dags/kafka_consumer_dag.py took 0.161 seconds
[2024-07-11 23:59:28,083] {processor.py:163} INFO - Started process (PID=2959) to work on /opt/airflow/dags/kafka_consumer_dag.py
[2024-07-11 23:59:28,084] {processor.py:642} INFO - Processing file /opt/airflow/dags/kafka_consumer_dag.py for tasks to queue
[2024-07-11 23:59:28,085] {logging_mixin.py:109} INFO - [2024-07-11 23:59:28,085] {dagbag.py:500} INFO - Filling up the DagBag from /opt/airflow/dags/kafka_consumer_dag.py
[2024-07-11 23:59:28,127] {processor.py:654} INFO - DAG(s) dict_keys(['kafka_consumer_dag']) retrieved from /opt/airflow/dags/kafka_consumer_dag.py
[2024-07-11 23:59:28,137] {logging_mixin.py:109} INFO - [2024-07-11 23:59:28,137] {dag.py:2398} INFO - Sync 1 DAGs
[2024-07-11 23:59:28,165] {processor.py:171} INFO - Processing /opt/airflow/dags/kafka_consumer_dag.py took 0.087 seconds
[2024-07-11 23:59:58,715] {processor.py:163} INFO - Started process (PID=2990) to work on /opt/airflow/dags/kafka_consumer_dag.py
[2024-07-11 23:59:58,716] {processor.py:642} INFO - Processing file /opt/airflow/dags/kafka_consumer_dag.py for tasks to queue
[2024-07-11 23:59:58,717] {logging_mixin.py:109} INFO - [2024-07-11 23:59:58,717] {dagbag.py:500} INFO - Filling up the DagBag from /opt/airflow/dags/kafka_consumer_dag.py
[2024-07-11 23:59:58,754] {processor.py:654} INFO - DAG(s) dict_keys(['kafka_consumer_dag']) retrieved from /opt/airflow/dags/kafka_consumer_dag.py
[2024-07-11 23:59:58,764] {logging_mixin.py:109} INFO - [2024-07-11 23:59:58,764] {dag.py:2398} INFO - Sync 1 DAGs
[2024-07-11 23:59:58,792] {processor.py:171} INFO - Processing /opt/airflow/dags/kafka_consumer_dag.py took 0.081 seconds
