[2024-07-11 23:12:19,400] {processor.py:163} INFO - Started process (PID=175) to work on /opt/airflow/dags/webscraping_dag.py
[2024-07-11 23:12:19,401] {processor.py:642} INFO - Processing file /opt/airflow/dags/webscraping_dag.py for tasks to queue
[2024-07-11 23:12:19,402] {logging_mixin.py:109} INFO - [2024-07-11 23:12:19,402] {dagbag.py:500} INFO - Filling up the DagBag from /opt/airflow/dags/webscraping_dag.py
[2024-07-11 23:12:19,534] {processor.py:654} INFO - DAG(s) dict_keys(['webscraping_dag']) retrieved from /opt/airflow/dags/webscraping_dag.py
[2024-07-11 23:12:19,547] {logging_mixin.py:109} INFO - [2024-07-11 23:12:19,547] {dag.py:2398} INFO - Sync 1 DAGs
[2024-07-11 23:12:19,576] {logging_mixin.py:109} INFO - [2024-07-11 23:12:19,576] {dag.py:2937} INFO - Setting next_dagrun for webscraping_dag to 2023-04-27T17:00:00+00:00
[2024-07-11 23:12:19,590] {processor.py:171} INFO - Processing /opt/airflow/dags/webscraping_dag.py took 0.192 seconds
[2024-07-11 23:12:49,686] {processor.py:163} INFO - Started process (PID=234) to work on /opt/airflow/dags/webscraping_dag.py
[2024-07-11 23:12:49,686] {processor.py:642} INFO - Processing file /opt/airflow/dags/webscraping_dag.py for tasks to queue
[2024-07-11 23:12:49,687] {logging_mixin.py:109} INFO - [2024-07-11 23:12:49,687] {dagbag.py:500} INFO - Filling up the DagBag from /opt/airflow/dags/webscraping_dag.py
[2024-07-11 23:12:49,754] {processor.py:654} INFO - DAG(s) dict_keys(['webscraping_dag']) retrieved from /opt/airflow/dags/webscraping_dag.py
[2024-07-11 23:12:49,767] {logging_mixin.py:109} INFO - [2024-07-11 23:12:49,766] {dag.py:2398} INFO - Sync 1 DAGs
[2024-07-11 23:12:49,785] {logging_mixin.py:109} INFO - [2024-07-11 23:12:49,785] {dag.py:2937} INFO - Setting next_dagrun for webscraping_dag to 2023-04-27T17:00:00+00:00
[2024-07-11 23:12:49,794] {processor.py:171} INFO - Processing /opt/airflow/dags/webscraping_dag.py took 0.111 seconds
[2024-07-11 23:13:19,966] {processor.py:163} INFO - Started process (PID=261) to work on /opt/airflow/dags/webscraping_dag.py
[2024-07-11 23:13:19,969] {processor.py:642} INFO - Processing file /opt/airflow/dags/webscraping_dag.py for tasks to queue
[2024-07-11 23:13:19,971] {logging_mixin.py:109} INFO - [2024-07-11 23:13:19,971] {dagbag.py:500} INFO - Filling up the DagBag from /opt/airflow/dags/webscraping_dag.py
[2024-07-11 23:13:20,068] {processor.py:654} INFO - DAG(s) dict_keys(['webscraping_dag']) retrieved from /opt/airflow/dags/webscraping_dag.py
[2024-07-11 23:13:20,090] {logging_mixin.py:109} INFO - [2024-07-11 23:13:20,089] {dag.py:2398} INFO - Sync 1 DAGs
[2024-07-11 23:13:20,115] {logging_mixin.py:109} INFO - [2024-07-11 23:13:20,115] {dag.py:2937} INFO - Setting next_dagrun for webscraping_dag to 2023-04-27T17:00:00+00:00
[2024-07-11 23:13:20,129] {processor.py:171} INFO - Processing /opt/airflow/dags/webscraping_dag.py took 0.169 seconds
[2024-07-11 23:13:51,143] {processor.py:163} INFO - Started process (PID=293) to work on /opt/airflow/dags/webscraping_dag.py
[2024-07-11 23:13:51,147] {processor.py:642} INFO - Processing file /opt/airflow/dags/webscraping_dag.py for tasks to queue
[2024-07-11 23:13:51,149] {logging_mixin.py:109} INFO - [2024-07-11 23:13:51,148] {dagbag.py:500} INFO - Filling up the DagBag from /opt/airflow/dags/webscraping_dag.py
[2024-07-11 23:13:51,254] {processor.py:654} INFO - DAG(s) dict_keys(['webscraping_dag']) retrieved from /opt/airflow/dags/webscraping_dag.py
[2024-07-11 23:13:51,267] {logging_mixin.py:109} INFO - [2024-07-11 23:13:51,267] {dag.py:2398} INFO - Sync 1 DAGs
[2024-07-11 23:13:51,289] {logging_mixin.py:109} INFO - [2024-07-11 23:13:51,288] {dag.py:2937} INFO - Setting next_dagrun for webscraping_dag to 2023-04-27T17:00:00+00:00
[2024-07-11 23:13:51,299] {processor.py:171} INFO - Processing /opt/airflow/dags/webscraping_dag.py took 0.165 seconds
[2024-07-11 23:14:21,988] {processor.py:163} INFO - Started process (PID=324) to work on /opt/airflow/dags/webscraping_dag.py
[2024-07-11 23:14:21,990] {processor.py:642} INFO - Processing file /opt/airflow/dags/webscraping_dag.py for tasks to queue
[2024-07-11 23:14:21,991] {logging_mixin.py:109} INFO - [2024-07-11 23:14:21,991] {dagbag.py:500} INFO - Filling up the DagBag from /opt/airflow/dags/webscraping_dag.py
[2024-07-11 23:14:22,058] {processor.py:654} INFO - DAG(s) dict_keys(['webscraping_dag']) retrieved from /opt/airflow/dags/webscraping_dag.py
[2024-07-11 23:14:22,070] {logging_mixin.py:109} INFO - [2024-07-11 23:14:22,070] {dag.py:2398} INFO - Sync 1 DAGs
[2024-07-11 23:14:22,088] {logging_mixin.py:109} INFO - [2024-07-11 23:14:22,088] {dag.py:2937} INFO - Setting next_dagrun for webscraping_dag to 2023-04-27T17:00:00+00:00
[2024-07-11 23:14:22,096] {processor.py:171} INFO - Processing /opt/airflow/dags/webscraping_dag.py took 0.115 seconds
[2024-07-11 23:14:52,683] {processor.py:163} INFO - Started process (PID=356) to work on /opt/airflow/dags/webscraping_dag.py
[2024-07-11 23:14:52,685] {processor.py:642} INFO - Processing file /opt/airflow/dags/webscraping_dag.py for tasks to queue
[2024-07-11 23:14:52,685] {logging_mixin.py:109} INFO - [2024-07-11 23:14:52,685] {dagbag.py:500} INFO - Filling up the DagBag from /opt/airflow/dags/webscraping_dag.py
[2024-07-11 23:14:52,762] {processor.py:654} INFO - DAG(s) dict_keys(['webscraping_dag']) retrieved from /opt/airflow/dags/webscraping_dag.py
[2024-07-11 23:14:52,772] {logging_mixin.py:109} INFO - [2024-07-11 23:14:52,772] {dag.py:2398} INFO - Sync 1 DAGs
[2024-07-11 23:14:52,789] {logging_mixin.py:109} INFO - [2024-07-11 23:14:52,789] {dag.py:2937} INFO - Setting next_dagrun for webscraping_dag to 2023-04-27T17:00:00+00:00
[2024-07-11 23:14:52,797] {processor.py:171} INFO - Processing /opt/airflow/dags/webscraping_dag.py took 0.117 seconds
[2024-07-11 23:15:23,424] {processor.py:163} INFO - Started process (PID=386) to work on /opt/airflow/dags/webscraping_dag.py
[2024-07-11 23:15:23,425] {processor.py:642} INFO - Processing file /opt/airflow/dags/webscraping_dag.py for tasks to queue
[2024-07-11 23:15:23,426] {logging_mixin.py:109} INFO - [2024-07-11 23:15:23,426] {dagbag.py:500} INFO - Filling up the DagBag from /opt/airflow/dags/webscraping_dag.py
[2024-07-11 23:15:23,491] {processor.py:654} INFO - DAG(s) dict_keys(['webscraping_dag']) retrieved from /opt/airflow/dags/webscraping_dag.py
[2024-07-11 23:15:23,504] {logging_mixin.py:109} INFO - [2024-07-11 23:15:23,503] {dag.py:2398} INFO - Sync 1 DAGs
[2024-07-11 23:15:23,520] {logging_mixin.py:109} INFO - [2024-07-11 23:15:23,520] {dag.py:2937} INFO - Setting next_dagrun for webscraping_dag to 2023-04-27T17:00:00+00:00
[2024-07-11 23:15:23,530] {processor.py:171} INFO - Processing /opt/airflow/dags/webscraping_dag.py took 0.111 seconds
[2024-07-11 23:15:54,165] {processor.py:163} INFO - Started process (PID=417) to work on /opt/airflow/dags/webscraping_dag.py
[2024-07-11 23:15:54,174] {processor.py:642} INFO - Processing file /opt/airflow/dags/webscraping_dag.py for tasks to queue
[2024-07-11 23:15:54,175] {logging_mixin.py:109} INFO - [2024-07-11 23:15:54,175] {dagbag.py:500} INFO - Filling up the DagBag from /opt/airflow/dags/webscraping_dag.py
[2024-07-11 23:15:54,262] {processor.py:654} INFO - DAG(s) dict_keys(['webscraping_dag']) retrieved from /opt/airflow/dags/webscraping_dag.py
[2024-07-11 23:15:54,275] {logging_mixin.py:109} INFO - [2024-07-11 23:15:54,275] {dag.py:2398} INFO - Sync 1 DAGs
[2024-07-11 23:15:54,296] {logging_mixin.py:109} INFO - [2024-07-11 23:15:54,296] {dag.py:2937} INFO - Setting next_dagrun for webscraping_dag to 2023-04-27T17:00:00+00:00
[2024-07-11 23:15:54,305] {processor.py:171} INFO - Processing /opt/airflow/dags/webscraping_dag.py took 0.144 seconds
[2024-07-11 23:16:24,949] {processor.py:163} INFO - Started process (PID=448) to work on /opt/airflow/dags/webscraping_dag.py
[2024-07-11 23:16:24,951] {processor.py:642} INFO - Processing file /opt/airflow/dags/webscraping_dag.py for tasks to queue
[2024-07-11 23:16:24,952] {logging_mixin.py:109} INFO - [2024-07-11 23:16:24,952] {dagbag.py:500} INFO - Filling up the DagBag from /opt/airflow/dags/webscraping_dag.py
[2024-07-11 23:16:25,018] {processor.py:654} INFO - DAG(s) dict_keys(['webscraping_dag']) retrieved from /opt/airflow/dags/webscraping_dag.py
[2024-07-11 23:16:25,033] {logging_mixin.py:109} INFO - [2024-07-11 23:16:25,032] {dag.py:2398} INFO - Sync 1 DAGs
[2024-07-11 23:16:25,050] {logging_mixin.py:109} INFO - [2024-07-11 23:16:25,050] {dag.py:2937} INFO - Setting next_dagrun for webscraping_dag to 2023-04-27T17:00:00+00:00
[2024-07-11 23:16:25,059] {processor.py:171} INFO - Processing /opt/airflow/dags/webscraping_dag.py took 0.113 seconds
[2024-07-11 23:16:55,708] {processor.py:163} INFO - Started process (PID=479) to work on /opt/airflow/dags/webscraping_dag.py
[2024-07-11 23:16:55,711] {processor.py:642} INFO - Processing file /opt/airflow/dags/webscraping_dag.py for tasks to queue
[2024-07-11 23:16:55,712] {logging_mixin.py:109} INFO - [2024-07-11 23:16:55,712] {dagbag.py:500} INFO - Filling up the DagBag from /opt/airflow/dags/webscraping_dag.py
[2024-07-11 23:16:55,777] {processor.py:654} INFO - DAG(s) dict_keys(['webscraping_dag']) retrieved from /opt/airflow/dags/webscraping_dag.py
[2024-07-11 23:16:55,789] {logging_mixin.py:109} INFO - [2024-07-11 23:16:55,789] {dag.py:2398} INFO - Sync 1 DAGs
[2024-07-11 23:16:55,807] {logging_mixin.py:109} INFO - [2024-07-11 23:16:55,807] {dag.py:2937} INFO - Setting next_dagrun for webscraping_dag to 2023-04-27T17:00:00+00:00
[2024-07-11 23:16:55,816] {processor.py:171} INFO - Processing /opt/airflow/dags/webscraping_dag.py took 0.114 seconds
[2024-07-11 23:17:26,533] {processor.py:163} INFO - Started process (PID=510) to work on /opt/airflow/dags/webscraping_dag.py
[2024-07-11 23:17:26,534] {processor.py:642} INFO - Processing file /opt/airflow/dags/webscraping_dag.py for tasks to queue
[2024-07-11 23:17:26,535] {logging_mixin.py:109} INFO - [2024-07-11 23:17:26,535] {dagbag.py:500} INFO - Filling up the DagBag from /opt/airflow/dags/webscraping_dag.py
[2024-07-11 23:17:26,598] {processor.py:654} INFO - DAG(s) dict_keys(['webscraping_dag']) retrieved from /opt/airflow/dags/webscraping_dag.py
[2024-07-11 23:17:26,608] {logging_mixin.py:109} INFO - [2024-07-11 23:17:26,607] {dag.py:2398} INFO - Sync 1 DAGs
[2024-07-11 23:17:26,627] {logging_mixin.py:109} INFO - [2024-07-11 23:17:26,626] {dag.py:2937} INFO - Setting next_dagrun for webscraping_dag to 2023-04-27T17:00:00+00:00
[2024-07-11 23:17:26,635] {processor.py:171} INFO - Processing /opt/airflow/dags/webscraping_dag.py took 0.106 seconds
[2024-07-11 23:17:57,291] {processor.py:163} INFO - Started process (PID=541) to work on /opt/airflow/dags/webscraping_dag.py
[2024-07-11 23:17:57,292] {processor.py:642} INFO - Processing file /opt/airflow/dags/webscraping_dag.py for tasks to queue
[2024-07-11 23:17:57,293] {logging_mixin.py:109} INFO - [2024-07-11 23:17:57,293] {dagbag.py:500} INFO - Filling up the DagBag from /opt/airflow/dags/webscraping_dag.py
[2024-07-11 23:17:57,357] {processor.py:654} INFO - DAG(s) dict_keys(['webscraping_dag']) retrieved from /opt/airflow/dags/webscraping_dag.py
[2024-07-11 23:17:57,368] {logging_mixin.py:109} INFO - [2024-07-11 23:17:57,368] {dag.py:2398} INFO - Sync 1 DAGs
[2024-07-11 23:17:57,385] {logging_mixin.py:109} INFO - [2024-07-11 23:17:57,385] {dag.py:2937} INFO - Setting next_dagrun for webscraping_dag to 2023-04-27T17:00:00+00:00
[2024-07-11 23:17:57,395] {processor.py:171} INFO - Processing /opt/airflow/dags/webscraping_dag.py took 0.110 seconds
[2024-07-11 23:18:28,179] {processor.py:163} INFO - Started process (PID=572) to work on /opt/airflow/dags/webscraping_dag.py
[2024-07-11 23:18:28,184] {processor.py:642} INFO - Processing file /opt/airflow/dags/webscraping_dag.py for tasks to queue
[2024-07-11 23:18:28,187] {logging_mixin.py:109} INFO - [2024-07-11 23:18:28,186] {dagbag.py:500} INFO - Filling up the DagBag from /opt/airflow/dags/webscraping_dag.py
[2024-07-11 23:18:28,285] {processor.py:654} INFO - DAG(s) dict_keys(['webscraping_dag']) retrieved from /opt/airflow/dags/webscraping_dag.py
[2024-07-11 23:18:28,295] {logging_mixin.py:109} INFO - [2024-07-11 23:18:28,295] {dag.py:2398} INFO - Sync 1 DAGs
[2024-07-11 23:18:28,313] {logging_mixin.py:109} INFO - [2024-07-11 23:18:28,313] {dag.py:2937} INFO - Setting next_dagrun for webscraping_dag to 2023-04-27T17:00:00+00:00
[2024-07-11 23:18:28,322] {processor.py:171} INFO - Processing /opt/airflow/dags/webscraping_dag.py took 0.158 seconds
[2024-07-11 23:18:59,070] {processor.py:163} INFO - Started process (PID=603) to work on /opt/airflow/dags/webscraping_dag.py
[2024-07-11 23:18:59,072] {processor.py:642} INFO - Processing file /opt/airflow/dags/webscraping_dag.py for tasks to queue
[2024-07-11 23:18:59,074] {logging_mixin.py:109} INFO - [2024-07-11 23:18:59,074] {dagbag.py:500} INFO - Filling up the DagBag from /opt/airflow/dags/webscraping_dag.py
[2024-07-11 23:18:59,146] {processor.py:654} INFO - DAG(s) dict_keys(['webscraping_dag']) retrieved from /opt/airflow/dags/webscraping_dag.py
[2024-07-11 23:18:59,157] {logging_mixin.py:109} INFO - [2024-07-11 23:18:59,157] {dag.py:2398} INFO - Sync 1 DAGs
[2024-07-11 23:18:59,175] {logging_mixin.py:109} INFO - [2024-07-11 23:18:59,175] {dag.py:2937} INFO - Setting next_dagrun for webscraping_dag to 2023-04-27T17:00:00+00:00
[2024-07-11 23:18:59,183] {processor.py:171} INFO - Processing /opt/airflow/dags/webscraping_dag.py took 0.119 seconds
[2024-07-11 23:19:29,352] {processor.py:163} INFO - Started process (PID=634) to work on /opt/airflow/dags/webscraping_dag.py
[2024-07-11 23:19:29,353] {processor.py:642} INFO - Processing file /opt/airflow/dags/webscraping_dag.py for tasks to queue
[2024-07-11 23:19:29,354] {logging_mixin.py:109} INFO - [2024-07-11 23:19:29,354] {dagbag.py:500} INFO - Filling up the DagBag from /opt/airflow/dags/webscraping_dag.py
[2024-07-11 23:19:29,421] {processor.py:654} INFO - DAG(s) dict_keys(['webscraping_dag']) retrieved from /opt/airflow/dags/webscraping_dag.py
[2024-07-11 23:19:29,432] {logging_mixin.py:109} INFO - [2024-07-11 23:19:29,432] {dag.py:2398} INFO - Sync 1 DAGs
[2024-07-11 23:19:29,451] {logging_mixin.py:109} INFO - [2024-07-11 23:19:29,451] {dag.py:2937} INFO - Setting next_dagrun for webscraping_dag to 2023-04-27T17:00:00+00:00
[2024-07-11 23:19:29,460] {processor.py:171} INFO - Processing /opt/airflow/dags/webscraping_dag.py took 0.111 seconds
[2024-07-11 23:19:59,508] {processor.py:163} INFO - Started process (PID=666) to work on /opt/airflow/dags/webscraping_dag.py
[2024-07-11 23:19:59,510] {processor.py:642} INFO - Processing file /opt/airflow/dags/webscraping_dag.py for tasks to queue
[2024-07-11 23:19:59,510] {logging_mixin.py:109} INFO - [2024-07-11 23:19:59,510] {dagbag.py:500} INFO - Filling up the DagBag from /opt/airflow/dags/webscraping_dag.py
[2024-07-11 23:19:59,580] {processor.py:654} INFO - DAG(s) dict_keys(['webscraping_dag']) retrieved from /opt/airflow/dags/webscraping_dag.py
[2024-07-11 23:19:59,590] {logging_mixin.py:109} INFO - [2024-07-11 23:19:59,590] {dag.py:2398} INFO - Sync 1 DAGs
[2024-07-11 23:19:59,608] {logging_mixin.py:109} INFO - [2024-07-11 23:19:59,607] {dag.py:2937} INFO - Setting next_dagrun for webscraping_dag to 2023-04-27T17:00:00+00:00
[2024-07-11 23:19:59,616] {processor.py:171} INFO - Processing /opt/airflow/dags/webscraping_dag.py took 0.111 seconds
[2024-07-11 23:20:29,784] {processor.py:163} INFO - Started process (PID=697) to work on /opt/airflow/dags/webscraping_dag.py
[2024-07-11 23:20:29,785] {processor.py:642} INFO - Processing file /opt/airflow/dags/webscraping_dag.py for tasks to queue
[2024-07-11 23:20:29,786] {logging_mixin.py:109} INFO - [2024-07-11 23:20:29,785] {dagbag.py:500} INFO - Filling up the DagBag from /opt/airflow/dags/webscraping_dag.py
[2024-07-11 23:20:29,851] {processor.py:654} INFO - DAG(s) dict_keys(['webscraping_dag']) retrieved from /opt/airflow/dags/webscraping_dag.py
[2024-07-11 23:20:29,862] {logging_mixin.py:109} INFO - [2024-07-11 23:20:29,862] {dag.py:2398} INFO - Sync 1 DAGs
[2024-07-11 23:20:29,880] {logging_mixin.py:109} INFO - [2024-07-11 23:20:29,880] {dag.py:2937} INFO - Setting next_dagrun for webscraping_dag to 2023-04-27T17:00:00+00:00
[2024-07-11 23:20:29,889] {processor.py:171} INFO - Processing /opt/airflow/dags/webscraping_dag.py took 0.109 seconds
[2024-07-11 23:21:00,837] {processor.py:163} INFO - Started process (PID=727) to work on /opt/airflow/dags/webscraping_dag.py
[2024-07-11 23:21:00,839] {processor.py:642} INFO - Processing file /opt/airflow/dags/webscraping_dag.py for tasks to queue
[2024-07-11 23:21:00,841] {logging_mixin.py:109} INFO - [2024-07-11 23:21:00,840] {dagbag.py:500} INFO - Filling up the DagBag from /opt/airflow/dags/webscraping_dag.py
[2024-07-11 23:21:00,943] {processor.py:654} INFO - DAG(s) dict_keys(['webscraping_dag']) retrieved from /opt/airflow/dags/webscraping_dag.py
[2024-07-11 23:21:00,961] {logging_mixin.py:109} INFO - [2024-07-11 23:21:00,960] {dag.py:2398} INFO - Sync 1 DAGs
[2024-07-11 23:21:00,989] {logging_mixin.py:109} INFO - [2024-07-11 23:21:00,989] {dag.py:2937} INFO - Setting next_dagrun for webscraping_dag to 2023-04-27T17:00:00+00:00
[2024-07-11 23:21:01,000] {processor.py:171} INFO - Processing /opt/airflow/dags/webscraping_dag.py took 0.169 seconds
[2024-07-11 23:21:31,344] {processor.py:163} INFO - Started process (PID=758) to work on /opt/airflow/dags/webscraping_dag.py
[2024-07-11 23:21:31,351] {processor.py:642} INFO - Processing file /opt/airflow/dags/webscraping_dag.py for tasks to queue
[2024-07-11 23:21:31,352] {logging_mixin.py:109} INFO - [2024-07-11 23:21:31,351] {dagbag.py:500} INFO - Filling up the DagBag from /opt/airflow/dags/webscraping_dag.py
[2024-07-11 23:21:31,448] {processor.py:654} INFO - DAG(s) dict_keys(['webscraping_dag']) retrieved from /opt/airflow/dags/webscraping_dag.py
[2024-07-11 23:21:31,459] {logging_mixin.py:109} INFO - [2024-07-11 23:21:31,459] {dag.py:2398} INFO - Sync 1 DAGs
[2024-07-11 23:21:31,480] {logging_mixin.py:109} INFO - [2024-07-11 23:21:31,480] {dag.py:2937} INFO - Setting next_dagrun for webscraping_dag to 2023-04-27T17:00:00+00:00
[2024-07-11 23:21:31,491] {processor.py:171} INFO - Processing /opt/airflow/dags/webscraping_dag.py took 0.156 seconds
[2024-07-11 23:22:01,695] {processor.py:163} INFO - Started process (PID=789) to work on /opt/airflow/dags/webscraping_dag.py
[2024-07-11 23:22:01,696] {processor.py:642} INFO - Processing file /opt/airflow/dags/webscraping_dag.py for tasks to queue
[2024-07-11 23:22:01,697] {logging_mixin.py:109} INFO - [2024-07-11 23:22:01,697] {dagbag.py:500} INFO - Filling up the DagBag from /opt/airflow/dags/webscraping_dag.py
[2024-07-11 23:22:01,768] {processor.py:654} INFO - DAG(s) dict_keys(['webscraping_dag']) retrieved from /opt/airflow/dags/webscraping_dag.py
[2024-07-11 23:22:01,779] {logging_mixin.py:109} INFO - [2024-07-11 23:22:01,779] {dag.py:2398} INFO - Sync 1 DAGs
[2024-07-11 23:22:01,795] {logging_mixin.py:109} INFO - [2024-07-11 23:22:01,795] {dag.py:2937} INFO - Setting next_dagrun for webscraping_dag to 2023-04-27T17:00:00+00:00
[2024-07-11 23:22:01,804] {processor.py:171} INFO - Processing /opt/airflow/dags/webscraping_dag.py took 0.114 seconds
[2024-07-11 23:22:31,968] {processor.py:163} INFO - Started process (PID=821) to work on /opt/airflow/dags/webscraping_dag.py
[2024-07-11 23:22:31,969] {processor.py:642} INFO - Processing file /opt/airflow/dags/webscraping_dag.py for tasks to queue
[2024-07-11 23:22:31,970] {logging_mixin.py:109} INFO - [2024-07-11 23:22:31,969] {dagbag.py:500} INFO - Filling up the DagBag from /opt/airflow/dags/webscraping_dag.py
[2024-07-11 23:22:32,046] {processor.py:654} INFO - DAG(s) dict_keys(['webscraping_dag']) retrieved from /opt/airflow/dags/webscraping_dag.py
[2024-07-11 23:22:32,059] {logging_mixin.py:109} INFO - [2024-07-11 23:22:32,059] {dag.py:2398} INFO - Sync 1 DAGs
[2024-07-11 23:22:32,079] {logging_mixin.py:109} INFO - [2024-07-11 23:22:32,079] {dag.py:2937} INFO - Setting next_dagrun for webscraping_dag to 2023-04-27T17:00:00+00:00
[2024-07-11 23:22:32,090] {processor.py:171} INFO - Processing /opt/airflow/dags/webscraping_dag.py took 0.126 seconds
[2024-07-11 23:23:02,193] {processor.py:163} INFO - Started process (PID=829) to work on /opt/airflow/dags/webscraping_dag.py
[2024-07-11 23:23:02,196] {processor.py:642} INFO - Processing file /opt/airflow/dags/webscraping_dag.py for tasks to queue
[2024-07-11 23:23:02,198] {logging_mixin.py:109} INFO - [2024-07-11 23:23:02,198] {dagbag.py:500} INFO - Filling up the DagBag from /opt/airflow/dags/webscraping_dag.py
[2024-07-11 23:23:02,434] {processor.py:654} INFO - DAG(s) dict_keys(['webscraping_dag']) retrieved from /opt/airflow/dags/webscraping_dag.py
[2024-07-11 23:23:02,471] {logging_mixin.py:109} INFO - [2024-07-11 23:23:02,470] {dag.py:2398} INFO - Sync 1 DAGs
[2024-07-11 23:23:02,541] {logging_mixin.py:109} INFO - [2024-07-11 23:23:02,540] {dag.py:2937} INFO - Setting next_dagrun for webscraping_dag to 2023-04-27T17:00:00+00:00
[2024-07-11 23:23:02,579] {processor.py:171} INFO - Processing /opt/airflow/dags/webscraping_dag.py took 0.397 seconds
[2024-07-11 23:23:33,143] {processor.py:163} INFO - Started process (PID=860) to work on /opt/airflow/dags/webscraping_dag.py
[2024-07-11 23:23:33,145] {processor.py:642} INFO - Processing file /opt/airflow/dags/webscraping_dag.py for tasks to queue
[2024-07-11 23:23:33,146] {logging_mixin.py:109} INFO - [2024-07-11 23:23:33,145] {dagbag.py:500} INFO - Filling up the DagBag from /opt/airflow/dags/webscraping_dag.py
[2024-07-11 23:23:33,399] {processor.py:654} INFO - DAG(s) dict_keys(['webscraping_dag']) retrieved from /opt/airflow/dags/webscraping_dag.py
[2024-07-11 23:23:33,416] {logging_mixin.py:109} INFO - [2024-07-11 23:23:33,416] {dag.py:2398} INFO - Sync 1 DAGs
[2024-07-11 23:23:33,466] {logging_mixin.py:109} INFO - [2024-07-11 23:23:33,466] {dag.py:2937} INFO - Setting next_dagrun for webscraping_dag to 2023-04-27T17:00:00+00:00
[2024-07-11 23:23:33,480] {processor.py:171} INFO - Processing /opt/airflow/dags/webscraping_dag.py took 0.344 seconds
[2024-07-11 23:24:04,377] {processor.py:163} INFO - Started process (PID=893) to work on /opt/airflow/dags/webscraping_dag.py
[2024-07-11 23:24:04,381] {processor.py:642} INFO - Processing file /opt/airflow/dags/webscraping_dag.py for tasks to queue
[2024-07-11 23:24:04,383] {logging_mixin.py:109} INFO - [2024-07-11 23:24:04,383] {dagbag.py:500} INFO - Filling up the DagBag from /opt/airflow/dags/webscraping_dag.py
[2024-07-11 23:24:04,611] {processor.py:654} INFO - DAG(s) dict_keys(['webscraping_dag']) retrieved from /opt/airflow/dags/webscraping_dag.py
[2024-07-11 23:24:04,626] {logging_mixin.py:109} INFO - [2024-07-11 23:24:04,626] {dag.py:2398} INFO - Sync 1 DAGs
[2024-07-11 23:24:04,655] {logging_mixin.py:109} INFO - [2024-07-11 23:24:04,655] {dag.py:2937} INFO - Setting next_dagrun for webscraping_dag to 2023-04-27T17:00:00+00:00
[2024-07-11 23:24:04,669] {processor.py:171} INFO - Processing /opt/airflow/dags/webscraping_dag.py took 0.303 seconds
[2024-07-11 23:24:34,751] {processor.py:163} INFO - Started process (PID=924) to work on /opt/airflow/dags/webscraping_dag.py
[2024-07-11 23:24:34,757] {processor.py:642} INFO - Processing file /opt/airflow/dags/webscraping_dag.py for tasks to queue
[2024-07-11 23:24:34,759] {logging_mixin.py:109} INFO - [2024-07-11 23:24:34,758] {dagbag.py:500} INFO - Filling up the DagBag from /opt/airflow/dags/webscraping_dag.py
[2024-07-11 23:24:35,013] {processor.py:654} INFO - DAG(s) dict_keys(['webscraping_dag']) retrieved from /opt/airflow/dags/webscraping_dag.py
[2024-07-11 23:24:35,032] {logging_mixin.py:109} INFO - [2024-07-11 23:24:35,032] {dag.py:2398} INFO - Sync 1 DAGs
[2024-07-11 23:24:35,061] {logging_mixin.py:109} INFO - [2024-07-11 23:24:35,060] {dag.py:2937} INFO - Setting next_dagrun for webscraping_dag to 2023-04-27T17:00:00+00:00
[2024-07-11 23:24:35,082] {processor.py:171} INFO - Processing /opt/airflow/dags/webscraping_dag.py took 0.347 seconds
[2024-07-11 23:25:05,713] {processor.py:163} INFO - Started process (PID=954) to work on /opt/airflow/dags/webscraping_dag.py
[2024-07-11 23:25:05,715] {processor.py:642} INFO - Processing file /opt/airflow/dags/webscraping_dag.py for tasks to queue
[2024-07-11 23:25:05,717] {logging_mixin.py:109} INFO - [2024-07-11 23:25:05,717] {dagbag.py:500} INFO - Filling up the DagBag from /opt/airflow/dags/webscraping_dag.py
[2024-07-11 23:25:05,868] {processor.py:654} INFO - DAG(s) dict_keys(['webscraping_dag']) retrieved from /opt/airflow/dags/webscraping_dag.py
[2024-07-11 23:25:05,888] {logging_mixin.py:109} INFO - [2024-07-11 23:25:05,887] {dag.py:2398} INFO - Sync 1 DAGs
[2024-07-11 23:25:05,941] {logging_mixin.py:109} INFO - [2024-07-11 23:25:05,941] {dag.py:2937} INFO - Setting next_dagrun for webscraping_dag to 2023-04-27T17:00:00+00:00
[2024-07-11 23:25:05,974] {processor.py:171} INFO - Processing /opt/airflow/dags/webscraping_dag.py took 0.268 seconds
[2024-07-11 23:25:36,094] {processor.py:163} INFO - Started process (PID=985) to work on /opt/airflow/dags/webscraping_dag.py
[2024-07-11 23:25:36,106] {processor.py:642} INFO - Processing file /opt/airflow/dags/webscraping_dag.py for tasks to queue
[2024-07-11 23:25:36,108] {logging_mixin.py:109} INFO - [2024-07-11 23:25:36,108] {dagbag.py:500} INFO - Filling up the DagBag from /opt/airflow/dags/webscraping_dag.py
[2024-07-11 23:25:36,246] {processor.py:654} INFO - DAG(s) dict_keys(['webscraping_dag']) retrieved from /opt/airflow/dags/webscraping_dag.py
[2024-07-11 23:25:36,269] {logging_mixin.py:109} INFO - [2024-07-11 23:25:36,268] {dag.py:2398} INFO - Sync 1 DAGs
[2024-07-11 23:25:36,299] {logging_mixin.py:109} INFO - [2024-07-11 23:25:36,298] {dag.py:2937} INFO - Setting next_dagrun for webscraping_dag to 2023-04-27T17:00:00+00:00
[2024-07-11 23:25:36,311] {processor.py:171} INFO - Processing /opt/airflow/dags/webscraping_dag.py took 0.232 seconds
[2024-07-11 23:26:06,372] {processor.py:163} INFO - Started process (PID=1015) to work on /opt/airflow/dags/webscraping_dag.py
[2024-07-11 23:26:06,374] {processor.py:642} INFO - Processing file /opt/airflow/dags/webscraping_dag.py for tasks to queue
[2024-07-11 23:26:06,376] {logging_mixin.py:109} INFO - [2024-07-11 23:26:06,375] {dagbag.py:500} INFO - Filling up the DagBag from /opt/airflow/dags/webscraping_dag.py
[2024-07-11 23:26:06,503] {processor.py:654} INFO - DAG(s) dict_keys(['webscraping_dag']) retrieved from /opt/airflow/dags/webscraping_dag.py
[2024-07-11 23:26:06,527] {logging_mixin.py:109} INFO - [2024-07-11 23:26:06,527] {dag.py:2398} INFO - Sync 1 DAGs
[2024-07-11 23:26:06,563] {logging_mixin.py:109} INFO - [2024-07-11 23:26:06,562] {dag.py:2937} INFO - Setting next_dagrun for webscraping_dag to 2023-04-27T17:00:00+00:00
[2024-07-11 23:26:06,582] {processor.py:171} INFO - Processing /opt/airflow/dags/webscraping_dag.py took 0.222 seconds
[2024-07-11 23:26:37,081] {processor.py:163} INFO - Started process (PID=1047) to work on /opt/airflow/dags/webscraping_dag.py
[2024-07-11 23:26:37,083] {processor.py:642} INFO - Processing file /opt/airflow/dags/webscraping_dag.py for tasks to queue
[2024-07-11 23:26:37,085] {logging_mixin.py:109} INFO - [2024-07-11 23:26:37,085] {dagbag.py:500} INFO - Filling up the DagBag from /opt/airflow/dags/webscraping_dag.py
[2024-07-11 23:26:37,285] {processor.py:654} INFO - DAG(s) dict_keys(['webscraping_dag']) retrieved from /opt/airflow/dags/webscraping_dag.py
[2024-07-11 23:26:37,324] {logging_mixin.py:109} INFO - [2024-07-11 23:26:37,324] {dag.py:2398} INFO - Sync 1 DAGs
[2024-07-11 23:26:37,386] {logging_mixin.py:109} INFO - [2024-07-11 23:26:37,386] {dag.py:2937} INFO - Setting next_dagrun for webscraping_dag to 2023-04-27T17:00:00+00:00
[2024-07-11 23:26:37,413] {processor.py:171} INFO - Processing /opt/airflow/dags/webscraping_dag.py took 0.341 seconds
[2024-07-11 23:27:07,506] {processor.py:163} INFO - Started process (PID=1079) to work on /opt/airflow/dags/webscraping_dag.py
[2024-07-11 23:27:07,514] {processor.py:642} INFO - Processing file /opt/airflow/dags/webscraping_dag.py for tasks to queue
[2024-07-11 23:27:07,516] {logging_mixin.py:109} INFO - [2024-07-11 23:27:07,516] {dagbag.py:500} INFO - Filling up the DagBag from /opt/airflow/dags/webscraping_dag.py
[2024-07-11 23:27:07,665] {processor.py:654} INFO - DAG(s) dict_keys(['webscraping_dag']) retrieved from /opt/airflow/dags/webscraping_dag.py
[2024-07-11 23:27:07,679] {logging_mixin.py:109} INFO - [2024-07-11 23:27:07,679] {dag.py:2398} INFO - Sync 1 DAGs
[2024-07-11 23:27:07,709] {logging_mixin.py:109} INFO - [2024-07-11 23:27:07,709] {dag.py:2937} INFO - Setting next_dagrun for webscraping_dag to 2023-04-27T17:00:00+00:00
[2024-07-11 23:27:07,721] {processor.py:171} INFO - Processing /opt/airflow/dags/webscraping_dag.py took 0.234 seconds
[2024-07-11 23:27:37,908] {processor.py:163} INFO - Started process (PID=1110) to work on /opt/airflow/dags/webscraping_dag.py
[2024-07-11 23:27:37,910] {processor.py:642} INFO - Processing file /opt/airflow/dags/webscraping_dag.py for tasks to queue
[2024-07-11 23:27:37,911] {logging_mixin.py:109} INFO - [2024-07-11 23:27:37,911] {dagbag.py:500} INFO - Filling up the DagBag from /opt/airflow/dags/webscraping_dag.py
[2024-07-11 23:27:38,057] {processor.py:654} INFO - DAG(s) dict_keys(['webscraping_dag']) retrieved from /opt/airflow/dags/webscraping_dag.py
[2024-07-11 23:27:38,073] {logging_mixin.py:109} INFO - [2024-07-11 23:27:38,073] {dag.py:2398} INFO - Sync 1 DAGs
[2024-07-11 23:27:38,110] {logging_mixin.py:109} INFO - [2024-07-11 23:27:38,110] {dag.py:2937} INFO - Setting next_dagrun for webscraping_dag to 2023-04-27T17:00:00+00:00
[2024-07-11 23:27:38,122] {processor.py:171} INFO - Processing /opt/airflow/dags/webscraping_dag.py took 0.225 seconds
[2024-07-11 23:28:08,850] {processor.py:163} INFO - Started process (PID=1140) to work on /opt/airflow/dags/webscraping_dag.py
[2024-07-11 23:28:08,855] {processor.py:642} INFO - Processing file /opt/airflow/dags/webscraping_dag.py for tasks to queue
[2024-07-11 23:28:08,859] {logging_mixin.py:109} INFO - [2024-07-11 23:28:08,858] {dagbag.py:500} INFO - Filling up the DagBag from /opt/airflow/dags/webscraping_dag.py
[2024-07-11 23:28:09,158] {processor.py:654} INFO - DAG(s) dict_keys(['webscraping_dag']) retrieved from /opt/airflow/dags/webscraping_dag.py
[2024-07-11 23:28:09,175] {logging_mixin.py:109} INFO - [2024-07-11 23:28:09,174] {dag.py:2398} INFO - Sync 1 DAGs
[2024-07-11 23:28:09,204] {logging_mixin.py:109} INFO - [2024-07-11 23:28:09,204] {dag.py:2937} INFO - Setting next_dagrun for webscraping_dag to 2023-04-27T17:00:00+00:00
[2024-07-11 23:28:09,220] {processor.py:171} INFO - Processing /opt/airflow/dags/webscraping_dag.py took 0.383 seconds
[2024-07-11 23:28:42,457] {processor.py:163} INFO - Started process (PID=1172) to work on /opt/airflow/dags/webscraping_dag.py
[2024-07-11 23:28:42,461] {processor.py:642} INFO - Processing file /opt/airflow/dags/webscraping_dag.py for tasks to queue
[2024-07-11 23:28:42,463] {logging_mixin.py:109} INFO - [2024-07-11 23:28:42,463] {dagbag.py:500} INFO - Filling up the DagBag from /opt/airflow/dags/webscraping_dag.py
[2024-07-11 23:28:42,659] {processor.py:654} INFO - DAG(s) dict_keys(['webscraping_dag']) retrieved from /opt/airflow/dags/webscraping_dag.py
[2024-07-11 23:28:42,691] {logging_mixin.py:109} INFO - [2024-07-11 23:28:42,691] {dag.py:2398} INFO - Sync 1 DAGs
[2024-07-11 23:28:42,746] {logging_mixin.py:109} INFO - [2024-07-11 23:28:42,745] {dag.py:2937} INFO - Setting next_dagrun for webscraping_dag to 2023-04-27T17:00:00+00:00
[2024-07-11 23:28:42,771] {processor.py:171} INFO - Processing /opt/airflow/dags/webscraping_dag.py took 0.324 seconds
[2024-07-11 23:29:14,951] {processor.py:163} INFO - Started process (PID=1205) to work on /opt/airflow/dags/webscraping_dag.py
[2024-07-11 23:29:14,953] {processor.py:642} INFO - Processing file /opt/airflow/dags/webscraping_dag.py for tasks to queue
[2024-07-11 23:29:14,954] {logging_mixin.py:109} INFO - [2024-07-11 23:29:14,954] {dagbag.py:500} INFO - Filling up the DagBag from /opt/airflow/dags/webscraping_dag.py
[2024-07-11 23:29:15,061] {processor.py:654} INFO - DAG(s) dict_keys(['webscraping_dag']) retrieved from /opt/airflow/dags/webscraping_dag.py
[2024-07-11 23:29:15,104] {logging_mixin.py:109} INFO - [2024-07-11 23:29:15,103] {dag.py:2398} INFO - Sync 1 DAGs
[2024-07-11 23:29:15,160] {logging_mixin.py:109} INFO - [2024-07-11 23:29:15,159] {dag.py:2937} INFO - Setting next_dagrun for webscraping_dag to 2023-04-27T17:00:00+00:00
[2024-07-11 23:29:15,185] {processor.py:171} INFO - Processing /opt/airflow/dags/webscraping_dag.py took 0.238 seconds
[2024-07-11 23:29:45,327] {processor.py:163} INFO - Started process (PID=1215) to work on /opt/airflow/dags/webscraping_dag.py
[2024-07-11 23:29:45,331] {processor.py:642} INFO - Processing file /opt/airflow/dags/webscraping_dag.py for tasks to queue
[2024-07-11 23:29:45,333] {logging_mixin.py:109} INFO - [2024-07-11 23:29:45,332] {dagbag.py:500} INFO - Filling up the DagBag from /opt/airflow/dags/webscraping_dag.py
[2024-07-11 23:29:45,551] {processor.py:654} INFO - DAG(s) dict_keys(['webscraping_dag']) retrieved from /opt/airflow/dags/webscraping_dag.py
[2024-07-11 23:29:45,565] {logging_mixin.py:109} INFO - [2024-07-11 23:29:45,564] {dag.py:2398} INFO - Sync 1 DAGs
[2024-07-11 23:29:45,588] {logging_mixin.py:109} INFO - [2024-07-11 23:29:45,588] {dag.py:2937} INFO - Setting next_dagrun for webscraping_dag to 2023-04-27T17:00:00+00:00
[2024-07-11 23:29:45,598] {processor.py:171} INFO - Processing /opt/airflow/dags/webscraping_dag.py took 0.283 seconds
[2024-07-11 23:30:16,068] {processor.py:163} INFO - Started process (PID=1246) to work on /opt/airflow/dags/webscraping_dag.py
[2024-07-11 23:30:16,071] {processor.py:642} INFO - Processing file /opt/airflow/dags/webscraping_dag.py for tasks to queue
[2024-07-11 23:30:16,074] {logging_mixin.py:109} INFO - [2024-07-11 23:30:16,073] {dagbag.py:500} INFO - Filling up the DagBag from /opt/airflow/dags/webscraping_dag.py
[2024-07-11 23:30:16,378] {processor.py:654} INFO - DAG(s) dict_keys(['webscraping_dag']) retrieved from /opt/airflow/dags/webscraping_dag.py
[2024-07-11 23:30:16,420] {logging_mixin.py:109} INFO - [2024-07-11 23:30:16,416] {dag.py:2398} INFO - Sync 1 DAGs
[2024-07-11 23:30:16,519] {logging_mixin.py:109} INFO - [2024-07-11 23:30:16,518] {dag.py:2937} INFO - Setting next_dagrun for webscraping_dag to 2023-04-27T17:00:00+00:00
[2024-07-11 23:30:16,567] {processor.py:171} INFO - Processing /opt/airflow/dags/webscraping_dag.py took 0.511 seconds
[2024-07-11 23:30:46,893] {processor.py:163} INFO - Started process (PID=1277) to work on /opt/airflow/dags/webscraping_dag.py
[2024-07-11 23:30:46,898] {processor.py:642} INFO - Processing file /opt/airflow/dags/webscraping_dag.py for tasks to queue
[2024-07-11 23:30:46,900] {logging_mixin.py:109} INFO - [2024-07-11 23:30:46,900] {dagbag.py:500} INFO - Filling up the DagBag from /opt/airflow/dags/webscraping_dag.py
[2024-07-11 23:30:47,139] {processor.py:654} INFO - DAG(s) dict_keys(['webscraping_dag']) retrieved from /opt/airflow/dags/webscraping_dag.py
[2024-07-11 23:30:47,182] {logging_mixin.py:109} INFO - [2024-07-11 23:30:47,182] {dag.py:2398} INFO - Sync 1 DAGs
[2024-07-11 23:30:47,256] {logging_mixin.py:109} INFO - [2024-07-11 23:30:47,256] {dag.py:2937} INFO - Setting next_dagrun for webscraping_dag to 2023-04-27T17:00:00+00:00
[2024-07-11 23:30:47,288] {processor.py:171} INFO - Processing /opt/airflow/dags/webscraping_dag.py took 0.405 seconds
[2024-07-11 23:31:17,622] {processor.py:163} INFO - Started process (PID=1308) to work on /opt/airflow/dags/webscraping_dag.py
[2024-07-11 23:31:17,639] {processor.py:642} INFO - Processing file /opt/airflow/dags/webscraping_dag.py for tasks to queue
[2024-07-11 23:31:17,642] {logging_mixin.py:109} INFO - [2024-07-11 23:31:17,642] {dagbag.py:500} INFO - Filling up the DagBag from /opt/airflow/dags/webscraping_dag.py
[2024-07-11 23:31:18,007] {processor.py:654} INFO - DAG(s) dict_keys(['webscraping_dag']) retrieved from /opt/airflow/dags/webscraping_dag.py
[2024-07-11 23:31:18,052] {logging_mixin.py:109} INFO - [2024-07-11 23:31:18,051] {dag.py:2398} INFO - Sync 1 DAGs
[2024-07-11 23:31:18,091] {logging_mixin.py:109} INFO - [2024-07-11 23:31:18,091] {dag.py:2937} INFO - Setting next_dagrun for webscraping_dag to 2023-04-27T17:00:00+00:00
[2024-07-11 23:31:18,108] {processor.py:171} INFO - Processing /opt/airflow/dags/webscraping_dag.py took 0.501 seconds
[2024-07-11 23:31:48,831] {processor.py:163} INFO - Started process (PID=1339) to work on /opt/airflow/dags/webscraping_dag.py
[2024-07-11 23:31:48,836] {processor.py:642} INFO - Processing file /opt/airflow/dags/webscraping_dag.py for tasks to queue
[2024-07-11 23:31:48,839] {logging_mixin.py:109} INFO - [2024-07-11 23:31:48,838] {dagbag.py:500} INFO - Filling up the DagBag from /opt/airflow/dags/webscraping_dag.py
[2024-07-11 23:31:49,145] {processor.py:654} INFO - DAG(s) dict_keys(['webscraping_dag']) retrieved from /opt/airflow/dags/webscraping_dag.py
[2024-07-11 23:31:49,187] {logging_mixin.py:109} INFO - [2024-07-11 23:31:49,187] {dag.py:2398} INFO - Sync 1 DAGs
[2024-07-11 23:31:49,257] {logging_mixin.py:109} INFO - [2024-07-11 23:31:49,257] {dag.py:2937} INFO - Setting next_dagrun for webscraping_dag to 2023-04-27T17:00:00+00:00
[2024-07-11 23:31:49,285] {processor.py:171} INFO - Processing /opt/airflow/dags/webscraping_dag.py took 0.472 seconds
[2024-07-11 23:32:19,949] {processor.py:163} INFO - Started process (PID=1370) to work on /opt/airflow/dags/webscraping_dag.py
[2024-07-11 23:32:19,952] {processor.py:642} INFO - Processing file /opt/airflow/dags/webscraping_dag.py for tasks to queue
[2024-07-11 23:32:19,955] {logging_mixin.py:109} INFO - [2024-07-11 23:32:19,954] {dagbag.py:500} INFO - Filling up the DagBag from /opt/airflow/dags/webscraping_dag.py
[2024-07-11 23:32:20,225] {processor.py:654} INFO - DAG(s) dict_keys(['webscraping_dag']) retrieved from /opt/airflow/dags/webscraping_dag.py
[2024-07-11 23:32:20,269] {logging_mixin.py:109} INFO - [2024-07-11 23:32:20,269] {dag.py:2398} INFO - Sync 1 DAGs
[2024-07-11 23:32:20,301] {logging_mixin.py:109} INFO - [2024-07-11 23:32:20,301] {dag.py:2937} INFO - Setting next_dagrun for webscraping_dag to 2023-04-27T17:00:00+00:00
[2024-07-11 23:32:20,316] {processor.py:171} INFO - Processing /opt/airflow/dags/webscraping_dag.py took 0.382 seconds
[2024-07-11 23:32:50,878] {processor.py:163} INFO - Started process (PID=1401) to work on /opt/airflow/dags/webscraping_dag.py
[2024-07-11 23:32:50,883] {processor.py:642} INFO - Processing file /opt/airflow/dags/webscraping_dag.py for tasks to queue
[2024-07-11 23:32:50,886] {logging_mixin.py:109} INFO - [2024-07-11 23:32:50,885] {dagbag.py:500} INFO - Filling up the DagBag from /opt/airflow/dags/webscraping_dag.py
[2024-07-11 23:32:51,208] {processor.py:654} INFO - DAG(s) dict_keys(['webscraping_dag']) retrieved from /opt/airflow/dags/webscraping_dag.py
[2024-07-11 23:32:51,264] {logging_mixin.py:109} INFO - [2024-07-11 23:32:51,263] {dag.py:2398} INFO - Sync 1 DAGs
[2024-07-11 23:32:51,349] {logging_mixin.py:109} INFO - [2024-07-11 23:32:51,349] {dag.py:2937} INFO - Setting next_dagrun for webscraping_dag to 2023-04-27T17:00:00+00:00
[2024-07-11 23:32:51,381] {processor.py:171} INFO - Processing /opt/airflow/dags/webscraping_dag.py took 0.515 seconds
[2024-07-11 23:33:21,956] {processor.py:163} INFO - Started process (PID=1432) to work on /opt/airflow/dags/webscraping_dag.py
[2024-07-11 23:33:21,960] {processor.py:642} INFO - Processing file /opt/airflow/dags/webscraping_dag.py for tasks to queue
[2024-07-11 23:33:21,963] {logging_mixin.py:109} INFO - [2024-07-11 23:33:21,962] {dagbag.py:500} INFO - Filling up the DagBag from /opt/airflow/dags/webscraping_dag.py
[2024-07-11 23:33:22,152] {processor.py:654} INFO - DAG(s) dict_keys(['webscraping_dag']) retrieved from /opt/airflow/dags/webscraping_dag.py
[2024-07-11 23:33:22,180] {logging_mixin.py:109} INFO - [2024-07-11 23:33:22,180] {dag.py:2398} INFO - Sync 1 DAGs
[2024-07-11 23:33:22,219] {logging_mixin.py:109} INFO - [2024-07-11 23:33:22,219] {dag.py:2937} INFO - Setting next_dagrun for webscraping_dag to 2023-04-27T17:00:00+00:00
[2024-07-11 23:33:22,232] {processor.py:171} INFO - Processing /opt/airflow/dags/webscraping_dag.py took 0.297 seconds
[2024-07-11 23:33:52,689] {processor.py:163} INFO - Started process (PID=1463) to work on /opt/airflow/dags/webscraping_dag.py
[2024-07-11 23:33:52,693] {processor.py:642} INFO - Processing file /opt/airflow/dags/webscraping_dag.py for tasks to queue
[2024-07-11 23:33:52,695] {logging_mixin.py:109} INFO - [2024-07-11 23:33:52,695] {dagbag.py:500} INFO - Filling up the DagBag from /opt/airflow/dags/webscraping_dag.py
[2024-07-11 23:33:53,063] {processor.py:654} INFO - DAG(s) dict_keys(['webscraping_dag']) retrieved from /opt/airflow/dags/webscraping_dag.py
[2024-07-11 23:33:53,092] {logging_mixin.py:109} INFO - [2024-07-11 23:33:53,091] {dag.py:2398} INFO - Sync 1 DAGs
[2024-07-11 23:33:53,128] {logging_mixin.py:109} INFO - [2024-07-11 23:33:53,128] {dag.py:2937} INFO - Setting next_dagrun for webscraping_dag to 2023-04-27T17:00:00+00:00
[2024-07-11 23:33:53,141] {processor.py:171} INFO - Processing /opt/airflow/dags/webscraping_dag.py took 0.465 seconds
[2024-07-11 23:34:23,505] {processor.py:163} INFO - Started process (PID=1494) to work on /opt/airflow/dags/webscraping_dag.py
[2024-07-11 23:34:23,506] {processor.py:642} INFO - Processing file /opt/airflow/dags/webscraping_dag.py for tasks to queue
[2024-07-11 23:34:23,507] {logging_mixin.py:109} INFO - [2024-07-11 23:34:23,506] {dagbag.py:500} INFO - Filling up the DagBag from /opt/airflow/dags/webscraping_dag.py
[2024-07-11 23:34:23,599] {processor.py:654} INFO - DAG(s) dict_keys(['webscraping_dag']) retrieved from /opt/airflow/dags/webscraping_dag.py
[2024-07-11 23:34:23,612] {logging_mixin.py:109} INFO - [2024-07-11 23:34:23,612] {dag.py:2398} INFO - Sync 1 DAGs
[2024-07-11 23:34:23,642] {logging_mixin.py:109} INFO - [2024-07-11 23:34:23,642] {dag.py:2937} INFO - Setting next_dagrun for webscraping_dag to 2023-04-27T17:00:00+00:00
[2024-07-11 23:34:23,657] {processor.py:171} INFO - Processing /opt/airflow/dags/webscraping_dag.py took 0.156 seconds
[2024-07-11 23:34:54,075] {processor.py:163} INFO - Started process (PID=1525) to work on /opt/airflow/dags/webscraping_dag.py
[2024-07-11 23:34:54,080] {processor.py:642} INFO - Processing file /opt/airflow/dags/webscraping_dag.py for tasks to queue
[2024-07-11 23:34:54,082] {logging_mixin.py:109} INFO - [2024-07-11 23:34:54,082] {dagbag.py:500} INFO - Filling up the DagBag from /opt/airflow/dags/webscraping_dag.py
[2024-07-11 23:34:54,323] {processor.py:654} INFO - DAG(s) dict_keys(['webscraping_dag']) retrieved from /opt/airflow/dags/webscraping_dag.py
[2024-07-11 23:34:54,362] {logging_mixin.py:109} INFO - [2024-07-11 23:34:54,362] {dag.py:2398} INFO - Sync 1 DAGs
[2024-07-11 23:34:54,429] {logging_mixin.py:109} INFO - [2024-07-11 23:34:54,429] {dag.py:2937} INFO - Setting next_dagrun for webscraping_dag to 2023-04-27T17:00:00+00:00
[2024-07-11 23:34:54,459] {processor.py:171} INFO - Processing /opt/airflow/dags/webscraping_dag.py took 0.394 seconds
[2024-07-11 23:35:24,532] {processor.py:163} INFO - Started process (PID=1556) to work on /opt/airflow/dags/webscraping_dag.py
[2024-07-11 23:35:24,533] {processor.py:642} INFO - Processing file /opt/airflow/dags/webscraping_dag.py for tasks to queue
[2024-07-11 23:35:24,534] {logging_mixin.py:109} INFO - [2024-07-11 23:35:24,534] {dagbag.py:500} INFO - Filling up the DagBag from /opt/airflow/dags/webscraping_dag.py
[2024-07-11 23:35:24,752] {processor.py:654} INFO - DAG(s) dict_keys(['webscraping_dag']) retrieved from /opt/airflow/dags/webscraping_dag.py
[2024-07-11 23:35:24,791] {logging_mixin.py:109} INFO - [2024-07-11 23:35:24,791] {dag.py:2398} INFO - Sync 1 DAGs
[2024-07-11 23:35:24,854] {logging_mixin.py:109} INFO - [2024-07-11 23:35:24,854] {dag.py:2937} INFO - Setting next_dagrun for webscraping_dag to 2023-04-27T17:00:00+00:00
[2024-07-11 23:35:24,881] {processor.py:171} INFO - Processing /opt/airflow/dags/webscraping_dag.py took 0.355 seconds
[2024-07-11 23:35:57,876] {processor.py:163} INFO - Started process (PID=1585) to work on /opt/airflow/dags/webscraping_dag.py
[2024-07-11 23:35:57,879] {processor.py:642} INFO - Processing file /opt/airflow/dags/webscraping_dag.py for tasks to queue
[2024-07-11 23:35:57,881] {logging_mixin.py:109} INFO - [2024-07-11 23:35:57,881] {dagbag.py:500} INFO - Filling up the DagBag from /opt/airflow/dags/webscraping_dag.py
[2024-07-11 23:35:58,109] {processor.py:654} INFO - DAG(s) dict_keys(['webscraping_dag']) retrieved from /opt/airflow/dags/webscraping_dag.py
[2024-07-11 23:35:58,141] {logging_mixin.py:109} INFO - [2024-07-11 23:35:58,140] {dag.py:2398} INFO - Sync 1 DAGs
[2024-07-11 23:35:58,195] {logging_mixin.py:109} INFO - [2024-07-11 23:35:58,195] {dag.py:2937} INFO - Setting next_dagrun for webscraping_dag to 2023-04-27T17:00:00+00:00
[2024-07-11 23:35:58,219] {processor.py:171} INFO - Processing /opt/airflow/dags/webscraping_dag.py took 0.352 seconds
[2024-07-11 23:36:28,388] {processor.py:163} INFO - Started process (PID=1597) to work on /opt/airflow/dags/webscraping_dag.py
[2024-07-11 23:36:28,392] {processor.py:642} INFO - Processing file /opt/airflow/dags/webscraping_dag.py for tasks to queue
[2024-07-11 23:36:28,394] {logging_mixin.py:109} INFO - [2024-07-11 23:36:28,393] {dagbag.py:500} INFO - Filling up the DagBag from /opt/airflow/dags/webscraping_dag.py
[2024-07-11 23:36:28,614] {processor.py:654} INFO - DAG(s) dict_keys(['webscraping_dag']) retrieved from /opt/airflow/dags/webscraping_dag.py
[2024-07-11 23:36:28,630] {logging_mixin.py:109} INFO - [2024-07-11 23:36:28,630] {dag.py:2398} INFO - Sync 1 DAGs
[2024-07-11 23:36:28,657] {logging_mixin.py:109} INFO - [2024-07-11 23:36:28,657] {dag.py:2937} INFO - Setting next_dagrun for webscraping_dag to 2023-04-27T17:00:00+00:00
[2024-07-11 23:36:28,668] {processor.py:171} INFO - Processing /opt/airflow/dags/webscraping_dag.py took 0.294 seconds
[2024-07-11 23:36:58,921] {processor.py:163} INFO - Started process (PID=1628) to work on /opt/airflow/dags/webscraping_dag.py
[2024-07-11 23:36:58,925] {processor.py:642} INFO - Processing file /opt/airflow/dags/webscraping_dag.py for tasks to queue
[2024-07-11 23:36:58,931] {logging_mixin.py:109} INFO - [2024-07-11 23:36:58,929] {dagbag.py:500} INFO - Filling up the DagBag from /opt/airflow/dags/webscraping_dag.py
[2024-07-11 23:36:59,257] {processor.py:654} INFO - DAG(s) dict_keys(['webscraping_dag']) retrieved from /opt/airflow/dags/webscraping_dag.py
[2024-07-11 23:36:59,323] {logging_mixin.py:109} INFO - [2024-07-11 23:36:59,323] {dag.py:2398} INFO - Sync 1 DAGs
[2024-07-11 23:36:59,393] {logging_mixin.py:109} INFO - [2024-07-11 23:36:59,393] {dag.py:2937} INFO - Setting next_dagrun for webscraping_dag to 2023-04-27T17:00:00+00:00
[2024-07-11 23:36:59,413] {processor.py:171} INFO - Processing /opt/airflow/dags/webscraping_dag.py took 0.510 seconds
[2024-07-11 23:37:29,805] {processor.py:163} INFO - Started process (PID=1659) to work on /opt/airflow/dags/webscraping_dag.py
[2024-07-11 23:37:29,806] {processor.py:642} INFO - Processing file /opt/airflow/dags/webscraping_dag.py for tasks to queue
[2024-07-11 23:37:29,807] {logging_mixin.py:109} INFO - [2024-07-11 23:37:29,807] {dagbag.py:500} INFO - Filling up the DagBag from /opt/airflow/dags/webscraping_dag.py
[2024-07-11 23:37:30,019] {processor.py:654} INFO - DAG(s) dict_keys(['webscraping_dag']) retrieved from /opt/airflow/dags/webscraping_dag.py
[2024-07-11 23:37:30,060] {logging_mixin.py:109} INFO - [2024-07-11 23:37:30,060] {dag.py:2398} INFO - Sync 1 DAGs
[2024-07-11 23:37:30,105] {logging_mixin.py:109} INFO - [2024-07-11 23:37:30,105] {dag.py:2937} INFO - Setting next_dagrun for webscraping_dag to 2023-04-27T17:00:00+00:00
[2024-07-11 23:37:30,117] {processor.py:171} INFO - Processing /opt/airflow/dags/webscraping_dag.py took 0.327 seconds
[2024-07-11 23:38:00,630] {processor.py:163} INFO - Started process (PID=1690) to work on /opt/airflow/dags/webscraping_dag.py
[2024-07-11 23:38:00,634] {processor.py:642} INFO - Processing file /opt/airflow/dags/webscraping_dag.py for tasks to queue
[2024-07-11 23:38:00,636] {logging_mixin.py:109} INFO - [2024-07-11 23:38:00,636] {dagbag.py:500} INFO - Filling up the DagBag from /opt/airflow/dags/webscraping_dag.py
[2024-07-11 23:38:00,838] {processor.py:654} INFO - DAG(s) dict_keys(['webscraping_dag']) retrieved from /opt/airflow/dags/webscraping_dag.py
[2024-07-11 23:38:00,859] {logging_mixin.py:109} INFO - [2024-07-11 23:38:00,859] {dag.py:2398} INFO - Sync 1 DAGs
[2024-07-11 23:38:00,897] {logging_mixin.py:109} INFO - [2024-07-11 23:38:00,896] {dag.py:2937} INFO - Setting next_dagrun for webscraping_dag to 2023-04-27T17:00:00+00:00
[2024-07-11 23:38:00,914] {processor.py:171} INFO - Processing /opt/airflow/dags/webscraping_dag.py took 0.295 seconds
[2024-07-11 23:38:31,248] {processor.py:163} INFO - Started process (PID=1721) to work on /opt/airflow/dags/webscraping_dag.py
[2024-07-11 23:38:31,252] {processor.py:642} INFO - Processing file /opt/airflow/dags/webscraping_dag.py for tasks to queue
[2024-07-11 23:38:31,254] {logging_mixin.py:109} INFO - [2024-07-11 23:38:31,253] {dagbag.py:500} INFO - Filling up the DagBag from /opt/airflow/dags/webscraping_dag.py
[2024-07-11 23:38:31,454] {processor.py:654} INFO - DAG(s) dict_keys(['webscraping_dag']) retrieved from /opt/airflow/dags/webscraping_dag.py
[2024-07-11 23:38:31,476] {logging_mixin.py:109} INFO - [2024-07-11 23:38:31,475] {dag.py:2398} INFO - Sync 1 DAGs
[2024-07-11 23:38:31,519] {logging_mixin.py:109} INFO - [2024-07-11 23:38:31,518] {dag.py:2937} INFO - Setting next_dagrun for webscraping_dag to 2023-04-27T17:00:00+00:00
[2024-07-11 23:38:31,541] {processor.py:171} INFO - Processing /opt/airflow/dags/webscraping_dag.py took 0.304 seconds
[2024-07-11 23:39:02,192] {processor.py:163} INFO - Started process (PID=1752) to work on /opt/airflow/dags/webscraping_dag.py
[2024-07-11 23:39:02,196] {processor.py:642} INFO - Processing file /opt/airflow/dags/webscraping_dag.py for tasks to queue
[2024-07-11 23:39:02,198] {logging_mixin.py:109} INFO - [2024-07-11 23:39:02,198] {dagbag.py:500} INFO - Filling up the DagBag from /opt/airflow/dags/webscraping_dag.py
[2024-07-11 23:39:02,493] {processor.py:654} INFO - DAG(s) dict_keys(['webscraping_dag']) retrieved from /opt/airflow/dags/webscraping_dag.py
[2024-07-11 23:39:02,525] {logging_mixin.py:109} INFO - [2024-07-11 23:39:02,524] {dag.py:2398} INFO - Sync 1 DAGs
[2024-07-11 23:39:02,555] {logging_mixin.py:109} INFO - [2024-07-11 23:39:02,555] {dag.py:2937} INFO - Setting next_dagrun for webscraping_dag to 2023-04-27T17:00:00+00:00
[2024-07-11 23:39:02,567] {processor.py:171} INFO - Processing /opt/airflow/dags/webscraping_dag.py took 0.391 seconds
[2024-07-11 23:39:32,672] {processor.py:163} INFO - Started process (PID=1783) to work on /opt/airflow/dags/webscraping_dag.py
[2024-07-11 23:39:32,676] {processor.py:642} INFO - Processing file /opt/airflow/dags/webscraping_dag.py for tasks to queue
[2024-07-11 23:39:32,678] {logging_mixin.py:109} INFO - [2024-07-11 23:39:32,678] {dagbag.py:500} INFO - Filling up the DagBag from /opt/airflow/dags/webscraping_dag.py
[2024-07-11 23:39:32,959] {processor.py:654} INFO - DAG(s) dict_keys(['webscraping_dag']) retrieved from /opt/airflow/dags/webscraping_dag.py
[2024-07-11 23:39:33,003] {logging_mixin.py:109} INFO - [2024-07-11 23:39:33,001] {dag.py:2398} INFO - Sync 1 DAGs
[2024-07-11 23:39:33,072] {logging_mixin.py:109} INFO - [2024-07-11 23:39:33,071] {dag.py:2937} INFO - Setting next_dagrun for webscraping_dag to 2023-04-27T17:00:00+00:00
[2024-07-11 23:39:33,098] {processor.py:171} INFO - Processing /opt/airflow/dags/webscraping_dag.py took 0.438 seconds
[2024-07-11 23:40:03,431] {processor.py:163} INFO - Started process (PID=1814) to work on /opt/airflow/dags/webscraping_dag.py
[2024-07-11 23:40:03,435] {processor.py:642} INFO - Processing file /opt/airflow/dags/webscraping_dag.py for tasks to queue
[2024-07-11 23:40:03,437] {logging_mixin.py:109} INFO - [2024-07-11 23:40:03,436] {dagbag.py:500} INFO - Filling up the DagBag from /opt/airflow/dags/webscraping_dag.py
[2024-07-11 23:40:03,670] {processor.py:654} INFO - DAG(s) dict_keys(['webscraping_dag']) retrieved from /opt/airflow/dags/webscraping_dag.py
[2024-07-11 23:40:03,708] {logging_mixin.py:109} INFO - [2024-07-11 23:40:03,707] {dag.py:2398} INFO - Sync 1 DAGs
[2024-07-11 23:40:03,775] {logging_mixin.py:109} INFO - [2024-07-11 23:40:03,774] {dag.py:2937} INFO - Setting next_dagrun for webscraping_dag to 2023-04-27T17:00:00+00:00
[2024-07-11 23:40:03,803] {processor.py:171} INFO - Processing /opt/airflow/dags/webscraping_dag.py took 0.383 seconds
[2024-07-11 23:40:33,851] {processor.py:163} INFO - Started process (PID=1845) to work on /opt/airflow/dags/webscraping_dag.py
[2024-07-11 23:40:33,855] {processor.py:642} INFO - Processing file /opt/airflow/dags/webscraping_dag.py for tasks to queue
[2024-07-11 23:40:33,857] {logging_mixin.py:109} INFO - [2024-07-11 23:40:33,857] {dagbag.py:500} INFO - Filling up the DagBag from /opt/airflow/dags/webscraping_dag.py
[2024-07-11 23:40:34,061] {processor.py:654} INFO - DAG(s) dict_keys(['webscraping_dag']) retrieved from /opt/airflow/dags/webscraping_dag.py
[2024-07-11 23:40:34,098] {logging_mixin.py:109} INFO - [2024-07-11 23:40:34,097] {dag.py:2398} INFO - Sync 1 DAGs
[2024-07-11 23:40:34,157] {logging_mixin.py:109} INFO - [2024-07-11 23:40:34,157] {dag.py:2937} INFO - Setting next_dagrun for webscraping_dag to 2023-04-27T17:00:00+00:00
[2024-07-11 23:40:34,186] {processor.py:171} INFO - Processing /opt/airflow/dags/webscraping_dag.py took 0.343 seconds
[2024-07-11 23:41:04,315] {processor.py:163} INFO - Started process (PID=1876) to work on /opt/airflow/dags/webscraping_dag.py
[2024-07-11 23:41:04,317] {processor.py:642} INFO - Processing file /opt/airflow/dags/webscraping_dag.py for tasks to queue
[2024-07-11 23:41:04,319] {logging_mixin.py:109} INFO - [2024-07-11 23:41:04,319] {dagbag.py:500} INFO - Filling up the DagBag from /opt/airflow/dags/webscraping_dag.py
[2024-07-11 23:41:04,507] {processor.py:654} INFO - DAG(s) dict_keys(['webscraping_dag']) retrieved from /opt/airflow/dags/webscraping_dag.py
[2024-07-11 23:41:04,539] {logging_mixin.py:109} INFO - [2024-07-11 23:41:04,538] {dag.py:2398} INFO - Sync 1 DAGs
[2024-07-11 23:41:04,573] {logging_mixin.py:109} INFO - [2024-07-11 23:41:04,573] {dag.py:2937} INFO - Setting next_dagrun for webscraping_dag to 2023-04-27T17:00:00+00:00
[2024-07-11 23:41:04,590] {processor.py:171} INFO - Processing /opt/airflow/dags/webscraping_dag.py took 0.282 seconds
[2024-07-11 23:41:35,326] {processor.py:163} INFO - Started process (PID=1907) to work on /opt/airflow/dags/webscraping_dag.py
[2024-07-11 23:41:35,329] {processor.py:642} INFO - Processing file /opt/airflow/dags/webscraping_dag.py for tasks to queue
[2024-07-11 23:41:35,334] {logging_mixin.py:109} INFO - [2024-07-11 23:41:35,333] {dagbag.py:500} INFO - Filling up the DagBag from /opt/airflow/dags/webscraping_dag.py
[2024-07-11 23:41:35,420] {processor.py:654} INFO - DAG(s) dict_keys(['webscraping_dag']) retrieved from /opt/airflow/dags/webscraping_dag.py
[2024-07-11 23:41:35,433] {logging_mixin.py:109} INFO - [2024-07-11 23:41:35,432] {dag.py:2398} INFO - Sync 1 DAGs
[2024-07-11 23:41:35,459] {logging_mixin.py:109} INFO - [2024-07-11 23:41:35,459] {dag.py:2937} INFO - Setting next_dagrun for webscraping_dag to 2023-04-27T17:00:00+00:00
[2024-07-11 23:41:35,470] {processor.py:171} INFO - Processing /opt/airflow/dags/webscraping_dag.py took 0.147 seconds
[2024-07-11 23:42:06,029] {processor.py:163} INFO - Started process (PID=1938) to work on /opt/airflow/dags/webscraping_dag.py
[2024-07-11 23:42:06,030] {processor.py:642} INFO - Processing file /opt/airflow/dags/webscraping_dag.py for tasks to queue
[2024-07-11 23:42:06,031] {logging_mixin.py:109} INFO - [2024-07-11 23:42:06,030] {dagbag.py:500} INFO - Filling up the DagBag from /opt/airflow/dags/webscraping_dag.py
[2024-07-11 23:42:06,089] {processor.py:654} INFO - DAG(s) dict_keys(['webscraping_dag']) retrieved from /opt/airflow/dags/webscraping_dag.py
[2024-07-11 23:42:06,099] {logging_mixin.py:109} INFO - [2024-07-11 23:42:06,099] {dag.py:2398} INFO - Sync 1 DAGs
[2024-07-11 23:42:06,117] {logging_mixin.py:109} INFO - [2024-07-11 23:42:06,117] {dag.py:2937} INFO - Setting next_dagrun for webscraping_dag to 2023-04-27T17:00:00+00:00
[2024-07-11 23:42:06,127] {processor.py:171} INFO - Processing /opt/airflow/dags/webscraping_dag.py took 0.101 seconds
[2024-07-11 23:42:36,214] {processor.py:163} INFO - Started process (PID=1948) to work on /opt/airflow/dags/webscraping_dag.py
[2024-07-11 23:42:36,223] {processor.py:642} INFO - Processing file /opt/airflow/dags/webscraping_dag.py for tasks to queue
[2024-07-11 23:42:36,224] {logging_mixin.py:109} INFO - [2024-07-11 23:42:36,224] {dagbag.py:500} INFO - Filling up the DagBag from /opt/airflow/dags/webscraping_dag.py
[2024-07-11 23:42:36,300] {processor.py:654} INFO - DAG(s) dict_keys(['webscraping_dag']) retrieved from /opt/airflow/dags/webscraping_dag.py
[2024-07-11 23:42:36,310] {logging_mixin.py:109} INFO - [2024-07-11 23:42:36,310] {dag.py:2398} INFO - Sync 1 DAGs
[2024-07-11 23:42:36,341] {logging_mixin.py:109} INFO - [2024-07-11 23:42:36,341] {dag.py:2937} INFO - Setting next_dagrun for webscraping_dag to 2023-04-27T17:00:00+00:00
[2024-07-11 23:42:36,359] {processor.py:171} INFO - Processing /opt/airflow/dags/webscraping_dag.py took 0.147 seconds
[2024-07-11 23:43:07,127] {processor.py:163} INFO - Started process (PID=1979) to work on /opt/airflow/dags/webscraping_dag.py
[2024-07-11 23:43:07,128] {processor.py:642} INFO - Processing file /opt/airflow/dags/webscraping_dag.py for tasks to queue
[2024-07-11 23:43:07,129] {logging_mixin.py:109} INFO - [2024-07-11 23:43:07,128] {dagbag.py:500} INFO - Filling up the DagBag from /opt/airflow/dags/webscraping_dag.py
[2024-07-11 23:43:07,202] {processor.py:654} INFO - DAG(s) dict_keys(['webscraping_dag']) retrieved from /opt/airflow/dags/webscraping_dag.py
[2024-07-11 23:43:07,216] {logging_mixin.py:109} INFO - [2024-07-11 23:43:07,216] {dag.py:2398} INFO - Sync 1 DAGs
[2024-07-11 23:43:07,236] {logging_mixin.py:109} INFO - [2024-07-11 23:43:07,236] {dag.py:2937} INFO - Setting next_dagrun for webscraping_dag to 2023-04-27T17:00:00+00:00
[2024-07-11 23:43:07,261] {processor.py:171} INFO - Processing /opt/airflow/dags/webscraping_dag.py took 0.137 seconds
[2024-07-11 23:43:37,892] {processor.py:163} INFO - Started process (PID=2010) to work on /opt/airflow/dags/webscraping_dag.py
[2024-07-11 23:43:37,893] {processor.py:642} INFO - Processing file /opt/airflow/dags/webscraping_dag.py for tasks to queue
[2024-07-11 23:43:37,894] {logging_mixin.py:109} INFO - [2024-07-11 23:43:37,894] {dagbag.py:500} INFO - Filling up the DagBag from /opt/airflow/dags/webscraping_dag.py
[2024-07-11 23:43:37,950] {processor.py:654} INFO - DAG(s) dict_keys(['webscraping_dag']) retrieved from /opt/airflow/dags/webscraping_dag.py
[2024-07-11 23:43:37,960] {logging_mixin.py:109} INFO - [2024-07-11 23:43:37,960] {dag.py:2398} INFO - Sync 1 DAGs
[2024-07-11 23:43:37,979] {logging_mixin.py:109} INFO - [2024-07-11 23:43:37,979] {dag.py:2937} INFO - Setting next_dagrun for webscraping_dag to 2023-04-27T17:00:00+00:00
[2024-07-11 23:43:37,988] {processor.py:171} INFO - Processing /opt/airflow/dags/webscraping_dag.py took 0.099 seconds
[2024-07-11 23:44:08,501] {processor.py:163} INFO - Started process (PID=2041) to work on /opt/airflow/dags/webscraping_dag.py
[2024-07-11 23:44:08,503] {processor.py:642} INFO - Processing file /opt/airflow/dags/webscraping_dag.py for tasks to queue
[2024-07-11 23:44:08,503] {logging_mixin.py:109} INFO - [2024-07-11 23:44:08,503] {dagbag.py:500} INFO - Filling up the DagBag from /opt/airflow/dags/webscraping_dag.py
[2024-07-11 23:44:08,558] {processor.py:654} INFO - DAG(s) dict_keys(['webscraping_dag']) retrieved from /opt/airflow/dags/webscraping_dag.py
[2024-07-11 23:44:08,568] {logging_mixin.py:109} INFO - [2024-07-11 23:44:08,568] {dag.py:2398} INFO - Sync 1 DAGs
[2024-07-11 23:44:08,586] {logging_mixin.py:109} INFO - [2024-07-11 23:44:08,586] {dag.py:2937} INFO - Setting next_dagrun for webscraping_dag to 2023-04-27T17:00:00+00:00
[2024-07-11 23:44:08,596] {processor.py:171} INFO - Processing /opt/airflow/dags/webscraping_dag.py took 0.097 seconds
[2024-07-11 23:44:39,233] {processor.py:163} INFO - Started process (PID=2072) to work on /opt/airflow/dags/webscraping_dag.py
[2024-07-11 23:44:39,234] {processor.py:642} INFO - Processing file /opt/airflow/dags/webscraping_dag.py for tasks to queue
[2024-07-11 23:44:39,235] {logging_mixin.py:109} INFO - [2024-07-11 23:44:39,235] {dagbag.py:500} INFO - Filling up the DagBag from /opt/airflow/dags/webscraping_dag.py
[2024-07-11 23:44:39,292] {processor.py:654} INFO - DAG(s) dict_keys(['webscraping_dag']) retrieved from /opt/airflow/dags/webscraping_dag.py
[2024-07-11 23:44:39,303] {logging_mixin.py:109} INFO - [2024-07-11 23:44:39,303] {dag.py:2398} INFO - Sync 1 DAGs
[2024-07-11 23:44:39,322] {logging_mixin.py:109} INFO - [2024-07-11 23:44:39,322] {dag.py:2937} INFO - Setting next_dagrun for webscraping_dag to 2023-04-27T17:00:00+00:00
[2024-07-11 23:44:39,331] {processor.py:171} INFO - Processing /opt/airflow/dags/webscraping_dag.py took 0.101 seconds
[2024-07-11 23:45:09,729] {processor.py:163} INFO - Started process (PID=2103) to work on /opt/airflow/dags/webscraping_dag.py
[2024-07-11 23:45:09,731] {processor.py:642} INFO - Processing file /opt/airflow/dags/webscraping_dag.py for tasks to queue
[2024-07-11 23:45:09,732] {logging_mixin.py:109} INFO - [2024-07-11 23:45:09,732] {dagbag.py:500} INFO - Filling up the DagBag from /opt/airflow/dags/webscraping_dag.py
[2024-07-11 23:45:09,803] {processor.py:654} INFO - DAG(s) dict_keys(['webscraping_dag']) retrieved from /opt/airflow/dags/webscraping_dag.py
[2024-07-11 23:45:09,817] {logging_mixin.py:109} INFO - [2024-07-11 23:45:09,817] {dag.py:2398} INFO - Sync 1 DAGs
[2024-07-11 23:45:09,836] {logging_mixin.py:109} INFO - [2024-07-11 23:45:09,836] {dag.py:2937} INFO - Setting next_dagrun for webscraping_dag to 2023-04-27T17:00:00+00:00
[2024-07-11 23:45:09,846] {processor.py:171} INFO - Processing /opt/airflow/dags/webscraping_dag.py took 0.119 seconds
[2024-07-11 23:45:40,450] {processor.py:163} INFO - Started process (PID=2134) to work on /opt/airflow/dags/webscraping_dag.py
[2024-07-11 23:45:40,451] {processor.py:642} INFO - Processing file /opt/airflow/dags/webscraping_dag.py for tasks to queue
[2024-07-11 23:45:40,452] {logging_mixin.py:109} INFO - [2024-07-11 23:45:40,452] {dagbag.py:500} INFO - Filling up the DagBag from /opt/airflow/dags/webscraping_dag.py
[2024-07-11 23:45:40,524] {processor.py:654} INFO - DAG(s) dict_keys(['webscraping_dag']) retrieved from /opt/airflow/dags/webscraping_dag.py
[2024-07-11 23:45:40,537] {logging_mixin.py:109} INFO - [2024-07-11 23:45:40,537] {dag.py:2398} INFO - Sync 1 DAGs
[2024-07-11 23:45:40,555] {logging_mixin.py:109} INFO - [2024-07-11 23:45:40,555] {dag.py:2937} INFO - Setting next_dagrun for webscraping_dag to 2023-04-27T17:00:00+00:00
[2024-07-11 23:45:40,565] {processor.py:171} INFO - Processing /opt/airflow/dags/webscraping_dag.py took 0.120 seconds
[2024-07-11 23:46:11,066] {processor.py:163} INFO - Started process (PID=2165) to work on /opt/airflow/dags/webscraping_dag.py
[2024-07-11 23:46:11,068] {processor.py:642} INFO - Processing file /opt/airflow/dags/webscraping_dag.py for tasks to queue
[2024-07-11 23:46:11,069] {logging_mixin.py:109} INFO - [2024-07-11 23:46:11,068] {dagbag.py:500} INFO - Filling up the DagBag from /opt/airflow/dags/webscraping_dag.py
[2024-07-11 23:46:11,123] {processor.py:654} INFO - DAG(s) dict_keys(['webscraping_dag']) retrieved from /opt/airflow/dags/webscraping_dag.py
[2024-07-11 23:46:11,133] {logging_mixin.py:109} INFO - [2024-07-11 23:46:11,133] {dag.py:2398} INFO - Sync 1 DAGs
[2024-07-11 23:46:11,151] {logging_mixin.py:109} INFO - [2024-07-11 23:46:11,151] {dag.py:2937} INFO - Setting next_dagrun for webscraping_dag to 2023-04-27T17:00:00+00:00
[2024-07-11 23:46:11,161] {processor.py:171} INFO - Processing /opt/airflow/dags/webscraping_dag.py took 0.097 seconds
[2024-07-11 23:46:41,274] {processor.py:163} INFO - Started process (PID=2196) to work on /opt/airflow/dags/webscraping_dag.py
[2024-07-11 23:46:41,277] {processor.py:642} INFO - Processing file /opt/airflow/dags/webscraping_dag.py for tasks to queue
[2024-07-11 23:46:41,278] {logging_mixin.py:109} INFO - [2024-07-11 23:46:41,278] {dagbag.py:500} INFO - Filling up the DagBag from /opt/airflow/dags/webscraping_dag.py
[2024-07-11 23:46:41,346] {processor.py:654} INFO - DAG(s) dict_keys(['webscraping_dag']) retrieved from /opt/airflow/dags/webscraping_dag.py
[2024-07-11 23:46:41,358] {logging_mixin.py:109} INFO - [2024-07-11 23:46:41,357] {dag.py:2398} INFO - Sync 1 DAGs
[2024-07-11 23:46:41,375] {logging_mixin.py:109} INFO - [2024-07-11 23:46:41,375] {dag.py:2937} INFO - Setting next_dagrun for webscraping_dag to 2023-04-27T17:00:00+00:00
[2024-07-11 23:46:41,385] {processor.py:171} INFO - Processing /opt/airflow/dags/webscraping_dag.py took 0.115 seconds
[2024-07-11 23:47:11,834] {processor.py:163} INFO - Started process (PID=2227) to work on /opt/airflow/dags/webscraping_dag.py
[2024-07-11 23:47:11,835] {processor.py:642} INFO - Processing file /opt/airflow/dags/webscraping_dag.py for tasks to queue
[2024-07-11 23:47:11,836] {logging_mixin.py:109} INFO - [2024-07-11 23:47:11,836] {dagbag.py:500} INFO - Filling up the DagBag from /opt/airflow/dags/webscraping_dag.py
[2024-07-11 23:47:11,900] {processor.py:654} INFO - DAG(s) dict_keys(['webscraping_dag']) retrieved from /opt/airflow/dags/webscraping_dag.py
[2024-07-11 23:47:11,914] {logging_mixin.py:109} INFO - [2024-07-11 23:47:11,914] {dag.py:2398} INFO - Sync 1 DAGs
[2024-07-11 23:47:11,932] {logging_mixin.py:109} INFO - [2024-07-11 23:47:11,932] {dag.py:2937} INFO - Setting next_dagrun for webscraping_dag to 2023-04-27T17:00:00+00:00
[2024-07-11 23:47:11,942] {processor.py:171} INFO - Processing /opt/airflow/dags/webscraping_dag.py took 0.110 seconds
[2024-07-11 23:47:42,496] {processor.py:163} INFO - Started process (PID=2258) to work on /opt/airflow/dags/webscraping_dag.py
[2024-07-11 23:47:42,497] {processor.py:642} INFO - Processing file /opt/airflow/dags/webscraping_dag.py for tasks to queue
[2024-07-11 23:47:42,498] {logging_mixin.py:109} INFO - [2024-07-11 23:47:42,498] {dagbag.py:500} INFO - Filling up the DagBag from /opt/airflow/dags/webscraping_dag.py
[2024-07-11 23:47:42,559] {processor.py:654} INFO - DAG(s) dict_keys(['webscraping_dag']) retrieved from /opt/airflow/dags/webscraping_dag.py
[2024-07-11 23:47:42,570] {logging_mixin.py:109} INFO - [2024-07-11 23:47:42,569] {dag.py:2398} INFO - Sync 1 DAGs
[2024-07-11 23:47:42,590] {logging_mixin.py:109} INFO - [2024-07-11 23:47:42,590] {dag.py:2937} INFO - Setting next_dagrun for webscraping_dag to 2023-04-27T17:00:00+00:00
[2024-07-11 23:47:42,601] {processor.py:171} INFO - Processing /opt/airflow/dags/webscraping_dag.py took 0.108 seconds
[2024-07-11 23:48:13,192] {processor.py:163} INFO - Started process (PID=2289) to work on /opt/airflow/dags/webscraping_dag.py
[2024-07-11 23:48:13,195] {processor.py:642} INFO - Processing file /opt/airflow/dags/webscraping_dag.py for tasks to queue
[2024-07-11 23:48:13,196] {logging_mixin.py:109} INFO - [2024-07-11 23:48:13,196] {dagbag.py:500} INFO - Filling up the DagBag from /opt/airflow/dags/webscraping_dag.py
[2024-07-11 23:48:13,268] {processor.py:654} INFO - DAG(s) dict_keys(['webscraping_dag']) retrieved from /opt/airflow/dags/webscraping_dag.py
[2024-07-11 23:48:13,280] {logging_mixin.py:109} INFO - [2024-07-11 23:48:13,280] {dag.py:2398} INFO - Sync 1 DAGs
[2024-07-11 23:48:13,299] {logging_mixin.py:109} INFO - [2024-07-11 23:48:13,299] {dag.py:2937} INFO - Setting next_dagrun for webscraping_dag to 2023-04-27T17:00:00+00:00
[2024-07-11 23:48:13,308] {processor.py:171} INFO - Processing /opt/airflow/dags/webscraping_dag.py took 0.125 seconds
[2024-07-11 23:48:43,776] {processor.py:163} INFO - Started process (PID=2320) to work on /opt/airflow/dags/webscraping_dag.py
[2024-07-11 23:48:43,777] {processor.py:642} INFO - Processing file /opt/airflow/dags/webscraping_dag.py for tasks to queue
[2024-07-11 23:48:43,777] {logging_mixin.py:109} INFO - [2024-07-11 23:48:43,777] {dagbag.py:500} INFO - Filling up the DagBag from /opt/airflow/dags/webscraping_dag.py
[2024-07-11 23:48:43,833] {processor.py:654} INFO - DAG(s) dict_keys(['webscraping_dag']) retrieved from /opt/airflow/dags/webscraping_dag.py
[2024-07-11 23:48:43,842] {logging_mixin.py:109} INFO - [2024-07-11 23:48:43,842] {dag.py:2398} INFO - Sync 1 DAGs
[2024-07-11 23:48:43,863] {logging_mixin.py:109} INFO - [2024-07-11 23:48:43,862] {dag.py:2937} INFO - Setting next_dagrun for webscraping_dag to 2023-04-27T17:00:00+00:00
[2024-07-11 23:48:43,873] {processor.py:171} INFO - Processing /opt/airflow/dags/webscraping_dag.py took 0.100 seconds
[2024-07-11 23:49:14,466] {processor.py:163} INFO - Started process (PID=2365) to work on /opt/airflow/dags/webscraping_dag.py
[2024-07-11 23:49:14,467] {processor.py:642} INFO - Processing file /opt/airflow/dags/webscraping_dag.py for tasks to queue
[2024-07-11 23:49:14,468] {logging_mixin.py:109} INFO - [2024-07-11 23:49:14,468] {dagbag.py:500} INFO - Filling up the DagBag from /opt/airflow/dags/webscraping_dag.py
[2024-07-11 23:49:14,532] {processor.py:654} INFO - DAG(s) dict_keys(['webscraping_dag']) retrieved from /opt/airflow/dags/webscraping_dag.py
[2024-07-11 23:49:14,542] {logging_mixin.py:109} INFO - [2024-07-11 23:49:14,542] {dag.py:2398} INFO - Sync 1 DAGs
[2024-07-11 23:49:14,561] {logging_mixin.py:109} INFO - [2024-07-11 23:49:14,560] {dag.py:2937} INFO - Setting next_dagrun for webscraping_dag to 2023-04-27T17:00:00+00:00
[2024-07-11 23:49:14,568] {processor.py:171} INFO - Processing /opt/airflow/dags/webscraping_dag.py took 0.105 seconds
[2024-07-11 23:49:45,488] {processor.py:163} INFO - Started process (PID=2396) to work on /opt/airflow/dags/webscraping_dag.py
[2024-07-11 23:49:45,493] {processor.py:642} INFO - Processing file /opt/airflow/dags/webscraping_dag.py for tasks to queue
[2024-07-11 23:49:45,494] {logging_mixin.py:109} INFO - [2024-07-11 23:49:45,493] {dagbag.py:500} INFO - Filling up the DagBag from /opt/airflow/dags/webscraping_dag.py
[2024-07-11 23:49:45,580] {processor.py:654} INFO - DAG(s) dict_keys(['webscraping_dag']) retrieved from /opt/airflow/dags/webscraping_dag.py
[2024-07-11 23:49:45,592] {logging_mixin.py:109} INFO - [2024-07-11 23:49:45,592] {dag.py:2398} INFO - Sync 1 DAGs
[2024-07-11 23:49:45,611] {logging_mixin.py:109} INFO - [2024-07-11 23:49:45,611] {dag.py:2937} INFO - Setting next_dagrun for webscraping_dag to 2023-04-27T17:00:00+00:00
[2024-07-11 23:49:45,622] {processor.py:171} INFO - Processing /opt/airflow/dags/webscraping_dag.py took 0.144 seconds
[2024-07-11 23:50:16,436] {processor.py:163} INFO - Started process (PID=2427) to work on /opt/airflow/dags/webscraping_dag.py
[2024-07-11 23:50:16,438] {processor.py:642} INFO - Processing file /opt/airflow/dags/webscraping_dag.py for tasks to queue
[2024-07-11 23:50:16,438] {logging_mixin.py:109} INFO - [2024-07-11 23:50:16,438] {dagbag.py:500} INFO - Filling up the DagBag from /opt/airflow/dags/webscraping_dag.py
[2024-07-11 23:50:16,499] {processor.py:654} INFO - DAG(s) dict_keys(['webscraping_dag']) retrieved from /opt/airflow/dags/webscraping_dag.py
[2024-07-11 23:50:16,510] {logging_mixin.py:109} INFO - [2024-07-11 23:50:16,510] {dag.py:2398} INFO - Sync 1 DAGs
[2024-07-11 23:50:16,528] {logging_mixin.py:109} INFO - [2024-07-11 23:50:16,528] {dag.py:2937} INFO - Setting next_dagrun for webscraping_dag to 2023-04-27T17:00:00+00:00
[2024-07-11 23:50:16,537] {processor.py:171} INFO - Processing /opt/airflow/dags/webscraping_dag.py took 0.104 seconds
[2024-07-11 23:50:47,113] {processor.py:163} INFO - Started process (PID=2458) to work on /opt/airflow/dags/webscraping_dag.py
[2024-07-11 23:50:47,114] {processor.py:642} INFO - Processing file /opt/airflow/dags/webscraping_dag.py for tasks to queue
[2024-07-11 23:50:47,115] {logging_mixin.py:109} INFO - [2024-07-11 23:50:47,115] {dagbag.py:500} INFO - Filling up the DagBag from /opt/airflow/dags/webscraping_dag.py
[2024-07-11 23:50:47,180] {processor.py:654} INFO - DAG(s) dict_keys(['webscraping_dag']) retrieved from /opt/airflow/dags/webscraping_dag.py
[2024-07-11 23:50:47,189] {logging_mixin.py:109} INFO - [2024-07-11 23:50:47,189] {dag.py:2398} INFO - Sync 1 DAGs
[2024-07-11 23:50:47,207] {logging_mixin.py:109} INFO - [2024-07-11 23:50:47,206] {dag.py:2937} INFO - Setting next_dagrun for webscraping_dag to 2023-04-27T17:00:00+00:00
[2024-07-11 23:50:47,215] {processor.py:171} INFO - Processing /opt/airflow/dags/webscraping_dag.py took 0.105 seconds
[2024-07-11 23:51:17,772] {processor.py:163} INFO - Started process (PID=2489) to work on /opt/airflow/dags/webscraping_dag.py
[2024-07-11 23:51:17,774] {processor.py:642} INFO - Processing file /opt/airflow/dags/webscraping_dag.py for tasks to queue
[2024-07-11 23:51:17,774] {logging_mixin.py:109} INFO - [2024-07-11 23:51:17,774] {dagbag.py:500} INFO - Filling up the DagBag from /opt/airflow/dags/webscraping_dag.py
[2024-07-11 23:51:17,833] {processor.py:654} INFO - DAG(s) dict_keys(['webscraping_dag']) retrieved from /opt/airflow/dags/webscraping_dag.py
[2024-07-11 23:51:17,843] {logging_mixin.py:109} INFO - [2024-07-11 23:51:17,843] {dag.py:2398} INFO - Sync 1 DAGs
[2024-07-11 23:51:17,862] {logging_mixin.py:109} INFO - [2024-07-11 23:51:17,862] {dag.py:2937} INFO - Setting next_dagrun for webscraping_dag to 2023-04-27T17:00:00+00:00
[2024-07-11 23:51:17,871] {processor.py:171} INFO - Processing /opt/airflow/dags/webscraping_dag.py took 0.102 seconds
[2024-07-11 23:51:48,444] {processor.py:163} INFO - Started process (PID=2520) to work on /opt/airflow/dags/webscraping_dag.py
[2024-07-11 23:51:48,445] {processor.py:642} INFO - Processing file /opt/airflow/dags/webscraping_dag.py for tasks to queue
[2024-07-11 23:51:48,446] {logging_mixin.py:109} INFO - [2024-07-11 23:51:48,446] {dagbag.py:500} INFO - Filling up the DagBag from /opt/airflow/dags/webscraping_dag.py
[2024-07-11 23:51:48,544] {processor.py:654} INFO - DAG(s) dict_keys(['webscraping_dag']) retrieved from /opt/airflow/dags/webscraping_dag.py
[2024-07-11 23:51:48,553] {logging_mixin.py:109} INFO - [2024-07-11 23:51:48,553] {dag.py:2398} INFO - Sync 1 DAGs
[2024-07-11 23:51:48,571] {logging_mixin.py:109} INFO - [2024-07-11 23:51:48,571] {dag.py:2937} INFO - Setting next_dagrun for webscraping_dag to 2023-04-27T17:00:00+00:00
[2024-07-11 23:51:48,580] {processor.py:171} INFO - Processing /opt/airflow/dags/webscraping_dag.py took 0.146 seconds
[2024-07-11 23:52:19,123] {processor.py:163} INFO - Started process (PID=2551) to work on /opt/airflow/dags/webscraping_dag.py
[2024-07-11 23:52:19,127] {processor.py:642} INFO - Processing file /opt/airflow/dags/webscraping_dag.py for tasks to queue
[2024-07-11 23:52:19,129] {logging_mixin.py:109} INFO - [2024-07-11 23:52:19,129] {dagbag.py:500} INFO - Filling up the DagBag from /opt/airflow/dags/webscraping_dag.py
[2024-07-11 23:52:19,263] {processor.py:654} INFO - DAG(s) dict_keys(['webscraping_dag']) retrieved from /opt/airflow/dags/webscraping_dag.py
[2024-07-11 23:52:19,274] {logging_mixin.py:109} INFO - [2024-07-11 23:52:19,274] {dag.py:2398} INFO - Sync 1 DAGs
[2024-07-11 23:52:19,293] {logging_mixin.py:109} INFO - [2024-07-11 23:52:19,293] {dag.py:2937} INFO - Setting next_dagrun for webscraping_dag to 2023-04-27T17:00:00+00:00
[2024-07-11 23:52:19,301] {processor.py:171} INFO - Processing /opt/airflow/dags/webscraping_dag.py took 0.191 seconds
[2024-07-11 23:52:49,845] {processor.py:163} INFO - Started process (PID=2582) to work on /opt/airflow/dags/webscraping_dag.py
[2024-07-11 23:52:49,847] {processor.py:642} INFO - Processing file /opt/airflow/dags/webscraping_dag.py for tasks to queue
[2024-07-11 23:52:49,847] {logging_mixin.py:109} INFO - [2024-07-11 23:52:49,847] {dagbag.py:500} INFO - Filling up the DagBag from /opt/airflow/dags/webscraping_dag.py
[2024-07-11 23:52:49,904] {processor.py:654} INFO - DAG(s) dict_keys(['webscraping_dag']) retrieved from /opt/airflow/dags/webscraping_dag.py
[2024-07-11 23:52:49,913] {logging_mixin.py:109} INFO - [2024-07-11 23:52:49,913] {dag.py:2398} INFO - Sync 1 DAGs
[2024-07-11 23:52:49,932] {logging_mixin.py:109} INFO - [2024-07-11 23:52:49,932] {dag.py:2937} INFO - Setting next_dagrun for webscraping_dag to 2023-04-27T17:00:00+00:00
[2024-07-11 23:52:49,942] {processor.py:171} INFO - Processing /opt/airflow/dags/webscraping_dag.py took 0.099 seconds
[2024-07-11 23:53:20,562] {processor.py:163} INFO - Started process (PID=2613) to work on /opt/airflow/dags/webscraping_dag.py
[2024-07-11 23:53:20,563] {processor.py:642} INFO - Processing file /opt/airflow/dags/webscraping_dag.py for tasks to queue
[2024-07-11 23:53:20,564] {logging_mixin.py:109} INFO - [2024-07-11 23:53:20,564] {dagbag.py:500} INFO - Filling up the DagBag from /opt/airflow/dags/webscraping_dag.py
[2024-07-11 23:53:20,620] {processor.py:654} INFO - DAG(s) dict_keys(['webscraping_dag']) retrieved from /opt/airflow/dags/webscraping_dag.py
[2024-07-11 23:53:20,629] {logging_mixin.py:109} INFO - [2024-07-11 23:53:20,629] {dag.py:2398} INFO - Sync 1 DAGs
[2024-07-11 23:53:20,647] {logging_mixin.py:109} INFO - [2024-07-11 23:53:20,647] {dag.py:2937} INFO - Setting next_dagrun for webscraping_dag to 2023-04-27T17:00:00+00:00
[2024-07-11 23:53:20,657] {processor.py:171} INFO - Processing /opt/airflow/dags/webscraping_dag.py took 0.098 seconds
[2024-07-11 23:53:51,159] {processor.py:163} INFO - Started process (PID=2644) to work on /opt/airflow/dags/webscraping_dag.py
[2024-07-11 23:53:51,162] {processor.py:642} INFO - Processing file /opt/airflow/dags/webscraping_dag.py for tasks to queue
[2024-07-11 23:53:51,163] {logging_mixin.py:109} INFO - [2024-07-11 23:53:51,163] {dagbag.py:500} INFO - Filling up the DagBag from /opt/airflow/dags/webscraping_dag.py
[2024-07-11 23:53:51,226] {processor.py:654} INFO - DAG(s) dict_keys(['webscraping_dag']) retrieved from /opt/airflow/dags/webscraping_dag.py
[2024-07-11 23:53:51,235] {logging_mixin.py:109} INFO - [2024-07-11 23:53:51,235] {dag.py:2398} INFO - Sync 1 DAGs
[2024-07-11 23:53:51,254] {logging_mixin.py:109} INFO - [2024-07-11 23:53:51,254] {dag.py:2937} INFO - Setting next_dagrun for webscraping_dag to 2023-04-27T17:00:00+00:00
[2024-07-11 23:53:51,264] {processor.py:171} INFO - Processing /opt/airflow/dags/webscraping_dag.py took 0.111 seconds
[2024-07-11 23:54:21,974] {processor.py:163} INFO - Started process (PID=2675) to work on /opt/airflow/dags/webscraping_dag.py
[2024-07-11 23:54:21,975] {processor.py:642} INFO - Processing file /opt/airflow/dags/webscraping_dag.py for tasks to queue
[2024-07-11 23:54:21,975] {logging_mixin.py:109} INFO - [2024-07-11 23:54:21,975] {dagbag.py:500} INFO - Filling up the DagBag from /opt/airflow/dags/webscraping_dag.py
[2024-07-11 23:54:22,031] {processor.py:654} INFO - DAG(s) dict_keys(['webscraping_dag']) retrieved from /opt/airflow/dags/webscraping_dag.py
[2024-07-11 23:54:22,042] {logging_mixin.py:109} INFO - [2024-07-11 23:54:22,041] {dag.py:2398} INFO - Sync 1 DAGs
[2024-07-11 23:54:22,060] {logging_mixin.py:109} INFO - [2024-07-11 23:54:22,060] {dag.py:2937} INFO - Setting next_dagrun for webscraping_dag to 2023-04-27T17:00:00+00:00
[2024-07-11 23:54:22,070] {processor.py:171} INFO - Processing /opt/airflow/dags/webscraping_dag.py took 0.098 seconds
[2024-07-11 23:54:52,849] {processor.py:163} INFO - Started process (PID=2706) to work on /opt/airflow/dags/webscraping_dag.py
[2024-07-11 23:54:52,850] {processor.py:642} INFO - Processing file /opt/airflow/dags/webscraping_dag.py for tasks to queue
[2024-07-11 23:54:52,851] {logging_mixin.py:109} INFO - [2024-07-11 23:54:52,851] {dagbag.py:500} INFO - Filling up the DagBag from /opt/airflow/dags/webscraping_dag.py
[2024-07-11 23:54:52,917] {processor.py:654} INFO - DAG(s) dict_keys(['webscraping_dag']) retrieved from /opt/airflow/dags/webscraping_dag.py
[2024-07-11 23:54:52,927] {logging_mixin.py:109} INFO - [2024-07-11 23:54:52,927] {dag.py:2398} INFO - Sync 1 DAGs
[2024-07-11 23:54:52,947] {logging_mixin.py:109} INFO - [2024-07-11 23:54:52,947] {dag.py:2937} INFO - Setting next_dagrun for webscraping_dag to 2023-04-27T17:00:00+00:00
[2024-07-11 23:54:52,957] {processor.py:171} INFO - Processing /opt/airflow/dags/webscraping_dag.py took 0.111 seconds
[2024-07-11 23:55:23,511] {processor.py:163} INFO - Started process (PID=2737) to work on /opt/airflow/dags/webscraping_dag.py
[2024-07-11 23:55:23,512] {processor.py:642} INFO - Processing file /opt/airflow/dags/webscraping_dag.py for tasks to queue
[2024-07-11 23:55:23,513] {logging_mixin.py:109} INFO - [2024-07-11 23:55:23,512] {dagbag.py:500} INFO - Filling up the DagBag from /opt/airflow/dags/webscraping_dag.py
[2024-07-11 23:55:23,580] {processor.py:654} INFO - DAG(s) dict_keys(['webscraping_dag']) retrieved from /opt/airflow/dags/webscraping_dag.py
[2024-07-11 23:55:23,594] {logging_mixin.py:109} INFO - [2024-07-11 23:55:23,593] {dag.py:2398} INFO - Sync 1 DAGs
[2024-07-11 23:55:23,612] {logging_mixin.py:109} INFO - [2024-07-11 23:55:23,612] {dag.py:2937} INFO - Setting next_dagrun for webscraping_dag to 2023-04-27T17:00:00+00:00
[2024-07-11 23:55:23,623] {processor.py:171} INFO - Processing /opt/airflow/dags/webscraping_dag.py took 0.115 seconds
[2024-07-11 23:55:54,394] {processor.py:163} INFO - Started process (PID=2768) to work on /opt/airflow/dags/webscraping_dag.py
[2024-07-11 23:55:54,396] {processor.py:642} INFO - Processing file /opt/airflow/dags/webscraping_dag.py for tasks to queue
[2024-07-11 23:55:54,397] {logging_mixin.py:109} INFO - [2024-07-11 23:55:54,397] {dagbag.py:500} INFO - Filling up the DagBag from /opt/airflow/dags/webscraping_dag.py
[2024-07-11 23:55:54,469] {processor.py:654} INFO - DAG(s) dict_keys(['webscraping_dag']) retrieved from /opt/airflow/dags/webscraping_dag.py
[2024-07-11 23:55:54,485] {logging_mixin.py:109} INFO - [2024-07-11 23:55:54,485] {dag.py:2398} INFO - Sync 1 DAGs
[2024-07-11 23:55:54,508] {logging_mixin.py:109} INFO - [2024-07-11 23:55:54,507] {dag.py:2937} INFO - Setting next_dagrun for webscraping_dag to 2023-04-27T17:00:00+00:00
[2024-07-11 23:55:54,518] {processor.py:171} INFO - Processing /opt/airflow/dags/webscraping_dag.py took 0.127 seconds
[2024-07-11 23:56:25,295] {processor.py:163} INFO - Started process (PID=2799) to work on /opt/airflow/dags/webscraping_dag.py
[2024-07-11 23:56:25,296] {processor.py:642} INFO - Processing file /opt/airflow/dags/webscraping_dag.py for tasks to queue
[2024-07-11 23:56:25,297] {logging_mixin.py:109} INFO - [2024-07-11 23:56:25,297] {dagbag.py:500} INFO - Filling up the DagBag from /opt/airflow/dags/webscraping_dag.py
[2024-07-11 23:56:25,356] {processor.py:654} INFO - DAG(s) dict_keys(['webscraping_dag']) retrieved from /opt/airflow/dags/webscraping_dag.py
[2024-07-11 23:56:25,365] {logging_mixin.py:109} INFO - [2024-07-11 23:56:25,365] {dag.py:2398} INFO - Sync 1 DAGs
[2024-07-11 23:56:25,382] {logging_mixin.py:109} INFO - [2024-07-11 23:56:25,382] {dag.py:2937} INFO - Setting next_dagrun for webscraping_dag to 2023-04-27T17:00:00+00:00
[2024-07-11 23:56:25,390] {processor.py:171} INFO - Processing /opt/airflow/dags/webscraping_dag.py took 0.098 seconds
[2024-07-11 23:56:55,461] {processor.py:163} INFO - Started process (PID=2809) to work on /opt/airflow/dags/webscraping_dag.py
[2024-07-11 23:56:55,463] {processor.py:642} INFO - Processing file /opt/airflow/dags/webscraping_dag.py for tasks to queue
[2024-07-11 23:56:55,463] {logging_mixin.py:109} INFO - [2024-07-11 23:56:55,463] {dagbag.py:500} INFO - Filling up the DagBag from /opt/airflow/dags/webscraping_dag.py
[2024-07-11 23:56:55,554] {processor.py:654} INFO - DAG(s) dict_keys(['webscraping_dag']) retrieved from /opt/airflow/dags/webscraping_dag.py
[2024-07-11 23:56:55,570] {logging_mixin.py:109} INFO - [2024-07-11 23:56:55,570] {dag.py:2398} INFO - Sync 1 DAGs
[2024-07-11 23:56:55,591] {logging_mixin.py:109} INFO - [2024-07-11 23:56:55,591] {dag.py:2937} INFO - Setting next_dagrun for webscraping_dag to 2023-04-27T17:00:00+00:00
[2024-07-11 23:56:55,603] {processor.py:171} INFO - Processing /opt/airflow/dags/webscraping_dag.py took 0.145 seconds
[2024-07-11 23:57:26,166] {processor.py:163} INFO - Started process (PID=2840) to work on /opt/airflow/dags/webscraping_dag.py
[2024-07-11 23:57:26,167] {processor.py:642} INFO - Processing file /opt/airflow/dags/webscraping_dag.py for tasks to queue
[2024-07-11 23:57:26,168] {logging_mixin.py:109} INFO - [2024-07-11 23:57:26,168] {dagbag.py:500} INFO - Filling up the DagBag from /opt/airflow/dags/webscraping_dag.py
[2024-07-11 23:57:26,226] {processor.py:654} INFO - DAG(s) dict_keys(['webscraping_dag']) retrieved from /opt/airflow/dags/webscraping_dag.py
[2024-07-11 23:57:26,236] {logging_mixin.py:109} INFO - [2024-07-11 23:57:26,235] {dag.py:2398} INFO - Sync 1 DAGs
[2024-07-11 23:57:26,254] {logging_mixin.py:109} INFO - [2024-07-11 23:57:26,254] {dag.py:2937} INFO - Setting next_dagrun for webscraping_dag to 2023-04-27T17:00:00+00:00
[2024-07-11 23:57:26,265] {processor.py:171} INFO - Processing /opt/airflow/dags/webscraping_dag.py took 0.102 seconds
[2024-07-11 23:57:57,055] {processor.py:163} INFO - Started process (PID=2871) to work on /opt/airflow/dags/webscraping_dag.py
[2024-07-11 23:57:57,057] {processor.py:642} INFO - Processing file /opt/airflow/dags/webscraping_dag.py for tasks to queue
[2024-07-11 23:57:57,058] {logging_mixin.py:109} INFO - [2024-07-11 23:57:57,057] {dagbag.py:500} INFO - Filling up the DagBag from /opt/airflow/dags/webscraping_dag.py
[2024-07-11 23:57:57,117] {processor.py:654} INFO - DAG(s) dict_keys(['webscraping_dag']) retrieved from /opt/airflow/dags/webscraping_dag.py
[2024-07-11 23:57:57,126] {logging_mixin.py:109} INFO - [2024-07-11 23:57:57,126] {dag.py:2398} INFO - Sync 1 DAGs
[2024-07-11 23:57:57,143] {logging_mixin.py:109} INFO - [2024-07-11 23:57:57,143] {dag.py:2937} INFO - Setting next_dagrun for webscraping_dag to 2023-04-27T17:00:00+00:00
[2024-07-11 23:57:57,154] {processor.py:171} INFO - Processing /opt/airflow/dags/webscraping_dag.py took 0.101 seconds
[2024-07-11 23:58:27,786] {processor.py:163} INFO - Started process (PID=2902) to work on /opt/airflow/dags/webscraping_dag.py
[2024-07-11 23:58:27,789] {processor.py:642} INFO - Processing file /opt/airflow/dags/webscraping_dag.py for tasks to queue
[2024-07-11 23:58:27,790] {logging_mixin.py:109} INFO - [2024-07-11 23:58:27,789] {dagbag.py:500} INFO - Filling up the DagBag from /opt/airflow/dags/webscraping_dag.py
[2024-07-11 23:58:27,853] {processor.py:654} INFO - DAG(s) dict_keys(['webscraping_dag']) retrieved from /opt/airflow/dags/webscraping_dag.py
[2024-07-11 23:58:27,863] {logging_mixin.py:109} INFO - [2024-07-11 23:58:27,863] {dag.py:2398} INFO - Sync 1 DAGs
[2024-07-11 23:58:27,880] {logging_mixin.py:109} INFO - [2024-07-11 23:58:27,879] {dag.py:2937} INFO - Setting next_dagrun for webscraping_dag to 2023-04-27T17:00:00+00:00
[2024-07-11 23:58:27,889] {processor.py:171} INFO - Processing /opt/airflow/dags/webscraping_dag.py took 0.112 seconds
[2024-07-11 23:58:58,443] {processor.py:163} INFO - Started process (PID=2933) to work on /opt/airflow/dags/webscraping_dag.py
[2024-07-11 23:58:58,445] {processor.py:642} INFO - Processing file /opt/airflow/dags/webscraping_dag.py for tasks to queue
[2024-07-11 23:58:58,445] {logging_mixin.py:109} INFO - [2024-07-11 23:58:58,445] {dagbag.py:500} INFO - Filling up the DagBag from /opt/airflow/dags/webscraping_dag.py
[2024-07-11 23:58:58,514] {processor.py:654} INFO - DAG(s) dict_keys(['webscraping_dag']) retrieved from /opt/airflow/dags/webscraping_dag.py
[2024-07-11 23:58:58,528] {logging_mixin.py:109} INFO - [2024-07-11 23:58:58,528] {dag.py:2398} INFO - Sync 1 DAGs
[2024-07-11 23:58:58,550] {logging_mixin.py:109} INFO - [2024-07-11 23:58:58,550] {dag.py:2937} INFO - Setting next_dagrun for webscraping_dag to 2023-04-27T17:00:00+00:00
[2024-07-11 23:58:58,561] {processor.py:171} INFO - Processing /opt/airflow/dags/webscraping_dag.py took 0.121 seconds
[2024-07-11 23:59:29,107] {processor.py:163} INFO - Started process (PID=2964) to work on /opt/airflow/dags/webscraping_dag.py
[2024-07-11 23:59:29,108] {processor.py:642} INFO - Processing file /opt/airflow/dags/webscraping_dag.py for tasks to queue
[2024-07-11 23:59:29,109] {logging_mixin.py:109} INFO - [2024-07-11 23:59:29,109] {dagbag.py:500} INFO - Filling up the DagBag from /opt/airflow/dags/webscraping_dag.py
[2024-07-11 23:59:29,165] {processor.py:654} INFO - DAG(s) dict_keys(['webscraping_dag']) retrieved from /opt/airflow/dags/webscraping_dag.py
[2024-07-11 23:59:29,175] {logging_mixin.py:109} INFO - [2024-07-11 23:59:29,175] {dag.py:2398} INFO - Sync 1 DAGs
[2024-07-11 23:59:29,195] {logging_mixin.py:109} INFO - [2024-07-11 23:59:29,195] {dag.py:2937} INFO - Setting next_dagrun for webscraping_dag to 2023-04-27T17:00:00+00:00
[2024-07-11 23:59:29,205] {processor.py:171} INFO - Processing /opt/airflow/dags/webscraping_dag.py took 0.100 seconds
[2024-07-11 23:59:59,766] {processor.py:163} INFO - Started process (PID=2995) to work on /opt/airflow/dags/webscraping_dag.py
[2024-07-11 23:59:59,768] {processor.py:642} INFO - Processing file /opt/airflow/dags/webscraping_dag.py for tasks to queue
[2024-07-11 23:59:59,769] {logging_mixin.py:109} INFO - [2024-07-11 23:59:59,769] {dagbag.py:500} INFO - Filling up the DagBag from /opt/airflow/dags/webscraping_dag.py
[2024-07-11 23:59:59,829] {processor.py:654} INFO - DAG(s) dict_keys(['webscraping_dag']) retrieved from /opt/airflow/dags/webscraping_dag.py
[2024-07-11 23:59:59,841] {logging_mixin.py:109} INFO - [2024-07-11 23:59:59,840] {dag.py:2398} INFO - Sync 1 DAGs
[2024-07-11 23:59:59,864] {logging_mixin.py:109} INFO - [2024-07-11 23:59:59,864] {dag.py:2937} INFO - Setting next_dagrun for webscraping_dag to 2023-04-27T17:00:00+00:00
[2024-07-11 23:59:59,877] {processor.py:171} INFO - Processing /opt/airflow/dags/webscraping_dag.py took 0.115 seconds
