[2024-06-26 15:56:12,311] {taskinstance.py:1037} INFO - Dependencies all met for <TaskInstance: webscraping_dag.scrape_and_produce scheduled__2023-02-25T17:00:00+00:00 [queued]>
[2024-06-26 15:56:12,322] {taskinstance.py:1037} INFO - Dependencies all met for <TaskInstance: webscraping_dag.scrape_and_produce scheduled__2023-02-25T17:00:00+00:00 [queued]>
[2024-06-26 15:56:12,323] {taskinstance.py:1243} INFO - 
--------------------------------------------------------------------------------
[2024-06-26 15:56:12,323] {taskinstance.py:1244} INFO - Starting attempt 1 of 2
[2024-06-26 15:56:12,323] {taskinstance.py:1245} INFO - 
--------------------------------------------------------------------------------
[2024-06-26 15:56:12,344] {taskinstance.py:1264} INFO - Executing <Task(PythonOperator): scrape_and_produce> on 2023-02-25 17:00:00+00:00
[2024-06-26 15:56:12,347] {standard_task_runner.py:52} INFO - Started process 5011 to run task
[2024-06-26 15:56:12,355] {standard_task_runner.py:76} INFO - Running: ['airflow', 'tasks', 'run', 'webscraping_dag', 'scrape_and_produce', 'scheduled__2023-02-25T17:00:00+00:00', '--job-id', '1533', '--raw', '--subdir', 'DAGS_FOLDER/webscraping_dag.py', '--cfg-path', '/tmp/tmparqr0bam', '--error-file', '/tmp/tmphlkb7yf5']
[2024-06-26 15:56:12,359] {standard_task_runner.py:77} INFO - Job 1533: Subtask scrape_and_produce
[2024-06-26 15:56:12,519] {logging_mixin.py:109} INFO - Running <TaskInstance: webscraping_dag.scrape_and_produce scheduled__2023-02-25T17:00:00+00:00 [running]> on host 1f86a07ac7e4
[2024-06-26 15:56:12,681] {taskinstance.py:1431} INFO - Exporting the following env vars:
AIRFLOW_CTX_DAG_OWNER=airflow
AIRFLOW_CTX_DAG_ID=webscraping_dag
AIRFLOW_CTX_TASK_ID=scrape_and_produce
AIRFLOW_CTX_EXECUTION_DATE=2023-02-25T17:00:00+00:00
AIRFLOW_CTX_DAG_RUN_ID=scheduled__2023-02-25T17:00:00+00:00
[2024-06-26 15:56:12,688] {logging_mixin.py:109} INFO - Error initializing WebDriver: Message: 'chromedriver' executable needs to be in PATH. Please see https://sites.google.com/a/chromium.org/chromedriver/home
[2024-06-26 15:56:12,689] {logging_mixin.py:109} INFO - 
[2024-06-26 15:56:12,689] {python.py:175} INFO - Done. Returned value was: None
[2024-06-26 15:56:12,719] {taskinstance.py:1282} INFO - Marking task as SUCCESS. dag_id=webscraping_dag, task_id=scrape_and_produce, execution_date=20230225T170000, start_date=20240626T155612, end_date=20240626T155612
[2024-06-26 15:56:12,738] {local_task_job.py:154} INFO - Task exited with return code 0
[2024-06-26 15:56:12,878] {local_task_job.py:264} INFO - 0 downstream tasks scheduled from follow-on schedule check
