[2024-06-25 06:50:47,635] {taskinstance.py:1037} INFO - Dependencies all met for <TaskInstance: text_processing_dag_2.process_text manual__2024-06-25T06:50:44.981587+00:00 [queued]>
[2024-06-25 06:50:47,644] {taskinstance.py:1037} INFO - Dependencies all met for <TaskInstance: text_processing_dag_2.process_text manual__2024-06-25T06:50:44.981587+00:00 [queued]>
[2024-06-25 06:50:47,644] {taskinstance.py:1243} INFO - 
--------------------------------------------------------------------------------
[2024-06-25 06:50:47,644] {taskinstance.py:1244} INFO - Starting attempt 1 of 2
[2024-06-25 06:50:47,644] {taskinstance.py:1245} INFO - 
--------------------------------------------------------------------------------
[2024-06-25 06:50:47,654] {taskinstance.py:1264} INFO - Executing <Task(PythonOperator): process_text> on 2024-06-25 06:50:44.981587+00:00
[2024-06-25 06:50:47,660] {standard_task_runner.py:52} INFO - Started process 8100 to run task
[2024-06-25 06:50:47,663] {standard_task_runner.py:76} INFO - Running: ['airflow', 'tasks', 'run', 'text_processing_dag_2', 'process_text', 'manual__2024-06-25T06:50:44.981587+00:00', '--job-id', '190', '--raw', '--subdir', 'DAGS_FOLDER/dag_text_processing_2.py', '--cfg-path', '/tmp/tmprw1fsawn', '--error-file', '/tmp/tmpcxkiw8g9']
[2024-06-25 06:50:47,668] {standard_task_runner.py:77} INFO - Job 190: Subtask process_text
[2024-06-25 06:50:47,733] {logging_mixin.py:109} INFO - Running <TaskInstance: text_processing_dag_2.process_text manual__2024-06-25T06:50:44.981587+00:00 [running]> on host 09709d0d4538
[2024-06-25 06:50:47,795] {taskinstance.py:1431} INFO - Exporting the following env vars:
AIRFLOW_CTX_DAG_OWNER=airflow
AIRFLOW_CTX_DAG_ID=text_processing_dag_2
AIRFLOW_CTX_TASK_ID=process_text
AIRFLOW_CTX_EXECUTION_DATE=2024-06-25T06:50:44.981587+00:00
AIRFLOW_CTX_DAG_RUN_ID=manual__2024-06-25T06:50:44.981587+00:00
[2024-06-25 06:50:51,599] {logging_mixin.py:109} INFO - Processed data saved to /opt/airflow/data/processed_data_2.csv
[2024-06-25 06:50:51,601] {python.py:175} INFO - Done. Returned value was: None
[2024-06-25 06:50:51,617] {taskinstance.py:1282} INFO - Marking task as SUCCESS. dag_id=text_processing_dag_2, task_id=process_text, execution_date=20240625T065044, start_date=20240625T065047, end_date=20240625T065051
[2024-06-25 06:50:51,671] {local_task_job.py:154} INFO - Task exited with return code 0
[2024-06-25 06:50:51,715] {local_task_job.py:264} INFO - 0 downstream tasks scheduled from follow-on schedule check
