[2024-07-12 00:26:52,700] {taskinstance.py:1037} INFO - Dependencies all met for <TaskInstance: text_processing_dag_2.process_text manual__2024-06-25T06:50:44.981587+00:00 [queued]>
[2024-07-12 00:26:52,722] {taskinstance.py:1037} INFO - Dependencies all met for <TaskInstance: text_processing_dag_2.process_text manual__2024-06-25T06:50:44.981587+00:00 [queued]>
[2024-07-12 00:26:52,723] {taskinstance.py:1243} INFO - 
--------------------------------------------------------------------------------
[2024-07-12 00:26:52,723] {taskinstance.py:1244} INFO - Starting attempt 2 of 3
[2024-07-12 00:26:52,723] {taskinstance.py:1245} INFO - 
--------------------------------------------------------------------------------
[2024-07-12 00:26:52,751] {taskinstance.py:1264} INFO - Executing <Task(PythonOperator): process_text> on 2024-06-25 06:50:44.981587+00:00
[2024-07-12 00:26:52,755] {standard_task_runner.py:52} INFO - Started process 4694 to run task
[2024-07-12 00:26:52,802] {standard_task_runner.py:76} INFO - Running: ['airflow', 'tasks', 'run', 'text_processing_dag_2', 'process_text', 'manual__2024-06-25T06:50:44.981587+00:00', '--job-id', '3200', '--raw', '--subdir', 'DAGS_FOLDER/dag_text_processing_2.py', '--cfg-path', '/tmp/tmp9glxse8u', '--error-file', '/tmp/tmpviy_8eb8']
[2024-07-12 00:26:52,822] {standard_task_runner.py:77} INFO - Job 3200: Subtask process_text
[2024-07-12 00:26:53,268] {logging_mixin.py:109} INFO - Running <TaskInstance: text_processing_dag_2.process_text manual__2024-06-25T06:50:44.981587+00:00 [running]> on host cf249bbdc0d0
[2024-07-12 00:26:53,767] {taskinstance.py:1431} INFO - Exporting the following env vars:
AIRFLOW_CTX_DAG_OWNER=airflow
AIRFLOW_CTX_DAG_ID=text_processing_dag_2
AIRFLOW_CTX_TASK_ID=process_text
AIRFLOW_CTX_EXECUTION_DATE=2024-06-25T06:50:44.981587+00:00
AIRFLOW_CTX_DAG_RUN_ID=manual__2024-06-25T06:50:44.981587+00:00
[2024-07-12 00:27:01,486] {logging_mixin.py:109} INFO - Index(['date', 'time', 'messages', 'video_links', 'video_durations',
       'cleaned_text_entities', 'title', 'matched_city', 'combined_text',
       'summarized', 'matched_city2', 'city_result', 'latitude', 'longitude'],
      dtype='object')
[2024-07-12 00:28:27,280] {logging_mixin.py:109} INFO - Processed data saved to /opt/airflow/data/processed_data_2.json
[2024-07-12 00:28:27,297] {python.py:175} INFO - Done. Returned value was: None
[2024-07-12 00:28:29,996] {taskinstance.py:1282} INFO - Marking task as SUCCESS. dag_id=text_processing_dag_2, task_id=process_text, execution_date=20240625T065044, start_date=20240712T002652, end_date=20240712T002829
[2024-07-12 00:28:30,213] {local_task_job.py:154} INFO - Task exited with return code 0
[2024-07-12 00:28:30,336] {local_task_job.py:264} INFO - 0 downstream tasks scheduled from follow-on schedule check
