[2024-06-26 16:04:28,895] {taskinstance.py:1037} INFO - Dependencies all met for <TaskInstance: webscraping_dag.scrape_and_produce scheduled__2023-04-05T03:00:00+00:00 [queued]>
[2024-06-26 16:04:28,913] {taskinstance.py:1037} INFO - Dependencies all met for <TaskInstance: webscraping_dag.scrape_and_produce scheduled__2023-04-05T03:00:00+00:00 [queued]>
[2024-06-26 16:04:28,914] {taskinstance.py:1243} INFO - 
--------------------------------------------------------------------------------
[2024-06-26 16:04:28,914] {taskinstance.py:1244} INFO - Starting attempt 1 of 2
[2024-06-26 16:04:28,914] {taskinstance.py:1245} INFO - 
--------------------------------------------------------------------------------
[2024-06-26 16:04:28,933] {taskinstance.py:1264} INFO - Executing <Task(PythonOperator): scrape_and_produce> on 2023-04-05 03:00:00+00:00
[2024-06-26 16:04:28,937] {standard_task_runner.py:52} INFO - Started process 8276 to run task
[2024-06-26 16:04:28,944] {standard_task_runner.py:76} INFO - Running: ['airflow', 'tasks', 'run', 'webscraping_dag', 'scrape_and_produce', 'scheduled__2023-04-05T03:00:00+00:00', '--job-id', '2455', '--raw', '--subdir', 'DAGS_FOLDER/webscraping_dag.py', '--cfg-path', '/tmp/tmpj3dq9r2r', '--error-file', '/tmp/tmpoj64qy7a']
[2024-06-26 16:04:28,953] {standard_task_runner.py:77} INFO - Job 2455: Subtask scrape_and_produce
[2024-06-26 16:04:29,045] {logging_mixin.py:109} INFO - Running <TaskInstance: webscraping_dag.scrape_and_produce scheduled__2023-04-05T03:00:00+00:00 [running]> on host 1f86a07ac7e4
[2024-06-26 16:04:29,176] {taskinstance.py:1431} INFO - Exporting the following env vars:
AIRFLOW_CTX_DAG_OWNER=airflow
AIRFLOW_CTX_DAG_ID=webscraping_dag
AIRFLOW_CTX_TASK_ID=scrape_and_produce
AIRFLOW_CTX_EXECUTION_DATE=2023-04-05T03:00:00+00:00
AIRFLOW_CTX_DAG_RUN_ID=scheduled__2023-04-05T03:00:00+00:00
[2024-06-26 16:04:29,192] {logging_mixin.py:109} INFO - Error initializing WebDriver: Message: 'chromedriver' executable needs to be in PATH. Please see https://sites.google.com/a/chromium.org/chromedriver/home
[2024-06-26 16:04:29,193] {logging_mixin.py:109} INFO - 
[2024-06-26 16:04:29,193] {python.py:175} INFO - Done. Returned value was: None
[2024-06-26 16:04:29,239] {taskinstance.py:1282} INFO - Marking task as SUCCESS. dag_id=webscraping_dag, task_id=scrape_and_produce, execution_date=20230405T030000, start_date=20240626T160428, end_date=20240626T160429
[2024-06-26 16:04:29,278] {local_task_job.py:154} INFO - Task exited with return code 0
[2024-06-26 16:04:29,326] {local_task_job.py:264} INFO - 0 downstream tasks scheduled from follow-on schedule check
