[2024-06-26 23:17:14,030] {taskinstance.py:1037} INFO - Dependencies all met for <TaskInstance: text_processing_dag_1.process_text manual__2024-06-26T23:17:11.672059+00:00 [queued]>
[2024-06-26 23:17:14,050] {taskinstance.py:1037} INFO - Dependencies all met for <TaskInstance: text_processing_dag_1.process_text manual__2024-06-26T23:17:11.672059+00:00 [queued]>
[2024-06-26 23:17:14,051] {taskinstance.py:1243} INFO - 
--------------------------------------------------------------------------------
[2024-06-26 23:17:14,051] {taskinstance.py:1244} INFO - Starting attempt 1 of 2
[2024-06-26 23:17:14,051] {taskinstance.py:1245} INFO - 
--------------------------------------------------------------------------------
[2024-06-26 23:17:14,069] {taskinstance.py:1264} INFO - Executing <Task(PythonOperator): process_text> on 2024-06-26 23:17:11.672059+00:00
[2024-06-26 23:17:14,075] {standard_task_runner.py:52} INFO - Started process 3444 to run task
[2024-06-26 23:17:14,080] {standard_task_runner.py:76} INFO - Running: ['airflow', 'tasks', 'run', 'text_processing_dag_1', 'process_text', 'manual__2024-06-26T23:17:11.672059+00:00', '--job-id', '3160', '--raw', '--subdir', 'DAGS_FOLDER/dag_text_processing_1.py', '--cfg-path', '/tmp/tmpixdxdk5h', '--error-file', '/tmp/tmpjj6xo17r']
[2024-06-26 23:17:14,084] {standard_task_runner.py:77} INFO - Job 3160: Subtask process_text
[2024-06-26 23:17:14,219] {logging_mixin.py:109} INFO - Running <TaskInstance: text_processing_dag_1.process_text manual__2024-06-26T23:17:11.672059+00:00 [running]> on host cf249bbdc0d0
[2024-06-26 23:17:14,361] {taskinstance.py:1431} INFO - Exporting the following env vars:
AIRFLOW_CTX_DAG_OWNER=airflow
AIRFLOW_CTX_DAG_ID=text_processing_dag_1
AIRFLOW_CTX_TASK_ID=process_text
AIRFLOW_CTX_EXECUTION_DATE=2024-06-26T23:17:11.672059+00:00
AIRFLOW_CTX_DAG_RUN_ID=manual__2024-06-26T23:17:11.672059+00:00
[2024-06-26 23:17:15,273] {logging_mixin.py:109} INFO -           date  ... video_durations
0   2024-06-19  ...            0:39
1   2024-06-19  ...            1:00
2   2024-06-20  ...            1:11
3   2024-06-20  ...            0:22
4   2024-06-20  ...            0:20
..         ...  ...             ...
72  2024-06-26  ...            0:23
73  2024-06-26  ...            1:25
74  2024-06-26  ...            0:19
75  2024-06-26  ...            0:10
76  2024-06-26  ...            0:05

[77 rows x 5 columns]
[2024-06-26 23:17:16,345] {logging_mixin.py:109} INFO - Processed data saved to /opt/airflow/data/processed_data_1.json
[2024-06-26 23:17:16,346] {python.py:175} INFO - Done. Returned value was: None
[2024-06-26 23:17:16,363] {taskinstance.py:1282} INFO - Marking task as SUCCESS. dag_id=text_processing_dag_1, task_id=process_text, execution_date=20240626T231711, start_date=20240626T231714, end_date=20240626T231716
[2024-06-26 23:17:16,423] {local_task_job.py:154} INFO - Task exited with return code 0
[2024-06-26 23:17:16,470] {local_task_job.py:264} INFO - 0 downstream tasks scheduled from follow-on schedule check
