[2024-07-12 00:26:52,630] {taskinstance.py:1037} INFO - Dependencies all met for <TaskInstance: text_processing_dag_1.process_text manual__2024-06-26T23:17:11.672059+00:00 [queued]>
[2024-07-12 00:26:52,753] {taskinstance.py:1037} INFO - Dependencies all met for <TaskInstance: text_processing_dag_1.process_text manual__2024-06-26T23:17:11.672059+00:00 [queued]>
[2024-07-12 00:26:52,754] {taskinstance.py:1243} INFO - 
--------------------------------------------------------------------------------
[2024-07-12 00:26:52,754] {taskinstance.py:1244} INFO - Starting attempt 2 of 3
[2024-07-12 00:26:52,754] {taskinstance.py:1245} INFO - 
--------------------------------------------------------------------------------
[2024-07-12 00:26:52,898] {taskinstance.py:1264} INFO - Executing <Task(PythonOperator): process_text> on 2024-06-26 23:17:11.672059+00:00
[2024-07-12 00:26:53,016] {standard_task_runner.py:52} INFO - Started process 4700 to run task
[2024-07-12 00:26:53,057] {standard_task_runner.py:76} INFO - Running: ['airflow', 'tasks', 'run', 'text_processing_dag_1', 'process_text', 'manual__2024-06-26T23:17:11.672059+00:00', '--job-id', '3196', '--raw', '--subdir', 'DAGS_FOLDER/dag_text_processing_1.py', '--cfg-path', '/tmp/tmpdy9y0t7e', '--error-file', '/tmp/tmp5_db0z6a']
[2024-07-12 00:26:53,060] {standard_task_runner.py:77} INFO - Job 3196: Subtask process_text
[2024-07-12 00:26:53,418] {logging_mixin.py:109} INFO - Running <TaskInstance: text_processing_dag_1.process_text manual__2024-06-26T23:17:11.672059+00:00 [running]> on host cf249bbdc0d0
[2024-07-12 00:26:53,883] {taskinstance.py:1431} INFO - Exporting the following env vars:
AIRFLOW_CTX_DAG_OWNER=airflow
AIRFLOW_CTX_DAG_ID=text_processing_dag_1
AIRFLOW_CTX_TASK_ID=process_text
AIRFLOW_CTX_EXECUTION_DATE=2024-06-26T23:17:11.672059+00:00
AIRFLOW_CTX_DAG_RUN_ID=manual__2024-06-26T23:17:11.672059+00:00
[2024-07-12 00:27:02,178] {logging_mixin.py:109} INFO - Index(['date', 'time', 'messages', 'video_links', 'video_durations'], dtype='object')
[2024-07-12 00:28:29,360] {logging_mixin.py:109} INFO - Error: ZERO_RESULTS for city: شهيد
[2024-07-12 00:28:30,286] {logging_mixin.py:109} INFO - Error: ZERO_RESULTS for city: mosque
[2024-07-12 00:28:36,897] {local_task_job.py:212} WARNING - State of this instance has been externally set to None. Terminating instance.
[2024-07-12 00:28:36,974] {process_utils.py:124} INFO - Sending Signals.SIGTERM to group 4700. PIDs of all processes in the group: [4700]
[2024-07-12 00:28:36,975] {process_utils.py:75} INFO - Sending the signal Signals.SIGTERM to group 4700
[2024-07-12 00:28:37,013] {taskinstance.py:1413} ERROR - Received SIGTERM. Terminating subprocesses.
[2024-07-12 00:28:37,014] {logging_mixin.py:109} INFO - Error fetching data for city: gaza+city, Error: Task received SIGTERM signal
[2024-07-12 00:28:40,431] {logging_mixin.py:109} INFO - Error: ZERO_RESULTS for city: الأهالي
[2024-07-12 00:28:44,696] {logging_mixin.py:109} INFO - Error: ZERO_RESULTS for city: Maythaloun
[2024-07-12 00:28:45,059] {logging_mixin.py:109} INFO - Processed data saved to /opt/airflow/data/processed_data_1.json
[2024-07-12 00:28:45,061] {python.py:175} INFO - Done. Returned value was: None
[2024-07-12 00:28:45,085] {taskinstance.py:1282} INFO - Marking task as SUCCESS. dag_id=text_processing_dag_1, task_id=process_text, execution_date=20240626T231711, start_date=20240712T002652, end_date=20240712T002845
[2024-07-12 00:28:45,135] {process_utils.py:70} INFO - Process psutil.Process(pid=4700, status='terminated', exitcode=0, started='00:26:52') (4700) terminated with exit code 0
