[2024-06-26 15:59:29,355] {taskinstance.py:1037} INFO - Dependencies all met for <TaskInstance: webscraping_dag.scrape_and_produce scheduled__2023-03-12T19:00:00+00:00 [queued]>
[2024-06-26 15:59:29,375] {taskinstance.py:1037} INFO - Dependencies all met for <TaskInstance: webscraping_dag.scrape_and_produce scheduled__2023-03-12T19:00:00+00:00 [queued]>
[2024-06-26 15:59:29,375] {taskinstance.py:1243} INFO - 
--------------------------------------------------------------------------------
[2024-06-26 15:59:29,376] {taskinstance.py:1244} INFO - Starting attempt 1 of 2
[2024-06-26 15:59:29,376] {taskinstance.py:1245} INFO - 
--------------------------------------------------------------------------------
[2024-06-26 15:59:29,408] {taskinstance.py:1264} INFO - Executing <Task(PythonOperator): scrape_and_produce> on 2023-03-12 19:00:00+00:00
[2024-06-26 15:59:29,416] {standard_task_runner.py:52} INFO - Started process 6288 to run task
[2024-06-26 15:59:29,430] {standard_task_runner.py:76} INFO - Running: ['airflow', 'tasks', 'run', 'webscraping_dag', 'scrape_and_produce', 'scheduled__2023-03-12T19:00:00+00:00', '--job-id', '1895', '--raw', '--subdir', 'DAGS_FOLDER/webscraping_dag.py', '--cfg-path', '/tmp/tmpmjmzl1ql', '--error-file', '/tmp/tmp6zh__hor']
[2024-06-26 15:59:29,433] {standard_task_runner.py:77} INFO - Job 1895: Subtask scrape_and_produce
[2024-06-26 15:59:29,538] {logging_mixin.py:109} INFO - Running <TaskInstance: webscraping_dag.scrape_and_produce scheduled__2023-03-12T19:00:00+00:00 [running]> on host 1f86a07ac7e4
[2024-06-26 15:59:29,662] {taskinstance.py:1431} INFO - Exporting the following env vars:
AIRFLOW_CTX_DAG_OWNER=airflow
AIRFLOW_CTX_DAG_ID=webscraping_dag
AIRFLOW_CTX_TASK_ID=scrape_and_produce
AIRFLOW_CTX_EXECUTION_DATE=2023-03-12T19:00:00+00:00
AIRFLOW_CTX_DAG_RUN_ID=scheduled__2023-03-12T19:00:00+00:00
[2024-06-26 15:59:29,682] {logging_mixin.py:109} INFO - Error initializing WebDriver: Message: 'chromedriver' executable needs to be in PATH. Please see https://sites.google.com/a/chromium.org/chromedriver/home
[2024-06-26 15:59:29,682] {logging_mixin.py:109} INFO - 
[2024-06-26 15:59:29,683] {python.py:175} INFO - Done. Returned value was: None
[2024-06-26 15:59:29,733] {taskinstance.py:1282} INFO - Marking task as SUCCESS. dag_id=webscraping_dag, task_id=scrape_and_produce, execution_date=20230312T190000, start_date=20240626T155929, end_date=20240626T155929
[2024-06-26 15:59:29,759] {local_task_job.py:154} INFO - Task exited with return code 0
[2024-06-26 15:59:29,843] {local_task_job.py:264} INFO - 0 downstream tasks scheduled from follow-on schedule check
