[2024-07-12 00:27:00,593] {taskinstance.py:1037} INFO - Dependencies all met for <TaskInstance: text_processing_dag_1.process_text manual__2024-07-12T00:26:47.451143+00:00 [queued]>
[2024-07-12 00:27:00,679] {taskinstance.py:1037} INFO - Dependencies all met for <TaskInstance: text_processing_dag_1.process_text manual__2024-07-12T00:26:47.451143+00:00 [queued]>
[2024-07-12 00:27:00,689] {taskinstance.py:1243} INFO - 
--------------------------------------------------------------------------------
[2024-07-12 00:27:00,705] {taskinstance.py:1244} INFO - Starting attempt 1 of 2
[2024-07-12 00:27:00,706] {taskinstance.py:1245} INFO - 
--------------------------------------------------------------------------------
[2024-07-12 00:27:00,861] {taskinstance.py:1264} INFO - Executing <Task(PythonOperator): process_text> on 2024-07-12 00:26:47.451143+00:00
[2024-07-12 00:27:00,869] {standard_task_runner.py:52} INFO - Started process 4731 to run task
[2024-07-12 00:27:00,930] {standard_task_runner.py:76} INFO - Running: ['airflow', 'tasks', 'run', 'text_processing_dag_1', 'process_text', 'manual__2024-07-12T00:26:47.451143+00:00', '--job-id', '3204', '--raw', '--subdir', 'DAGS_FOLDER/dag_text_processing_1.py', '--cfg-path', '/tmp/tmp3l3oz1e1', '--error-file', '/tmp/tmp3opl7eh4']
[2024-07-12 00:27:00,960] {standard_task_runner.py:77} INFO - Job 3204: Subtask process_text
[2024-07-12 00:27:01,114] {logging_mixin.py:109} INFO - Running <TaskInstance: text_processing_dag_1.process_text manual__2024-07-12T00:26:47.451143+00:00 [running]> on host cf249bbdc0d0
[2024-07-12 00:27:01,563] {taskinstance.py:1431} INFO - Exporting the following env vars:
AIRFLOW_CTX_DAG_OWNER=airflow
AIRFLOW_CTX_DAG_ID=text_processing_dag_1
AIRFLOW_CTX_TASK_ID=process_text
AIRFLOW_CTX_EXECUTION_DATE=2024-07-12T00:26:47.451143+00:00
AIRFLOW_CTX_DAG_RUN_ID=manual__2024-07-12T00:26:47.451143+00:00
[2024-07-12 00:27:08,046] {logging_mixin.py:109} INFO - Index(['date', 'time', 'messages', 'video_links', 'video_durations'], dtype='object')
[2024-07-12 00:28:31,937] {logging_mixin.py:109} INFO - Error: ZERO_RESULTS for city: شهيد
[2024-07-12 00:28:32,742] {logging_mixin.py:109} INFO - Error: ZERO_RESULTS for city: mosque
[2024-07-12 00:28:39,341] {local_task_job.py:212} WARNING - State of this instance has been externally set to None. Terminating instance.
[2024-07-12 00:28:39,379] {process_utils.py:124} INFO - Sending Signals.SIGTERM to group 4731. PIDs of all processes in the group: [4731]
[2024-07-12 00:28:39,379] {process_utils.py:75} INFO - Sending the signal Signals.SIGTERM to group 4731
[2024-07-12 00:28:39,379] {taskinstance.py:1413} ERROR - Received SIGTERM. Terminating subprocesses.
[2024-07-12 00:28:39,383] {logging_mixin.py:109} INFO - Error fetching data for city: gaza+city, Error: Task received SIGTERM signal
[2024-07-12 00:28:42,184] {logging_mixin.py:109} INFO - Error: ZERO_RESULTS for city: الأهالي
[2024-07-12 00:28:45,737] {logging_mixin.py:109} INFO - Error: ZERO_RESULTS for city: Maythaloun
[2024-07-12 00:28:46,071] {logging_mixin.py:109} INFO - Processed data saved to /opt/airflow/data/processed_data_1.json
[2024-07-12 00:28:46,078] {python.py:175} INFO - Done. Returned value was: None
[2024-07-12 00:28:46,103] {taskinstance.py:1282} INFO - Marking task as SUCCESS. dag_id=text_processing_dag_1, task_id=process_text, execution_date=20240712T002647, start_date=20240712T002700, end_date=20240712T002846
[2024-07-12 00:28:46,168] {process_utils.py:70} INFO - Process psutil.Process(pid=4731, status='terminated', exitcode=0, started='00:27:00') (4731) terminated with exit code 0
