[2024-07-12 00:00:29,287] {processor.py:163} INFO - Started process (PID=3021) to work on /opt/airflow/dags/kafka_consumer_dag.py
[2024-07-12 00:00:29,288] {processor.py:642} INFO - Processing file /opt/airflow/dags/kafka_consumer_dag.py for tasks to queue
[2024-07-12 00:00:29,288] {logging_mixin.py:109} INFO - [2024-07-12 00:00:29,288] {dagbag.py:500} INFO - Filling up the DagBag from /opt/airflow/dags/kafka_consumer_dag.py
[2024-07-12 00:00:29,331] {processor.py:654} INFO - DAG(s) dict_keys(['kafka_consumer_dag']) retrieved from /opt/airflow/dags/kafka_consumer_dag.py
[2024-07-12 00:00:29,341] {logging_mixin.py:109} INFO - [2024-07-12 00:00:29,341] {dag.py:2398} INFO - Sync 1 DAGs
[2024-07-12 00:00:29,371] {processor.py:171} INFO - Processing /opt/airflow/dags/kafka_consumer_dag.py took 0.086 seconds
[2024-07-12 00:00:59,945] {processor.py:163} INFO - Started process (PID=3052) to work on /opt/airflow/dags/kafka_consumer_dag.py
[2024-07-12 00:00:59,946] {processor.py:642} INFO - Processing file /opt/airflow/dags/kafka_consumer_dag.py for tasks to queue
[2024-07-12 00:00:59,947] {logging_mixin.py:109} INFO - [2024-07-12 00:00:59,947] {dagbag.py:500} INFO - Filling up the DagBag from /opt/airflow/dags/kafka_consumer_dag.py
[2024-07-12 00:00:59,988] {processor.py:654} INFO - DAG(s) dict_keys(['kafka_consumer_dag']) retrieved from /opt/airflow/dags/kafka_consumer_dag.py
[2024-07-12 00:01:00,001] {logging_mixin.py:109} INFO - [2024-07-12 00:01:00,000] {dag.py:2398} INFO - Sync 1 DAGs
[2024-07-12 00:01:00,038] {processor.py:171} INFO - Processing /opt/airflow/dags/kafka_consumer_dag.py took 0.097 seconds
[2024-07-12 00:01:30,653] {processor.py:163} INFO - Started process (PID=3083) to work on /opt/airflow/dags/kafka_consumer_dag.py
[2024-07-12 00:01:30,655] {processor.py:642} INFO - Processing file /opt/airflow/dags/kafka_consumer_dag.py for tasks to queue
[2024-07-12 00:01:30,655] {logging_mixin.py:109} INFO - [2024-07-12 00:01:30,655] {dagbag.py:500} INFO - Filling up the DagBag from /opt/airflow/dags/kafka_consumer_dag.py
[2024-07-12 00:01:30,703] {processor.py:654} INFO - DAG(s) dict_keys(['kafka_consumer_dag']) retrieved from /opt/airflow/dags/kafka_consumer_dag.py
[2024-07-12 00:01:30,716] {logging_mixin.py:109} INFO - [2024-07-12 00:01:30,715] {dag.py:2398} INFO - Sync 1 DAGs
[2024-07-12 00:01:30,747] {processor.py:171} INFO - Processing /opt/airflow/dags/kafka_consumer_dag.py took 0.096 seconds
[2024-07-12 00:02:01,349] {processor.py:163} INFO - Started process (PID=3114) to work on /opt/airflow/dags/kafka_consumer_dag.py
[2024-07-12 00:02:01,350] {processor.py:642} INFO - Processing file /opt/airflow/dags/kafka_consumer_dag.py for tasks to queue
[2024-07-12 00:02:01,351] {logging_mixin.py:109} INFO - [2024-07-12 00:02:01,351] {dagbag.py:500} INFO - Filling up the DagBag from /opt/airflow/dags/kafka_consumer_dag.py
[2024-07-12 00:02:01,389] {processor.py:654} INFO - DAG(s) dict_keys(['kafka_consumer_dag']) retrieved from /opt/airflow/dags/kafka_consumer_dag.py
[2024-07-12 00:02:01,398] {logging_mixin.py:109} INFO - [2024-07-12 00:02:01,398] {dag.py:2398} INFO - Sync 1 DAGs
[2024-07-12 00:02:01,427] {processor.py:171} INFO - Processing /opt/airflow/dags/kafka_consumer_dag.py took 0.082 seconds
[2024-07-12 00:02:31,949] {processor.py:163} INFO - Started process (PID=3145) to work on /opt/airflow/dags/kafka_consumer_dag.py
[2024-07-12 00:02:31,950] {processor.py:642} INFO - Processing file /opt/airflow/dags/kafka_consumer_dag.py for tasks to queue
[2024-07-12 00:02:31,951] {logging_mixin.py:109} INFO - [2024-07-12 00:02:31,951] {dagbag.py:500} INFO - Filling up the DagBag from /opt/airflow/dags/kafka_consumer_dag.py
[2024-07-12 00:02:31,992] {processor.py:654} INFO - DAG(s) dict_keys(['kafka_consumer_dag']) retrieved from /opt/airflow/dags/kafka_consumer_dag.py
[2024-07-12 00:02:32,003] {logging_mixin.py:109} INFO - [2024-07-12 00:02:32,003] {dag.py:2398} INFO - Sync 1 DAGs
[2024-07-12 00:02:32,033] {processor.py:171} INFO - Processing /opt/airflow/dags/kafka_consumer_dag.py took 0.086 seconds
[2024-07-12 00:03:02,630] {processor.py:163} INFO - Started process (PID=3176) to work on /opt/airflow/dags/kafka_consumer_dag.py
[2024-07-12 00:03:02,631] {processor.py:642} INFO - Processing file /opt/airflow/dags/kafka_consumer_dag.py for tasks to queue
[2024-07-12 00:03:02,631] {logging_mixin.py:109} INFO - [2024-07-12 00:03:02,631] {dagbag.py:500} INFO - Filling up the DagBag from /opt/airflow/dags/kafka_consumer_dag.py
[2024-07-12 00:03:02,668] {processor.py:654} INFO - DAG(s) dict_keys(['kafka_consumer_dag']) retrieved from /opt/airflow/dags/kafka_consumer_dag.py
[2024-07-12 00:03:02,678] {logging_mixin.py:109} INFO - [2024-07-12 00:03:02,678] {dag.py:2398} INFO - Sync 1 DAGs
[2024-07-12 00:03:02,706] {processor.py:171} INFO - Processing /opt/airflow/dags/kafka_consumer_dag.py took 0.079 seconds
[2024-07-12 00:03:33,287] {processor.py:163} INFO - Started process (PID=3207) to work on /opt/airflow/dags/kafka_consumer_dag.py
[2024-07-12 00:03:33,288] {processor.py:642} INFO - Processing file /opt/airflow/dags/kafka_consumer_dag.py for tasks to queue
[2024-07-12 00:03:33,289] {logging_mixin.py:109} INFO - [2024-07-12 00:03:33,289] {dagbag.py:500} INFO - Filling up the DagBag from /opt/airflow/dags/kafka_consumer_dag.py
[2024-07-12 00:03:33,330] {processor.py:654} INFO - DAG(s) dict_keys(['kafka_consumer_dag']) retrieved from /opt/airflow/dags/kafka_consumer_dag.py
[2024-07-12 00:03:33,342] {logging_mixin.py:109} INFO - [2024-07-12 00:03:33,341] {dag.py:2398} INFO - Sync 1 DAGs
[2024-07-12 00:03:33,371] {processor.py:171} INFO - Processing /opt/airflow/dags/kafka_consumer_dag.py took 0.087 seconds
[2024-07-12 00:04:03,755] {processor.py:163} INFO - Started process (PID=3238) to work on /opt/airflow/dags/kafka_consumer_dag.py
[2024-07-12 00:04:03,756] {processor.py:642} INFO - Processing file /opt/airflow/dags/kafka_consumer_dag.py for tasks to queue
[2024-07-12 00:04:03,756] {logging_mixin.py:109} INFO - [2024-07-12 00:04:03,756] {dagbag.py:500} INFO - Filling up the DagBag from /opt/airflow/dags/kafka_consumer_dag.py
[2024-07-12 00:04:03,802] {processor.py:654} INFO - DAG(s) dict_keys(['kafka_consumer_dag']) retrieved from /opt/airflow/dags/kafka_consumer_dag.py
[2024-07-12 00:04:03,813] {logging_mixin.py:109} INFO - [2024-07-12 00:04:03,813] {dag.py:2398} INFO - Sync 1 DAGs
[2024-07-12 00:04:03,842] {processor.py:171} INFO - Processing /opt/airflow/dags/kafka_consumer_dag.py took 0.091 seconds
[2024-07-12 00:04:34,384] {processor.py:163} INFO - Started process (PID=3269) to work on /opt/airflow/dags/kafka_consumer_dag.py
[2024-07-12 00:04:34,385] {processor.py:642} INFO - Processing file /opt/airflow/dags/kafka_consumer_dag.py for tasks to queue
[2024-07-12 00:04:34,386] {logging_mixin.py:109} INFO - [2024-07-12 00:04:34,385] {dagbag.py:500} INFO - Filling up the DagBag from /opt/airflow/dags/kafka_consumer_dag.py
[2024-07-12 00:04:34,435] {processor.py:654} INFO - DAG(s) dict_keys(['kafka_consumer_dag']) retrieved from /opt/airflow/dags/kafka_consumer_dag.py
[2024-07-12 00:04:34,447] {logging_mixin.py:109} INFO - [2024-07-12 00:04:34,447] {dag.py:2398} INFO - Sync 1 DAGs
[2024-07-12 00:04:34,483] {processor.py:171} INFO - Processing /opt/airflow/dags/kafka_consumer_dag.py took 0.103 seconds
[2024-07-12 00:05:04,997] {processor.py:163} INFO - Started process (PID=3300) to work on /opt/airflow/dags/kafka_consumer_dag.py
[2024-07-12 00:05:04,999] {processor.py:642} INFO - Processing file /opt/airflow/dags/kafka_consumer_dag.py for tasks to queue
[2024-07-12 00:05:05,000] {logging_mixin.py:109} INFO - [2024-07-12 00:05:05,000] {dagbag.py:500} INFO - Filling up the DagBag from /opt/airflow/dags/kafka_consumer_dag.py
[2024-07-12 00:05:05,048] {processor.py:654} INFO - DAG(s) dict_keys(['kafka_consumer_dag']) retrieved from /opt/airflow/dags/kafka_consumer_dag.py
[2024-07-12 00:05:05,059] {logging_mixin.py:109} INFO - [2024-07-12 00:05:05,059] {dag.py:2398} INFO - Sync 1 DAGs
[2024-07-12 00:05:05,085] {processor.py:171} INFO - Processing /opt/airflow/dags/kafka_consumer_dag.py took 0.091 seconds
[2024-07-12 00:05:35,682] {processor.py:163} INFO - Started process (PID=3331) to work on /opt/airflow/dags/kafka_consumer_dag.py
[2024-07-12 00:05:35,684] {processor.py:642} INFO - Processing file /opt/airflow/dags/kafka_consumer_dag.py for tasks to queue
[2024-07-12 00:05:35,685] {logging_mixin.py:109} INFO - [2024-07-12 00:05:35,684] {dagbag.py:500} INFO - Filling up the DagBag from /opt/airflow/dags/kafka_consumer_dag.py
[2024-07-12 00:05:35,726] {processor.py:654} INFO - DAG(s) dict_keys(['kafka_consumer_dag']) retrieved from /opt/airflow/dags/kafka_consumer_dag.py
[2024-07-12 00:05:35,737] {logging_mixin.py:109} INFO - [2024-07-12 00:05:35,737] {dag.py:2398} INFO - Sync 1 DAGs
[2024-07-12 00:05:35,766] {processor.py:171} INFO - Processing /opt/airflow/dags/kafka_consumer_dag.py took 0.090 seconds
[2024-07-12 00:06:06,322] {processor.py:163} INFO - Started process (PID=3362) to work on /opt/airflow/dags/kafka_consumer_dag.py
[2024-07-12 00:06:06,323] {processor.py:642} INFO - Processing file /opt/airflow/dags/kafka_consumer_dag.py for tasks to queue
[2024-07-12 00:06:06,324] {logging_mixin.py:109} INFO - [2024-07-12 00:06:06,324] {dagbag.py:500} INFO - Filling up the DagBag from /opt/airflow/dags/kafka_consumer_dag.py
[2024-07-12 00:06:06,368] {processor.py:654} INFO - DAG(s) dict_keys(['kafka_consumer_dag']) retrieved from /opt/airflow/dags/kafka_consumer_dag.py
[2024-07-12 00:06:06,378] {logging_mixin.py:109} INFO - [2024-07-12 00:06:06,378] {dag.py:2398} INFO - Sync 1 DAGs
[2024-07-12 00:06:06,408] {processor.py:171} INFO - Processing /opt/airflow/dags/kafka_consumer_dag.py took 0.089 seconds
[2024-07-12 00:06:37,019] {processor.py:163} INFO - Started process (PID=3393) to work on /opt/airflow/dags/kafka_consumer_dag.py
[2024-07-12 00:06:37,020] {processor.py:642} INFO - Processing file /opt/airflow/dags/kafka_consumer_dag.py for tasks to queue
[2024-07-12 00:06:37,020] {logging_mixin.py:109} INFO - [2024-07-12 00:06:37,020] {dagbag.py:500} INFO - Filling up the DagBag from /opt/airflow/dags/kafka_consumer_dag.py
[2024-07-12 00:06:37,055] {processor.py:654} INFO - DAG(s) dict_keys(['kafka_consumer_dag']) retrieved from /opt/airflow/dags/kafka_consumer_dag.py
[2024-07-12 00:06:37,064] {logging_mixin.py:109} INFO - [2024-07-12 00:06:37,064] {dag.py:2398} INFO - Sync 1 DAGs
[2024-07-12 00:06:37,089] {processor.py:171} INFO - Processing /opt/airflow/dags/kafka_consumer_dag.py took 0.073 seconds
[2024-07-12 00:07:07,967] {processor.py:163} INFO - Started process (PID=3424) to work on /opt/airflow/dags/kafka_consumer_dag.py
[2024-07-12 00:07:07,978] {processor.py:642} INFO - Processing file /opt/airflow/dags/kafka_consumer_dag.py for tasks to queue
[2024-07-12 00:07:07,979] {logging_mixin.py:109} INFO - [2024-07-12 00:07:07,978] {dagbag.py:500} INFO - Filling up the DagBag from /opt/airflow/dags/kafka_consumer_dag.py
[2024-07-12 00:07:08,064] {processor.py:654} INFO - DAG(s) dict_keys(['kafka_consumer_dag']) retrieved from /opt/airflow/dags/kafka_consumer_dag.py
[2024-07-12 00:07:08,089] {logging_mixin.py:109} INFO - [2024-07-12 00:07:08,089] {dag.py:2398} INFO - Sync 1 DAGs
[2024-07-12 00:07:08,142] {processor.py:171} INFO - Processing /opt/airflow/dags/kafka_consumer_dag.py took 0.179 seconds
[2024-07-12 00:07:38,599] {processor.py:163} INFO - Started process (PID=3455) to work on /opt/airflow/dags/kafka_consumer_dag.py
[2024-07-12 00:07:38,601] {processor.py:642} INFO - Processing file /opt/airflow/dags/kafka_consumer_dag.py for tasks to queue
[2024-07-12 00:07:38,602] {logging_mixin.py:109} INFO - [2024-07-12 00:07:38,602] {dagbag.py:500} INFO - Filling up the DagBag from /opt/airflow/dags/kafka_consumer_dag.py
[2024-07-12 00:07:38,658] {processor.py:654} INFO - DAG(s) dict_keys(['kafka_consumer_dag']) retrieved from /opt/airflow/dags/kafka_consumer_dag.py
[2024-07-12 00:07:38,670] {logging_mixin.py:109} INFO - [2024-07-12 00:07:38,670] {dag.py:2398} INFO - Sync 1 DAGs
[2024-07-12 00:07:38,716] {processor.py:171} INFO - Processing /opt/airflow/dags/kafka_consumer_dag.py took 0.121 seconds
[2024-07-12 00:08:09,299] {processor.py:163} INFO - Started process (PID=3486) to work on /opt/airflow/dags/kafka_consumer_dag.py
[2024-07-12 00:08:09,306] {processor.py:642} INFO - Processing file /opt/airflow/dags/kafka_consumer_dag.py for tasks to queue
[2024-07-12 00:08:09,306] {logging_mixin.py:109} INFO - [2024-07-12 00:08:09,306] {dagbag.py:500} INFO - Filling up the DagBag from /opt/airflow/dags/kafka_consumer_dag.py
[2024-07-12 00:08:09,347] {processor.py:654} INFO - DAG(s) dict_keys(['kafka_consumer_dag']) retrieved from /opt/airflow/dags/kafka_consumer_dag.py
[2024-07-12 00:08:09,358] {logging_mixin.py:109} INFO - [2024-07-12 00:08:09,357] {dag.py:2398} INFO - Sync 1 DAGs
[2024-07-12 00:08:09,386] {processor.py:171} INFO - Processing /opt/airflow/dags/kafka_consumer_dag.py took 0.091 seconds
[2024-07-12 00:08:39,979] {processor.py:163} INFO - Started process (PID=3517) to work on /opt/airflow/dags/kafka_consumer_dag.py
[2024-07-12 00:08:39,980] {processor.py:642} INFO - Processing file /opt/airflow/dags/kafka_consumer_dag.py for tasks to queue
[2024-07-12 00:08:39,980] {logging_mixin.py:109} INFO - [2024-07-12 00:08:39,980] {dagbag.py:500} INFO - Filling up the DagBag from /opt/airflow/dags/kafka_consumer_dag.py
[2024-07-12 00:08:40,030] {processor.py:654} INFO - DAG(s) dict_keys(['kafka_consumer_dag']) retrieved from /opt/airflow/dags/kafka_consumer_dag.py
[2024-07-12 00:08:40,043] {logging_mixin.py:109} INFO - [2024-07-12 00:08:40,043] {dag.py:2398} INFO - Sync 1 DAGs
[2024-07-12 00:08:40,077] {processor.py:171} INFO - Processing /opt/airflow/dags/kafka_consumer_dag.py took 0.103 seconds
[2024-07-12 00:09:10,620] {processor.py:163} INFO - Started process (PID=3548) to work on /opt/airflow/dags/kafka_consumer_dag.py
[2024-07-12 00:09:10,622] {processor.py:642} INFO - Processing file /opt/airflow/dags/kafka_consumer_dag.py for tasks to queue
[2024-07-12 00:09:10,623] {logging_mixin.py:109} INFO - [2024-07-12 00:09:10,623] {dagbag.py:500} INFO - Filling up the DagBag from /opt/airflow/dags/kafka_consumer_dag.py
[2024-07-12 00:09:10,665] {processor.py:654} INFO - DAG(s) dict_keys(['kafka_consumer_dag']) retrieved from /opt/airflow/dags/kafka_consumer_dag.py
[2024-07-12 00:09:10,675] {logging_mixin.py:109} INFO - [2024-07-12 00:09:10,675] {dag.py:2398} INFO - Sync 1 DAGs
[2024-07-12 00:09:10,704] {processor.py:171} INFO - Processing /opt/airflow/dags/kafka_consumer_dag.py took 0.087 seconds
[2024-07-12 00:09:41,528] {processor.py:163} INFO - Started process (PID=3579) to work on /opt/airflow/dags/kafka_consumer_dag.py
[2024-07-12 00:09:41,530] {processor.py:642} INFO - Processing file /opt/airflow/dags/kafka_consumer_dag.py for tasks to queue
[2024-07-12 00:09:41,531] {logging_mixin.py:109} INFO - [2024-07-12 00:09:41,531] {dagbag.py:500} INFO - Filling up the DagBag from /opt/airflow/dags/kafka_consumer_dag.py
[2024-07-12 00:09:41,574] {processor.py:654} INFO - DAG(s) dict_keys(['kafka_consumer_dag']) retrieved from /opt/airflow/dags/kafka_consumer_dag.py
[2024-07-12 00:09:41,586] {logging_mixin.py:109} INFO - [2024-07-12 00:09:41,586] {dag.py:2398} INFO - Sync 1 DAGs
[2024-07-12 00:09:41,620] {processor.py:171} INFO - Processing /opt/airflow/dags/kafka_consumer_dag.py took 0.095 seconds
[2024-07-12 00:10:12,213] {processor.py:163} INFO - Started process (PID=3610) to work on /opt/airflow/dags/kafka_consumer_dag.py
[2024-07-12 00:10:12,214] {processor.py:642} INFO - Processing file /opt/airflow/dags/kafka_consumer_dag.py for tasks to queue
[2024-07-12 00:10:12,214] {logging_mixin.py:109} INFO - [2024-07-12 00:10:12,214] {dagbag.py:500} INFO - Filling up the DagBag from /opt/airflow/dags/kafka_consumer_dag.py
[2024-07-12 00:10:12,258] {processor.py:654} INFO - DAG(s) dict_keys(['kafka_consumer_dag']) retrieved from /opt/airflow/dags/kafka_consumer_dag.py
[2024-07-12 00:10:12,269] {logging_mixin.py:109} INFO - [2024-07-12 00:10:12,268] {dag.py:2398} INFO - Sync 1 DAGs
[2024-07-12 00:10:12,296] {processor.py:171} INFO - Processing /opt/airflow/dags/kafka_consumer_dag.py took 0.086 seconds
[2024-07-12 00:10:42,891] {processor.py:163} INFO - Started process (PID=3639) to work on /opt/airflow/dags/kafka_consumer_dag.py
[2024-07-12 00:10:42,893] {processor.py:642} INFO - Processing file /opt/airflow/dags/kafka_consumer_dag.py for tasks to queue
[2024-07-12 00:10:42,894] {logging_mixin.py:109} INFO - [2024-07-12 00:10:42,893] {dagbag.py:500} INFO - Filling up the DagBag from /opt/airflow/dags/kafka_consumer_dag.py
[2024-07-12 00:10:42,934] {processor.py:654} INFO - DAG(s) dict_keys(['kafka_consumer_dag']) retrieved from /opt/airflow/dags/kafka_consumer_dag.py
[2024-07-12 00:10:42,943] {logging_mixin.py:109} INFO - [2024-07-12 00:10:42,943] {dag.py:2398} INFO - Sync 1 DAGs
[2024-07-12 00:10:42,970] {processor.py:171} INFO - Processing /opt/airflow/dags/kafka_consumer_dag.py took 0.081 seconds
[2024-07-12 00:11:13,109] {processor.py:163} INFO - Started process (PID=3651) to work on /opt/airflow/dags/kafka_consumer_dag.py
[2024-07-12 00:11:13,110] {processor.py:642} INFO - Processing file /opt/airflow/dags/kafka_consumer_dag.py for tasks to queue
[2024-07-12 00:11:13,111] {logging_mixin.py:109} INFO - [2024-07-12 00:11:13,111] {dagbag.py:500} INFO - Filling up the DagBag from /opt/airflow/dags/kafka_consumer_dag.py
[2024-07-12 00:11:13,151] {processor.py:654} INFO - DAG(s) dict_keys(['kafka_consumer_dag']) retrieved from /opt/airflow/dags/kafka_consumer_dag.py
[2024-07-12 00:11:13,162] {logging_mixin.py:109} INFO - [2024-07-12 00:11:13,162] {dag.py:2398} INFO - Sync 1 DAGs
[2024-07-12 00:11:13,190] {processor.py:171} INFO - Processing /opt/airflow/dags/kafka_consumer_dag.py took 0.083 seconds
[2024-07-12 00:11:43,743] {processor.py:163} INFO - Started process (PID=3682) to work on /opt/airflow/dags/kafka_consumer_dag.py
[2024-07-12 00:11:43,745] {processor.py:642} INFO - Processing file /opt/airflow/dags/kafka_consumer_dag.py for tasks to queue
[2024-07-12 00:11:43,746] {logging_mixin.py:109} INFO - [2024-07-12 00:11:43,746] {dagbag.py:500} INFO - Filling up the DagBag from /opt/airflow/dags/kafka_consumer_dag.py
[2024-07-12 00:11:43,786] {processor.py:654} INFO - DAG(s) dict_keys(['kafka_consumer_dag']) retrieved from /opt/airflow/dags/kafka_consumer_dag.py
[2024-07-12 00:11:43,796] {logging_mixin.py:109} INFO - [2024-07-12 00:11:43,796] {dag.py:2398} INFO - Sync 1 DAGs
[2024-07-12 00:11:43,830] {processor.py:171} INFO - Processing /opt/airflow/dags/kafka_consumer_dag.py took 0.090 seconds
[2024-07-12 00:12:14,441] {processor.py:163} INFO - Started process (PID=3713) to work on /opt/airflow/dags/kafka_consumer_dag.py
[2024-07-12 00:12:14,442] {processor.py:642} INFO - Processing file /opt/airflow/dags/kafka_consumer_dag.py for tasks to queue
[2024-07-12 00:12:14,442] {logging_mixin.py:109} INFO - [2024-07-12 00:12:14,442] {dagbag.py:500} INFO - Filling up the DagBag from /opt/airflow/dags/kafka_consumer_dag.py
[2024-07-12 00:12:14,482] {processor.py:654} INFO - DAG(s) dict_keys(['kafka_consumer_dag']) retrieved from /opt/airflow/dags/kafka_consumer_dag.py
[2024-07-12 00:12:14,494] {logging_mixin.py:109} INFO - [2024-07-12 00:12:14,494] {dag.py:2398} INFO - Sync 1 DAGs
[2024-07-12 00:12:14,525] {processor.py:171} INFO - Processing /opt/airflow/dags/kafka_consumer_dag.py took 0.087 seconds
[2024-07-12 00:12:45,088] {processor.py:163} INFO - Started process (PID=3744) to work on /opt/airflow/dags/kafka_consumer_dag.py
[2024-07-12 00:12:45,091] {processor.py:642} INFO - Processing file /opt/airflow/dags/kafka_consumer_dag.py for tasks to queue
[2024-07-12 00:12:45,092] {logging_mixin.py:109} INFO - [2024-07-12 00:12:45,092] {dagbag.py:500} INFO - Filling up the DagBag from /opt/airflow/dags/kafka_consumer_dag.py
[2024-07-12 00:12:45,139] {processor.py:654} INFO - DAG(s) dict_keys(['kafka_consumer_dag']) retrieved from /opt/airflow/dags/kafka_consumer_dag.py
[2024-07-12 00:12:45,152] {logging_mixin.py:109} INFO - [2024-07-12 00:12:45,152] {dag.py:2398} INFO - Sync 1 DAGs
[2024-07-12 00:12:45,188] {processor.py:171} INFO - Processing /opt/airflow/dags/kafka_consumer_dag.py took 0.102 seconds
[2024-07-12 00:13:15,906] {processor.py:163} INFO - Started process (PID=3775) to work on /opt/airflow/dags/kafka_consumer_dag.py
[2024-07-12 00:13:15,908] {processor.py:642} INFO - Processing file /opt/airflow/dags/kafka_consumer_dag.py for tasks to queue
[2024-07-12 00:13:15,909] {logging_mixin.py:109} INFO - [2024-07-12 00:13:15,908] {dagbag.py:500} INFO - Filling up the DagBag from /opt/airflow/dags/kafka_consumer_dag.py
[2024-07-12 00:13:15,951] {processor.py:654} INFO - DAG(s) dict_keys(['kafka_consumer_dag']) retrieved from /opt/airflow/dags/kafka_consumer_dag.py
[2024-07-12 00:13:15,963] {logging_mixin.py:109} INFO - [2024-07-12 00:13:15,962] {dag.py:2398} INFO - Sync 1 DAGs
[2024-07-12 00:13:15,996] {processor.py:171} INFO - Processing /opt/airflow/dags/kafka_consumer_dag.py took 0.093 seconds
[2024-07-12 00:13:46,636] {processor.py:163} INFO - Started process (PID=3806) to work on /opt/airflow/dags/kafka_consumer_dag.py
[2024-07-12 00:13:46,638] {processor.py:642} INFO - Processing file /opt/airflow/dags/kafka_consumer_dag.py for tasks to queue
[2024-07-12 00:13:46,639] {logging_mixin.py:109} INFO - [2024-07-12 00:13:46,639] {dagbag.py:500} INFO - Filling up the DagBag from /opt/airflow/dags/kafka_consumer_dag.py
[2024-07-12 00:13:46,679] {processor.py:654} INFO - DAG(s) dict_keys(['kafka_consumer_dag']) retrieved from /opt/airflow/dags/kafka_consumer_dag.py
[2024-07-12 00:13:46,690] {logging_mixin.py:109} INFO - [2024-07-12 00:13:46,690] {dag.py:2398} INFO - Sync 1 DAGs
[2024-07-12 00:13:46,718] {processor.py:171} INFO - Processing /opt/airflow/dags/kafka_consumer_dag.py took 0.085 seconds
[2024-07-12 00:14:17,280] {processor.py:163} INFO - Started process (PID=3837) to work on /opt/airflow/dags/kafka_consumer_dag.py
[2024-07-12 00:14:17,281] {processor.py:642} INFO - Processing file /opt/airflow/dags/kafka_consumer_dag.py for tasks to queue
[2024-07-12 00:14:17,282] {logging_mixin.py:109} INFO - [2024-07-12 00:14:17,281] {dagbag.py:500} INFO - Filling up the DagBag from /opt/airflow/dags/kafka_consumer_dag.py
[2024-07-12 00:14:17,331] {processor.py:654} INFO - DAG(s) dict_keys(['kafka_consumer_dag']) retrieved from /opt/airflow/dags/kafka_consumer_dag.py
[2024-07-12 00:14:17,342] {logging_mixin.py:109} INFO - [2024-07-12 00:14:17,342] {dag.py:2398} INFO - Sync 1 DAGs
[2024-07-12 00:14:17,373] {processor.py:171} INFO - Processing /opt/airflow/dags/kafka_consumer_dag.py took 0.097 seconds
[2024-07-12 00:14:47,963] {processor.py:163} INFO - Started process (PID=3868) to work on /opt/airflow/dags/kafka_consumer_dag.py
[2024-07-12 00:14:47,965] {processor.py:642} INFO - Processing file /opt/airflow/dags/kafka_consumer_dag.py for tasks to queue
[2024-07-12 00:14:47,966] {logging_mixin.py:109} INFO - [2024-07-12 00:14:47,966] {dagbag.py:500} INFO - Filling up the DagBag from /opt/airflow/dags/kafka_consumer_dag.py
[2024-07-12 00:14:48,013] {processor.py:654} INFO - DAG(s) dict_keys(['kafka_consumer_dag']) retrieved from /opt/airflow/dags/kafka_consumer_dag.py
[2024-07-12 00:14:48,031] {logging_mixin.py:109} INFO - [2024-07-12 00:14:48,031] {dag.py:2398} INFO - Sync 1 DAGs
[2024-07-12 00:14:48,063] {processor.py:171} INFO - Processing /opt/airflow/dags/kafka_consumer_dag.py took 0.104 seconds
[2024-07-12 00:15:18,808] {processor.py:163} INFO - Started process (PID=3899) to work on /opt/airflow/dags/kafka_consumer_dag.py
[2024-07-12 00:15:18,810] {processor.py:642} INFO - Processing file /opt/airflow/dags/kafka_consumer_dag.py for tasks to queue
[2024-07-12 00:15:18,810] {logging_mixin.py:109} INFO - [2024-07-12 00:15:18,810] {dagbag.py:500} INFO - Filling up the DagBag from /opt/airflow/dags/kafka_consumer_dag.py
[2024-07-12 00:15:18,850] {processor.py:654} INFO - DAG(s) dict_keys(['kafka_consumer_dag']) retrieved from /opt/airflow/dags/kafka_consumer_dag.py
[2024-07-12 00:15:18,860] {logging_mixin.py:109} INFO - [2024-07-12 00:15:18,860] {dag.py:2398} INFO - Sync 1 DAGs
[2024-07-12 00:15:18,887] {processor.py:171} INFO - Processing /opt/airflow/dags/kafka_consumer_dag.py took 0.084 seconds
[2024-07-12 00:15:49,484] {processor.py:163} INFO - Started process (PID=3930) to work on /opt/airflow/dags/kafka_consumer_dag.py
[2024-07-12 00:15:49,486] {processor.py:642} INFO - Processing file /opt/airflow/dags/kafka_consumer_dag.py for tasks to queue
[2024-07-12 00:15:49,487] {logging_mixin.py:109} INFO - [2024-07-12 00:15:49,487] {dagbag.py:500} INFO - Filling up the DagBag from /opt/airflow/dags/kafka_consumer_dag.py
[2024-07-12 00:15:49,544] {processor.py:654} INFO - DAG(s) dict_keys(['kafka_consumer_dag']) retrieved from /opt/airflow/dags/kafka_consumer_dag.py
[2024-07-12 00:15:49,555] {logging_mixin.py:109} INFO - [2024-07-12 00:15:49,555] {dag.py:2398} INFO - Sync 1 DAGs
[2024-07-12 00:15:49,588] {processor.py:171} INFO - Processing /opt/airflow/dags/kafka_consumer_dag.py took 0.111 seconds
[2024-07-12 00:16:20,125] {processor.py:163} INFO - Started process (PID=3961) to work on /opt/airflow/dags/kafka_consumer_dag.py
[2024-07-12 00:16:20,126] {processor.py:642} INFO - Processing file /opt/airflow/dags/kafka_consumer_dag.py for tasks to queue
[2024-07-12 00:16:20,126] {logging_mixin.py:109} INFO - [2024-07-12 00:16:20,126] {dagbag.py:500} INFO - Filling up the DagBag from /opt/airflow/dags/kafka_consumer_dag.py
[2024-07-12 00:16:20,167] {processor.py:654} INFO - DAG(s) dict_keys(['kafka_consumer_dag']) retrieved from /opt/airflow/dags/kafka_consumer_dag.py
[2024-07-12 00:16:20,177] {logging_mixin.py:109} INFO - [2024-07-12 00:16:20,177] {dag.py:2398} INFO - Sync 1 DAGs
[2024-07-12 00:16:20,207] {processor.py:171} INFO - Processing /opt/airflow/dags/kafka_consumer_dag.py took 0.085 seconds
[2024-07-12 00:16:50,736] {processor.py:163} INFO - Started process (PID=3992) to work on /opt/airflow/dags/kafka_consumer_dag.py
[2024-07-12 00:16:50,737] {processor.py:642} INFO - Processing file /opt/airflow/dags/kafka_consumer_dag.py for tasks to queue
[2024-07-12 00:16:50,738] {logging_mixin.py:109} INFO - [2024-07-12 00:16:50,738] {dagbag.py:500} INFO - Filling up the DagBag from /opt/airflow/dags/kafka_consumer_dag.py
[2024-07-12 00:16:50,777] {processor.py:654} INFO - DAG(s) dict_keys(['kafka_consumer_dag']) retrieved from /opt/airflow/dags/kafka_consumer_dag.py
[2024-07-12 00:16:50,787] {logging_mixin.py:109} INFO - [2024-07-12 00:16:50,787] {dag.py:2398} INFO - Sync 1 DAGs
[2024-07-12 00:16:50,813] {processor.py:171} INFO - Processing /opt/airflow/dags/kafka_consumer_dag.py took 0.081 seconds
[2024-07-12 00:17:21,376] {processor.py:163} INFO - Started process (PID=4023) to work on /opt/airflow/dags/kafka_consumer_dag.py
[2024-07-12 00:17:21,377] {processor.py:642} INFO - Processing file /opt/airflow/dags/kafka_consumer_dag.py for tasks to queue
[2024-07-12 00:17:21,378] {logging_mixin.py:109} INFO - [2024-07-12 00:17:21,378] {dagbag.py:500} INFO - Filling up the DagBag from /opt/airflow/dags/kafka_consumer_dag.py
[2024-07-12 00:17:21,418] {processor.py:654} INFO - DAG(s) dict_keys(['kafka_consumer_dag']) retrieved from /opt/airflow/dags/kafka_consumer_dag.py
[2024-07-12 00:17:21,428] {logging_mixin.py:109} INFO - [2024-07-12 00:17:21,428] {dag.py:2398} INFO - Sync 1 DAGs
[2024-07-12 00:17:21,453] {processor.py:171} INFO - Processing /opt/airflow/dags/kafka_consumer_dag.py took 0.081 seconds
[2024-07-12 00:17:51,987] {processor.py:163} INFO - Started process (PID=4054) to work on /opt/airflow/dags/kafka_consumer_dag.py
[2024-07-12 00:17:51,989] {processor.py:642} INFO - Processing file /opt/airflow/dags/kafka_consumer_dag.py for tasks to queue
[2024-07-12 00:17:51,990] {logging_mixin.py:109} INFO - [2024-07-12 00:17:51,989] {dagbag.py:500} INFO - Filling up the DagBag from /opt/airflow/dags/kafka_consumer_dag.py
[2024-07-12 00:17:52,032] {processor.py:654} INFO - DAG(s) dict_keys(['kafka_consumer_dag']) retrieved from /opt/airflow/dags/kafka_consumer_dag.py
[2024-07-12 00:17:52,041] {logging_mixin.py:109} INFO - [2024-07-12 00:17:52,041] {dag.py:2398} INFO - Sync 1 DAGs
[2024-07-12 00:17:52,070] {processor.py:171} INFO - Processing /opt/airflow/dags/kafka_consumer_dag.py took 0.090 seconds
[2024-07-12 00:18:22,648] {processor.py:163} INFO - Started process (PID=4085) to work on /opt/airflow/dags/kafka_consumer_dag.py
[2024-07-12 00:18:22,649] {processor.py:642} INFO - Processing file /opt/airflow/dags/kafka_consumer_dag.py for tasks to queue
[2024-07-12 00:18:22,650] {logging_mixin.py:109} INFO - [2024-07-12 00:18:22,650] {dagbag.py:500} INFO - Filling up the DagBag from /opt/airflow/dags/kafka_consumer_dag.py
[2024-07-12 00:18:22,692] {processor.py:654} INFO - DAG(s) dict_keys(['kafka_consumer_dag']) retrieved from /opt/airflow/dags/kafka_consumer_dag.py
[2024-07-12 00:18:22,703] {logging_mixin.py:109} INFO - [2024-07-12 00:18:22,702] {dag.py:2398} INFO - Sync 1 DAGs
[2024-07-12 00:18:22,732] {processor.py:171} INFO - Processing /opt/airflow/dags/kafka_consumer_dag.py took 0.089 seconds
[2024-07-12 00:18:53,295] {processor.py:163} INFO - Started process (PID=4116) to work on /opt/airflow/dags/kafka_consumer_dag.py
[2024-07-12 00:18:53,297] {processor.py:642} INFO - Processing file /opt/airflow/dags/kafka_consumer_dag.py for tasks to queue
[2024-07-12 00:18:53,297] {logging_mixin.py:109} INFO - [2024-07-12 00:18:53,297] {dagbag.py:500} INFO - Filling up the DagBag from /opt/airflow/dags/kafka_consumer_dag.py
[2024-07-12 00:18:53,336] {processor.py:654} INFO - DAG(s) dict_keys(['kafka_consumer_dag']) retrieved from /opt/airflow/dags/kafka_consumer_dag.py
[2024-07-12 00:18:53,348] {logging_mixin.py:109} INFO - [2024-07-12 00:18:53,348] {dag.py:2398} INFO - Sync 1 DAGs
[2024-07-12 00:18:53,375] {processor.py:171} INFO - Processing /opt/airflow/dags/kafka_consumer_dag.py took 0.083 seconds
[2024-07-12 00:19:23,869] {processor.py:163} INFO - Started process (PID=4147) to work on /opt/airflow/dags/kafka_consumer_dag.py
[2024-07-12 00:19:23,870] {processor.py:642} INFO - Processing file /opt/airflow/dags/kafka_consumer_dag.py for tasks to queue
[2024-07-12 00:19:23,871] {logging_mixin.py:109} INFO - [2024-07-12 00:19:23,871] {dagbag.py:500} INFO - Filling up the DagBag from /opt/airflow/dags/kafka_consumer_dag.py
[2024-07-12 00:19:23,912] {processor.py:654} INFO - DAG(s) dict_keys(['kafka_consumer_dag']) retrieved from /opt/airflow/dags/kafka_consumer_dag.py
[2024-07-12 00:19:23,922] {logging_mixin.py:109} INFO - [2024-07-12 00:19:23,922] {dag.py:2398} INFO - Sync 1 DAGs
[2024-07-12 00:19:23,950] {processor.py:171} INFO - Processing /opt/airflow/dags/kafka_consumer_dag.py took 0.084 seconds
[2024-07-12 00:19:54,470] {processor.py:163} INFO - Started process (PID=4178) to work on /opt/airflow/dags/kafka_consumer_dag.py
[2024-07-12 00:19:54,472] {processor.py:642} INFO - Processing file /opt/airflow/dags/kafka_consumer_dag.py for tasks to queue
[2024-07-12 00:19:54,472] {logging_mixin.py:109} INFO - [2024-07-12 00:19:54,472] {dagbag.py:500} INFO - Filling up the DagBag from /opt/airflow/dags/kafka_consumer_dag.py
[2024-07-12 00:19:54,514] {processor.py:654} INFO - DAG(s) dict_keys(['kafka_consumer_dag']) retrieved from /opt/airflow/dags/kafka_consumer_dag.py
[2024-07-12 00:19:54,524] {logging_mixin.py:109} INFO - [2024-07-12 00:19:54,524] {dag.py:2398} INFO - Sync 1 DAGs
[2024-07-12 00:19:54,548] {processor.py:171} INFO - Processing /opt/airflow/dags/kafka_consumer_dag.py took 0.081 seconds
[2024-07-12 00:20:25,127] {processor.py:163} INFO - Started process (PID=4209) to work on /opt/airflow/dags/kafka_consumer_dag.py
[2024-07-12 00:20:25,129] {processor.py:642} INFO - Processing file /opt/airflow/dags/kafka_consumer_dag.py for tasks to queue
[2024-07-12 00:20:25,130] {logging_mixin.py:109} INFO - [2024-07-12 00:20:25,130] {dagbag.py:500} INFO - Filling up the DagBag from /opt/airflow/dags/kafka_consumer_dag.py
[2024-07-12 00:20:25,175] {processor.py:654} INFO - DAG(s) dict_keys(['kafka_consumer_dag']) retrieved from /opt/airflow/dags/kafka_consumer_dag.py
[2024-07-12 00:20:25,186] {logging_mixin.py:109} INFO - [2024-07-12 00:20:25,185] {dag.py:2398} INFO - Sync 1 DAGs
[2024-07-12 00:20:25,214] {processor.py:171} INFO - Processing /opt/airflow/dags/kafka_consumer_dag.py took 0.096 seconds
[2024-07-12 00:20:55,771] {processor.py:163} INFO - Started process (PID=4240) to work on /opt/airflow/dags/kafka_consumer_dag.py
[2024-07-12 00:20:55,772] {processor.py:642} INFO - Processing file /opt/airflow/dags/kafka_consumer_dag.py for tasks to queue
[2024-07-12 00:20:55,773] {logging_mixin.py:109} INFO - [2024-07-12 00:20:55,773] {dagbag.py:500} INFO - Filling up the DagBag from /opt/airflow/dags/kafka_consumer_dag.py
[2024-07-12 00:20:55,815] {processor.py:654} INFO - DAG(s) dict_keys(['kafka_consumer_dag']) retrieved from /opt/airflow/dags/kafka_consumer_dag.py
[2024-07-12 00:20:55,826] {logging_mixin.py:109} INFO - [2024-07-12 00:20:55,826] {dag.py:2398} INFO - Sync 1 DAGs
[2024-07-12 00:20:55,854] {processor.py:171} INFO - Processing /opt/airflow/dags/kafka_consumer_dag.py took 0.089 seconds
[2024-07-12 00:21:26,528] {processor.py:163} INFO - Started process (PID=4271) to work on /opt/airflow/dags/kafka_consumer_dag.py
[2024-07-12 00:21:26,530] {processor.py:642} INFO - Processing file /opt/airflow/dags/kafka_consumer_dag.py for tasks to queue
[2024-07-12 00:21:26,531] {logging_mixin.py:109} INFO - [2024-07-12 00:21:26,531] {dagbag.py:500} INFO - Filling up the DagBag from /opt/airflow/dags/kafka_consumer_dag.py
[2024-07-12 00:21:26,573] {processor.py:654} INFO - DAG(s) dict_keys(['kafka_consumer_dag']) retrieved from /opt/airflow/dags/kafka_consumer_dag.py
[2024-07-12 00:21:26,583] {logging_mixin.py:109} INFO - [2024-07-12 00:21:26,583] {dag.py:2398} INFO - Sync 1 DAGs
[2024-07-12 00:21:26,610] {processor.py:171} INFO - Processing /opt/airflow/dags/kafka_consumer_dag.py took 0.088 seconds
[2024-07-12 00:21:57,175] {processor.py:163} INFO - Started process (PID=4302) to work on /opt/airflow/dags/kafka_consumer_dag.py
[2024-07-12 00:21:57,176] {processor.py:642} INFO - Processing file /opt/airflow/dags/kafka_consumer_dag.py for tasks to queue
[2024-07-12 00:21:57,176] {logging_mixin.py:109} INFO - [2024-07-12 00:21:57,176] {dagbag.py:500} INFO - Filling up the DagBag from /opt/airflow/dags/kafka_consumer_dag.py
[2024-07-12 00:21:57,216] {processor.py:654} INFO - DAG(s) dict_keys(['kafka_consumer_dag']) retrieved from /opt/airflow/dags/kafka_consumer_dag.py
[2024-07-12 00:21:57,226] {logging_mixin.py:109} INFO - [2024-07-12 00:21:57,226] {dag.py:2398} INFO - Sync 1 DAGs
[2024-07-12 00:21:57,257] {processor.py:171} INFO - Processing /opt/airflow/dags/kafka_consumer_dag.py took 0.085 seconds
[2024-07-12 00:22:27,924] {processor.py:163} INFO - Started process (PID=4333) to work on /opt/airflow/dags/kafka_consumer_dag.py
[2024-07-12 00:22:27,925] {processor.py:642} INFO - Processing file /opt/airflow/dags/kafka_consumer_dag.py for tasks to queue
[2024-07-12 00:22:27,926] {logging_mixin.py:109} INFO - [2024-07-12 00:22:27,926] {dagbag.py:500} INFO - Filling up the DagBag from /opt/airflow/dags/kafka_consumer_dag.py
[2024-07-12 00:22:27,968] {processor.py:654} INFO - DAG(s) dict_keys(['kafka_consumer_dag']) retrieved from /opt/airflow/dags/kafka_consumer_dag.py
[2024-07-12 00:22:27,978] {logging_mixin.py:109} INFO - [2024-07-12 00:22:27,978] {dag.py:2398} INFO - Sync 1 DAGs
[2024-07-12 00:22:28,008] {processor.py:171} INFO - Processing /opt/airflow/dags/kafka_consumer_dag.py took 0.089 seconds
[2024-07-12 00:22:58,524] {processor.py:163} INFO - Started process (PID=4364) to work on /opt/airflow/dags/kafka_consumer_dag.py
[2024-07-12 00:22:58,528] {processor.py:642} INFO - Processing file /opt/airflow/dags/kafka_consumer_dag.py for tasks to queue
[2024-07-12 00:22:58,529] {logging_mixin.py:109} INFO - [2024-07-12 00:22:58,529] {dagbag.py:500} INFO - Filling up the DagBag from /opt/airflow/dags/kafka_consumer_dag.py
[2024-07-12 00:22:58,570] {processor.py:654} INFO - DAG(s) dict_keys(['kafka_consumer_dag']) retrieved from /opt/airflow/dags/kafka_consumer_dag.py
[2024-07-12 00:22:58,583] {logging_mixin.py:109} INFO - [2024-07-12 00:22:58,583] {dag.py:2398} INFO - Sync 1 DAGs
[2024-07-12 00:22:58,612] {processor.py:171} INFO - Processing /opt/airflow/dags/kafka_consumer_dag.py took 0.094 seconds
[2024-07-12 00:23:29,182] {processor.py:163} INFO - Started process (PID=4395) to work on /opt/airflow/dags/kafka_consumer_dag.py
[2024-07-12 00:23:29,183] {processor.py:642} INFO - Processing file /opt/airflow/dags/kafka_consumer_dag.py for tasks to queue
[2024-07-12 00:23:29,185] {logging_mixin.py:109} INFO - [2024-07-12 00:23:29,184] {dagbag.py:500} INFO - Filling up the DagBag from /opt/airflow/dags/kafka_consumer_dag.py
[2024-07-12 00:23:29,228] {processor.py:654} INFO - DAG(s) dict_keys(['kafka_consumer_dag']) retrieved from /opt/airflow/dags/kafka_consumer_dag.py
[2024-07-12 00:23:29,238] {logging_mixin.py:109} INFO - [2024-07-12 00:23:29,238] {dag.py:2398} INFO - Sync 1 DAGs
[2024-07-12 00:23:29,266] {processor.py:171} INFO - Processing /opt/airflow/dags/kafka_consumer_dag.py took 0.088 seconds
[2024-07-12 00:24:00,084] {processor.py:163} INFO - Started process (PID=4426) to work on /opt/airflow/dags/kafka_consumer_dag.py
[2024-07-12 00:24:00,085] {processor.py:642} INFO - Processing file /opt/airflow/dags/kafka_consumer_dag.py for tasks to queue
[2024-07-12 00:24:00,086] {logging_mixin.py:109} INFO - [2024-07-12 00:24:00,086] {dagbag.py:500} INFO - Filling up the DagBag from /opt/airflow/dags/kafka_consumer_dag.py
[2024-07-12 00:24:00,129] {processor.py:654} INFO - DAG(s) dict_keys(['kafka_consumer_dag']) retrieved from /opt/airflow/dags/kafka_consumer_dag.py
[2024-07-12 00:24:00,139] {logging_mixin.py:109} INFO - [2024-07-12 00:24:00,139] {dag.py:2398} INFO - Sync 1 DAGs
[2024-07-12 00:24:00,167] {processor.py:171} INFO - Processing /opt/airflow/dags/kafka_consumer_dag.py took 0.087 seconds
[2024-07-12 00:24:30,674] {processor.py:163} INFO - Started process (PID=4457) to work on /opt/airflow/dags/kafka_consumer_dag.py
[2024-07-12 00:24:30,675] {processor.py:642} INFO - Processing file /opt/airflow/dags/kafka_consumer_dag.py for tasks to queue
[2024-07-12 00:24:30,675] {logging_mixin.py:109} INFO - [2024-07-12 00:24:30,675] {dagbag.py:500} INFO - Filling up the DagBag from /opt/airflow/dags/kafka_consumer_dag.py
[2024-07-12 00:24:30,712] {processor.py:654} INFO - DAG(s) dict_keys(['kafka_consumer_dag']) retrieved from /opt/airflow/dags/kafka_consumer_dag.py
[2024-07-12 00:24:30,721] {logging_mixin.py:109} INFO - [2024-07-12 00:24:30,721] {dag.py:2398} INFO - Sync 1 DAGs
[2024-07-12 00:24:30,745] {processor.py:171} INFO - Processing /opt/airflow/dags/kafka_consumer_dag.py took 0.074 seconds
[2024-07-12 00:25:01,323] {processor.py:163} INFO - Started process (PID=4488) to work on /opt/airflow/dags/kafka_consumer_dag.py
[2024-07-12 00:25:01,325] {processor.py:642} INFO - Processing file /opt/airflow/dags/kafka_consumer_dag.py for tasks to queue
[2024-07-12 00:25:01,326] {logging_mixin.py:109} INFO - [2024-07-12 00:25:01,326] {dagbag.py:500} INFO - Filling up the DagBag from /opt/airflow/dags/kafka_consumer_dag.py
[2024-07-12 00:25:01,367] {processor.py:654} INFO - DAG(s) dict_keys(['kafka_consumer_dag']) retrieved from /opt/airflow/dags/kafka_consumer_dag.py
[2024-07-12 00:25:01,377] {logging_mixin.py:109} INFO - [2024-07-12 00:25:01,377] {dag.py:2398} INFO - Sync 1 DAGs
[2024-07-12 00:25:01,402] {processor.py:171} INFO - Processing /opt/airflow/dags/kafka_consumer_dag.py took 0.086 seconds
[2024-07-12 00:25:31,490] {processor.py:163} INFO - Started process (PID=4519) to work on /opt/airflow/dags/kafka_consumer_dag.py
[2024-07-12 00:25:31,491] {processor.py:642} INFO - Processing file /opt/airflow/dags/kafka_consumer_dag.py for tasks to queue
[2024-07-12 00:25:31,492] {logging_mixin.py:109} INFO - [2024-07-12 00:25:31,492] {dagbag.py:500} INFO - Filling up the DagBag from /opt/airflow/dags/kafka_consumer_dag.py
[2024-07-12 00:25:31,556] {processor.py:654} INFO - DAG(s) dict_keys(['kafka_consumer_dag']) retrieved from /opt/airflow/dags/kafka_consumer_dag.py
[2024-07-12 00:25:31,570] {logging_mixin.py:109} INFO - [2024-07-12 00:25:31,570] {dag.py:2398} INFO - Sync 1 DAGs
[2024-07-12 00:25:31,602] {processor.py:171} INFO - Processing /opt/airflow/dags/kafka_consumer_dag.py took 0.116 seconds
[2024-07-12 00:26:02,220] {processor.py:163} INFO - Started process (PID=4548) to work on /opt/airflow/dags/kafka_consumer_dag.py
[2024-07-12 00:26:02,221] {processor.py:642} INFO - Processing file /opt/airflow/dags/kafka_consumer_dag.py for tasks to queue
[2024-07-12 00:26:02,221] {logging_mixin.py:109} INFO - [2024-07-12 00:26:02,221] {dagbag.py:500} INFO - Filling up the DagBag from /opt/airflow/dags/kafka_consumer_dag.py
[2024-07-12 00:26:02,260] {processor.py:654} INFO - DAG(s) dict_keys(['kafka_consumer_dag']) retrieved from /opt/airflow/dags/kafka_consumer_dag.py
[2024-07-12 00:26:02,269] {logging_mixin.py:109} INFO - [2024-07-12 00:26:02,269] {dag.py:2398} INFO - Sync 1 DAGs
[2024-07-12 00:26:02,294] {processor.py:171} INFO - Processing /opt/airflow/dags/kafka_consumer_dag.py took 0.081 seconds
[2024-07-12 00:26:32,416] {processor.py:163} INFO - Started process (PID=4560) to work on /opt/airflow/dags/kafka_consumer_dag.py
[2024-07-12 00:26:32,418] {processor.py:642} INFO - Processing file /opt/airflow/dags/kafka_consumer_dag.py for tasks to queue
[2024-07-12 00:26:32,419] {logging_mixin.py:109} INFO - [2024-07-12 00:26:32,419] {dagbag.py:500} INFO - Filling up the DagBag from /opt/airflow/dags/kafka_consumer_dag.py
[2024-07-12 00:26:32,471] {processor.py:654} INFO - DAG(s) dict_keys(['kafka_consumer_dag']) retrieved from /opt/airflow/dags/kafka_consumer_dag.py
[2024-07-12 00:26:32,487] {logging_mixin.py:109} INFO - [2024-07-12 00:26:32,487] {dag.py:2398} INFO - Sync 1 DAGs
[2024-07-12 00:26:32,534] {processor.py:171} INFO - Processing /opt/airflow/dags/kafka_consumer_dag.py took 0.121 seconds
[2024-07-12 00:27:03,121] {processor.py:163} INFO - Started process (PID=4734) to work on /opt/airflow/dags/kafka_consumer_dag.py
[2024-07-12 00:27:03,151] {processor.py:642} INFO - Processing file /opt/airflow/dags/kafka_consumer_dag.py for tasks to queue
[2024-07-12 00:27:03,176] {logging_mixin.py:109} INFO - [2024-07-12 00:27:03,154] {dagbag.py:500} INFO - Filling up the DagBag from /opt/airflow/dags/kafka_consumer_dag.py
[2024-07-12 00:27:03,539] {processor.py:654} INFO - DAG(s) dict_keys(['kafka_consumer_dag']) retrieved from /opt/airflow/dags/kafka_consumer_dag.py
[2024-07-12 00:27:03,564] {logging_mixin.py:109} INFO - [2024-07-12 00:27:03,564] {dag.py:2398} INFO - Sync 1 DAGs
[2024-07-12 00:27:03,713] {processor.py:171} INFO - Processing /opt/airflow/dags/kafka_consumer_dag.py took 0.604 seconds
[2024-07-12 00:27:34,158] {processor.py:163} INFO - Started process (PID=4775) to work on /opt/airflow/dags/kafka_consumer_dag.py
[2024-07-12 00:27:34,167] {processor.py:642} INFO - Processing file /opt/airflow/dags/kafka_consumer_dag.py for tasks to queue
[2024-07-12 00:27:34,167] {logging_mixin.py:109} INFO - [2024-07-12 00:27:34,167] {dagbag.py:500} INFO - Filling up the DagBag from /opt/airflow/dags/kafka_consumer_dag.py
[2024-07-12 00:27:34,414] {processor.py:654} INFO - DAG(s) dict_keys(['kafka_consumer_dag']) retrieved from /opt/airflow/dags/kafka_consumer_dag.py
[2024-07-12 00:27:34,505] {logging_mixin.py:109} INFO - [2024-07-12 00:27:34,505] {dag.py:2398} INFO - Sync 1 DAGs
[2024-07-12 00:27:34,693] {processor.py:171} INFO - Processing /opt/airflow/dags/kafka_consumer_dag.py took 0.538 seconds
[2024-07-12 00:28:05,617] {processor.py:163} INFO - Started process (PID=4806) to work on /opt/airflow/dags/kafka_consumer_dag.py
[2024-07-12 00:28:05,618] {processor.py:642} INFO - Processing file /opt/airflow/dags/kafka_consumer_dag.py for tasks to queue
[2024-07-12 00:28:05,626] {logging_mixin.py:109} INFO - [2024-07-12 00:28:05,626] {dagbag.py:500} INFO - Filling up the DagBag from /opt/airflow/dags/kafka_consumer_dag.py
[2024-07-12 00:28:05,901] {processor.py:654} INFO - DAG(s) dict_keys(['kafka_consumer_dag']) retrieved from /opt/airflow/dags/kafka_consumer_dag.py
[2024-07-12 00:28:06,137] {logging_mixin.py:109} INFO - [2024-07-12 00:28:06,137] {dag.py:2398} INFO - Sync 1 DAGs
[2024-07-12 00:28:06,426] {processor.py:171} INFO - Processing /opt/airflow/dags/kafka_consumer_dag.py took 0.839 seconds
[2024-07-12 00:28:42,216] {processor.py:163} INFO - Started process (PID=4835) to work on /opt/airflow/dags/kafka_consumer_dag.py
[2024-07-12 00:28:42,232] {processor.py:642} INFO - Processing file /opt/airflow/dags/kafka_consumer_dag.py for tasks to queue
[2024-07-12 00:28:42,235] {logging_mixin.py:109} INFO - [2024-07-12 00:28:42,234] {dagbag.py:500} INFO - Filling up the DagBag from /opt/airflow/dags/kafka_consumer_dag.py
[2024-07-12 00:28:42,407] {processor.py:654} INFO - DAG(s) dict_keys(['kafka_consumer_dag']) retrieved from /opt/airflow/dags/kafka_consumer_dag.py
[2024-07-12 00:28:42,449] {logging_mixin.py:109} INFO - [2024-07-12 00:28:42,449] {dag.py:2398} INFO - Sync 1 DAGs
[2024-07-12 00:28:42,536] {processor.py:171} INFO - Processing /opt/airflow/dags/kafka_consumer_dag.py took 0.359 seconds
[2024-07-12 00:29:12,759] {processor.py:163} INFO - Started process (PID=4871) to work on /opt/airflow/dags/kafka_consumer_dag.py
[2024-07-12 00:29:12,760] {processor.py:642} INFO - Processing file /opt/airflow/dags/kafka_consumer_dag.py for tasks to queue
[2024-07-12 00:29:12,761] {logging_mixin.py:109} INFO - [2024-07-12 00:29:12,761] {dagbag.py:500} INFO - Filling up the DagBag from /opt/airflow/dags/kafka_consumer_dag.py
[2024-07-12 00:29:12,804] {processor.py:654} INFO - DAG(s) dict_keys(['kafka_consumer_dag']) retrieved from /opt/airflow/dags/kafka_consumer_dag.py
[2024-07-12 00:29:12,814] {logging_mixin.py:109} INFO - [2024-07-12 00:29:12,814] {dag.py:2398} INFO - Sync 1 DAGs
[2024-07-12 00:29:12,842] {processor.py:171} INFO - Processing /opt/airflow/dags/kafka_consumer_dag.py took 0.087 seconds
[2024-07-12 00:29:43,657] {processor.py:163} INFO - Started process (PID=4921) to work on /opt/airflow/dags/kafka_consumer_dag.py
[2024-07-12 00:29:43,658] {processor.py:642} INFO - Processing file /opt/airflow/dags/kafka_consumer_dag.py for tasks to queue
[2024-07-12 00:29:43,659] {logging_mixin.py:109} INFO - [2024-07-12 00:29:43,659] {dagbag.py:500} INFO - Filling up the DagBag from /opt/airflow/dags/kafka_consumer_dag.py
[2024-07-12 00:29:43,714] {processor.py:654} INFO - DAG(s) dict_keys(['kafka_consumer_dag']) retrieved from /opt/airflow/dags/kafka_consumer_dag.py
[2024-07-12 00:29:43,726] {logging_mixin.py:109} INFO - [2024-07-12 00:29:43,726] {dag.py:2398} INFO - Sync 1 DAGs
[2024-07-12 00:29:43,765] {processor.py:171} INFO - Processing /opt/airflow/dags/kafka_consumer_dag.py took 0.112 seconds
[2024-07-12 00:30:13,954] {processor.py:163} INFO - Started process (PID=4971) to work on /opt/airflow/dags/kafka_consumer_dag.py
[2024-07-12 00:30:13,955] {processor.py:642} INFO - Processing file /opt/airflow/dags/kafka_consumer_dag.py for tasks to queue
[2024-07-12 00:30:13,957] {logging_mixin.py:109} INFO - [2024-07-12 00:30:13,957] {dagbag.py:500} INFO - Filling up the DagBag from /opt/airflow/dags/kafka_consumer_dag.py
[2024-07-12 00:30:14,006] {processor.py:654} INFO - DAG(s) dict_keys(['kafka_consumer_dag']) retrieved from /opt/airflow/dags/kafka_consumer_dag.py
[2024-07-12 00:30:14,016] {logging_mixin.py:109} INFO - [2024-07-12 00:30:14,016] {dag.py:2398} INFO - Sync 1 DAGs
[2024-07-12 00:30:14,045] {processor.py:171} INFO - Processing /opt/airflow/dags/kafka_consumer_dag.py took 0.100 seconds
[2024-07-12 00:30:44,255] {processor.py:163} INFO - Started process (PID=5002) to work on /opt/airflow/dags/kafka_consumer_dag.py
[2024-07-12 00:30:44,256] {processor.py:642} INFO - Processing file /opt/airflow/dags/kafka_consumer_dag.py for tasks to queue
[2024-07-12 00:30:44,257] {logging_mixin.py:109} INFO - [2024-07-12 00:30:44,257] {dagbag.py:500} INFO - Filling up the DagBag from /opt/airflow/dags/kafka_consumer_dag.py
[2024-07-12 00:30:44,296] {processor.py:654} INFO - DAG(s) dict_keys(['kafka_consumer_dag']) retrieved from /opt/airflow/dags/kafka_consumer_dag.py
[2024-07-12 00:30:44,306] {logging_mixin.py:109} INFO - [2024-07-12 00:30:44,306] {dag.py:2398} INFO - Sync 1 DAGs
[2024-07-12 00:30:44,324] {logging_mixin.py:109} INFO - [2024-07-12 00:30:44,324] {dag.py:2937} INFO - Setting next_dagrun for kafka_consumer_dag to 2023-01-01T00:00:00+00:00
[2024-07-12 00:30:44,335] {processor.py:171} INFO - Processing /opt/airflow/dags/kafka_consumer_dag.py took 0.082 seconds
[2024-07-12 00:31:14,988] {processor.py:163} INFO - Started process (PID=5033) to work on /opt/airflow/dags/kafka_consumer_dag.py
[2024-07-12 00:31:14,989] {processor.py:642} INFO - Processing file /opt/airflow/dags/kafka_consumer_dag.py for tasks to queue
[2024-07-12 00:31:14,990] {logging_mixin.py:109} INFO - [2024-07-12 00:31:14,989] {dagbag.py:500} INFO - Filling up the DagBag from /opt/airflow/dags/kafka_consumer_dag.py
[2024-07-12 00:31:15,033] {processor.py:654} INFO - DAG(s) dict_keys(['kafka_consumer_dag']) retrieved from /opt/airflow/dags/kafka_consumer_dag.py
[2024-07-12 00:31:15,042] {logging_mixin.py:109} INFO - [2024-07-12 00:31:15,042] {dag.py:2398} INFO - Sync 1 DAGs
[2024-07-12 00:31:15,058] {logging_mixin.py:109} INFO - [2024-07-12 00:31:15,058] {dag.py:2937} INFO - Setting next_dagrun for kafka_consumer_dag to 2023-01-01T00:00:00+00:00
[2024-07-12 00:31:15,069] {processor.py:171} INFO - Processing /opt/airflow/dags/kafka_consumer_dag.py took 0.085 seconds
[2024-07-12 00:31:45,575] {processor.py:163} INFO - Started process (PID=5064) to work on /opt/airflow/dags/kafka_consumer_dag.py
[2024-07-12 00:31:45,577] {processor.py:642} INFO - Processing file /opt/airflow/dags/kafka_consumer_dag.py for tasks to queue
[2024-07-12 00:31:45,577] {logging_mixin.py:109} INFO - [2024-07-12 00:31:45,577] {dagbag.py:500} INFO - Filling up the DagBag from /opt/airflow/dags/kafka_consumer_dag.py
[2024-07-12 00:31:45,614] {processor.py:654} INFO - DAG(s) dict_keys(['kafka_consumer_dag']) retrieved from /opt/airflow/dags/kafka_consumer_dag.py
[2024-07-12 00:31:45,623] {logging_mixin.py:109} INFO - [2024-07-12 00:31:45,623] {dag.py:2398} INFO - Sync 1 DAGs
[2024-07-12 00:31:45,640] {logging_mixin.py:109} INFO - [2024-07-12 00:31:45,640] {dag.py:2937} INFO - Setting next_dagrun for kafka_consumer_dag to 2023-01-01T00:00:00+00:00
[2024-07-12 00:31:45,650] {processor.py:171} INFO - Processing /opt/airflow/dags/kafka_consumer_dag.py took 0.077 seconds
[2024-07-12 00:32:16,320] {processor.py:163} INFO - Started process (PID=5095) to work on /opt/airflow/dags/kafka_consumer_dag.py
[2024-07-12 00:32:16,321] {processor.py:642} INFO - Processing file /opt/airflow/dags/kafka_consumer_dag.py for tasks to queue
[2024-07-12 00:32:16,331] {logging_mixin.py:109} INFO - [2024-07-12 00:32:16,331] {dagbag.py:500} INFO - Filling up the DagBag from /opt/airflow/dags/kafka_consumer_dag.py
[2024-07-12 00:32:16,376] {processor.py:654} INFO - DAG(s) dict_keys(['kafka_consumer_dag']) retrieved from /opt/airflow/dags/kafka_consumer_dag.py
[2024-07-12 00:32:16,387] {logging_mixin.py:109} INFO - [2024-07-12 00:32:16,386] {dag.py:2398} INFO - Sync 1 DAGs
[2024-07-12 00:32:16,424] {logging_mixin.py:109} INFO - [2024-07-12 00:32:16,423] {dag.py:2937} INFO - Setting next_dagrun for kafka_consumer_dag to 2023-01-01T00:00:00+00:00
[2024-07-12 00:32:16,433] {processor.py:171} INFO - Processing /opt/airflow/dags/kafka_consumer_dag.py took 0.116 seconds
[2024-07-12 00:32:46,925] {processor.py:163} INFO - Started process (PID=5126) to work on /opt/airflow/dags/kafka_consumer_dag.py
[2024-07-12 00:32:46,926] {processor.py:642} INFO - Processing file /opt/airflow/dags/kafka_consumer_dag.py for tasks to queue
[2024-07-12 00:32:46,927] {logging_mixin.py:109} INFO - [2024-07-12 00:32:46,927] {dagbag.py:500} INFO - Filling up the DagBag from /opt/airflow/dags/kafka_consumer_dag.py
[2024-07-12 00:32:46,967] {processor.py:654} INFO - DAG(s) dict_keys(['kafka_consumer_dag']) retrieved from /opt/airflow/dags/kafka_consumer_dag.py
[2024-07-12 00:32:46,978] {logging_mixin.py:109} INFO - [2024-07-12 00:32:46,977] {dag.py:2398} INFO - Sync 1 DAGs
[2024-07-12 00:32:46,993] {logging_mixin.py:109} INFO - [2024-07-12 00:32:46,993] {dag.py:2937} INFO - Setting next_dagrun for kafka_consumer_dag to 2023-01-01T00:00:00+00:00
[2024-07-12 00:32:47,006] {processor.py:171} INFO - Processing /opt/airflow/dags/kafka_consumer_dag.py took 0.084 seconds
[2024-07-12 00:33:17,979] {processor.py:163} INFO - Started process (PID=5157) to work on /opt/airflow/dags/kafka_consumer_dag.py
[2024-07-12 00:33:17,980] {processor.py:642} INFO - Processing file /opt/airflow/dags/kafka_consumer_dag.py for tasks to queue
[2024-07-12 00:33:17,981] {logging_mixin.py:109} INFO - [2024-07-12 00:33:17,981] {dagbag.py:500} INFO - Filling up the DagBag from /opt/airflow/dags/kafka_consumer_dag.py
[2024-07-12 00:33:18,019] {processor.py:654} INFO - DAG(s) dict_keys(['kafka_consumer_dag']) retrieved from /opt/airflow/dags/kafka_consumer_dag.py
[2024-07-12 00:33:18,029] {logging_mixin.py:109} INFO - [2024-07-12 00:33:18,029] {dag.py:2398} INFO - Sync 1 DAGs
[2024-07-12 00:33:18,045] {logging_mixin.py:109} INFO - [2024-07-12 00:33:18,044] {dag.py:2937} INFO - Setting next_dagrun for kafka_consumer_dag to 2023-01-01T00:00:00+00:00
[2024-07-12 00:33:18,054] {processor.py:171} INFO - Processing /opt/airflow/dags/kafka_consumer_dag.py took 0.077 seconds
[2024-07-12 00:33:48,698] {processor.py:163} INFO - Started process (PID=5188) to work on /opt/airflow/dags/kafka_consumer_dag.py
[2024-07-12 00:33:48,699] {processor.py:642} INFO - Processing file /opt/airflow/dags/kafka_consumer_dag.py for tasks to queue
[2024-07-12 00:33:48,700] {logging_mixin.py:109} INFO - [2024-07-12 00:33:48,700] {dagbag.py:500} INFO - Filling up the DagBag from /opt/airflow/dags/kafka_consumer_dag.py
[2024-07-12 00:33:48,738] {processor.py:654} INFO - DAG(s) dict_keys(['kafka_consumer_dag']) retrieved from /opt/airflow/dags/kafka_consumer_dag.py
[2024-07-12 00:33:48,748] {logging_mixin.py:109} INFO - [2024-07-12 00:33:48,748] {dag.py:2398} INFO - Sync 1 DAGs
[2024-07-12 00:33:48,766] {logging_mixin.py:109} INFO - [2024-07-12 00:33:48,766] {dag.py:2937} INFO - Setting next_dagrun for kafka_consumer_dag to 2023-01-01T00:00:00+00:00
[2024-07-12 00:33:48,777] {processor.py:171} INFO - Processing /opt/airflow/dags/kafka_consumer_dag.py took 0.083 seconds
[2024-07-12 00:34:19,400] {processor.py:163} INFO - Started process (PID=5219) to work on /opt/airflow/dags/kafka_consumer_dag.py
[2024-07-12 00:34:19,402] {processor.py:642} INFO - Processing file /opt/airflow/dags/kafka_consumer_dag.py for tasks to queue
[2024-07-12 00:34:19,403] {logging_mixin.py:109} INFO - [2024-07-12 00:34:19,403] {dagbag.py:500} INFO - Filling up the DagBag from /opt/airflow/dags/kafka_consumer_dag.py
[2024-07-12 00:34:19,466] {processor.py:654} INFO - DAG(s) dict_keys(['kafka_consumer_dag']) retrieved from /opt/airflow/dags/kafka_consumer_dag.py
[2024-07-12 00:34:19,478] {logging_mixin.py:109} INFO - [2024-07-12 00:34:19,477] {dag.py:2398} INFO - Sync 1 DAGs
[2024-07-12 00:34:19,506] {logging_mixin.py:109} INFO - [2024-07-12 00:34:19,506] {dag.py:2937} INFO - Setting next_dagrun for kafka_consumer_dag to 2023-01-01T00:00:00+00:00
[2024-07-12 00:34:19,522] {processor.py:171} INFO - Processing /opt/airflow/dags/kafka_consumer_dag.py took 0.129 seconds
[2024-07-12 00:34:50,351] {processor.py:163} INFO - Started process (PID=5250) to work on /opt/airflow/dags/kafka_consumer_dag.py
[2024-07-12 00:34:50,354] {processor.py:642} INFO - Processing file /opt/airflow/dags/kafka_consumer_dag.py for tasks to queue
[2024-07-12 00:34:50,355] {logging_mixin.py:109} INFO - [2024-07-12 00:34:50,355] {dagbag.py:500} INFO - Filling up the DagBag from /opt/airflow/dags/kafka_consumer_dag.py
[2024-07-12 00:34:50,397] {processor.py:654} INFO - DAG(s) dict_keys(['kafka_consumer_dag']) retrieved from /opt/airflow/dags/kafka_consumer_dag.py
[2024-07-12 00:34:50,410] {logging_mixin.py:109} INFO - [2024-07-12 00:34:50,410] {dag.py:2398} INFO - Sync 1 DAGs
[2024-07-12 00:34:50,432] {logging_mixin.py:109} INFO - [2024-07-12 00:34:50,431] {dag.py:2937} INFO - Setting next_dagrun for kafka_consumer_dag to 2023-01-01T00:00:00+00:00
[2024-07-12 00:34:50,446] {processor.py:171} INFO - Processing /opt/airflow/dags/kafka_consumer_dag.py took 0.100 seconds
[2024-07-12 00:35:21,070] {processor.py:163} INFO - Started process (PID=5281) to work on /opt/airflow/dags/kafka_consumer_dag.py
[2024-07-12 00:35:21,072] {processor.py:642} INFO - Processing file /opt/airflow/dags/kafka_consumer_dag.py for tasks to queue
[2024-07-12 00:35:21,073] {logging_mixin.py:109} INFO - [2024-07-12 00:35:21,073] {dagbag.py:500} INFO - Filling up the DagBag from /opt/airflow/dags/kafka_consumer_dag.py
[2024-07-12 00:35:21,113] {processor.py:654} INFO - DAG(s) dict_keys(['kafka_consumer_dag']) retrieved from /opt/airflow/dags/kafka_consumer_dag.py
[2024-07-12 00:35:21,123] {logging_mixin.py:109} INFO - [2024-07-12 00:35:21,123] {dag.py:2398} INFO - Sync 1 DAGs
[2024-07-12 00:35:21,139] {logging_mixin.py:109} INFO - [2024-07-12 00:35:21,139] {dag.py:2937} INFO - Setting next_dagrun for kafka_consumer_dag to 2023-01-01T00:00:00+00:00
[2024-07-12 00:35:21,153] {processor.py:171} INFO - Processing /opt/airflow/dags/kafka_consumer_dag.py took 0.086 seconds
[2024-07-12 00:35:51,185] {processor.py:163} INFO - Started process (PID=5312) to work on /opt/airflow/dags/kafka_consumer_dag.py
[2024-07-12 00:35:51,186] {processor.py:642} INFO - Processing file /opt/airflow/dags/kafka_consumer_dag.py for tasks to queue
[2024-07-12 00:35:51,186] {logging_mixin.py:109} INFO - [2024-07-12 00:35:51,186] {dagbag.py:500} INFO - Filling up the DagBag from /opt/airflow/dags/kafka_consumer_dag.py
[2024-07-12 00:35:51,227] {processor.py:654} INFO - DAG(s) dict_keys(['kafka_consumer_dag']) retrieved from /opt/airflow/dags/kafka_consumer_dag.py
[2024-07-12 00:35:51,239] {logging_mixin.py:109} INFO - [2024-07-12 00:35:51,239] {dag.py:2398} INFO - Sync 1 DAGs
[2024-07-12 00:35:51,256] {logging_mixin.py:109} INFO - [2024-07-12 00:35:51,256] {dag.py:2937} INFO - Setting next_dagrun for kafka_consumer_dag to 2023-01-01T00:00:00+00:00
[2024-07-12 00:35:51,267] {processor.py:171} INFO - Processing /opt/airflow/dags/kafka_consumer_dag.py took 0.085 seconds
[2024-07-12 00:36:21,882] {processor.py:163} INFO - Started process (PID=5343) to work on /opt/airflow/dags/kafka_consumer_dag.py
[2024-07-12 00:36:21,883] {processor.py:642} INFO - Processing file /opt/airflow/dags/kafka_consumer_dag.py for tasks to queue
[2024-07-12 00:36:21,884] {logging_mixin.py:109} INFO - [2024-07-12 00:36:21,884] {dagbag.py:500} INFO - Filling up the DagBag from /opt/airflow/dags/kafka_consumer_dag.py
[2024-07-12 00:36:21,929] {processor.py:654} INFO - DAG(s) dict_keys(['kafka_consumer_dag']) retrieved from /opt/airflow/dags/kafka_consumer_dag.py
[2024-07-12 00:36:21,940] {logging_mixin.py:109} INFO - [2024-07-12 00:36:21,940] {dag.py:2398} INFO - Sync 1 DAGs
[2024-07-12 00:36:21,961] {logging_mixin.py:109} INFO - [2024-07-12 00:36:21,961] {dag.py:2937} INFO - Setting next_dagrun for kafka_consumer_dag to 2023-01-01T00:00:00+00:00
[2024-07-12 00:36:21,973] {processor.py:171} INFO - Processing /opt/airflow/dags/kafka_consumer_dag.py took 0.094 seconds
[2024-07-12 00:36:52,635] {processor.py:163} INFO - Started process (PID=5374) to work on /opt/airflow/dags/kafka_consumer_dag.py
[2024-07-12 00:36:52,637] {processor.py:642} INFO - Processing file /opt/airflow/dags/kafka_consumer_dag.py for tasks to queue
[2024-07-12 00:36:52,639] {logging_mixin.py:109} INFO - [2024-07-12 00:36:52,638] {dagbag.py:500} INFO - Filling up the DagBag from /opt/airflow/dags/kafka_consumer_dag.py
[2024-07-12 00:36:52,710] {processor.py:654} INFO - DAG(s) dict_keys(['kafka_consumer_dag']) retrieved from /opt/airflow/dags/kafka_consumer_dag.py
[2024-07-12 00:36:52,721] {logging_mixin.py:109} INFO - [2024-07-12 00:36:52,720] {dag.py:2398} INFO - Sync 1 DAGs
[2024-07-12 00:36:52,737] {logging_mixin.py:109} INFO - [2024-07-12 00:36:52,737] {dag.py:2937} INFO - Setting next_dagrun for kafka_consumer_dag to 2023-01-01T00:00:00+00:00
[2024-07-12 00:36:52,747] {processor.py:171} INFO - Processing /opt/airflow/dags/kafka_consumer_dag.py took 0.123 seconds
[2024-07-12 00:37:23,293] {processor.py:163} INFO - Started process (PID=5414) to work on /opt/airflow/dags/kafka_consumer_dag.py
[2024-07-12 00:37:23,295] {processor.py:642} INFO - Processing file /opt/airflow/dags/kafka_consumer_dag.py for tasks to queue
[2024-07-12 00:37:23,296] {logging_mixin.py:109} INFO - [2024-07-12 00:37:23,296] {dagbag.py:500} INFO - Filling up the DagBag from /opt/airflow/dags/kafka_consumer_dag.py
[2024-07-12 00:37:23,334] {processor.py:654} INFO - DAG(s) dict_keys(['kafka_consumer_dag']) retrieved from /opt/airflow/dags/kafka_consumer_dag.py
[2024-07-12 00:37:23,346] {logging_mixin.py:109} INFO - [2024-07-12 00:37:23,345] {dag.py:2398} INFO - Sync 1 DAGs
[2024-07-12 00:37:23,366] {logging_mixin.py:109} INFO - [2024-07-12 00:37:23,366] {dag.py:2937} INFO - Setting next_dagrun for kafka_consumer_dag to 2023-01-01T00:00:00+00:00
[2024-07-12 00:37:23,382] {processor.py:171} INFO - Processing /opt/airflow/dags/kafka_consumer_dag.py took 0.092 seconds
[2024-07-12 00:37:53,894] {processor.py:163} INFO - Started process (PID=5445) to work on /opt/airflow/dags/kafka_consumer_dag.py
[2024-07-12 00:37:53,899] {processor.py:642} INFO - Processing file /opt/airflow/dags/kafka_consumer_dag.py for tasks to queue
[2024-07-12 00:37:53,902] {logging_mixin.py:109} INFO - [2024-07-12 00:37:53,902] {dagbag.py:500} INFO - Filling up the DagBag from /opt/airflow/dags/kafka_consumer_dag.py
[2024-07-12 00:37:53,985] {processor.py:654} INFO - DAG(s) dict_keys(['kafka_consumer_dag']) retrieved from /opt/airflow/dags/kafka_consumer_dag.py
[2024-07-12 00:37:54,006] {logging_mixin.py:109} INFO - [2024-07-12 00:37:54,006] {dag.py:2398} INFO - Sync 1 DAGs
[2024-07-12 00:37:54,054] {logging_mixin.py:109} INFO - [2024-07-12 00:37:54,054] {dag.py:2937} INFO - Setting next_dagrun for kafka_consumer_dag to 2023-01-01T00:00:00+00:00
[2024-07-12 00:37:54,073] {processor.py:171} INFO - Processing /opt/airflow/dags/kafka_consumer_dag.py took 0.182 seconds
[2024-07-12 00:38:24,470] {processor.py:163} INFO - Started process (PID=5476) to work on /opt/airflow/dags/kafka_consumer_dag.py
[2024-07-12 00:38:24,471] {processor.py:642} INFO - Processing file /opt/airflow/dags/kafka_consumer_dag.py for tasks to queue
[2024-07-12 00:38:24,471] {logging_mixin.py:109} INFO - [2024-07-12 00:38:24,471] {dagbag.py:500} INFO - Filling up the DagBag from /opt/airflow/dags/kafka_consumer_dag.py
[2024-07-12 00:38:24,521] {processor.py:654} INFO - DAG(s) dict_keys(['kafka_consumer_dag']) retrieved from /opt/airflow/dags/kafka_consumer_dag.py
[2024-07-12 00:38:24,552] {logging_mixin.py:109} INFO - [2024-07-12 00:38:24,551] {dag.py:2398} INFO - Sync 1 DAGs
[2024-07-12 00:38:24,580] {logging_mixin.py:109} INFO - [2024-07-12 00:38:24,580] {dag.py:2937} INFO - Setting next_dagrun for kafka_consumer_dag to 2023-01-01T00:00:00+00:00
[2024-07-12 00:38:24,609] {processor.py:171} INFO - Processing /opt/airflow/dags/kafka_consumer_dag.py took 0.143 seconds
[2024-07-12 00:38:55,274] {processor.py:163} INFO - Started process (PID=5507) to work on /opt/airflow/dags/kafka_consumer_dag.py
[2024-07-12 00:38:55,275] {processor.py:642} INFO - Processing file /opt/airflow/dags/kafka_consumer_dag.py for tasks to queue
[2024-07-12 00:38:55,276] {logging_mixin.py:109} INFO - [2024-07-12 00:38:55,276] {dagbag.py:500} INFO - Filling up the DagBag from /opt/airflow/dags/kafka_consumer_dag.py
[2024-07-12 00:38:55,333] {processor.py:654} INFO - DAG(s) dict_keys(['kafka_consumer_dag']) retrieved from /opt/airflow/dags/kafka_consumer_dag.py
[2024-07-12 00:38:55,346] {logging_mixin.py:109} INFO - [2024-07-12 00:38:55,346] {dag.py:2398} INFO - Sync 1 DAGs
[2024-07-12 00:38:55,369] {logging_mixin.py:109} INFO - [2024-07-12 00:38:55,369] {dag.py:2937} INFO - Setting next_dagrun for kafka_consumer_dag to 2023-01-01T00:00:00+00:00
[2024-07-12 00:38:55,383] {processor.py:171} INFO - Processing /opt/airflow/dags/kafka_consumer_dag.py took 0.117 seconds
[2024-07-12 00:39:26,038] {processor.py:163} INFO - Started process (PID=5543) to work on /opt/airflow/dags/kafka_consumer_dag.py
[2024-07-12 00:39:26,039] {processor.py:642} INFO - Processing file /opt/airflow/dags/kafka_consumer_dag.py for tasks to queue
[2024-07-12 00:39:26,040] {logging_mixin.py:109} INFO - [2024-07-12 00:39:26,040] {dagbag.py:500} INFO - Filling up the DagBag from /opt/airflow/dags/kafka_consumer_dag.py
[2024-07-12 00:39:26,083] {processor.py:654} INFO - DAG(s) dict_keys(['kafka_consumer_dag']) retrieved from /opt/airflow/dags/kafka_consumer_dag.py
[2024-07-12 00:39:26,094] {logging_mixin.py:109} INFO - [2024-07-12 00:39:26,093] {dag.py:2398} INFO - Sync 1 DAGs
[2024-07-12 00:39:26,118] {logging_mixin.py:109} INFO - [2024-07-12 00:39:26,118] {dag.py:2937} INFO - Setting next_dagrun for kafka_consumer_dag to 2023-01-01T00:00:00+00:00
[2024-07-12 00:39:26,127] {processor.py:171} INFO - Processing /opt/airflow/dags/kafka_consumer_dag.py took 0.092 seconds
[2024-07-12 00:39:56,820] {processor.py:163} INFO - Started process (PID=5574) to work on /opt/airflow/dags/kafka_consumer_dag.py
[2024-07-12 00:39:56,822] {processor.py:642} INFO - Processing file /opt/airflow/dags/kafka_consumer_dag.py for tasks to queue
[2024-07-12 00:39:56,823] {logging_mixin.py:109} INFO - [2024-07-12 00:39:56,823] {dagbag.py:500} INFO - Filling up the DagBag from /opt/airflow/dags/kafka_consumer_dag.py
[2024-07-12 00:39:56,862] {processor.py:654} INFO - DAG(s) dict_keys(['kafka_consumer_dag']) retrieved from /opt/airflow/dags/kafka_consumer_dag.py
[2024-07-12 00:39:56,872] {logging_mixin.py:109} INFO - [2024-07-12 00:39:56,871] {dag.py:2398} INFO - Sync 1 DAGs
[2024-07-12 00:39:56,887] {logging_mixin.py:109} INFO - [2024-07-12 00:39:56,886] {dag.py:2937} INFO - Setting next_dagrun for kafka_consumer_dag to 2023-01-01T00:00:00+00:00
[2024-07-12 00:39:56,896] {processor.py:171} INFO - Processing /opt/airflow/dags/kafka_consumer_dag.py took 0.080 seconds
[2024-07-12 00:40:27,504] {processor.py:163} INFO - Started process (PID=5605) to work on /opt/airflow/dags/kafka_consumer_dag.py
[2024-07-12 00:40:27,505] {processor.py:642} INFO - Processing file /opt/airflow/dags/kafka_consumer_dag.py for tasks to queue
[2024-07-12 00:40:27,506] {logging_mixin.py:109} INFO - [2024-07-12 00:40:27,506] {dagbag.py:500} INFO - Filling up the DagBag from /opt/airflow/dags/kafka_consumer_dag.py
[2024-07-12 00:40:27,545] {processor.py:654} INFO - DAG(s) dict_keys(['kafka_consumer_dag']) retrieved from /opt/airflow/dags/kafka_consumer_dag.py
[2024-07-12 00:40:27,554] {logging_mixin.py:109} INFO - [2024-07-12 00:40:27,554] {dag.py:2398} INFO - Sync 1 DAGs
[2024-07-12 00:40:27,573] {logging_mixin.py:109} INFO - [2024-07-12 00:40:27,572] {dag.py:2937} INFO - Setting next_dagrun for kafka_consumer_dag to 2023-01-01T00:00:00+00:00
[2024-07-12 00:40:27,582] {processor.py:171} INFO - Processing /opt/airflow/dags/kafka_consumer_dag.py took 0.081 seconds
[2024-07-12 00:40:58,536] {processor.py:163} INFO - Started process (PID=5636) to work on /opt/airflow/dags/kafka_consumer_dag.py
[2024-07-12 00:40:58,537] {processor.py:642} INFO - Processing file /opt/airflow/dags/kafka_consumer_dag.py for tasks to queue
[2024-07-12 00:40:58,538] {logging_mixin.py:109} INFO - [2024-07-12 00:40:58,538] {dagbag.py:500} INFO - Filling up the DagBag from /opt/airflow/dags/kafka_consumer_dag.py
[2024-07-12 00:40:58,588] {processor.py:654} INFO - DAG(s) dict_keys(['kafka_consumer_dag']) retrieved from /opt/airflow/dags/kafka_consumer_dag.py
[2024-07-12 00:40:58,601] {logging_mixin.py:109} INFO - [2024-07-12 00:40:58,600] {dag.py:2398} INFO - Sync 1 DAGs
[2024-07-12 00:40:58,619] {logging_mixin.py:109} INFO - [2024-07-12 00:40:58,619] {dag.py:2937} INFO - Setting next_dagrun for kafka_consumer_dag to 2023-01-01T00:00:00+00:00
[2024-07-12 00:40:58,627] {processor.py:171} INFO - Processing /opt/airflow/dags/kafka_consumer_dag.py took 0.095 seconds
[2024-07-12 00:41:29,234] {processor.py:163} INFO - Started process (PID=5667) to work on /opt/airflow/dags/kafka_consumer_dag.py
[2024-07-12 00:41:29,235] {processor.py:642} INFO - Processing file /opt/airflow/dags/kafka_consumer_dag.py for tasks to queue
[2024-07-12 00:41:29,236] {logging_mixin.py:109} INFO - [2024-07-12 00:41:29,236] {dagbag.py:500} INFO - Filling up the DagBag from /opt/airflow/dags/kafka_consumer_dag.py
[2024-07-12 00:41:29,290] {processor.py:654} INFO - DAG(s) dict_keys(['kafka_consumer_dag']) retrieved from /opt/airflow/dags/kafka_consumer_dag.py
[2024-07-12 00:41:29,304] {logging_mixin.py:109} INFO - [2024-07-12 00:41:29,304] {dag.py:2398} INFO - Sync 1 DAGs
[2024-07-12 00:41:29,324] {logging_mixin.py:109} INFO - [2024-07-12 00:41:29,324] {dag.py:2937} INFO - Setting next_dagrun for kafka_consumer_dag to 2023-01-01T00:00:00+00:00
[2024-07-12 00:41:29,334] {processor.py:171} INFO - Processing /opt/airflow/dags/kafka_consumer_dag.py took 0.103 seconds
[2024-07-12 00:41:59,885] {processor.py:163} INFO - Started process (PID=5712) to work on /opt/airflow/dags/kafka_consumer_dag.py
[2024-07-12 00:41:59,886] {processor.py:642} INFO - Processing file /opt/airflow/dags/kafka_consumer_dag.py for tasks to queue
[2024-07-12 00:41:59,887] {logging_mixin.py:109} INFO - [2024-07-12 00:41:59,887] {dagbag.py:500} INFO - Filling up the DagBag from /opt/airflow/dags/kafka_consumer_dag.py
[2024-07-12 00:41:59,933] {processor.py:654} INFO - DAG(s) dict_keys(['kafka_consumer_dag']) retrieved from /opt/airflow/dags/kafka_consumer_dag.py
[2024-07-12 00:41:59,947] {logging_mixin.py:109} INFO - [2024-07-12 00:41:59,947] {dag.py:2398} INFO - Sync 1 DAGs
[2024-07-12 00:41:59,971] {logging_mixin.py:109} INFO - [2024-07-12 00:41:59,971] {dag.py:2937} INFO - Setting next_dagrun for kafka_consumer_dag to 2023-01-01T00:00:00+00:00
[2024-07-12 00:41:59,984] {processor.py:171} INFO - Processing /opt/airflow/dags/kafka_consumer_dag.py took 0.102 seconds
[2024-07-12 00:42:30,682] {processor.py:163} INFO - Started process (PID=5743) to work on /opt/airflow/dags/kafka_consumer_dag.py
[2024-07-12 00:42:30,693] {processor.py:642} INFO - Processing file /opt/airflow/dags/kafka_consumer_dag.py for tasks to queue
[2024-07-12 00:42:30,693] {logging_mixin.py:109} INFO - [2024-07-12 00:42:30,693] {dagbag.py:500} INFO - Filling up the DagBag from /opt/airflow/dags/kafka_consumer_dag.py
[2024-07-12 00:42:30,767] {processor.py:654} INFO - DAG(s) dict_keys(['kafka_consumer_dag']) retrieved from /opt/airflow/dags/kafka_consumer_dag.py
[2024-07-12 00:42:30,777] {logging_mixin.py:109} INFO - [2024-07-12 00:42:30,777] {dag.py:2398} INFO - Sync 1 DAGs
[2024-07-12 00:42:30,806] {logging_mixin.py:109} INFO - [2024-07-12 00:42:30,806] {dag.py:2937} INFO - Setting next_dagrun for kafka_consumer_dag to 2023-01-01T00:00:00+00:00
[2024-07-12 00:42:30,818] {processor.py:171} INFO - Processing /opt/airflow/dags/kafka_consumer_dag.py took 0.146 seconds
[2024-07-12 00:43:01,360] {processor.py:163} INFO - Started process (PID=5772) to work on /opt/airflow/dags/kafka_consumer_dag.py
[2024-07-12 00:43:01,361] {processor.py:642} INFO - Processing file /opt/airflow/dags/kafka_consumer_dag.py for tasks to queue
[2024-07-12 00:43:01,362] {logging_mixin.py:109} INFO - [2024-07-12 00:43:01,362] {dagbag.py:500} INFO - Filling up the DagBag from /opt/airflow/dags/kafka_consumer_dag.py
[2024-07-12 00:43:01,402] {processor.py:654} INFO - DAG(s) dict_keys(['kafka_consumer_dag']) retrieved from /opt/airflow/dags/kafka_consumer_dag.py
[2024-07-12 00:43:01,413] {logging_mixin.py:109} INFO - [2024-07-12 00:43:01,413] {dag.py:2398} INFO - Sync 1 DAGs
[2024-07-12 00:43:01,433] {logging_mixin.py:109} INFO - [2024-07-12 00:43:01,433] {dag.py:2937} INFO - Setting next_dagrun for kafka_consumer_dag to 2023-01-01T00:00:00+00:00
[2024-07-12 00:43:01,442] {processor.py:171} INFO - Processing /opt/airflow/dags/kafka_consumer_dag.py took 0.086 seconds
[2024-07-12 00:43:31,592] {processor.py:163} INFO - Started process (PID=5784) to work on /opt/airflow/dags/kafka_consumer_dag.py
[2024-07-12 00:43:31,593] {processor.py:642} INFO - Processing file /opt/airflow/dags/kafka_consumer_dag.py for tasks to queue
[2024-07-12 00:43:31,594] {logging_mixin.py:109} INFO - [2024-07-12 00:43:31,594] {dagbag.py:500} INFO - Filling up the DagBag from /opt/airflow/dags/kafka_consumer_dag.py
[2024-07-12 00:43:31,631] {processor.py:654} INFO - DAG(s) dict_keys(['kafka_consumer_dag']) retrieved from /opt/airflow/dags/kafka_consumer_dag.py
[2024-07-12 00:43:31,645] {logging_mixin.py:109} INFO - [2024-07-12 00:43:31,644] {dag.py:2398} INFO - Sync 1 DAGs
[2024-07-12 00:43:31,663] {logging_mixin.py:109} INFO - [2024-07-12 00:43:31,662] {dag.py:2937} INFO - Setting next_dagrun for kafka_consumer_dag to 2023-01-01T00:00:00+00:00
[2024-07-12 00:43:31,671] {processor.py:171} INFO - Processing /opt/airflow/dags/kafka_consumer_dag.py took 0.082 seconds
[2024-07-12 00:44:02,499] {processor.py:163} INFO - Started process (PID=5815) to work on /opt/airflow/dags/kafka_consumer_dag.py
[2024-07-12 00:44:02,501] {processor.py:642} INFO - Processing file /opt/airflow/dags/kafka_consumer_dag.py for tasks to queue
[2024-07-12 00:44:02,501] {logging_mixin.py:109} INFO - [2024-07-12 00:44:02,501] {dagbag.py:500} INFO - Filling up the DagBag from /opt/airflow/dags/kafka_consumer_dag.py
[2024-07-12 00:44:02,539] {processor.py:654} INFO - DAG(s) dict_keys(['kafka_consumer_dag']) retrieved from /opt/airflow/dags/kafka_consumer_dag.py
[2024-07-12 00:44:02,549] {logging_mixin.py:109} INFO - [2024-07-12 00:44:02,549] {dag.py:2398} INFO - Sync 1 DAGs
[2024-07-12 00:44:02,567] {logging_mixin.py:109} INFO - [2024-07-12 00:44:02,567] {dag.py:2937} INFO - Setting next_dagrun for kafka_consumer_dag to 2023-01-01T00:00:00+00:00
[2024-07-12 00:44:02,577] {processor.py:171} INFO - Processing /opt/airflow/dags/kafka_consumer_dag.py took 0.081 seconds
[2024-07-12 00:44:33,192] {processor.py:163} INFO - Started process (PID=5846) to work on /opt/airflow/dags/kafka_consumer_dag.py
[2024-07-12 00:44:33,193] {processor.py:642} INFO - Processing file /opt/airflow/dags/kafka_consumer_dag.py for tasks to queue
[2024-07-12 00:44:33,194] {logging_mixin.py:109} INFO - [2024-07-12 00:44:33,194] {dagbag.py:500} INFO - Filling up the DagBag from /opt/airflow/dags/kafka_consumer_dag.py
[2024-07-12 00:44:33,243] {processor.py:654} INFO - DAG(s) dict_keys(['kafka_consumer_dag']) retrieved from /opt/airflow/dags/kafka_consumer_dag.py
[2024-07-12 00:44:33,255] {logging_mixin.py:109} INFO - [2024-07-12 00:44:33,255] {dag.py:2398} INFO - Sync 1 DAGs
[2024-07-12 00:44:33,279] {logging_mixin.py:109} INFO - [2024-07-12 00:44:33,279] {dag.py:2937} INFO - Setting next_dagrun for kafka_consumer_dag to 2023-01-01T00:00:00+00:00
[2024-07-12 00:44:33,294] {processor.py:171} INFO - Processing /opt/airflow/dags/kafka_consumer_dag.py took 0.106 seconds
[2024-07-12 00:45:03,993] {processor.py:163} INFO - Started process (PID=5877) to work on /opt/airflow/dags/kafka_consumer_dag.py
[2024-07-12 00:45:03,995] {processor.py:642} INFO - Processing file /opt/airflow/dags/kafka_consumer_dag.py for tasks to queue
[2024-07-12 00:45:03,995] {logging_mixin.py:109} INFO - [2024-07-12 00:45:03,995] {dagbag.py:500} INFO - Filling up the DagBag from /opt/airflow/dags/kafka_consumer_dag.py
[2024-07-12 00:45:04,039] {processor.py:654} INFO - DAG(s) dict_keys(['kafka_consumer_dag']) retrieved from /opt/airflow/dags/kafka_consumer_dag.py
[2024-07-12 00:45:04,050] {logging_mixin.py:109} INFO - [2024-07-12 00:45:04,050] {dag.py:2398} INFO - Sync 1 DAGs
[2024-07-12 00:45:04,072] {logging_mixin.py:109} INFO - [2024-07-12 00:45:04,072] {dag.py:2937} INFO - Setting next_dagrun for kafka_consumer_dag to 2023-01-01T00:00:00+00:00
[2024-07-12 00:45:04,087] {processor.py:171} INFO - Processing /opt/airflow/dags/kafka_consumer_dag.py took 0.098 seconds
[2024-07-12 00:45:34,799] {processor.py:163} INFO - Started process (PID=5908) to work on /opt/airflow/dags/kafka_consumer_dag.py
[2024-07-12 00:45:34,801] {processor.py:642} INFO - Processing file /opt/airflow/dags/kafka_consumer_dag.py for tasks to queue
[2024-07-12 00:45:34,802] {logging_mixin.py:109} INFO - [2024-07-12 00:45:34,801] {dagbag.py:500} INFO - Filling up the DagBag from /opt/airflow/dags/kafka_consumer_dag.py
[2024-07-12 00:45:34,853] {processor.py:654} INFO - DAG(s) dict_keys(['kafka_consumer_dag']) retrieved from /opt/airflow/dags/kafka_consumer_dag.py
[2024-07-12 00:45:34,865] {logging_mixin.py:109} INFO - [2024-07-12 00:45:34,865] {dag.py:2398} INFO - Sync 1 DAGs
[2024-07-12 00:45:34,885] {logging_mixin.py:109} INFO - [2024-07-12 00:45:34,885] {dag.py:2937} INFO - Setting next_dagrun for kafka_consumer_dag to 2023-01-01T00:00:00+00:00
[2024-07-12 00:45:34,898] {processor.py:171} INFO - Processing /opt/airflow/dags/kafka_consumer_dag.py took 0.105 seconds
[2024-07-12 00:46:05,864] {processor.py:163} INFO - Started process (PID=5939) to work on /opt/airflow/dags/kafka_consumer_dag.py
[2024-07-12 00:46:05,867] {processor.py:642} INFO - Processing file /opt/airflow/dags/kafka_consumer_dag.py for tasks to queue
[2024-07-12 00:46:05,869] {logging_mixin.py:109} INFO - [2024-07-12 00:46:05,869] {dagbag.py:500} INFO - Filling up the DagBag from /opt/airflow/dags/kafka_consumer_dag.py
[2024-07-12 00:46:05,923] {processor.py:654} INFO - DAG(s) dict_keys(['kafka_consumer_dag']) retrieved from /opt/airflow/dags/kafka_consumer_dag.py
[2024-07-12 00:46:05,936] {logging_mixin.py:109} INFO - [2024-07-12 00:46:05,936] {dag.py:2398} INFO - Sync 1 DAGs
[2024-07-12 00:46:05,956] {logging_mixin.py:109} INFO - [2024-07-12 00:46:05,956] {dag.py:2937} INFO - Setting next_dagrun for kafka_consumer_dag to 2023-01-01T00:00:00+00:00
[2024-07-12 00:46:05,967] {processor.py:171} INFO - Processing /opt/airflow/dags/kafka_consumer_dag.py took 0.117 seconds
[2024-07-12 00:46:36,546] {processor.py:163} INFO - Started process (PID=5970) to work on /opt/airflow/dags/kafka_consumer_dag.py
[2024-07-12 00:46:36,547] {processor.py:642} INFO - Processing file /opt/airflow/dags/kafka_consumer_dag.py for tasks to queue
[2024-07-12 00:46:36,548] {logging_mixin.py:109} INFO - [2024-07-12 00:46:36,548] {dagbag.py:500} INFO - Filling up the DagBag from /opt/airflow/dags/kafka_consumer_dag.py
[2024-07-12 00:46:36,587] {processor.py:654} INFO - DAG(s) dict_keys(['kafka_consumer_dag']) retrieved from /opt/airflow/dags/kafka_consumer_dag.py
[2024-07-12 00:46:36,598] {logging_mixin.py:109} INFO - [2024-07-12 00:46:36,597] {dag.py:2398} INFO - Sync 1 DAGs
[2024-07-12 00:46:36,614] {logging_mixin.py:109} INFO - [2024-07-12 00:46:36,614] {dag.py:2937} INFO - Setting next_dagrun for kafka_consumer_dag to 2023-01-01T00:00:00+00:00
[2024-07-12 00:46:36,625] {processor.py:171} INFO - Processing /opt/airflow/dags/kafka_consumer_dag.py took 0.083 seconds
[2024-07-12 00:47:07,185] {processor.py:163} INFO - Started process (PID=6006) to work on /opt/airflow/dags/kafka_consumer_dag.py
[2024-07-12 00:47:07,187] {processor.py:642} INFO - Processing file /opt/airflow/dags/kafka_consumer_dag.py for tasks to queue
[2024-07-12 00:47:07,188] {logging_mixin.py:109} INFO - [2024-07-12 00:47:07,188] {dagbag.py:500} INFO - Filling up the DagBag from /opt/airflow/dags/kafka_consumer_dag.py
[2024-07-12 00:47:07,232] {processor.py:654} INFO - DAG(s) dict_keys(['kafka_consumer_dag']) retrieved from /opt/airflow/dags/kafka_consumer_dag.py
[2024-07-12 00:47:07,242] {logging_mixin.py:109} INFO - [2024-07-12 00:47:07,242] {dag.py:2398} INFO - Sync 1 DAGs
[2024-07-12 00:47:07,260] {logging_mixin.py:109} INFO - [2024-07-12 00:47:07,259] {dag.py:2937} INFO - Setting next_dagrun for kafka_consumer_dag to 2023-01-01T00:00:00+00:00
[2024-07-12 00:47:07,270] {processor.py:171} INFO - Processing /opt/airflow/dags/kafka_consumer_dag.py took 0.090 seconds
[2024-07-12 00:47:37,804] {processor.py:163} INFO - Started process (PID=6037) to work on /opt/airflow/dags/kafka_consumer_dag.py
[2024-07-12 00:47:37,805] {processor.py:642} INFO - Processing file /opt/airflow/dags/kafka_consumer_dag.py for tasks to queue
[2024-07-12 00:47:37,805] {logging_mixin.py:109} INFO - [2024-07-12 00:47:37,805] {dagbag.py:500} INFO - Filling up the DagBag from /opt/airflow/dags/kafka_consumer_dag.py
[2024-07-12 00:47:37,847] {processor.py:654} INFO - DAG(s) dict_keys(['kafka_consumer_dag']) retrieved from /opt/airflow/dags/kafka_consumer_dag.py
[2024-07-12 00:47:37,858] {logging_mixin.py:109} INFO - [2024-07-12 00:47:37,858] {dag.py:2398} INFO - Sync 1 DAGs
[2024-07-12 00:47:37,878] {logging_mixin.py:109} INFO - [2024-07-12 00:47:37,878] {dag.py:2937} INFO - Setting next_dagrun for kafka_consumer_dag to 2023-01-01T00:00:00+00:00
[2024-07-12 00:47:37,889] {processor.py:171} INFO - Processing /opt/airflow/dags/kafka_consumer_dag.py took 0.088 seconds
[2024-07-12 00:48:08,574] {processor.py:163} INFO - Started process (PID=6068) to work on /opt/airflow/dags/kafka_consumer_dag.py
[2024-07-12 00:48:08,575] {processor.py:642} INFO - Processing file /opt/airflow/dags/kafka_consumer_dag.py for tasks to queue
[2024-07-12 00:48:08,576] {logging_mixin.py:109} INFO - [2024-07-12 00:48:08,576] {dagbag.py:500} INFO - Filling up the DagBag from /opt/airflow/dags/kafka_consumer_dag.py
[2024-07-12 00:48:08,618] {processor.py:654} INFO - DAG(s) dict_keys(['kafka_consumer_dag']) retrieved from /opt/airflow/dags/kafka_consumer_dag.py
[2024-07-12 00:48:08,629] {logging_mixin.py:109} INFO - [2024-07-12 00:48:08,629] {dag.py:2398} INFO - Sync 1 DAGs
[2024-07-12 00:48:08,647] {logging_mixin.py:109} INFO - [2024-07-12 00:48:08,647] {dag.py:2937} INFO - Setting next_dagrun for kafka_consumer_dag to 2023-01-01T00:00:00+00:00
[2024-07-12 00:48:08,662] {processor.py:171} INFO - Processing /opt/airflow/dags/kafka_consumer_dag.py took 0.091 seconds
[2024-07-12 00:48:39,349] {processor.py:163} INFO - Started process (PID=6099) to work on /opt/airflow/dags/kafka_consumer_dag.py
[2024-07-12 00:48:39,351] {processor.py:642} INFO - Processing file /opt/airflow/dags/kafka_consumer_dag.py for tasks to queue
[2024-07-12 00:48:39,351] {logging_mixin.py:109} INFO - [2024-07-12 00:48:39,351] {dagbag.py:500} INFO - Filling up the DagBag from /opt/airflow/dags/kafka_consumer_dag.py
[2024-07-12 00:48:39,396] {processor.py:654} INFO - DAG(s) dict_keys(['kafka_consumer_dag']) retrieved from /opt/airflow/dags/kafka_consumer_dag.py
[2024-07-12 00:48:39,408] {logging_mixin.py:109} INFO - [2024-07-12 00:48:39,408] {dag.py:2398} INFO - Sync 1 DAGs
[2024-07-12 00:48:39,425] {logging_mixin.py:109} INFO - [2024-07-12 00:48:39,425] {dag.py:2937} INFO - Setting next_dagrun for kafka_consumer_dag to 2023-01-01T00:00:00+00:00
[2024-07-12 00:48:39,437] {processor.py:171} INFO - Processing /opt/airflow/dags/kafka_consumer_dag.py took 0.093 seconds
[2024-07-12 00:49:10,108] {processor.py:163} INFO - Started process (PID=6130) to work on /opt/airflow/dags/kafka_consumer_dag.py
[2024-07-12 00:49:10,109] {processor.py:642} INFO - Processing file /opt/airflow/dags/kafka_consumer_dag.py for tasks to queue
[2024-07-12 00:49:10,110] {logging_mixin.py:109} INFO - [2024-07-12 00:49:10,110] {dagbag.py:500} INFO - Filling up the DagBag from /opt/airflow/dags/kafka_consumer_dag.py
[2024-07-12 00:49:10,148] {processor.py:654} INFO - DAG(s) dict_keys(['kafka_consumer_dag']) retrieved from /opt/airflow/dags/kafka_consumer_dag.py
[2024-07-12 00:49:10,158] {logging_mixin.py:109} INFO - [2024-07-12 00:49:10,158] {dag.py:2398} INFO - Sync 1 DAGs
[2024-07-12 00:49:10,174] {logging_mixin.py:109} INFO - [2024-07-12 00:49:10,173] {dag.py:2937} INFO - Setting next_dagrun for kafka_consumer_dag to 2023-01-01T00:00:00+00:00
[2024-07-12 00:49:10,184] {processor.py:171} INFO - Processing /opt/airflow/dags/kafka_consumer_dag.py took 0.079 seconds
[2024-07-12 00:49:41,064] {processor.py:163} INFO - Started process (PID=6161) to work on /opt/airflow/dags/kafka_consumer_dag.py
[2024-07-12 00:49:41,065] {processor.py:642} INFO - Processing file /opt/airflow/dags/kafka_consumer_dag.py for tasks to queue
[2024-07-12 00:49:41,066] {logging_mixin.py:109} INFO - [2024-07-12 00:49:41,066] {dagbag.py:500} INFO - Filling up the DagBag from /opt/airflow/dags/kafka_consumer_dag.py
[2024-07-12 00:49:41,116] {processor.py:654} INFO - DAG(s) dict_keys(['kafka_consumer_dag']) retrieved from /opt/airflow/dags/kafka_consumer_dag.py
[2024-07-12 00:49:41,132] {logging_mixin.py:109} INFO - [2024-07-12 00:49:41,131] {dag.py:2398} INFO - Sync 1 DAGs
[2024-07-12 00:49:41,164] {logging_mixin.py:109} INFO - [2024-07-12 00:49:41,164] {dag.py:2937} INFO - Setting next_dagrun for kafka_consumer_dag to 2023-01-01T00:00:00+00:00
[2024-07-12 00:49:41,176] {processor.py:171} INFO - Processing /opt/airflow/dags/kafka_consumer_dag.py took 0.115 seconds
[2024-07-12 00:50:11,893] {processor.py:163} INFO - Started process (PID=6192) to work on /opt/airflow/dags/kafka_consumer_dag.py
[2024-07-12 00:50:11,894] {processor.py:642} INFO - Processing file /opt/airflow/dags/kafka_consumer_dag.py for tasks to queue
[2024-07-12 00:50:11,895] {logging_mixin.py:109} INFO - [2024-07-12 00:50:11,895] {dagbag.py:500} INFO - Filling up the DagBag from /opt/airflow/dags/kafka_consumer_dag.py
[2024-07-12 00:50:11,937] {processor.py:654} INFO - DAG(s) dict_keys(['kafka_consumer_dag']) retrieved from /opt/airflow/dags/kafka_consumer_dag.py
[2024-07-12 00:50:11,948] {logging_mixin.py:109} INFO - [2024-07-12 00:50:11,948] {dag.py:2398} INFO - Sync 1 DAGs
[2024-07-12 00:50:11,966] {logging_mixin.py:109} INFO - [2024-07-12 00:50:11,966] {dag.py:2937} INFO - Setting next_dagrun for kafka_consumer_dag to 2023-01-01T00:00:00+00:00
[2024-07-12 00:50:11,976] {processor.py:171} INFO - Processing /opt/airflow/dags/kafka_consumer_dag.py took 0.088 seconds
[2024-07-12 00:50:42,606] {processor.py:163} INFO - Started process (PID=6223) to work on /opt/airflow/dags/kafka_consumer_dag.py
[2024-07-12 00:50:42,608] {processor.py:642} INFO - Processing file /opt/airflow/dags/kafka_consumer_dag.py for tasks to queue
[2024-07-12 00:50:42,609] {logging_mixin.py:109} INFO - [2024-07-12 00:50:42,608] {dagbag.py:500} INFO - Filling up the DagBag from /opt/airflow/dags/kafka_consumer_dag.py
[2024-07-12 00:50:42,657] {processor.py:654} INFO - DAG(s) dict_keys(['kafka_consumer_dag']) retrieved from /opt/airflow/dags/kafka_consumer_dag.py
[2024-07-12 00:50:42,670] {logging_mixin.py:109} INFO - [2024-07-12 00:50:42,670] {dag.py:2398} INFO - Sync 1 DAGs
[2024-07-12 00:50:42,693] {logging_mixin.py:109} INFO - [2024-07-12 00:50:42,693] {dag.py:2937} INFO - Setting next_dagrun for kafka_consumer_dag to 2023-01-01T00:00:00+00:00
[2024-07-12 00:50:42,706] {processor.py:171} INFO - Processing /opt/airflow/dags/kafka_consumer_dag.py took 0.103 seconds
[2024-07-12 00:51:13,542] {processor.py:163} INFO - Started process (PID=6254) to work on /opt/airflow/dags/kafka_consumer_dag.py
[2024-07-12 00:51:13,543] {processor.py:642} INFO - Processing file /opt/airflow/dags/kafka_consumer_dag.py for tasks to queue
[2024-07-12 00:51:13,543] {logging_mixin.py:109} INFO - [2024-07-12 00:51:13,543] {dagbag.py:500} INFO - Filling up the DagBag from /opt/airflow/dags/kafka_consumer_dag.py
[2024-07-12 00:51:13,586] {processor.py:654} INFO - DAG(s) dict_keys(['kafka_consumer_dag']) retrieved from /opt/airflow/dags/kafka_consumer_dag.py
[2024-07-12 00:51:13,600] {logging_mixin.py:109} INFO - [2024-07-12 00:51:13,600] {dag.py:2398} INFO - Sync 1 DAGs
[2024-07-12 00:51:13,634] {logging_mixin.py:109} INFO - [2024-07-12 00:51:13,634] {dag.py:2937} INFO - Setting next_dagrun for kafka_consumer_dag to 2023-01-01T00:00:00+00:00
[2024-07-12 00:51:13,647] {processor.py:171} INFO - Processing /opt/airflow/dags/kafka_consumer_dag.py took 0.109 seconds
[2024-07-12 00:51:44,389] {processor.py:163} INFO - Started process (PID=6285) to work on /opt/airflow/dags/kafka_consumer_dag.py
[2024-07-12 00:51:44,391] {processor.py:642} INFO - Processing file /opt/airflow/dags/kafka_consumer_dag.py for tasks to queue
[2024-07-12 00:51:44,391] {logging_mixin.py:109} INFO - [2024-07-12 00:51:44,391] {dagbag.py:500} INFO - Filling up the DagBag from /opt/airflow/dags/kafka_consumer_dag.py
[2024-07-12 00:51:44,450] {processor.py:654} INFO - DAG(s) dict_keys(['kafka_consumer_dag']) retrieved from /opt/airflow/dags/kafka_consumer_dag.py
[2024-07-12 00:51:44,465] {logging_mixin.py:109} INFO - [2024-07-12 00:51:44,465] {dag.py:2398} INFO - Sync 1 DAGs
[2024-07-12 00:51:44,492] {logging_mixin.py:109} INFO - [2024-07-12 00:51:44,492] {dag.py:2937} INFO - Setting next_dagrun for kafka_consumer_dag to 2023-01-01T00:00:00+00:00
[2024-07-12 00:51:44,504] {processor.py:171} INFO - Processing /opt/airflow/dags/kafka_consumer_dag.py took 0.119 seconds
[2024-07-12 00:52:15,174] {processor.py:163} INFO - Started process (PID=6316) to work on /opt/airflow/dags/kafka_consumer_dag.py
[2024-07-12 00:52:15,175] {processor.py:642} INFO - Processing file /opt/airflow/dags/kafka_consumer_dag.py for tasks to queue
[2024-07-12 00:52:15,176] {logging_mixin.py:109} INFO - [2024-07-12 00:52:15,176] {dagbag.py:500} INFO - Filling up the DagBag from /opt/airflow/dags/kafka_consumer_dag.py
[2024-07-12 00:52:15,214] {processor.py:654} INFO - DAG(s) dict_keys(['kafka_consumer_dag']) retrieved from /opt/airflow/dags/kafka_consumer_dag.py
[2024-07-12 00:52:15,224] {logging_mixin.py:109} INFO - [2024-07-12 00:52:15,224] {dag.py:2398} INFO - Sync 1 DAGs
[2024-07-12 00:52:15,240] {logging_mixin.py:109} INFO - [2024-07-12 00:52:15,240] {dag.py:2937} INFO - Setting next_dagrun for kafka_consumer_dag to 2023-01-01T00:00:00+00:00
[2024-07-12 00:52:15,256] {processor.py:171} INFO - Processing /opt/airflow/dags/kafka_consumer_dag.py took 0.085 seconds
[2024-07-12 00:52:45,961] {processor.py:163} INFO - Started process (PID=6352) to work on /opt/airflow/dags/kafka_consumer_dag.py
[2024-07-12 00:52:45,968] {processor.py:642} INFO - Processing file /opt/airflow/dags/kafka_consumer_dag.py for tasks to queue
[2024-07-12 00:52:45,968] {logging_mixin.py:109} INFO - [2024-07-12 00:52:45,968] {dagbag.py:500} INFO - Filling up the DagBag from /opt/airflow/dags/kafka_consumer_dag.py
[2024-07-12 00:52:46,020] {processor.py:654} INFO - DAG(s) dict_keys(['kafka_consumer_dag']) retrieved from /opt/airflow/dags/kafka_consumer_dag.py
[2024-07-12 00:52:46,034] {logging_mixin.py:109} INFO - [2024-07-12 00:52:46,034] {dag.py:2398} INFO - Sync 1 DAGs
[2024-07-12 00:52:46,061] {logging_mixin.py:109} INFO - [2024-07-12 00:52:46,061] {dag.py:2937} INFO - Setting next_dagrun for kafka_consumer_dag to 2023-01-01T00:00:00+00:00
[2024-07-12 00:52:46,075] {processor.py:171} INFO - Processing /opt/airflow/dags/kafka_consumer_dag.py took 0.117 seconds
[2024-07-12 00:53:17,015] {processor.py:163} INFO - Started process (PID=6383) to work on /opt/airflow/dags/kafka_consumer_dag.py
[2024-07-12 00:53:17,016] {processor.py:642} INFO - Processing file /opt/airflow/dags/kafka_consumer_dag.py for tasks to queue
[2024-07-12 00:53:17,017] {logging_mixin.py:109} INFO - [2024-07-12 00:53:17,017] {dagbag.py:500} INFO - Filling up the DagBag from /opt/airflow/dags/kafka_consumer_dag.py
[2024-07-12 00:53:17,056] {processor.py:654} INFO - DAG(s) dict_keys(['kafka_consumer_dag']) retrieved from /opt/airflow/dags/kafka_consumer_dag.py
[2024-07-12 00:53:17,066] {logging_mixin.py:109} INFO - [2024-07-12 00:53:17,065] {dag.py:2398} INFO - Sync 1 DAGs
[2024-07-12 00:53:17,085] {logging_mixin.py:109} INFO - [2024-07-12 00:53:17,085] {dag.py:2937} INFO - Setting next_dagrun for kafka_consumer_dag to 2023-01-01T00:00:00+00:00
[2024-07-12 00:53:17,101] {processor.py:171} INFO - Processing /opt/airflow/dags/kafka_consumer_dag.py took 0.089 seconds
[2024-07-12 00:53:47,694] {processor.py:163} INFO - Started process (PID=6414) to work on /opt/airflow/dags/kafka_consumer_dag.py
[2024-07-12 00:53:47,696] {processor.py:642} INFO - Processing file /opt/airflow/dags/kafka_consumer_dag.py for tasks to queue
[2024-07-12 00:53:47,697] {logging_mixin.py:109} INFO - [2024-07-12 00:53:47,696] {dagbag.py:500} INFO - Filling up the DagBag from /opt/airflow/dags/kafka_consumer_dag.py
[2024-07-12 00:53:47,741] {processor.py:654} INFO - DAG(s) dict_keys(['kafka_consumer_dag']) retrieved from /opt/airflow/dags/kafka_consumer_dag.py
[2024-07-12 00:53:47,751] {logging_mixin.py:109} INFO - [2024-07-12 00:53:47,750] {dag.py:2398} INFO - Sync 1 DAGs
[2024-07-12 00:53:47,769] {logging_mixin.py:109} INFO - [2024-07-12 00:53:47,768] {dag.py:2937} INFO - Setting next_dagrun for kafka_consumer_dag to 2023-01-01T00:00:00+00:00
[2024-07-12 00:53:47,779] {processor.py:171} INFO - Processing /opt/airflow/dags/kafka_consumer_dag.py took 0.092 seconds
[2024-07-12 00:54:18,390] {processor.py:163} INFO - Started process (PID=6445) to work on /opt/airflow/dags/kafka_consumer_dag.py
[2024-07-12 00:54:18,394] {processor.py:642} INFO - Processing file /opt/airflow/dags/kafka_consumer_dag.py for tasks to queue
[2024-07-12 00:54:18,396] {logging_mixin.py:109} INFO - [2024-07-12 00:54:18,395] {dagbag.py:500} INFO - Filling up the DagBag from /opt/airflow/dags/kafka_consumer_dag.py
[2024-07-12 00:54:18,437] {processor.py:654} INFO - DAG(s) dict_keys(['kafka_consumer_dag']) retrieved from /opt/airflow/dags/kafka_consumer_dag.py
[2024-07-12 00:54:18,450] {logging_mixin.py:109} INFO - [2024-07-12 00:54:18,450] {dag.py:2398} INFO - Sync 1 DAGs
[2024-07-12 00:54:18,470] {logging_mixin.py:109} INFO - [2024-07-12 00:54:18,469] {dag.py:2937} INFO - Setting next_dagrun for kafka_consumer_dag to 2023-01-01T00:00:00+00:00
[2024-07-12 00:54:18,482] {processor.py:171} INFO - Processing /opt/airflow/dags/kafka_consumer_dag.py took 0.095 seconds
[2024-07-12 00:54:49,325] {processor.py:163} INFO - Started process (PID=6476) to work on /opt/airflow/dags/kafka_consumer_dag.py
[2024-07-12 00:54:49,326] {processor.py:642} INFO - Processing file /opt/airflow/dags/kafka_consumer_dag.py for tasks to queue
[2024-07-12 00:54:49,326] {logging_mixin.py:109} INFO - [2024-07-12 00:54:49,326] {dagbag.py:500} INFO - Filling up the DagBag from /opt/airflow/dags/kafka_consumer_dag.py
[2024-07-12 00:54:49,381] {processor.py:654} INFO - DAG(s) dict_keys(['kafka_consumer_dag']) retrieved from /opt/airflow/dags/kafka_consumer_dag.py
[2024-07-12 00:54:49,393] {logging_mixin.py:109} INFO - [2024-07-12 00:54:49,393] {dag.py:2398} INFO - Sync 1 DAGs
[2024-07-12 00:54:49,414] {logging_mixin.py:109} INFO - [2024-07-12 00:54:49,414] {dag.py:2937} INFO - Setting next_dagrun for kafka_consumer_dag to 2023-01-01T00:00:00+00:00
[2024-07-12 00:54:49,426] {processor.py:171} INFO - Processing /opt/airflow/dags/kafka_consumer_dag.py took 0.104 seconds
[2024-07-12 00:55:20,225] {processor.py:163} INFO - Started process (PID=6507) to work on /opt/airflow/dags/kafka_consumer_dag.py
[2024-07-12 00:55:20,232] {processor.py:642} INFO - Processing file /opt/airflow/dags/kafka_consumer_dag.py for tasks to queue
[2024-07-12 00:55:20,234] {logging_mixin.py:109} INFO - [2024-07-12 00:55:20,234] {dagbag.py:500} INFO - Filling up the DagBag from /opt/airflow/dags/kafka_consumer_dag.py
[2024-07-12 00:55:20,284] {processor.py:654} INFO - DAG(s) dict_keys(['kafka_consumer_dag']) retrieved from /opt/airflow/dags/kafka_consumer_dag.py
[2024-07-12 00:55:20,293] {logging_mixin.py:109} INFO - [2024-07-12 00:55:20,293] {dag.py:2398} INFO - Sync 1 DAGs
[2024-07-12 00:55:20,312] {logging_mixin.py:109} INFO - [2024-07-12 00:55:20,311] {dag.py:2937} INFO - Setting next_dagrun for kafka_consumer_dag to 2023-01-01T00:00:00+00:00
[2024-07-12 00:55:20,322] {processor.py:171} INFO - Processing /opt/airflow/dags/kafka_consumer_dag.py took 0.100 seconds
[2024-07-12 03:55:34,526] {processor.py:163} INFO - Started process (PID=6521) to work on /opt/airflow/dags/kafka_consumer_dag.py
[2024-07-12 03:55:34,527] {processor.py:642} INFO - Processing file /opt/airflow/dags/kafka_consumer_dag.py for tasks to queue
[2024-07-12 03:55:34,527] {logging_mixin.py:109} INFO - [2024-07-12 03:55:34,527] {dagbag.py:500} INFO - Filling up the DagBag from /opt/airflow/dags/kafka_consumer_dag.py
[2024-07-12 03:55:34,860] {processor.py:654} INFO - DAG(s) dict_keys(['kafka_consumer_dag']) retrieved from /opt/airflow/dags/kafka_consumer_dag.py
[2024-07-12 03:55:34,941] {logging_mixin.py:109} INFO - [2024-07-12 03:55:34,941] {dag.py:2398} INFO - Sync 1 DAGs
[2024-07-12 03:55:35,122] {logging_mixin.py:109} INFO - [2024-07-12 03:55:35,122] {dag.py:2937} INFO - Setting next_dagrun for kafka_consumer_dag to 2023-01-01T00:00:00+00:00
[2024-07-12 03:55:35,285] {processor.py:171} INFO - Processing /opt/airflow/dags/kafka_consumer_dag.py took 0.772 seconds
[2024-07-12 09:46:52,160] {processor.py:163} INFO - Started process (PID=6583) to work on /opt/airflow/dags/kafka_consumer_dag.py
[2024-07-12 09:46:52,177] {processor.py:642} INFO - Processing file /opt/airflow/dags/kafka_consumer_dag.py for tasks to queue
[2024-07-12 09:46:52,177] {logging_mixin.py:109} INFO - [2024-07-12 09:46:52,177] {dagbag.py:500} INFO - Filling up the DagBag from /opt/airflow/dags/kafka_consumer_dag.py
[2024-07-12 09:46:52,445] {processor.py:654} INFO - DAG(s) dict_keys(['kafka_consumer_dag']) retrieved from /opt/airflow/dags/kafka_consumer_dag.py
[2024-07-12 09:46:52,492] {logging_mixin.py:109} INFO - [2024-07-12 09:46:52,492] {dag.py:2398} INFO - Sync 1 DAGs
[2024-07-12 09:46:52,555] {logging_mixin.py:109} INFO - [2024-07-12 09:46:52,555] {dag.py:2937} INFO - Setting next_dagrun for kafka_consumer_dag to 2023-01-01T00:00:00+00:00
[2024-07-12 09:46:52,620] {processor.py:171} INFO - Processing /opt/airflow/dags/kafka_consumer_dag.py took 0.474 seconds
[2024-07-12 09:47:22,845] {processor.py:163} INFO - Started process (PID=6618) to work on /opt/airflow/dags/kafka_consumer_dag.py
[2024-07-12 09:47:22,845] {processor.py:642} INFO - Processing file /opt/airflow/dags/kafka_consumer_dag.py for tasks to queue
[2024-07-12 09:47:22,846] {logging_mixin.py:109} INFO - [2024-07-12 09:47:22,846] {dagbag.py:500} INFO - Filling up the DagBag from /opt/airflow/dags/kafka_consumer_dag.py
[2024-07-12 09:47:22,888] {processor.py:654} INFO - DAG(s) dict_keys(['kafka_consumer_dag']) retrieved from /opt/airflow/dags/kafka_consumer_dag.py
[2024-07-12 09:47:22,899] {logging_mixin.py:109} INFO - [2024-07-12 09:47:22,899] {dag.py:2398} INFO - Sync 1 DAGs
[2024-07-12 09:47:22,913] {logging_mixin.py:109} INFO - [2024-07-12 09:47:22,913] {dag.py:2937} INFO - Setting next_dagrun for kafka_consumer_dag to 2023-01-01T00:00:00+00:00
[2024-07-12 09:47:22,923] {processor.py:171} INFO - Processing /opt/airflow/dags/kafka_consumer_dag.py took 0.081 seconds
