[2024-06-26 16:02:30,858] {taskinstance.py:1037} INFO - Dependencies all met for <TaskInstance: webscraping_dag.scrape_and_produce scheduled__2023-03-26T22:00:00+00:00 [queued]>
[2024-06-26 16:02:30,868] {taskinstance.py:1037} INFO - Dependencies all met for <TaskInstance: webscraping_dag.scrape_and_produce scheduled__2023-03-26T22:00:00+00:00 [queued]>
[2024-06-26 16:02:30,868] {taskinstance.py:1243} INFO - 
--------------------------------------------------------------------------------
[2024-06-26 16:02:30,868] {taskinstance.py:1244} INFO - Starting attempt 1 of 2
[2024-06-26 16:02:30,868] {taskinstance.py:1245} INFO - 
--------------------------------------------------------------------------------
[2024-06-26 16:02:30,879] {taskinstance.py:1264} INFO - Executing <Task(PythonOperator): scrape_and_produce> on 2023-03-26 22:00:00+00:00
[2024-06-26 16:02:30,882] {standard_task_runner.py:52} INFO - Started process 7494 to run task
[2024-06-26 16:02:30,894] {standard_task_runner.py:76} INFO - Running: ['airflow', 'tasks', 'run', 'webscraping_dag', 'scrape_and_produce', 'scheduled__2023-03-26T22:00:00+00:00', '--job-id', '2234', '--raw', '--subdir', 'DAGS_FOLDER/webscraping_dag.py', '--cfg-path', '/tmp/tmpbilfi82e', '--error-file', '/tmp/tmp92xnqa3u']
[2024-06-26 16:02:30,899] {standard_task_runner.py:77} INFO - Job 2234: Subtask scrape_and_produce
[2024-06-26 16:02:31,013] {logging_mixin.py:109} INFO - Running <TaskInstance: webscraping_dag.scrape_and_produce scheduled__2023-03-26T22:00:00+00:00 [running]> on host 1f86a07ac7e4
[2024-06-26 16:02:31,118] {taskinstance.py:1431} INFO - Exporting the following env vars:
AIRFLOW_CTX_DAG_OWNER=airflow
AIRFLOW_CTX_DAG_ID=webscraping_dag
AIRFLOW_CTX_TASK_ID=scrape_and_produce
AIRFLOW_CTX_EXECUTION_DATE=2023-03-26T22:00:00+00:00
AIRFLOW_CTX_DAG_RUN_ID=scheduled__2023-03-26T22:00:00+00:00
[2024-06-26 16:02:31,130] {logging_mixin.py:109} INFO - Error initializing WebDriver: Message: 'chromedriver' executable needs to be in PATH. Please see https://sites.google.com/a/chromium.org/chromedriver/home
[2024-06-26 16:02:31,130] {logging_mixin.py:109} INFO - 
[2024-06-26 16:02:31,130] {python.py:175} INFO - Done. Returned value was: None
[2024-06-26 16:02:31,197] {taskinstance.py:1282} INFO - Marking task as SUCCESS. dag_id=webscraping_dag, task_id=scrape_and_produce, execution_date=20230326T220000, start_date=20240626T160230, end_date=20240626T160231
[2024-06-26 16:02:31,260] {local_task_job.py:154} INFO - Task exited with return code 0
[2024-06-26 16:02:31,320] {local_task_job.py:264} INFO - 0 downstream tasks scheduled from follow-on schedule check
