[2024-06-26 15:52:19,715] {taskinstance.py:1037} INFO - Dependencies all met for <TaskInstance: webscraping_dag.scrape_and_produce scheduled__2023-02-08T00:00:00+00:00 [queued]>
[2024-06-26 15:52:19,750] {taskinstance.py:1037} INFO - Dependencies all met for <TaskInstance: webscraping_dag.scrape_and_produce scheduled__2023-02-08T00:00:00+00:00 [queued]>
[2024-06-26 15:52:19,750] {taskinstance.py:1243} INFO - 
--------------------------------------------------------------------------------
[2024-06-26 15:52:19,750] {taskinstance.py:1244} INFO - Starting attempt 1 of 2
[2024-06-26 15:52:19,750] {taskinstance.py:1245} INFO - 
--------------------------------------------------------------------------------
[2024-06-26 15:52:19,779] {taskinstance.py:1264} INFO - Executing <Task(PythonOperator): scrape_and_produce> on 2023-02-08 00:00:00+00:00
[2024-06-26 15:52:19,782] {standard_task_runner.py:52} INFO - Started process 3488 to run task
[2024-06-26 15:52:19,806] {standard_task_runner.py:76} INFO - Running: ['airflow', 'tasks', 'run', 'webscraping_dag', 'scrape_and_produce', 'scheduled__2023-02-08T00:00:00+00:00', '--job-id', '1108', '--raw', '--subdir', 'DAGS_FOLDER/webscraping_dag.py', '--cfg-path', '/tmp/tmp4f_9lsmt', '--error-file', '/tmp/tmplzo6w6rw']
[2024-06-26 15:52:19,818] {standard_task_runner.py:77} INFO - Job 1108: Subtask scrape_and_produce
[2024-06-26 15:52:19,949] {logging_mixin.py:109} INFO - Running <TaskInstance: webscraping_dag.scrape_and_produce scheduled__2023-02-08T00:00:00+00:00 [running]> on host 1f86a07ac7e4
[2024-06-26 15:52:20,089] {taskinstance.py:1431} INFO - Exporting the following env vars:
AIRFLOW_CTX_DAG_OWNER=airflow
AIRFLOW_CTX_DAG_ID=webscraping_dag
AIRFLOW_CTX_TASK_ID=scrape_and_produce
AIRFLOW_CTX_EXECUTION_DATE=2023-02-08T00:00:00+00:00
AIRFLOW_CTX_DAG_RUN_ID=scheduled__2023-02-08T00:00:00+00:00
[2024-06-26 15:52:20,096] {logging_mixin.py:109} INFO - Error initializing WebDriver: Message: 'chromedriver' executable needs to be in PATH. Please see https://sites.google.com/a/chromium.org/chromedriver/home
[2024-06-26 15:52:20,096] {logging_mixin.py:109} INFO - 
[2024-06-26 15:52:20,096] {python.py:175} INFO - Done. Returned value was: None
[2024-06-26 15:52:20,128] {taskinstance.py:1282} INFO - Marking task as SUCCESS. dag_id=webscraping_dag, task_id=scrape_and_produce, execution_date=20230208T000000, start_date=20240626T155219, end_date=20240626T155220
[2024-06-26 15:52:20,161] {local_task_job.py:154} INFO - Task exited with return code 0
[2024-06-26 15:52:20,205] {local_task_job.py:264} INFO - 0 downstream tasks scheduled from follow-on schedule check
