[2024-07-12 00:26:46,628] {taskinstance.py:1037} INFO - Dependencies all met for <TaskInstance: orchestrator_dag.trigger_text_processing_dag_1 manual__2024-06-25T04:55:31.396105+00:00 [queued]>
[2024-07-12 00:26:46,663] {taskinstance.py:1037} INFO - Dependencies all met for <TaskInstance: orchestrator_dag.trigger_text_processing_dag_1 manual__2024-06-25T04:55:31.396105+00:00 [queued]>
[2024-07-12 00:26:46,663] {taskinstance.py:1243} INFO - 
--------------------------------------------------------------------------------
[2024-07-12 00:26:46,663] {taskinstance.py:1244} INFO - Starting attempt 2 of 3
[2024-07-12 00:26:46,663] {taskinstance.py:1245} INFO - 
--------------------------------------------------------------------------------
[2024-07-12 00:26:46,712] {taskinstance.py:1264} INFO - Executing <Task(TriggerDagRunOperator): trigger_text_processing_dag_1> on 2024-06-25 04:55:31.396105+00:00
[2024-07-12 00:26:46,720] {standard_task_runner.py:52} INFO - Started process 4643 to run task
[2024-07-12 00:26:46,744] {standard_task_runner.py:76} INFO - Running: ['airflow', 'tasks', 'run', 'orchestrator_dag', 'trigger_text_processing_dag_1', 'manual__2024-06-25T04:55:31.396105+00:00', '--job-id', '3180', '--raw', '--subdir', 'DAGS_FOLDER/dag_orchestrator.py', '--cfg-path', '/tmp/tmpaw_xi7kq', '--error-file', '/tmp/tmpvtl82eul']
[2024-07-12 00:26:46,751] {standard_task_runner.py:77} INFO - Job 3180: Subtask trigger_text_processing_dag_1
[2024-07-12 00:26:47,093] {logging_mixin.py:109} INFO - Running <TaskInstance: orchestrator_dag.trigger_text_processing_dag_1 manual__2024-06-25T04:55:31.396105+00:00 [running]> on host cf249bbdc0d0
[2024-07-12 00:26:47,376] {taskinstance.py:1431} INFO - Exporting the following env vars:
AIRFLOW_CTX_DAG_OWNER=airflow
AIRFLOW_CTX_DAG_ID=orchestrator_dag
AIRFLOW_CTX_TASK_ID=trigger_text_processing_dag_1
AIRFLOW_CTX_EXECUTION_DATE=2024-06-25T04:55:31.396105+00:00
AIRFLOW_CTX_DAG_RUN_ID=manual__2024-06-25T04:55:31.396105+00:00
[2024-07-12 00:26:47,593] {logging_mixin.py:109} WARNING - /home/airflow/.local/lib/python3.6/site-packages/airflow/api/common/trigger_dag.py:90 DeprecationWarning: Calling `DAG.create_dagrun()` without an explicit data interval is deprecated
[2024-07-12 00:26:48,474] {taskinstance.py:1282} INFO - Marking task as SUCCESS. dag_id=orchestrator_dag, task_id=trigger_text_processing_dag_1, execution_date=20240625T045531, start_date=20240712T002646, end_date=20240712T002648
[2024-07-12 00:26:48,618] {local_task_job.py:154} INFO - Task exited with return code 0
[2024-07-12 00:26:48,758] {local_task_job.py:264} INFO - 1 downstream tasks scheduled from follow-on schedule check
