[2024-06-22 05:49:32,390] {processor.py:163} INFO - Started process (PID=10673) to work on /opt/airflow/dags/dag_text_processing_1.py
[2024-06-22 05:49:32,391] {processor.py:642} INFO - Processing file /opt/airflow/dags/dag_text_processing_1.py for tasks to queue
[2024-06-22 05:49:32,392] {logging_mixin.py:109} INFO - [2024-06-22 05:49:32,392] {dagbag.py:500} INFO - Filling up the DagBag from /opt/airflow/dags/dag_text_processing_1.py
[2024-06-22 05:49:47,065] {processor.py:654} INFO - DAG(s) dict_keys(['text_processing_dag_1']) retrieved from /opt/airflow/dags/dag_text_processing_1.py
[2024-06-22 05:49:47,143] {logging_mixin.py:109} INFO - [2024-06-22 05:49:47,142] {dag.py:2398} INFO - Sync 1 DAGs
[2024-06-22 05:49:47,274] {logging_mixin.py:109} INFO - [2024-06-22 05:49:47,274] {dag.py:2937} INFO - Setting next_dagrun for text_processing_dag_1 to None
[2024-06-22 05:49:47,356] {processor.py:171} INFO - Processing /opt/airflow/dags/dag_text_processing_1.py took 14.983 seconds
[2024-06-22 05:50:17,804] {processor.py:163} INFO - Started process (PID=10708) to work on /opt/airflow/dags/dag_text_processing_1.py
[2024-06-22 05:50:17,806] {processor.py:642} INFO - Processing file /opt/airflow/dags/dag_text_processing_1.py for tasks to queue
[2024-06-22 05:50:17,807] {logging_mixin.py:109} INFO - [2024-06-22 05:50:17,807] {dagbag.py:500} INFO - Filling up the DagBag from /opt/airflow/dags/dag_text_processing_1.py
[2024-06-22 05:50:19,617] {processor.py:654} INFO - DAG(s) dict_keys(['text_processing_dag_1']) retrieved from /opt/airflow/dags/dag_text_processing_1.py
[2024-06-22 05:50:19,640] {logging_mixin.py:109} INFO - [2024-06-22 05:50:19,639] {dag.py:2398} INFO - Sync 1 DAGs
[2024-06-22 05:50:19,678] {logging_mixin.py:109} INFO - [2024-06-22 05:50:19,678] {dag.py:2937} INFO - Setting next_dagrun for text_processing_dag_1 to None
[2024-06-22 05:50:19,698] {processor.py:171} INFO - Processing /opt/airflow/dags/dag_text_processing_1.py took 1.897 seconds
[2024-06-22 05:50:50,082] {processor.py:163} INFO - Started process (PID=10734) to work on /opt/airflow/dags/dag_text_processing_1.py
[2024-06-22 05:50:50,085] {processor.py:642} INFO - Processing file /opt/airflow/dags/dag_text_processing_1.py for tasks to queue
[2024-06-22 05:50:50,085] {logging_mixin.py:109} INFO - [2024-06-22 05:50:50,085] {dagbag.py:500} INFO - Filling up the DagBag from /opt/airflow/dags/dag_text_processing_1.py
[2024-06-22 05:50:51,638] {processor.py:654} INFO - DAG(s) dict_keys(['text_processing_dag_1']) retrieved from /opt/airflow/dags/dag_text_processing_1.py
[2024-06-22 05:50:51,649] {logging_mixin.py:109} INFO - [2024-06-22 05:50:51,648] {dag.py:2398} INFO - Sync 1 DAGs
[2024-06-22 05:50:51,667] {logging_mixin.py:109} INFO - [2024-06-22 05:50:51,667] {dag.py:2937} INFO - Setting next_dagrun for text_processing_dag_1 to None
[2024-06-22 05:50:51,676] {processor.py:171} INFO - Processing /opt/airflow/dags/dag_text_processing_1.py took 1.606 seconds
[2024-06-22 05:51:22,433] {processor.py:163} INFO - Started process (PID=10755) to work on /opt/airflow/dags/dag_text_processing_1.py
[2024-06-22 05:51:22,435] {processor.py:642} INFO - Processing file /opt/airflow/dags/dag_text_processing_1.py for tasks to queue
[2024-06-22 05:51:22,437] {logging_mixin.py:109} INFO - [2024-06-22 05:51:22,435] {dagbag.py:500} INFO - Filling up the DagBag from /opt/airflow/dags/dag_text_processing_1.py
[2024-06-22 05:51:24,245] {processor.py:654} INFO - DAG(s) dict_keys(['text_processing_dag_1']) retrieved from /opt/airflow/dags/dag_text_processing_1.py
[2024-06-22 05:51:24,257] {logging_mixin.py:109} INFO - [2024-06-22 05:51:24,255] {dag.py:2398} INFO - Sync 1 DAGs
[2024-06-22 05:51:24,283] {logging_mixin.py:109} INFO - [2024-06-22 05:51:24,283] {dag.py:2937} INFO - Setting next_dagrun for text_processing_dag_1 to None
[2024-06-22 05:51:24,304] {processor.py:171} INFO - Processing /opt/airflow/dags/dag_text_processing_1.py took 1.880 seconds
[2024-06-22 05:51:54,548] {processor.py:163} INFO - Started process (PID=10776) to work on /opt/airflow/dags/dag_text_processing_1.py
[2024-06-22 05:51:54,553] {processor.py:642} INFO - Processing file /opt/airflow/dags/dag_text_processing_1.py for tasks to queue
[2024-06-22 05:51:54,554] {logging_mixin.py:109} INFO - [2024-06-22 05:51:54,554] {dagbag.py:500} INFO - Filling up the DagBag from /opt/airflow/dags/dag_text_processing_1.py
[2024-06-22 05:51:56,357] {processor.py:654} INFO - DAG(s) dict_keys(['text_processing_dag_1']) retrieved from /opt/airflow/dags/dag_text_processing_1.py
[2024-06-22 05:51:56,370] {logging_mixin.py:109} INFO - [2024-06-22 05:51:56,369] {dag.py:2398} INFO - Sync 1 DAGs
[2024-06-22 05:51:56,393] {logging_mixin.py:109} INFO - [2024-06-22 05:51:56,392] {dag.py:2937} INFO - Setting next_dagrun for text_processing_dag_1 to None
[2024-06-22 05:51:56,405] {processor.py:171} INFO - Processing /opt/airflow/dags/dag_text_processing_1.py took 1.861 seconds
[2024-06-22 05:52:26,770] {processor.py:163} INFO - Started process (PID=10797) to work on /opt/airflow/dags/dag_text_processing_1.py
[2024-06-22 05:52:26,776] {processor.py:642} INFO - Processing file /opt/airflow/dags/dag_text_processing_1.py for tasks to queue
[2024-06-22 05:52:26,777] {logging_mixin.py:109} INFO - [2024-06-22 05:52:26,776] {dagbag.py:500} INFO - Filling up the DagBag from /opt/airflow/dags/dag_text_processing_1.py
[2024-06-22 05:52:28,438] {processor.py:654} INFO - DAG(s) dict_keys(['text_processing_dag_1']) retrieved from /opt/airflow/dags/dag_text_processing_1.py
[2024-06-22 05:52:28,450] {logging_mixin.py:109} INFO - [2024-06-22 05:52:28,448] {dag.py:2398} INFO - Sync 1 DAGs
[2024-06-22 05:52:28,468] {logging_mixin.py:109} INFO - [2024-06-22 05:52:28,468] {dag.py:2937} INFO - Setting next_dagrun for text_processing_dag_1 to None
[2024-06-22 05:52:28,477] {processor.py:171} INFO - Processing /opt/airflow/dags/dag_text_processing_1.py took 1.711 seconds
[2024-06-22 05:52:58,941] {processor.py:163} INFO - Started process (PID=10818) to work on /opt/airflow/dags/dag_text_processing_1.py
[2024-06-22 05:52:58,947] {processor.py:642} INFO - Processing file /opt/airflow/dags/dag_text_processing_1.py for tasks to queue
[2024-06-22 05:52:58,948] {logging_mixin.py:109} INFO - [2024-06-22 05:52:58,947] {dagbag.py:500} INFO - Filling up the DagBag from /opt/airflow/dags/dag_text_processing_1.py
[2024-06-22 05:53:00,614] {processor.py:654} INFO - DAG(s) dict_keys(['text_processing_dag_1']) retrieved from /opt/airflow/dags/dag_text_processing_1.py
[2024-06-22 05:53:00,631] {logging_mixin.py:109} INFO - [2024-06-22 05:53:00,628] {dag.py:2398} INFO - Sync 1 DAGs
[2024-06-22 05:53:00,654] {logging_mixin.py:109} INFO - [2024-06-22 05:53:00,654] {dag.py:2937} INFO - Setting next_dagrun for text_processing_dag_1 to None
[2024-06-22 05:53:00,664] {processor.py:171} INFO - Processing /opt/airflow/dags/dag_text_processing_1.py took 1.727 seconds
[2024-06-22 05:53:31,147] {processor.py:163} INFO - Started process (PID=10839) to work on /opt/airflow/dags/dag_text_processing_1.py
[2024-06-22 05:53:31,149] {processor.py:642} INFO - Processing file /opt/airflow/dags/dag_text_processing_1.py for tasks to queue
[2024-06-22 05:53:31,151] {logging_mixin.py:109} INFO - [2024-06-22 05:53:31,150] {dagbag.py:500} INFO - Filling up the DagBag from /opt/airflow/dags/dag_text_processing_1.py
[2024-06-22 05:53:32,794] {processor.py:654} INFO - DAG(s) dict_keys(['text_processing_dag_1']) retrieved from /opt/airflow/dags/dag_text_processing_1.py
[2024-06-22 05:53:32,805] {logging_mixin.py:109} INFO - [2024-06-22 05:53:32,804] {dag.py:2398} INFO - Sync 1 DAGs
[2024-06-22 05:53:32,824] {logging_mixin.py:109} INFO - [2024-06-22 05:53:32,823] {dag.py:2937} INFO - Setting next_dagrun for text_processing_dag_1 to None
[2024-06-22 05:53:32,833] {processor.py:171} INFO - Processing /opt/airflow/dags/dag_text_processing_1.py took 1.692 seconds
[2024-06-22 05:54:03,048] {processor.py:163} INFO - Started process (PID=10860) to work on /opt/airflow/dags/dag_text_processing_1.py
[2024-06-22 05:54:03,049] {processor.py:642} INFO - Processing file /opt/airflow/dags/dag_text_processing_1.py for tasks to queue
[2024-06-22 05:54:03,050] {logging_mixin.py:109} INFO - [2024-06-22 05:54:03,050] {dagbag.py:500} INFO - Filling up the DagBag from /opt/airflow/dags/dag_text_processing_1.py
[2024-06-22 05:54:04,641] {processor.py:654} INFO - DAG(s) dict_keys(['text_processing_dag_1']) retrieved from /opt/airflow/dags/dag_text_processing_1.py
[2024-06-22 05:54:04,651] {logging_mixin.py:109} INFO - [2024-06-22 05:54:04,650] {dag.py:2398} INFO - Sync 1 DAGs
[2024-06-22 05:54:04,668] {logging_mixin.py:109} INFO - [2024-06-22 05:54:04,668] {dag.py:2937} INFO - Setting next_dagrun for text_processing_dag_1 to None
[2024-06-22 05:54:04,677] {processor.py:171} INFO - Processing /opt/airflow/dags/dag_text_processing_1.py took 1.633 seconds
[2024-06-22 05:54:34,840] {processor.py:163} INFO - Started process (PID=10881) to work on /opt/airflow/dags/dag_text_processing_1.py
[2024-06-22 05:54:34,841] {processor.py:642} INFO - Processing file /opt/airflow/dags/dag_text_processing_1.py for tasks to queue
[2024-06-22 05:54:34,842] {logging_mixin.py:109} INFO - [2024-06-22 05:54:34,842] {dagbag.py:500} INFO - Filling up the DagBag from /opt/airflow/dags/dag_text_processing_1.py
[2024-06-22 05:54:36,526] {processor.py:654} INFO - DAG(s) dict_keys(['text_processing_dag_1']) retrieved from /opt/airflow/dags/dag_text_processing_1.py
[2024-06-22 05:54:36,537] {logging_mixin.py:109} INFO - [2024-06-22 05:54:36,535] {dag.py:2398} INFO - Sync 1 DAGs
[2024-06-22 05:54:36,556] {logging_mixin.py:109} INFO - [2024-06-22 05:54:36,556] {dag.py:2937} INFO - Setting next_dagrun for text_processing_dag_1 to None
[2024-06-22 05:54:36,566] {processor.py:171} INFO - Processing /opt/airflow/dags/dag_text_processing_1.py took 1.730 seconds
[2024-06-22 05:55:06,985] {processor.py:163} INFO - Started process (PID=10902) to work on /opt/airflow/dags/dag_text_processing_1.py
[2024-06-22 05:55:06,986] {processor.py:642} INFO - Processing file /opt/airflow/dags/dag_text_processing_1.py for tasks to queue
[2024-06-22 05:55:06,987] {logging_mixin.py:109} INFO - [2024-06-22 05:55:06,987] {dagbag.py:500} INFO - Filling up the DagBag from /opt/airflow/dags/dag_text_processing_1.py
[2024-06-22 05:55:08,474] {processor.py:654} INFO - DAG(s) dict_keys(['text_processing_dag_1']) retrieved from /opt/airflow/dags/dag_text_processing_1.py
[2024-06-22 05:55:08,484] {logging_mixin.py:109} INFO - [2024-06-22 05:55:08,482] {dag.py:2398} INFO - Sync 1 DAGs
[2024-06-22 05:55:08,500] {logging_mixin.py:109} INFO - [2024-06-22 05:55:08,500] {dag.py:2937} INFO - Setting next_dagrun for text_processing_dag_1 to None
[2024-06-22 05:55:08,509] {processor.py:171} INFO - Processing /opt/airflow/dags/dag_text_processing_1.py took 1.527 seconds
[2024-06-22 05:55:38,720] {processor.py:163} INFO - Started process (PID=10923) to work on /opt/airflow/dags/dag_text_processing_1.py
[2024-06-22 05:55:38,721] {processor.py:642} INFO - Processing file /opt/airflow/dags/dag_text_processing_1.py for tasks to queue
[2024-06-22 05:55:38,722] {logging_mixin.py:109} INFO - [2024-06-22 05:55:38,722] {dagbag.py:500} INFO - Filling up the DagBag from /opt/airflow/dags/dag_text_processing_1.py
[2024-06-22 05:55:40,225] {processor.py:654} INFO - DAG(s) dict_keys(['text_processing_dag_1']) retrieved from /opt/airflow/dags/dag_text_processing_1.py
[2024-06-22 05:55:40,246] {logging_mixin.py:109} INFO - [2024-06-22 05:55:40,245] {dag.py:2398} INFO - Sync 1 DAGs
[2024-06-22 05:55:40,267] {logging_mixin.py:109} INFO - [2024-06-22 05:55:40,267] {dag.py:2937} INFO - Setting next_dagrun for text_processing_dag_1 to None
[2024-06-22 05:55:40,289] {processor.py:171} INFO - Processing /opt/airflow/dags/dag_text_processing_1.py took 1.573 seconds
[2024-06-22 05:56:10,847] {processor.py:163} INFO - Started process (PID=10944) to work on /opt/airflow/dags/dag_text_processing_1.py
[2024-06-22 05:56:10,849] {processor.py:642} INFO - Processing file /opt/airflow/dags/dag_text_processing_1.py for tasks to queue
[2024-06-22 05:56:10,849] {logging_mixin.py:109} INFO - [2024-06-22 05:56:10,849] {dagbag.py:500} INFO - Filling up the DagBag from /opt/airflow/dags/dag_text_processing_1.py
[2024-06-22 05:56:12,502] {processor.py:654} INFO - DAG(s) dict_keys(['text_processing_dag_1']) retrieved from /opt/airflow/dags/dag_text_processing_1.py
[2024-06-22 05:56:12,514] {logging_mixin.py:109} INFO - [2024-06-22 05:56:12,512] {dag.py:2398} INFO - Sync 1 DAGs
[2024-06-22 05:56:12,533] {logging_mixin.py:109} INFO - [2024-06-22 05:56:12,533] {dag.py:2937} INFO - Setting next_dagrun for text_processing_dag_1 to None
[2024-06-22 05:56:12,542] {processor.py:171} INFO - Processing /opt/airflow/dags/dag_text_processing_1.py took 1.700 seconds
[2024-06-22 05:56:43,009] {processor.py:163} INFO - Started process (PID=10965) to work on /opt/airflow/dags/dag_text_processing_1.py
[2024-06-22 05:56:43,010] {processor.py:642} INFO - Processing file /opt/airflow/dags/dag_text_processing_1.py for tasks to queue
[2024-06-22 05:56:43,010] {logging_mixin.py:109} INFO - [2024-06-22 05:56:43,010] {dagbag.py:500} INFO - Filling up the DagBag from /opt/airflow/dags/dag_text_processing_1.py
[2024-06-22 05:56:44,585] {processor.py:654} INFO - DAG(s) dict_keys(['text_processing_dag_1']) retrieved from /opt/airflow/dags/dag_text_processing_1.py
[2024-06-22 05:56:44,596] {logging_mixin.py:109} INFO - [2024-06-22 05:56:44,594] {dag.py:2398} INFO - Sync 1 DAGs
[2024-06-22 05:56:44,615] {logging_mixin.py:109} INFO - [2024-06-22 05:56:44,615] {dag.py:2937} INFO - Setting next_dagrun for text_processing_dag_1 to None
[2024-06-22 05:56:44,625] {processor.py:171} INFO - Processing /opt/airflow/dags/dag_text_processing_1.py took 1.620 seconds
[2024-06-22 05:57:15,182] {processor.py:163} INFO - Started process (PID=10986) to work on /opt/airflow/dags/dag_text_processing_1.py
[2024-06-22 05:57:15,183] {processor.py:642} INFO - Processing file /opt/airflow/dags/dag_text_processing_1.py for tasks to queue
[2024-06-22 05:57:15,184] {logging_mixin.py:109} INFO - [2024-06-22 05:57:15,184] {dagbag.py:500} INFO - Filling up the DagBag from /opt/airflow/dags/dag_text_processing_1.py
[2024-06-22 05:57:16,849] {processor.py:654} INFO - DAG(s) dict_keys(['text_processing_dag_1']) retrieved from /opt/airflow/dags/dag_text_processing_1.py
[2024-06-22 05:57:16,859] {logging_mixin.py:109} INFO - [2024-06-22 05:57:16,857] {dag.py:2398} INFO - Sync 1 DAGs
[2024-06-22 05:57:16,877] {logging_mixin.py:109} INFO - [2024-06-22 05:57:16,877] {dag.py:2937} INFO - Setting next_dagrun for text_processing_dag_1 to None
[2024-06-22 05:57:16,887] {processor.py:171} INFO - Processing /opt/airflow/dags/dag_text_processing_1.py took 1.708 seconds
[2024-06-22 05:57:47,481] {processor.py:163} INFO - Started process (PID=11007) to work on /opt/airflow/dags/dag_text_processing_1.py
[2024-06-22 05:57:47,483] {processor.py:642} INFO - Processing file /opt/airflow/dags/dag_text_processing_1.py for tasks to queue
[2024-06-22 05:57:47,484] {logging_mixin.py:109} INFO - [2024-06-22 05:57:47,483] {dagbag.py:500} INFO - Filling up the DagBag from /opt/airflow/dags/dag_text_processing_1.py
[2024-06-22 05:57:49,034] {processor.py:654} INFO - DAG(s) dict_keys(['text_processing_dag_1']) retrieved from /opt/airflow/dags/dag_text_processing_1.py
[2024-06-22 05:57:49,043] {logging_mixin.py:109} INFO - [2024-06-22 05:57:49,042] {dag.py:2398} INFO - Sync 1 DAGs
[2024-06-22 05:57:49,060] {logging_mixin.py:109} INFO - [2024-06-22 05:57:49,060] {dag.py:2937} INFO - Setting next_dagrun for text_processing_dag_1 to None
[2024-06-22 05:57:49,070] {processor.py:171} INFO - Processing /opt/airflow/dags/dag_text_processing_1.py took 1.592 seconds
[2024-06-22 05:58:19,658] {processor.py:163} INFO - Started process (PID=11028) to work on /opt/airflow/dags/dag_text_processing_1.py
[2024-06-22 05:58:19,660] {processor.py:642} INFO - Processing file /opt/airflow/dags/dag_text_processing_1.py for tasks to queue
[2024-06-22 05:58:19,660] {logging_mixin.py:109} INFO - [2024-06-22 05:58:19,660] {dagbag.py:500} INFO - Filling up the DagBag from /opt/airflow/dags/dag_text_processing_1.py
[2024-06-22 05:58:21,353] {processor.py:654} INFO - DAG(s) dict_keys(['text_processing_dag_1']) retrieved from /opt/airflow/dags/dag_text_processing_1.py
[2024-06-22 05:58:21,369] {logging_mixin.py:109} INFO - [2024-06-22 05:58:21,368] {dag.py:2398} INFO - Sync 1 DAGs
[2024-06-22 05:58:21,387] {logging_mixin.py:109} INFO - [2024-06-22 05:58:21,387] {dag.py:2937} INFO - Setting next_dagrun for text_processing_dag_1 to None
[2024-06-22 05:58:21,396] {processor.py:171} INFO - Processing /opt/airflow/dags/dag_text_processing_1.py took 1.741 seconds
[2024-06-22 05:58:51,718] {processor.py:163} INFO - Started process (PID=11049) to work on /opt/airflow/dags/dag_text_processing_1.py
[2024-06-22 05:58:51,726] {processor.py:642} INFO - Processing file /opt/airflow/dags/dag_text_processing_1.py for tasks to queue
[2024-06-22 05:58:51,727] {logging_mixin.py:109} INFO - [2024-06-22 05:58:51,727] {dagbag.py:500} INFO - Filling up the DagBag from /opt/airflow/dags/dag_text_processing_1.py
[2024-06-22 05:58:54,571] {processor.py:654} INFO - DAG(s) dict_keys(['text_processing_dag_1']) retrieved from /opt/airflow/dags/dag_text_processing_1.py
[2024-06-22 05:58:54,583] {logging_mixin.py:109} INFO - [2024-06-22 05:58:54,582] {dag.py:2398} INFO - Sync 1 DAGs
[2024-06-22 05:58:54,609] {logging_mixin.py:109} INFO - [2024-06-22 05:58:54,609] {dag.py:2937} INFO - Setting next_dagrun for text_processing_dag_1 to None
[2024-06-22 05:58:54,627] {processor.py:171} INFO - Processing /opt/airflow/dags/dag_text_processing_1.py took 2.922 seconds
[2024-06-22 05:59:24,970] {processor.py:163} INFO - Started process (PID=11070) to work on /opt/airflow/dags/dag_text_processing_1.py
[2024-06-22 05:59:24,975] {processor.py:642} INFO - Processing file /opt/airflow/dags/dag_text_processing_1.py for tasks to queue
[2024-06-22 05:59:24,978] {logging_mixin.py:109} INFO - [2024-06-22 05:59:24,977] {dagbag.py:500} INFO - Filling up the DagBag from /opt/airflow/dags/dag_text_processing_1.py
[2024-06-22 05:59:26,682] {processor.py:654} INFO - DAG(s) dict_keys(['text_processing_dag_1']) retrieved from /opt/airflow/dags/dag_text_processing_1.py
[2024-06-22 05:59:26,692] {logging_mixin.py:109} INFO - [2024-06-22 05:59:26,690] {dag.py:2398} INFO - Sync 1 DAGs
[2024-06-22 05:59:26,709] {logging_mixin.py:109} INFO - [2024-06-22 05:59:26,709] {dag.py:2937} INFO - Setting next_dagrun for text_processing_dag_1 to None
[2024-06-22 05:59:26,718] {processor.py:171} INFO - Processing /opt/airflow/dags/dag_text_processing_1.py took 1.764 seconds
[2024-06-22 05:59:57,450] {processor.py:163} INFO - Started process (PID=11096) to work on /opt/airflow/dags/dag_text_processing_1.py
[2024-06-22 05:59:57,471] {processor.py:642} INFO - Processing file /opt/airflow/dags/dag_text_processing_1.py for tasks to queue
[2024-06-22 05:59:57,472] {logging_mixin.py:109} INFO - [2024-06-22 05:59:57,472] {dagbag.py:500} INFO - Filling up the DagBag from /opt/airflow/dags/dag_text_processing_1.py
[2024-06-22 05:59:59,187] {processor.py:654} INFO - DAG(s) dict_keys(['text_processing_dag_1']) retrieved from /opt/airflow/dags/dag_text_processing_1.py
[2024-06-22 05:59:59,196] {logging_mixin.py:109} INFO - [2024-06-22 05:59:59,195] {dag.py:2398} INFO - Sync 1 DAGs
[2024-06-22 05:59:59,213] {logging_mixin.py:109} INFO - [2024-06-22 05:59:59,213] {dag.py:2937} INFO - Setting next_dagrun for text_processing_dag_1 to None
[2024-06-22 05:59:59,221] {processor.py:171} INFO - Processing /opt/airflow/dags/dag_text_processing_1.py took 1.774 seconds
[2024-06-22 06:00:29,777] {processor.py:163} INFO - Started process (PID=11117) to work on /opt/airflow/dags/dag_text_processing_1.py
[2024-06-22 06:00:29,797] {processor.py:642} INFO - Processing file /opt/airflow/dags/dag_text_processing_1.py for tasks to queue
[2024-06-22 06:00:29,799] {logging_mixin.py:109} INFO - [2024-06-22 06:00:29,798] {dagbag.py:500} INFO - Filling up the DagBag from /opt/airflow/dags/dag_text_processing_1.py
[2024-06-22 06:00:33,016] {processor.py:654} INFO - DAG(s) dict_keys(['text_processing_dag_1']) retrieved from /opt/airflow/dags/dag_text_processing_1.py
[2024-06-22 06:00:33,055] {logging_mixin.py:109} INFO - [2024-06-22 06:00:33,050] {dag.py:2398} INFO - Sync 1 DAGs
[2024-06-22 06:00:33,078] {logging_mixin.py:109} INFO - [2024-06-22 06:00:33,078] {dag.py:2937} INFO - Setting next_dagrun for text_processing_dag_1 to None
[2024-06-22 06:00:33,098] {processor.py:171} INFO - Processing /opt/airflow/dags/dag_text_processing_1.py took 3.331 seconds
[2024-06-22 06:01:03,271] {processor.py:163} INFO - Started process (PID=11138) to work on /opt/airflow/dags/dag_text_processing_1.py
[2024-06-22 06:01:03,272] {processor.py:642} INFO - Processing file /opt/airflow/dags/dag_text_processing_1.py for tasks to queue
[2024-06-22 06:01:03,273] {logging_mixin.py:109} INFO - [2024-06-22 06:01:03,273] {dagbag.py:500} INFO - Filling up the DagBag from /opt/airflow/dags/dag_text_processing_1.py
[2024-06-22 06:01:04,987] {processor.py:654} INFO - DAG(s) dict_keys(['text_processing_dag_1']) retrieved from /opt/airflow/dags/dag_text_processing_1.py
[2024-06-22 06:01:05,003] {logging_mixin.py:109} INFO - [2024-06-22 06:01:05,001] {dag.py:2398} INFO - Sync 1 DAGs
[2024-06-22 06:01:05,023] {logging_mixin.py:109} INFO - [2024-06-22 06:01:05,023] {dag.py:2937} INFO - Setting next_dagrun for text_processing_dag_1 to None
[2024-06-22 06:01:05,057] {processor.py:171} INFO - Processing /opt/airflow/dags/dag_text_processing_1.py took 1.795 seconds
[2024-06-22 06:01:35,293] {processor.py:163} INFO - Started process (PID=11159) to work on /opt/airflow/dags/dag_text_processing_1.py
[2024-06-22 06:01:35,295] {processor.py:642} INFO - Processing file /opt/airflow/dags/dag_text_processing_1.py for tasks to queue
[2024-06-22 06:01:35,296] {logging_mixin.py:109} INFO - [2024-06-22 06:01:35,295] {dagbag.py:500} INFO - Filling up the DagBag from /opt/airflow/dags/dag_text_processing_1.py
[2024-06-22 06:01:37,338] {processor.py:654} INFO - DAG(s) dict_keys(['text_processing_dag_1']) retrieved from /opt/airflow/dags/dag_text_processing_1.py
[2024-06-22 06:01:37,348] {logging_mixin.py:109} INFO - [2024-06-22 06:01:37,347] {dag.py:2398} INFO - Sync 1 DAGs
[2024-06-22 06:01:37,366] {logging_mixin.py:109} INFO - [2024-06-22 06:01:37,366] {dag.py:2937} INFO - Setting next_dagrun for text_processing_dag_1 to None
[2024-06-22 06:01:37,376] {processor.py:171} INFO - Processing /opt/airflow/dags/dag_text_processing_1.py took 2.086 seconds
[2024-06-22 06:02:07,507] {processor.py:163} INFO - Started process (PID=11180) to work on /opt/airflow/dags/dag_text_processing_1.py
[2024-06-22 06:02:07,508] {processor.py:642} INFO - Processing file /opt/airflow/dags/dag_text_processing_1.py for tasks to queue
[2024-06-22 06:02:07,509] {logging_mixin.py:109} INFO - [2024-06-22 06:02:07,509] {dagbag.py:500} INFO - Filling up the DagBag from /opt/airflow/dags/dag_text_processing_1.py
[2024-06-22 06:02:11,227] {processor.py:654} INFO - DAG(s) dict_keys(['text_processing_dag_1']) retrieved from /opt/airflow/dags/dag_text_processing_1.py
[2024-06-22 06:02:11,240] {logging_mixin.py:109} INFO - [2024-06-22 06:02:11,239] {dag.py:2398} INFO - Sync 1 DAGs
[2024-06-22 06:02:11,261] {logging_mixin.py:109} INFO - [2024-06-22 06:02:11,261] {dag.py:2937} INFO - Setting next_dagrun for text_processing_dag_1 to None
[2024-06-22 06:02:11,271] {processor.py:171} INFO - Processing /opt/airflow/dags/dag_text_processing_1.py took 3.768 seconds
[2024-06-22 06:02:41,392] {processor.py:163} INFO - Started process (PID=11204) to work on /opt/airflow/dags/dag_text_processing_1.py
[2024-06-22 06:02:41,401] {processor.py:642} INFO - Processing file /opt/airflow/dags/dag_text_processing_1.py for tasks to queue
[2024-06-22 06:02:41,430] {logging_mixin.py:109} INFO - [2024-06-22 06:02:41,429] {dagbag.py:500} INFO - Filling up the DagBag from /opt/airflow/dags/dag_text_processing_1.py
[2024-06-22 06:02:43,550] {processor.py:654} INFO - DAG(s) dict_keys(['text_processing_dag_1']) retrieved from /opt/airflow/dags/dag_text_processing_1.py
[2024-06-22 06:02:43,561] {logging_mixin.py:109} INFO - [2024-06-22 06:02:43,560] {dag.py:2398} INFO - Sync 1 DAGs
[2024-06-22 06:02:43,582] {logging_mixin.py:109} INFO - [2024-06-22 06:02:43,582] {dag.py:2937} INFO - Setting next_dagrun for text_processing_dag_1 to None
[2024-06-22 06:02:43,592] {processor.py:171} INFO - Processing /opt/airflow/dags/dag_text_processing_1.py took 2.202 seconds
[2024-06-22 06:03:13,790] {processor.py:163} INFO - Started process (PID=11225) to work on /opt/airflow/dags/dag_text_processing_1.py
[2024-06-22 06:03:13,808] {processor.py:642} INFO - Processing file /opt/airflow/dags/dag_text_processing_1.py for tasks to queue
[2024-06-22 06:03:13,809] {logging_mixin.py:109} INFO - [2024-06-22 06:03:13,809] {dagbag.py:500} INFO - Filling up the DagBag from /opt/airflow/dags/dag_text_processing_1.py
[2024-06-22 06:03:16,652] {processor.py:654} INFO - DAG(s) dict_keys(['text_processing_dag_1']) retrieved from /opt/airflow/dags/dag_text_processing_1.py
[2024-06-22 06:03:16,683] {logging_mixin.py:109} INFO - [2024-06-22 06:03:16,682] {dag.py:2398} INFO - Sync 1 DAGs
[2024-06-22 06:03:16,729] {logging_mixin.py:109} INFO - [2024-06-22 06:03:16,728] {dag.py:2937} INFO - Setting next_dagrun for text_processing_dag_1 to None
[2024-06-22 06:03:16,779] {processor.py:171} INFO - Processing /opt/airflow/dags/dag_text_processing_1.py took 2.994 seconds
[2024-06-22 06:03:46,935] {processor.py:163} INFO - Started process (PID=11246) to work on /opt/airflow/dags/dag_text_processing_1.py
[2024-06-22 06:03:46,937] {processor.py:642} INFO - Processing file /opt/airflow/dags/dag_text_processing_1.py for tasks to queue
[2024-06-22 06:03:46,938] {logging_mixin.py:109} INFO - [2024-06-22 06:03:46,938] {dagbag.py:500} INFO - Filling up the DagBag from /opt/airflow/dags/dag_text_processing_1.py
[2024-06-22 06:03:48,706] {processor.py:654} INFO - DAG(s) dict_keys(['text_processing_dag_1']) retrieved from /opt/airflow/dags/dag_text_processing_1.py
[2024-06-22 06:03:48,717] {logging_mixin.py:109} INFO - [2024-06-22 06:03:48,715] {dag.py:2398} INFO - Sync 1 DAGs
[2024-06-22 06:03:48,737] {logging_mixin.py:109} INFO - [2024-06-22 06:03:48,737] {dag.py:2937} INFO - Setting next_dagrun for text_processing_dag_1 to None
[2024-06-22 06:03:48,748] {processor.py:171} INFO - Processing /opt/airflow/dags/dag_text_processing_1.py took 1.816 seconds
