[2024-06-26 15:47:04,356] {taskinstance.py:1037} INFO - Dependencies all met for <TaskInstance: webscraping_dag.scrape_and_produce scheduled__2023-01-15T04:00:00+00:00 [queued]>
[2024-06-26 15:47:04,370] {taskinstance.py:1037} INFO - Dependencies all met for <TaskInstance: webscraping_dag.scrape_and_produce scheduled__2023-01-15T04:00:00+00:00 [queued]>
[2024-06-26 15:47:04,371] {taskinstance.py:1243} INFO - 
--------------------------------------------------------------------------------
[2024-06-26 15:47:04,371] {taskinstance.py:1244} INFO - Starting attempt 1 of 2
[2024-06-26 15:47:04,371] {taskinstance.py:1245} INFO - 
--------------------------------------------------------------------------------
[2024-06-26 15:47:04,386] {taskinstance.py:1264} INFO - Executing <Task(PythonOperator): scrape_and_produce> on 2023-01-15 04:00:00+00:00
[2024-06-26 15:47:04,388] {standard_task_runner.py:52} INFO - Started process 1517 to run task
[2024-06-26 15:47:04,391] {standard_task_runner.py:76} INFO - Running: ['airflow', 'tasks', 'run', 'webscraping_dag', 'scrape_and_produce', 'scheduled__2023-01-15T04:00:00+00:00', '--job-id', '536', '--raw', '--subdir', 'DAGS_FOLDER/webscraping_dag.py', '--cfg-path', '/tmp/tmp5gm09kic', '--error-file', '/tmp/tmpupc_h5bh']
[2024-06-26 15:47:04,394] {standard_task_runner.py:77} INFO - Job 536: Subtask scrape_and_produce
[2024-06-26 15:47:04,471] {logging_mixin.py:109} INFO - Running <TaskInstance: webscraping_dag.scrape_and_produce scheduled__2023-01-15T04:00:00+00:00 [running]> on host 1f86a07ac7e4
[2024-06-26 15:47:04,541] {taskinstance.py:1431} INFO - Exporting the following env vars:
AIRFLOW_CTX_DAG_OWNER=airflow
AIRFLOW_CTX_DAG_ID=webscraping_dag
AIRFLOW_CTX_TASK_ID=scrape_and_produce
AIRFLOW_CTX_EXECUTION_DATE=2023-01-15T04:00:00+00:00
AIRFLOW_CTX_DAG_RUN_ID=scheduled__2023-01-15T04:00:00+00:00
[2024-06-26 15:47:04,547] {logging_mixin.py:109} INFO - Error initializing WebDriver: Message: 'chromedriver' executable needs to be in PATH. Please see https://sites.google.com/a/chromium.org/chromedriver/home
[2024-06-26 15:47:04,548] {logging_mixin.py:109} INFO - 
[2024-06-26 15:47:04,548] {python.py:175} INFO - Done. Returned value was: None
[2024-06-26 15:47:04,565] {taskinstance.py:1282} INFO - Marking task as SUCCESS. dag_id=webscraping_dag, task_id=scrape_and_produce, execution_date=20230115T040000, start_date=20240626T154704, end_date=20240626T154704
[2024-06-26 15:47:04,611] {local_task_job.py:154} INFO - Task exited with return code 0
[2024-06-26 15:47:04,739] {local_task_job.py:264} INFO - 0 downstream tasks scheduled from follow-on schedule check
