[2024-07-12 00:26:50,580] {taskinstance.py:1037} INFO - Dependencies all met for <TaskInstance: orchestrator_dag.trigger_text_processing_dag_2 manual__2024-07-11T23:49:04.213991+00:00 [queued]>
[2024-07-12 00:26:50,627] {taskinstance.py:1037} INFO - Dependencies all met for <TaskInstance: orchestrator_dag.trigger_text_processing_dag_2 manual__2024-07-11T23:49:04.213991+00:00 [queued]>
[2024-07-12 00:26:50,627] {taskinstance.py:1243} INFO - 
--------------------------------------------------------------------------------
[2024-07-12 00:26:50,627] {taskinstance.py:1244} INFO - Starting attempt 2 of 3
[2024-07-12 00:26:50,627] {taskinstance.py:1245} INFO - 
--------------------------------------------------------------------------------
[2024-07-12 00:26:50,691] {taskinstance.py:1264} INFO - Executing <Task(TriggerDagRunOperator): trigger_text_processing_dag_2> on 2024-07-11 23:49:04.213991+00:00
[2024-07-12 00:26:50,707] {standard_task_runner.py:52} INFO - Started process 4672 to run task
[2024-07-12 00:26:50,736] {standard_task_runner.py:76} INFO - Running: ['airflow', 'tasks', 'run', 'orchestrator_dag', 'trigger_text_processing_dag_2', 'manual__2024-07-11T23:49:04.213991+00:00', '--job-id', '3186', '--raw', '--subdir', 'DAGS_FOLDER/dag_orchestrator.py', '--cfg-path', '/tmp/tmpyf7prq9t', '--error-file', '/tmp/tmpxtoht_r8']
[2024-07-12 00:26:50,740] {standard_task_runner.py:77} INFO - Job 3186: Subtask trigger_text_processing_dag_2
[2024-07-12 00:26:51,243] {logging_mixin.py:109} INFO - Running <TaskInstance: orchestrator_dag.trigger_text_processing_dag_2 manual__2024-07-11T23:49:04.213991+00:00 [running]> on host cf249bbdc0d0
[2024-07-12 00:26:51,596] {taskinstance.py:1431} INFO - Exporting the following env vars:
AIRFLOW_CTX_DAG_OWNER=airflow
AIRFLOW_CTX_DAG_ID=orchestrator_dag
AIRFLOW_CTX_TASK_ID=trigger_text_processing_dag_2
AIRFLOW_CTX_EXECUTION_DATE=2024-07-11T23:49:04.213991+00:00
AIRFLOW_CTX_DAG_RUN_ID=manual__2024-07-11T23:49:04.213991+00:00
[2024-07-12 00:26:51,724] {logging_mixin.py:109} WARNING - /home/airflow/.local/lib/python3.6/site-packages/airflow/api/common/trigger_dag.py:90 DeprecationWarning: Calling `DAG.create_dagrun()` without an explicit data interval is deprecated
[2024-07-12 00:26:52,599] {taskinstance.py:1282} INFO - Marking task as SUCCESS. dag_id=orchestrator_dag, task_id=trigger_text_processing_dag_2, execution_date=20240711T234904, start_date=20240712T002650, end_date=20240712T002652
[2024-07-12 00:26:52,758] {local_task_job.py:154} INFO - Task exited with return code 0
[2024-07-12 00:26:52,987] {local_task_job.py:264} INFO - 1 downstream tasks scheduled from follow-on schedule check
