[2024-06-25 05:11:03,941] {taskinstance.py:1037} INFO - Dependencies all met for <TaskInstance: text_processing_dag_1.process_text manual__2024-06-25T05:11:01.362353+00:00 [queued]>
[2024-06-25 05:11:03,964] {taskinstance.py:1037} INFO - Dependencies all met for <TaskInstance: text_processing_dag_1.process_text manual__2024-06-25T05:11:01.362353+00:00 [queued]>
[2024-06-25 05:11:03,964] {taskinstance.py:1243} INFO - 
--------------------------------------------------------------------------------
[2024-06-25 05:11:03,964] {taskinstance.py:1244} INFO - Starting attempt 1 of 2
[2024-06-25 05:11:03,964] {taskinstance.py:1245} INFO - 
--------------------------------------------------------------------------------
[2024-06-25 05:11:03,979] {taskinstance.py:1264} INFO - Executing <Task(PythonOperator): process_text> on 2024-06-25 05:11:01.362353+00:00
[2024-06-25 05:11:03,987] {standard_task_runner.py:52} INFO - Started process 4252 to run task
[2024-06-25 05:11:03,991] {standard_task_runner.py:76} INFO - Running: ['airflow', 'tasks', 'run', 'text_processing_dag_1', 'process_text', 'manual__2024-06-25T05:11:01.362353+00:00', '--job-id', '185', '--raw', '--subdir', 'DAGS_FOLDER/dag_text_processing_1.py', '--cfg-path', '/tmp/tmp1ibxa8n1', '--error-file', '/tmp/tmpz7zq8hu_']
[2024-06-25 05:11:03,997] {standard_task_runner.py:77} INFO - Job 185: Subtask process_text
[2024-06-25 05:11:04,077] {logging_mixin.py:109} INFO - Running <TaskInstance: text_processing_dag_1.process_text manual__2024-06-25T05:11:01.362353+00:00 [running]> on host 09709d0d4538
[2024-06-25 05:11:04,169] {taskinstance.py:1431} INFO - Exporting the following env vars:
AIRFLOW_CTX_DAG_OWNER=airflow
AIRFLOW_CTX_DAG_ID=text_processing_dag_1
AIRFLOW_CTX_TASK_ID=process_text
AIRFLOW_CTX_EXECUTION_DATE=2024-06-25T05:11:01.362353+00:00
AIRFLOW_CTX_DAG_RUN_ID=manual__2024-06-25T05:11:01.362353+00:00
[2024-06-25 05:11:09,557] {logging_mixin.py:109} INFO - Processed data saved to /opt/airflow/data/processed_data_1.csv
[2024-06-25 05:11:09,561] {python.py:175} INFO - Done. Returned value was: None
[2024-06-25 05:11:09,608] {taskinstance.py:1282} INFO - Marking task as SUCCESS. dag_id=text_processing_dag_1, task_id=process_text, execution_date=20240625T051101, start_date=20240625T051103, end_date=20240625T051109
[2024-06-25 05:11:09,693] {local_task_job.py:154} INFO - Task exited with return code 0
[2024-06-25 05:11:09,800] {local_task_job.py:264} INFO - 0 downstream tasks scheduled from follow-on schedule check
