[2024-06-26 15:54:04,843] {taskinstance.py:1037} INFO - Dependencies all met for <TaskInstance: webscraping_dag.scrape_and_produce scheduled__2023-02-16T07:00:00+00:00 [queued]>
[2024-06-26 15:54:04,856] {taskinstance.py:1037} INFO - Dependencies all met for <TaskInstance: webscraping_dag.scrape_and_produce scheduled__2023-02-16T07:00:00+00:00 [queued]>
[2024-06-26 15:54:04,856] {taskinstance.py:1243} INFO - 
--------------------------------------------------------------------------------
[2024-06-26 15:54:04,856] {taskinstance.py:1244} INFO - Starting attempt 1 of 2
[2024-06-26 15:54:04,856] {taskinstance.py:1245} INFO - 
--------------------------------------------------------------------------------
[2024-06-26 15:54:04,884] {taskinstance.py:1264} INFO - Executing <Task(PythonOperator): scrape_and_produce> on 2023-02-16 07:00:00+00:00
[2024-06-26 15:54:04,888] {standard_task_runner.py:52} INFO - Started process 4205 to run task
[2024-06-26 15:54:04,895] {standard_task_runner.py:76} INFO - Running: ['airflow', 'tasks', 'run', 'webscraping_dag', 'scrape_and_produce', 'scheduled__2023-02-16T07:00:00+00:00', '--job-id', '1307', '--raw', '--subdir', 'DAGS_FOLDER/webscraping_dag.py', '--cfg-path', '/tmp/tmpzewihhe4', '--error-file', '/tmp/tmpfijoh9ga']
[2024-06-26 15:54:04,898] {standard_task_runner.py:77} INFO - Job 1307: Subtask scrape_and_produce
[2024-06-26 15:54:05,035] {logging_mixin.py:109} INFO - Running <TaskInstance: webscraping_dag.scrape_and_produce scheduled__2023-02-16T07:00:00+00:00 [running]> on host 1f86a07ac7e4
[2024-06-26 15:54:05,183] {taskinstance.py:1431} INFO - Exporting the following env vars:
AIRFLOW_CTX_DAG_OWNER=airflow
AIRFLOW_CTX_DAG_ID=webscraping_dag
AIRFLOW_CTX_TASK_ID=scrape_and_produce
AIRFLOW_CTX_EXECUTION_DATE=2023-02-16T07:00:00+00:00
AIRFLOW_CTX_DAG_RUN_ID=scheduled__2023-02-16T07:00:00+00:00
[2024-06-26 15:54:05,194] {logging_mixin.py:109} INFO - Error initializing WebDriver: Message: 'chromedriver' executable needs to be in PATH. Please see https://sites.google.com/a/chromium.org/chromedriver/home
[2024-06-26 15:54:05,194] {logging_mixin.py:109} INFO - 
[2024-06-26 15:54:05,194] {python.py:175} INFO - Done. Returned value was: None
[2024-06-26 15:54:05,225] {taskinstance.py:1282} INFO - Marking task as SUCCESS. dag_id=webscraping_dag, task_id=scrape_and_produce, execution_date=20230216T070000, start_date=20240626T155404, end_date=20240626T155405
[2024-06-26 15:54:05,275] {local_task_job.py:154} INFO - Task exited with return code 0
[2024-06-26 15:54:05,352] {local_task_job.py:264} INFO - 0 downstream tasks scheduled from follow-on schedule check
