[2024-06-26 14:49:22,779] {processor.py:163} INFO - Started process (PID=19776) to work on /opt/airflow/dags/dag_orchestator_kafka.py
[2024-06-26 14:49:22,780] {processor.py:642} INFO - Processing file /opt/airflow/dags/dag_orchestator_kafka.py for tasks to queue
[2024-06-26 14:49:22,781] {logging_mixin.py:109} INFO - [2024-06-26 14:49:22,781] {dagbag.py:500} INFO - Filling up the DagBag from /opt/airflow/dags/dag_orchestator_kafka.py
[2024-06-26 14:49:22,811] {processor.py:654} INFO - DAG(s) dict_keys(['orchestrator_Kafka_dag']) retrieved from /opt/airflow/dags/dag_orchestator_kafka.py
[2024-06-26 14:49:24,662] {logging_mixin.py:109} INFO - [2024-06-26 14:49:24,661] {manager.py:496} INFO - Created Permission View: can read on DAG:orchestrator_Kafka_dag
[2024-06-26 14:49:24,670] {logging_mixin.py:109} INFO - [2024-06-26 14:49:24,670] {manager.py:496} INFO - Created Permission View: can edit on DAG:orchestrator_Kafka_dag
[2024-06-26 14:49:24,671] {logging_mixin.py:109} INFO - [2024-06-26 14:49:24,670] {dag.py:2398} INFO - Sync 1 DAGs
[2024-06-26 14:49:24,681] {logging_mixin.py:109} INFO - [2024-06-26 14:49:24,680] {dag.py:2417} INFO - Creating ORM DAG for orchestrator_Kafka_dag
[2024-06-26 14:49:24,687] {logging_mixin.py:109} INFO - [2024-06-26 14:49:24,687] {dag.py:2937} INFO - Setting next_dagrun for orchestrator_Kafka_dag to 2024-06-18T00:00:00+00:00
[2024-06-26 14:49:24,698] {processor.py:171} INFO - Processing /opt/airflow/dags/dag_orchestator_kafka.py took 1.922 seconds
[2024-06-26 14:49:55,293] {processor.py:163} INFO - Started process (PID=19806) to work on /opt/airflow/dags/dag_orchestator_kafka.py
[2024-06-26 14:49:55,295] {processor.py:642} INFO - Processing file /opt/airflow/dags/dag_orchestator_kafka.py for tasks to queue
[2024-06-26 14:49:55,295] {logging_mixin.py:109} INFO - [2024-06-26 14:49:55,295] {dagbag.py:500} INFO - Filling up the DagBag from /opt/airflow/dags/dag_orchestator_kafka.py
[2024-06-26 14:49:55,326] {processor.py:654} INFO - DAG(s) dict_keys(['orchestrator_Kafka_dag']) retrieved from /opt/airflow/dags/dag_orchestator_kafka.py
[2024-06-26 14:49:55,336] {logging_mixin.py:109} INFO - [2024-06-26 14:49:55,335] {dag.py:2398} INFO - Sync 1 DAGs
[2024-06-26 14:49:55,348] {logging_mixin.py:109} INFO - [2024-06-26 14:49:55,348] {dag.py:2937} INFO - Setting next_dagrun for orchestrator_Kafka_dag to 2024-06-18T00:00:00+00:00
[2024-06-26 14:49:55,362] {processor.py:171} INFO - Processing /opt/airflow/dags/dag_orchestator_kafka.py took 0.074 seconds
[2024-06-26 14:50:07,263] {processor.py:163} INFO - Started process (PID=19827) to work on /opt/airflow/dags/dag_orchestator_kafka.py
[2024-06-26 14:50:07,264] {processor.py:642} INFO - Processing file /opt/airflow/dags/dag_orchestator_kafka.py for tasks to queue
[2024-06-26 14:50:07,265] {logging_mixin.py:109} INFO - [2024-06-26 14:50:07,265] {dagbag.py:500} INFO - Filling up the DagBag from /opt/airflow/dags/dag_orchestator_kafka.py
[2024-06-26 14:50:07,295] {processor.py:654} INFO - DAG(s) dict_keys(['orchestrator_Kafka_dag']) retrieved from /opt/airflow/dags/dag_orchestator_kafka.py
[2024-06-26 14:50:07,584] {logging_mixin.py:109} INFO - [2024-06-26 14:50:07,584] {dag.py:2398} INFO - Sync 1 DAGs
[2024-06-26 14:50:07,593] {logging_mixin.py:109} INFO - [2024-06-26 14:50:07,593] {dag.py:2937} INFO - Setting next_dagrun for orchestrator_Kafka_dag to 2024-06-18T00:00:00+00:00
[2024-06-26 14:50:07,605] {processor.py:171} INFO - Processing /opt/airflow/dags/dag_orchestator_kafka.py took 0.345 seconds
[2024-06-26 14:50:17,686] {processor.py:163} INFO - Started process (PID=19832) to work on /opt/airflow/dags/dag_orchestator_kafka.py
[2024-06-26 14:50:17,688] {processor.py:642} INFO - Processing file /opt/airflow/dags/dag_orchestator_kafka.py for tasks to queue
[2024-06-26 14:50:17,688] {logging_mixin.py:109} INFO - [2024-06-26 14:50:17,688] {dagbag.py:500} INFO - Filling up the DagBag from /opt/airflow/dags/dag_orchestator_kafka.py
[2024-06-26 14:50:17,716] {processor.py:654} INFO - DAG(s) dict_keys(['orchestrator_Kafka_dag']) retrieved from /opt/airflow/dags/dag_orchestator_kafka.py
[2024-06-26 14:50:17,720] {logging_mixin.py:109} INFO - [2024-06-26 14:50:17,720] {dag.py:2398} INFO - Sync 1 DAGs
[2024-06-26 14:50:17,732] {logging_mixin.py:109} INFO - [2024-06-26 14:50:17,732] {dag.py:2937} INFO - Setting next_dagrun for orchestrator_Kafka_dag to 2024-06-18T00:00:00+00:00
[2024-06-26 14:50:17,743] {processor.py:171} INFO - Processing /opt/airflow/dags/dag_orchestator_kafka.py took 0.060 seconds
[2024-06-26 14:50:22,694] {processor.py:163} INFO - Started process (PID=19837) to work on /opt/airflow/dags/dag_orchestator_kafka.py
[2024-06-26 14:50:22,695] {processor.py:642} INFO - Processing file /opt/airflow/dags/dag_orchestator_kafka.py for tasks to queue
[2024-06-26 14:50:22,695] {logging_mixin.py:109} INFO - [2024-06-26 14:50:22,695] {dagbag.py:500} INFO - Filling up the DagBag from /opt/airflow/dags/dag_orchestator_kafka.py
[2024-06-26 14:50:22,731] {processor.py:654} INFO - DAG(s) dict_keys(['orchestrator_Kafka_dag']) retrieved from /opt/airflow/dags/dag_orchestator_kafka.py
[2024-06-26 14:50:22,736] {logging_mixin.py:109} INFO - [2024-06-26 14:50:22,736] {dag.py:2398} INFO - Sync 1 DAGs
[2024-06-26 14:50:22,752] {logging_mixin.py:109} INFO - [2024-06-26 14:50:22,751] {dag.py:2937} INFO - Setting next_dagrun for orchestrator_Kafka_dag to 2024-06-18T00:00:00+00:00
[2024-06-26 14:50:22,763] {processor.py:171} INFO - Processing /opt/airflow/dags/dag_orchestator_kafka.py took 0.073 seconds
[2024-06-26 14:50:33,818] {processor.py:163} INFO - Started process (PID=19847) to work on /opt/airflow/dags/dag_orchestator_kafka.py
[2024-06-26 14:50:33,820] {processor.py:642} INFO - Processing file /opt/airflow/dags/dag_orchestator_kafka.py for tasks to queue
[2024-06-26 14:50:33,820] {logging_mixin.py:109} INFO - [2024-06-26 14:50:33,820] {dagbag.py:500} INFO - Filling up the DagBag from /opt/airflow/dags/dag_orchestator_kafka.py
[2024-06-26 14:50:33,856] {processor.py:654} INFO - DAG(s) dict_keys(['orchestrator_Kafka_dag']) retrieved from /opt/airflow/dags/dag_orchestator_kafka.py
[2024-06-26 14:50:33,860] {logging_mixin.py:109} INFO - [2024-06-26 14:50:33,860] {dag.py:2398} INFO - Sync 1 DAGs
[2024-06-26 14:50:33,873] {logging_mixin.py:109} INFO - [2024-06-26 14:50:33,873] {dag.py:2937} INFO - Setting next_dagrun for orchestrator_Kafka_dag to 2024-06-18T00:00:00+00:00
[2024-06-26 14:50:33,884] {processor.py:171} INFO - Processing /opt/airflow/dags/dag_orchestator_kafka.py took 0.068 seconds
[2024-06-26 14:50:37,638] {processor.py:163} INFO - Started process (PID=19868) to work on /opt/airflow/dags/dag_orchestator_kafka.py
[2024-06-26 14:50:37,639] {processor.py:642} INFO - Processing file /opt/airflow/dags/dag_orchestator_kafka.py for tasks to queue
[2024-06-26 14:50:37,639] {logging_mixin.py:109} INFO - [2024-06-26 14:50:37,639] {dagbag.py:500} INFO - Filling up the DagBag from /opt/airflow/dags/dag_orchestator_kafka.py
[2024-06-26 14:50:37,667] {processor.py:654} INFO - DAG(s) dict_keys(['orchestrator_Kafka_dag']) retrieved from /opt/airflow/dags/dag_orchestator_kafka.py
[2024-06-26 14:50:37,971] {logging_mixin.py:109} INFO - [2024-06-26 14:50:37,971] {dag.py:2398} INFO - Sync 1 DAGs
[2024-06-26 14:50:37,982] {logging_mixin.py:109} INFO - [2024-06-26 14:50:37,982] {dag.py:2937} INFO - Setting next_dagrun for orchestrator_Kafka_dag to 2024-06-18T00:00:00+00:00
[2024-06-26 14:50:37,995] {processor.py:171} INFO - Processing /opt/airflow/dags/dag_orchestator_kafka.py took 0.360 seconds
[2024-06-26 14:50:43,654] {processor.py:163} INFO - Started process (PID=19873) to work on /opt/airflow/dags/dag_orchestator_kafka.py
[2024-06-26 14:50:43,655] {processor.py:642} INFO - Processing file /opt/airflow/dags/dag_orchestator_kafka.py for tasks to queue
[2024-06-26 14:50:43,656] {logging_mixin.py:109} INFO - [2024-06-26 14:50:43,656] {dagbag.py:500} INFO - Filling up the DagBag from /opt/airflow/dags/dag_orchestator_kafka.py
[2024-06-26 14:50:43,685] {processor.py:654} INFO - DAG(s) dict_keys(['orchestrator_Kafka_dag']) retrieved from /opt/airflow/dags/dag_orchestator_kafka.py
[2024-06-26 14:50:43,689] {logging_mixin.py:109} INFO - [2024-06-26 14:50:43,689] {dag.py:2398} INFO - Sync 1 DAGs
[2024-06-26 14:50:43,707] {logging_mixin.py:109} INFO - [2024-06-26 14:50:43,707] {dag.py:2937} INFO - Setting next_dagrun for orchestrator_Kafka_dag to 2024-06-18T00:00:00+00:00
[2024-06-26 14:50:43,724] {processor.py:171} INFO - Processing /opt/airflow/dags/dag_orchestator_kafka.py took 0.073 seconds
[2024-06-26 14:50:48,680] {processor.py:163} INFO - Started process (PID=19878) to work on /opt/airflow/dags/dag_orchestator_kafka.py
[2024-06-26 14:50:48,681] {processor.py:642} INFO - Processing file /opt/airflow/dags/dag_orchestator_kafka.py for tasks to queue
[2024-06-26 14:50:48,681] {logging_mixin.py:109} INFO - [2024-06-26 14:50:48,681] {dagbag.py:500} INFO - Filling up the DagBag from /opt/airflow/dags/dag_orchestator_kafka.py
[2024-06-26 14:50:48,714] {processor.py:654} INFO - DAG(s) dict_keys(['orchestrator_Kafka_dag']) retrieved from /opt/airflow/dags/dag_orchestator_kafka.py
[2024-06-26 14:50:48,718] {logging_mixin.py:109} INFO - [2024-06-26 14:50:48,718] {dag.py:2398} INFO - Sync 1 DAGs
[2024-06-26 14:50:48,731] {logging_mixin.py:109} INFO - [2024-06-26 14:50:48,731] {dag.py:2937} INFO - Setting next_dagrun for orchestrator_Kafka_dag to 2024-06-18T00:00:00+00:00
[2024-06-26 14:50:48,741] {processor.py:171} INFO - Processing /opt/airflow/dags/dag_orchestator_kafka.py took 0.064 seconds
[2024-06-26 14:51:08,231] {processor.py:163} INFO - Started process (PID=19902) to work on /opt/airflow/dags/dag_orchestator_kafka.py
[2024-06-26 14:51:08,236] {processor.py:642} INFO - Processing file /opt/airflow/dags/dag_orchestator_kafka.py for tasks to queue
[2024-06-26 14:51:08,237] {logging_mixin.py:109} INFO - [2024-06-26 14:51:08,237] {dagbag.py:500} INFO - Filling up the DagBag from /opt/airflow/dags/dag_orchestator_kafka.py
[2024-06-26 14:51:08,264] {processor.py:654} INFO - DAG(s) dict_keys(['orchestrator_Kafka_dag']) retrieved from /opt/airflow/dags/dag_orchestator_kafka.py
[2024-06-26 14:51:08,554] {logging_mixin.py:109} INFO - [2024-06-26 14:51:08,554] {dag.py:2398} INFO - Sync 1 DAGs
[2024-06-26 14:51:08,565] {logging_mixin.py:109} INFO - [2024-06-26 14:51:08,565] {dag.py:2937} INFO - Setting next_dagrun for orchestrator_Kafka_dag to 2024-06-18T00:00:00+00:00
[2024-06-26 14:51:08,582] {processor.py:171} INFO - Processing /opt/airflow/dags/dag_orchestator_kafka.py took 0.354 seconds
[2024-06-26 14:51:36,376] {processor.py:163} INFO - Started process (PID=19914) to work on /opt/airflow/dags/dag_orchestator_kafka.py
[2024-06-26 14:51:36,377] {processor.py:642} INFO - Processing file /opt/airflow/dags/dag_orchestator_kafka.py for tasks to queue
[2024-06-26 14:51:36,378] {logging_mixin.py:109} INFO - [2024-06-26 14:51:36,378] {dagbag.py:500} INFO - Filling up the DagBag from /opt/airflow/dags/dag_orchestator_kafka.py
[2024-06-26 14:51:36,387] {logging_mixin.py:109} INFO - [2024-06-26 14:51:36,387] {dagbag.py:334} ERROR - Failed to import: /opt/airflow/dags/dag_orchestator_kafka.py
Traceback (most recent call last):
  File "/home/airflow/.local/lib/python3.6/site-packages/airflow/models/dagbag.py", line 331, in _load_modules_from_file
    loader.exec_module(new_module)
  File "<frozen importlib._bootstrap_external>", line 678, in exec_module
  File "<frozen importlib._bootstrap>", line 219, in _call_with_frames_removed
  File "/opt/airflow/dags/dag_orchestator_kafka.py", line 42, in <module>
    start >> trigger_dag_1 >> trigger_dag_2 >> end
NameError: name 'trigger_dag_1' is not defined
[2024-06-26 14:51:36,408] {processor.py:690} INFO - Deactivated 1 DAGs which are no longer present in /opt/airflow/dags/dag_orchestator_kafka.py
[2024-06-26 14:51:36,408] {processor.py:656} WARNING - No viable dags retrieved from /opt/airflow/dags/dag_orchestator_kafka.py
[2024-06-26 14:51:36,417] {processor.py:171} INFO - Processing /opt/airflow/dags/dag_orchestator_kafka.py took 0.044 seconds
[2024-06-26 14:51:39,439] {processor.py:163} INFO - Started process (PID=19925) to work on /opt/airflow/dags/dag_orchestator_kafka.py
[2024-06-26 14:51:39,440] {processor.py:642} INFO - Processing file /opt/airflow/dags/dag_orchestator_kafka.py for tasks to queue
[2024-06-26 14:51:39,441] {logging_mixin.py:109} INFO - [2024-06-26 14:51:39,440] {dagbag.py:500} INFO - Filling up the DagBag from /opt/airflow/dags/dag_orchestator_kafka.py
[2024-06-26 14:51:39,450] {logging_mixin.py:109} INFO - [2024-06-26 14:51:39,449] {dagbag.py:334} ERROR - Failed to import: /opt/airflow/dags/dag_orchestator_kafka.py
Traceback (most recent call last):
  File "/home/airflow/.local/lib/python3.6/site-packages/airflow/models/dagbag.py", line 331, in _load_modules_from_file
    loader.exec_module(new_module)
  File "<frozen importlib._bootstrap_external>", line 678, in exec_module
  File "<frozen importlib._bootstrap>", line 219, in _call_with_frames_removed
  File "/opt/airflow/dags/dag_orchestator_kafka.py", line 42, in <module>
    start >> trigger_dag_1 >> trigger_dag_2 >> end
NameError: name 'trigger_dag_1' is not defined
[2024-06-26 14:51:39,469] {processor.py:656} WARNING - No viable dags retrieved from /opt/airflow/dags/dag_orchestator_kafka.py
[2024-06-26 14:51:39,482] {processor.py:171} INFO - Processing /opt/airflow/dags/dag_orchestator_kafka.py took 0.046 seconds
[2024-06-26 14:51:43,915] {processor.py:163} INFO - Started process (PID=19940) to work on /opt/airflow/dags/dag_orchestator_kafka.py
[2024-06-26 14:51:43,916] {processor.py:642} INFO - Processing file /opt/airflow/dags/dag_orchestator_kafka.py for tasks to queue
[2024-06-26 14:51:43,917] {logging_mixin.py:109} INFO - [2024-06-26 14:51:43,917] {dagbag.py:500} INFO - Filling up the DagBag from /opt/airflow/dags/dag_orchestator_kafka.py
[2024-06-26 14:51:43,926] {logging_mixin.py:109} INFO - [2024-06-26 14:51:43,924] {dagbag.py:334} ERROR - Failed to import: /opt/airflow/dags/dag_orchestator_kafka.py
Traceback (most recent call last):
  File "/home/airflow/.local/lib/python3.6/site-packages/airflow/models/dagbag.py", line 331, in _load_modules_from_file
    loader.exec_module(new_module)
  File "<frozen importlib._bootstrap_external>", line 678, in exec_module
  File "<frozen importlib._bootstrap>", line 219, in _call_with_frames_removed
  File "/opt/airflow/dags/dag_orchestator_kafka.py", line 34, in <module>
    dag=dag,
  File "/home/airflow/.local/lib/python3.6/site-packages/airflow/models/baseoperator.py", line 188, in apply_defaults
    result = func(self, *args, **kwargs)
  File "/home/airflow/.local/lib/python3.6/site-packages/airflow/operators/trigger_dagrun.py", line 108, in __init__
    super().__init__(**kwargs)
  File "/home/airflow/.local/lib/python3.6/site-packages/airflow/models/baseoperator.py", line 188, in apply_defaults
    result = func(self, *args, **kwargs)
  File "/home/airflow/.local/lib/python3.6/site-packages/airflow/models/baseoperator.py", line 553, in __init__
    task_group.add(self)
  File "/home/airflow/.local/lib/python3.6/site-packages/airflow/utils/task_group.py", line 175, in add
    raise DuplicateTaskIdFound(f"Task id '{key}' has already been added to the DAG")
airflow.exceptions.DuplicateTaskIdFound: Task id 'trigger_Kafka_producer' has already been added to the DAG
[2024-06-26 14:51:43,946] {processor.py:656} WARNING - No viable dags retrieved from /opt/airflow/dags/dag_orchestator_kafka.py
[2024-06-26 14:51:43,954] {processor.py:171} INFO - Processing /opt/airflow/dags/dag_orchestator_kafka.py took 0.045 seconds
[2024-06-26 14:51:45,980] {processor.py:163} INFO - Started process (PID=19945) to work on /opt/airflow/dags/dag_orchestator_kafka.py
[2024-06-26 14:51:45,982] {processor.py:642} INFO - Processing file /opt/airflow/dags/dag_orchestator_kafka.py for tasks to queue
[2024-06-26 14:51:45,983] {logging_mixin.py:109} INFO - [2024-06-26 14:51:45,983] {dagbag.py:500} INFO - Filling up the DagBag from /opt/airflow/dags/dag_orchestator_kafka.py
[2024-06-26 14:51:46,000] {logging_mixin.py:109} INFO - [2024-06-26 14:51:45,997] {dagbag.py:334} ERROR - Failed to import: /opt/airflow/dags/dag_orchestator_kafka.py
Traceback (most recent call last):
  File "/home/airflow/.local/lib/python3.6/site-packages/airflow/models/dagbag.py", line 331, in _load_modules_from_file
    loader.exec_module(new_module)
  File "<frozen importlib._bootstrap_external>", line 678, in exec_module
  File "<frozen importlib._bootstrap>", line 219, in _call_with_frames_removed
  File "/opt/airflow/dags/dag_orchestator_kafka.py", line 34, in <module>
    dag=dag,
  File "/home/airflow/.local/lib/python3.6/site-packages/airflow/models/baseoperator.py", line 188, in apply_defaults
    result = func(self, *args, **kwargs)
  File "/home/airflow/.local/lib/python3.6/site-packages/airflow/operators/trigger_dagrun.py", line 108, in __init__
    super().__init__(**kwargs)
  File "/home/airflow/.local/lib/python3.6/site-packages/airflow/models/baseoperator.py", line 188, in apply_defaults
    result = func(self, *args, **kwargs)
  File "/home/airflow/.local/lib/python3.6/site-packages/airflow/models/baseoperator.py", line 553, in __init__
    task_group.add(self)
  File "/home/airflow/.local/lib/python3.6/site-packages/airflow/utils/task_group.py", line 175, in add
    raise DuplicateTaskIdFound(f"Task id '{key}' has already been added to the DAG")
airflow.exceptions.DuplicateTaskIdFound: Task id 'trigger_Kafka_producer' has already been added to the DAG
[2024-06-26 14:51:46,020] {processor.py:656} WARNING - No viable dags retrieved from /opt/airflow/dags/dag_orchestator_kafka.py
[2024-06-26 14:51:46,030] {processor.py:171} INFO - Processing /opt/airflow/dags/dag_orchestator_kafka.py took 0.058 seconds
[2024-06-26 14:51:54,038] {processor.py:163} INFO - Started process (PID=19950) to work on /opt/airflow/dags/dag_orchestator_kafka.py
[2024-06-26 14:51:54,039] {processor.py:642} INFO - Processing file /opt/airflow/dags/dag_orchestator_kafka.py for tasks to queue
[2024-06-26 14:51:54,040] {logging_mixin.py:109} INFO - [2024-06-26 14:51:54,040] {dagbag.py:500} INFO - Filling up the DagBag from /opt/airflow/dags/dag_orchestator_kafka.py
[2024-06-26 14:51:54,049] {logging_mixin.py:109} INFO - [2024-06-26 14:51:54,047] {dagbag.py:334} ERROR - Failed to import: /opt/airflow/dags/dag_orchestator_kafka.py
Traceback (most recent call last):
  File "/home/airflow/.local/lib/python3.6/site-packages/airflow/models/dagbag.py", line 331, in _load_modules_from_file
    loader.exec_module(new_module)
  File "<frozen importlib._bootstrap_external>", line 678, in exec_module
  File "<frozen importlib._bootstrap>", line 219, in _call_with_frames_removed
  File "/opt/airflow/dags/dag_orchestator_kafka.py", line 34, in <module>
    dag=dag,
  File "/home/airflow/.local/lib/python3.6/site-packages/airflow/models/baseoperator.py", line 188, in apply_defaults
    result = func(self, *args, **kwargs)
  File "/home/airflow/.local/lib/python3.6/site-packages/airflow/operators/trigger_dagrun.py", line 108, in __init__
    super().__init__(**kwargs)
  File "/home/airflow/.local/lib/python3.6/site-packages/airflow/models/baseoperator.py", line 188, in apply_defaults
    result = func(self, *args, **kwargs)
  File "/home/airflow/.local/lib/python3.6/site-packages/airflow/models/baseoperator.py", line 553, in __init__
    task_group.add(self)
  File "/home/airflow/.local/lib/python3.6/site-packages/airflow/utils/task_group.py", line 175, in add
    raise DuplicateTaskIdFound(f"Task id '{key}' has already been added to the DAG")
airflow.exceptions.DuplicateTaskIdFound: Task id 'trigger_Kafka_producer' has already been added to the DAG
[2024-06-26 14:51:54,067] {processor.py:656} WARNING - No viable dags retrieved from /opt/airflow/dags/dag_orchestator_kafka.py
[2024-06-26 14:51:54,076] {processor.py:171} INFO - Processing /opt/airflow/dags/dag_orchestator_kafka.py took 0.040 seconds
[2024-06-26 14:51:56,197] {processor.py:163} INFO - Started process (PID=19960) to work on /opt/airflow/dags/dag_orchestator_kafka.py
[2024-06-26 14:51:56,198] {processor.py:642} INFO - Processing file /opt/airflow/dags/dag_orchestator_kafka.py for tasks to queue
[2024-06-26 14:51:56,199] {logging_mixin.py:109} INFO - [2024-06-26 14:51:56,199] {dagbag.py:500} INFO - Filling up the DagBag from /opt/airflow/dags/dag_orchestator_kafka.py
[2024-06-26 14:51:56,207] {logging_mixin.py:109} INFO - [2024-06-26 14:51:56,205] {dagbag.py:334} ERROR - Failed to import: /opt/airflow/dags/dag_orchestator_kafka.py
Traceback (most recent call last):
  File "/home/airflow/.local/lib/python3.6/site-packages/airflow/models/dagbag.py", line 331, in _load_modules_from_file
    loader.exec_module(new_module)
  File "<frozen importlib._bootstrap_external>", line 678, in exec_module
  File "<frozen importlib._bootstrap>", line 219, in _call_with_frames_removed
  File "/opt/airflow/dags/dag_orchestator_kafka.py", line 34, in <module>
    dag=dag,
  File "/home/airflow/.local/lib/python3.6/site-packages/airflow/models/baseoperator.py", line 188, in apply_defaults
    result = func(self, *args, **kwargs)
  File "/home/airflow/.local/lib/python3.6/site-packages/airflow/operators/trigger_dagrun.py", line 108, in __init__
    super().__init__(**kwargs)
  File "/home/airflow/.local/lib/python3.6/site-packages/airflow/models/baseoperator.py", line 188, in apply_defaults
    result = func(self, *args, **kwargs)
  File "/home/airflow/.local/lib/python3.6/site-packages/airflow/models/baseoperator.py", line 553, in __init__
    task_group.add(self)
  File "/home/airflow/.local/lib/python3.6/site-packages/airflow/utils/task_group.py", line 175, in add
    raise DuplicateTaskIdFound(f"Task id '{key}' has already been added to the DAG")
airflow.exceptions.DuplicateTaskIdFound: Task id 'trigger_Kafka_producer' has already been added to the DAG
[2024-06-26 14:51:56,228] {processor.py:656} WARNING - No viable dags retrieved from /opt/airflow/dags/dag_orchestator_kafka.py
[2024-06-26 14:51:56,237] {processor.py:171} INFO - Processing /opt/airflow/dags/dag_orchestator_kafka.py took 0.042 seconds
[2024-06-26 14:51:57,211] {processor.py:163} INFO - Started process (PID=19965) to work on /opt/airflow/dags/dag_orchestator_kafka.py
[2024-06-26 14:51:57,212] {processor.py:642} INFO - Processing file /opt/airflow/dags/dag_orchestator_kafka.py for tasks to queue
[2024-06-26 14:51:57,213] {logging_mixin.py:109} INFO - [2024-06-26 14:51:57,212] {dagbag.py:500} INFO - Filling up the DagBag from /opt/airflow/dags/dag_orchestator_kafka.py
[2024-06-26 14:51:57,220] {logging_mixin.py:109} INFO - [2024-06-26 14:51:57,219] {dagbag.py:334} ERROR - Failed to import: /opt/airflow/dags/dag_orchestator_kafka.py
Traceback (most recent call last):
  File "/home/airflow/.local/lib/python3.6/site-packages/airflow/models/dagbag.py", line 331, in _load_modules_from_file
    loader.exec_module(new_module)
  File "<frozen importlib._bootstrap_external>", line 678, in exec_module
  File "<frozen importlib._bootstrap>", line 219, in _call_with_frames_removed
  File "/opt/airflow/dags/dag_orchestator_kafka.py", line 34, in <module>
    dag=dag,
  File "/home/airflow/.local/lib/python3.6/site-packages/airflow/models/baseoperator.py", line 188, in apply_defaults
    result = func(self, *args, **kwargs)
  File "/home/airflow/.local/lib/python3.6/site-packages/airflow/operators/trigger_dagrun.py", line 108, in __init__
    super().__init__(**kwargs)
  File "/home/airflow/.local/lib/python3.6/site-packages/airflow/models/baseoperator.py", line 188, in apply_defaults
    result = func(self, *args, **kwargs)
  File "/home/airflow/.local/lib/python3.6/site-packages/airflow/models/baseoperator.py", line 553, in __init__
    task_group.add(self)
  File "/home/airflow/.local/lib/python3.6/site-packages/airflow/utils/task_group.py", line 175, in add
    raise DuplicateTaskIdFound(f"Task id '{key}' has already been added to the DAG")
airflow.exceptions.DuplicateTaskIdFound: Task id 'trigger_Kafka_producer' has already been added to the DAG
[2024-06-26 14:51:57,239] {processor.py:656} WARNING - No viable dags retrieved from /opt/airflow/dags/dag_orchestator_kafka.py
[2024-06-26 14:51:57,249] {processor.py:171} INFO - Processing /opt/airflow/dags/dag_orchestator_kafka.py took 0.041 seconds
[2024-06-26 14:52:08,325] {processor.py:163} INFO - Started process (PID=19970) to work on /opt/airflow/dags/dag_orchestator_kafka.py
[2024-06-26 14:52:08,327] {processor.py:642} INFO - Processing file /opt/airflow/dags/dag_orchestator_kafka.py for tasks to queue
[2024-06-26 14:52:08,327] {logging_mixin.py:109} INFO - [2024-06-26 14:52:08,327] {dagbag.py:500} INFO - Filling up the DagBag from /opt/airflow/dags/dag_orchestator_kafka.py
[2024-06-26 14:52:08,358] {processor.py:654} INFO - DAG(s) dict_keys(['orchestrator_Kafka_dag']) retrieved from /opt/airflow/dags/dag_orchestator_kafka.py
[2024-06-26 14:52:08,641] {logging_mixin.py:109} INFO - [2024-06-26 14:52:08,641] {dag.py:2398} INFO - Sync 1 DAGs
[2024-06-26 14:52:08,650] {logging_mixin.py:109} INFO - [2024-06-26 14:52:08,650] {dag.py:2937} INFO - Setting next_dagrun for orchestrator_Kafka_dag to 2024-06-18T00:00:00+00:00
[2024-06-26 14:52:08,664] {processor.py:171} INFO - Processing /opt/airflow/dags/dag_orchestator_kafka.py took 0.343 seconds
[2024-06-26 14:52:16,713] {processor.py:163} INFO - Started process (PID=19991) to work on /opt/airflow/dags/dag_orchestator_kafka.py
[2024-06-26 14:52:16,714] {processor.py:642} INFO - Processing file /opt/airflow/dags/dag_orchestator_kafka.py for tasks to queue
[2024-06-26 14:52:16,715] {logging_mixin.py:109} INFO - [2024-06-26 14:52:16,715] {dagbag.py:500} INFO - Filling up the DagBag from /opt/airflow/dags/dag_orchestator_kafka.py
[2024-06-26 14:52:16,744] {processor.py:654} INFO - DAG(s) dict_keys(['orchestrator_Kafka_dag']) retrieved from /opt/airflow/dags/dag_orchestator_kafka.py
[2024-06-26 14:52:16,747] {logging_mixin.py:109} INFO - [2024-06-26 14:52:16,747] {dag.py:2398} INFO - Sync 1 DAGs
[2024-06-26 14:52:16,761] {logging_mixin.py:109} INFO - [2024-06-26 14:52:16,761] {dag.py:2937} INFO - Setting next_dagrun for orchestrator_Kafka_dag to 2024-06-18T00:00:00+00:00
[2024-06-26 14:52:16,772] {processor.py:171} INFO - Processing /opt/airflow/dags/dag_orchestator_kafka.py took 0.063 seconds
[2024-06-26 14:52:26,814] {processor.py:163} INFO - Started process (PID=20001) to work on /opt/airflow/dags/dag_orchestator_kafka.py
[2024-06-26 14:52:26,815] {processor.py:642} INFO - Processing file /opt/airflow/dags/dag_orchestator_kafka.py for tasks to queue
[2024-06-26 14:52:26,816] {logging_mixin.py:109} INFO - [2024-06-26 14:52:26,816] {dagbag.py:500} INFO - Filling up the DagBag from /opt/airflow/dags/dag_orchestator_kafka.py
[2024-06-26 14:52:26,844] {processor.py:654} INFO - DAG(s) dict_keys(['orchestrator_Kafka_dag']) retrieved from /opt/airflow/dags/dag_orchestator_kafka.py
[2024-06-26 14:52:26,847] {logging_mixin.py:109} INFO - [2024-06-26 14:52:26,847] {dag.py:2398} INFO - Sync 1 DAGs
[2024-06-26 14:52:26,859] {logging_mixin.py:109} INFO - [2024-06-26 14:52:26,859] {dag.py:2937} INFO - Setting next_dagrun for orchestrator_Kafka_dag to 2024-06-18T00:00:00+00:00
[2024-06-26 14:52:26,871] {processor.py:171} INFO - Processing /opt/airflow/dags/dag_orchestator_kafka.py took 0.060 seconds
[2024-06-26 14:52:28,911] {processor.py:163} INFO - Started process (PID=20006) to work on /opt/airflow/dags/dag_orchestator_kafka.py
[2024-06-26 14:52:28,912] {processor.py:642} INFO - Processing file /opt/airflow/dags/dag_orchestator_kafka.py for tasks to queue
[2024-06-26 14:52:28,913] {logging_mixin.py:109} INFO - [2024-06-26 14:52:28,913] {dagbag.py:500} INFO - Filling up the DagBag from /opt/airflow/dags/dag_orchestator_kafka.py
[2024-06-26 14:52:28,942] {processor.py:654} INFO - DAG(s) dict_keys(['orchestrator_Kafka_dag']) retrieved from /opt/airflow/dags/dag_orchestator_kafka.py
[2024-06-26 14:52:28,945] {logging_mixin.py:109} INFO - [2024-06-26 14:52:28,945] {dag.py:2398} INFO - Sync 1 DAGs
[2024-06-26 14:52:28,958] {logging_mixin.py:109} INFO - [2024-06-26 14:52:28,958] {dag.py:2937} INFO - Setting next_dagrun for orchestrator_Kafka_dag to 2024-06-18T00:00:00+00:00
[2024-06-26 14:52:28,970] {processor.py:171} INFO - Processing /opt/airflow/dags/dag_orchestator_kafka.py took 0.062 seconds
[2024-06-26 14:52:59,448] {processor.py:163} INFO - Started process (PID=20032) to work on /opt/airflow/dags/dag_orchestator_kafka.py
[2024-06-26 14:52:59,450] {processor.py:642} INFO - Processing file /opt/airflow/dags/dag_orchestator_kafka.py for tasks to queue
[2024-06-26 14:52:59,451] {logging_mixin.py:109} INFO - [2024-06-26 14:52:59,451] {dagbag.py:500} INFO - Filling up the DagBag from /opt/airflow/dags/dag_orchestator_kafka.py
[2024-06-26 14:52:59,481] {processor.py:654} INFO - DAG(s) dict_keys(['orchestrator_Kafka_dag']) retrieved from /opt/airflow/dags/dag_orchestator_kafka.py
[2024-06-26 14:52:59,759] {logging_mixin.py:109} INFO - [2024-06-26 14:52:59,759] {dag.py:2398} INFO - Sync 1 DAGs
[2024-06-26 14:52:59,773] {logging_mixin.py:109} INFO - [2024-06-26 14:52:59,773] {dag.py:2937} INFO - Setting next_dagrun for orchestrator_Kafka_dag to 2024-06-18T00:00:00+00:00
[2024-06-26 14:52:59,784] {processor.py:171} INFO - Processing /opt/airflow/dags/dag_orchestator_kafka.py took 0.339 seconds
[2024-06-26 14:53:30,160] {processor.py:163} INFO - Started process (PID=20058) to work on /opt/airflow/dags/dag_orchestator_kafka.py
[2024-06-26 14:53:30,162] {processor.py:642} INFO - Processing file /opt/airflow/dags/dag_orchestator_kafka.py for tasks to queue
[2024-06-26 14:53:30,162] {logging_mixin.py:109} INFO - [2024-06-26 14:53:30,162] {dagbag.py:500} INFO - Filling up the DagBag from /opt/airflow/dags/dag_orchestator_kafka.py
[2024-06-26 14:53:30,191] {processor.py:654} INFO - DAG(s) dict_keys(['orchestrator_Kafka_dag']) retrieved from /opt/airflow/dags/dag_orchestator_kafka.py
[2024-06-26 14:53:30,199] {logging_mixin.py:109} INFO - [2024-06-26 14:53:30,199] {dag.py:2398} INFO - Sync 1 DAGs
[2024-06-26 14:53:30,211] {logging_mixin.py:109} INFO - [2024-06-26 14:53:30,211] {dag.py:2937} INFO - Setting next_dagrun for orchestrator_Kafka_dag to 2024-06-18T00:00:00+00:00
[2024-06-26 14:53:30,223] {processor.py:171} INFO - Processing /opt/airflow/dags/dag_orchestator_kafka.py took 0.065 seconds
[2024-06-26 14:54:00,338] {processor.py:163} INFO - Started process (PID=20084) to work on /opt/airflow/dags/dag_orchestator_kafka.py
[2024-06-26 14:54:00,340] {processor.py:642} INFO - Processing file /opt/airflow/dags/dag_orchestator_kafka.py for tasks to queue
[2024-06-26 14:54:00,341] {logging_mixin.py:109} INFO - [2024-06-26 14:54:00,341] {dagbag.py:500} INFO - Filling up the DagBag from /opt/airflow/dags/dag_orchestator_kafka.py
[2024-06-26 14:54:00,370] {processor.py:654} INFO - DAG(s) dict_keys(['orchestrator_Kafka_dag']) retrieved from /opt/airflow/dags/dag_orchestator_kafka.py
[2024-06-26 14:54:00,380] {logging_mixin.py:109} INFO - [2024-06-26 14:54:00,380] {dag.py:2398} INFO - Sync 1 DAGs
[2024-06-26 14:54:00,392] {logging_mixin.py:109} INFO - [2024-06-26 14:54:00,392] {dag.py:2937} INFO - Setting next_dagrun for orchestrator_Kafka_dag to 2024-06-18T00:00:00+00:00
[2024-06-26 14:54:00,401] {processor.py:171} INFO - Processing /opt/airflow/dags/dag_orchestator_kafka.py took 0.069 seconds
[2024-06-26 14:54:30,544] {processor.py:163} INFO - Started process (PID=20110) to work on /opt/airflow/dags/dag_orchestator_kafka.py
[2024-06-26 14:54:30,546] {processor.py:642} INFO - Processing file /opt/airflow/dags/dag_orchestator_kafka.py for tasks to queue
[2024-06-26 14:54:30,547] {logging_mixin.py:109} INFO - [2024-06-26 14:54:30,547] {dagbag.py:500} INFO - Filling up the DagBag from /opt/airflow/dags/dag_orchestator_kafka.py
[2024-06-26 14:54:30,579] {processor.py:654} INFO - DAG(s) dict_keys(['orchestrator_Kafka_dag']) retrieved from /opt/airflow/dags/dag_orchestator_kafka.py
[2024-06-26 14:54:30,589] {logging_mixin.py:109} INFO - [2024-06-26 14:54:30,589] {dag.py:2398} INFO - Sync 1 DAGs
[2024-06-26 14:54:30,602] {logging_mixin.py:109} INFO - [2024-06-26 14:54:30,602] {dag.py:2937} INFO - Setting next_dagrun for orchestrator_Kafka_dag to 2024-06-18T00:00:00+00:00
[2024-06-26 14:54:30,616] {processor.py:171} INFO - Processing /opt/airflow/dags/dag_orchestator_kafka.py took 0.081 seconds
[2024-06-26 14:55:01,416] {processor.py:163} INFO - Started process (PID=20136) to work on /opt/airflow/dags/dag_orchestator_kafka.py
[2024-06-26 14:55:01,418] {processor.py:642} INFO - Processing file /opt/airflow/dags/dag_orchestator_kafka.py for tasks to queue
[2024-06-26 14:55:01,418] {logging_mixin.py:109} INFO - [2024-06-26 14:55:01,418] {dagbag.py:500} INFO - Filling up the DagBag from /opt/airflow/dags/dag_orchestator_kafka.py
[2024-06-26 14:55:01,449] {processor.py:654} INFO - DAG(s) dict_keys(['orchestrator_Kafka_dag']) retrieved from /opt/airflow/dags/dag_orchestator_kafka.py
[2024-06-26 14:55:01,459] {logging_mixin.py:109} INFO - [2024-06-26 14:55:01,459] {dag.py:2398} INFO - Sync 1 DAGs
[2024-06-26 14:55:01,471] {logging_mixin.py:109} INFO - [2024-06-26 14:55:01,471] {dag.py:2937} INFO - Setting next_dagrun for orchestrator_Kafka_dag to 2024-06-18T00:00:00+00:00
[2024-06-26 14:55:01,481] {processor.py:171} INFO - Processing /opt/airflow/dags/dag_orchestator_kafka.py took 0.068 seconds
[2024-06-26 14:55:31,618] {processor.py:163} INFO - Started process (PID=20162) to work on /opt/airflow/dags/dag_orchestator_kafka.py
[2024-06-26 14:55:31,621] {processor.py:642} INFO - Processing file /opt/airflow/dags/dag_orchestator_kafka.py for tasks to queue
[2024-06-26 14:55:31,622] {logging_mixin.py:109} INFO - [2024-06-26 14:55:31,621] {dagbag.py:500} INFO - Filling up the DagBag from /opt/airflow/dags/dag_orchestator_kafka.py
[2024-06-26 14:55:31,650] {processor.py:654} INFO - DAG(s) dict_keys(['orchestrator_Kafka_dag']) retrieved from /opt/airflow/dags/dag_orchestator_kafka.py
[2024-06-26 14:55:31,659] {logging_mixin.py:109} INFO - [2024-06-26 14:55:31,659] {dag.py:2398} INFO - Sync 1 DAGs
[2024-06-26 14:55:31,671] {logging_mixin.py:109} INFO - [2024-06-26 14:55:31,671] {dag.py:2937} INFO - Setting next_dagrun for orchestrator_Kafka_dag to 2024-06-18T00:00:00+00:00
[2024-06-26 14:55:31,679] {processor.py:171} INFO - Processing /opt/airflow/dags/dag_orchestator_kafka.py took 0.066 seconds
[2024-06-26 14:56:02,385] {processor.py:163} INFO - Started process (PID=20188) to work on /opt/airflow/dags/dag_orchestator_kafka.py
[2024-06-26 14:56:02,387] {processor.py:642} INFO - Processing file /opt/airflow/dags/dag_orchestator_kafka.py for tasks to queue
[2024-06-26 14:56:02,388] {logging_mixin.py:109} INFO - [2024-06-26 14:56:02,388] {dagbag.py:500} INFO - Filling up the DagBag from /opt/airflow/dags/dag_orchestator_kafka.py
[2024-06-26 14:56:02,417] {processor.py:654} INFO - DAG(s) dict_keys(['orchestrator_Kafka_dag']) retrieved from /opt/airflow/dags/dag_orchestator_kafka.py
[2024-06-26 14:56:02,428] {logging_mixin.py:109} INFO - [2024-06-26 14:56:02,428] {dag.py:2398} INFO - Sync 1 DAGs
[2024-06-26 14:56:02,444] {logging_mixin.py:109} INFO - [2024-06-26 14:56:02,444] {dag.py:2937} INFO - Setting next_dagrun for orchestrator_Kafka_dag to 2024-06-18T00:00:00+00:00
[2024-06-26 14:56:02,454] {processor.py:171} INFO - Processing /opt/airflow/dags/dag_orchestator_kafka.py took 0.073 seconds
[2024-06-26 14:56:14,486] {processor.py:163} INFO - Started process (PID=20193) to work on /opt/airflow/dags/dag_orchestator_kafka.py
[2024-06-26 14:56:14,488] {processor.py:642} INFO - Processing file /opt/airflow/dags/dag_orchestator_kafka.py for tasks to queue
[2024-06-26 14:56:14,490] {logging_mixin.py:109} INFO - [2024-06-26 14:56:14,489] {dagbag.py:500} INFO - Filling up the DagBag from /opt/airflow/dags/dag_orchestator_kafka.py
[2024-06-26 14:56:14,513] {logging_mixin.py:109} INFO - [2024-06-26 14:56:14,511] {dagbag.py:334} ERROR - Failed to import: /opt/airflow/dags/dag_orchestator_kafka.py
Traceback (most recent call last):
  File "/home/airflow/.local/lib/python3.6/site-packages/airflow/models/dagbag.py", line 331, in _load_modules_from_file
    loader.exec_module(new_module)
  File "<frozen importlib._bootstrap_external>", line 678, in exec_module
  File "<frozen importlib._bootstrap>", line 219, in _call_with_frames_removed
  File "/opt/airflow/dags/dag_orchestator_kafka.py", line 42, in <module>
    start >> trigger_dag_1 >> trigger_dag_2 >> trigger_dag_3 >> end
NameError: name 'trigger_dag_1' is not defined
[2024-06-26 14:56:14,547] {processor.py:690} INFO - Deactivated 1 DAGs which are no longer present in /opt/airflow/dags/dag_orchestator_kafka.py
[2024-06-26 14:56:14,548] {processor.py:656} WARNING - No viable dags retrieved from /opt/airflow/dags/dag_orchestator_kafka.py
[2024-06-26 14:56:14,560] {processor.py:171} INFO - Processing /opt/airflow/dags/dag_orchestator_kafka.py took 0.083 seconds
[2024-06-26 14:56:16,507] {processor.py:163} INFO - Started process (PID=20198) to work on /opt/airflow/dags/dag_orchestator_kafka.py
[2024-06-26 14:56:16,508] {processor.py:642} INFO - Processing file /opt/airflow/dags/dag_orchestator_kafka.py for tasks to queue
[2024-06-26 14:56:16,509] {logging_mixin.py:109} INFO - [2024-06-26 14:56:16,509] {dagbag.py:500} INFO - Filling up the DagBag from /opt/airflow/dags/dag_orchestator_kafka.py
[2024-06-26 14:56:16,521] {logging_mixin.py:109} INFO - [2024-06-26 14:56:16,520] {dagbag.py:334} ERROR - Failed to import: /opt/airflow/dags/dag_orchestator_kafka.py
Traceback (most recent call last):
  File "/home/airflow/.local/lib/python3.6/site-packages/airflow/models/dagbag.py", line 331, in _load_modules_from_file
    loader.exec_module(new_module)
  File "<frozen importlib._bootstrap_external>", line 678, in exec_module
  File "<frozen importlib._bootstrap>", line 219, in _call_with_frames_removed
  File "/opt/airflow/dags/dag_orchestator_kafka.py", line 42, in <module>
    start >> trigger_dag_1 >> trigger_dag_2 >> trigger_dag_3 >> end
NameError: name 'trigger_dag_2' is not defined
[2024-06-26 14:56:16,542] {processor.py:656} WARNING - No viable dags retrieved from /opt/airflow/dags/dag_orchestator_kafka.py
[2024-06-26 14:56:16,553] {processor.py:171} INFO - Processing /opt/airflow/dags/dag_orchestator_kafka.py took 0.049 seconds
[2024-06-26 14:56:25,549] {processor.py:163} INFO - Started process (PID=20203) to work on /opt/airflow/dags/dag_orchestator_kafka.py
[2024-06-26 14:56:25,551] {processor.py:642} INFO - Processing file /opt/airflow/dags/dag_orchestator_kafka.py for tasks to queue
[2024-06-26 14:56:25,552] {logging_mixin.py:109} INFO - [2024-06-26 14:56:25,552] {dagbag.py:500} INFO - Filling up the DagBag from /opt/airflow/dags/dag_orchestator_kafka.py
[2024-06-26 14:56:25,554] {logging_mixin.py:109} INFO - [2024-06-26 14:56:25,553] {dagbag.py:334} ERROR - Failed to import: /opt/airflow/dags/dag_orchestator_kafka.py
Traceback (most recent call last):
  File "/home/airflow/.local/lib/python3.6/site-packages/airflow/models/dagbag.py", line 331, in _load_modules_from_file
    loader.exec_module(new_module)
  File "<frozen importlib._bootstrap_external>", line 674, in exec_module
  File "<frozen importlib._bootstrap_external>", line 781, in get_code
  File "<frozen importlib._bootstrap_external>", line 741, in source_to_code
  File "<frozen importlib._bootstrap>", line 219, in _call_with_frames_removed
  File "/opt/airflow/dags/dag_orchestator_kafka.py", line 42
    start >> trigger_dag_1 >> trigger_dag_2 >>
                                              ^
SyntaxError: invalid syntax
[2024-06-26 14:56:25,577] {processor.py:656} WARNING - No viable dags retrieved from /opt/airflow/dags/dag_orchestator_kafka.py
[2024-06-26 14:56:25,589] {processor.py:171} INFO - Processing /opt/airflow/dags/dag_orchestator_kafka.py took 0.044 seconds
[2024-06-26 14:56:26,590] {processor.py:163} INFO - Started process (PID=20214) to work on /opt/airflow/dags/dag_orchestator_kafka.py
[2024-06-26 14:56:26,591] {processor.py:642} INFO - Processing file /opt/airflow/dags/dag_orchestator_kafka.py for tasks to queue
[2024-06-26 14:56:26,592] {logging_mixin.py:109} INFO - [2024-06-26 14:56:26,592] {dagbag.py:500} INFO - Filling up the DagBag from /opt/airflow/dags/dag_orchestator_kafka.py
[2024-06-26 14:56:26,594] {logging_mixin.py:109} INFO - [2024-06-26 14:56:26,593] {dagbag.py:334} ERROR - Failed to import: /opt/airflow/dags/dag_orchestator_kafka.py
Traceback (most recent call last):
  File "/home/airflow/.local/lib/python3.6/site-packages/airflow/models/dagbag.py", line 331, in _load_modules_from_file
    loader.exec_module(new_module)
  File "<frozen importlib._bootstrap_external>", line 674, in exec_module
  File "<frozen importlib._bootstrap_external>", line 781, in get_code
  File "<frozen importlib._bootstrap_external>", line 741, in source_to_code
  File "<frozen importlib._bootstrap>", line 219, in _call_with_frames_removed
  File "/opt/airflow/dags/dag_orchestator_kafka.py", line 42
    start >> trigger_dag_1 >> trigger_dag_2 >>
                                              ^
SyntaxError: invalid syntax
[2024-06-26 14:56:26,611] {processor.py:656} WARNING - No viable dags retrieved from /opt/airflow/dags/dag_orchestator_kafka.py
[2024-06-26 14:56:26,623] {processor.py:171} INFO - Processing /opt/airflow/dags/dag_orchestator_kafka.py took 0.036 seconds
[2024-06-26 14:56:28,989] {processor.py:163} INFO - Started process (PID=20229) to work on /opt/airflow/dags/dag_orchestator_kafka.py
[2024-06-26 14:56:28,990] {processor.py:642} INFO - Processing file /opt/airflow/dags/dag_orchestator_kafka.py for tasks to queue
[2024-06-26 14:56:28,990] {logging_mixin.py:109} INFO - [2024-06-26 14:56:28,990] {dagbag.py:500} INFO - Filling up the DagBag from /opt/airflow/dags/dag_orchestator_kafka.py
[2024-06-26 14:56:29,000] {logging_mixin.py:109} INFO - [2024-06-26 14:56:28,999] {dagbag.py:334} ERROR - Failed to import: /opt/airflow/dags/dag_orchestator_kafka.py
Traceback (most recent call last):
  File "/home/airflow/.local/lib/python3.6/site-packages/airflow/models/dagbag.py", line 331, in _load_modules_from_file
    loader.exec_module(new_module)
  File "<frozen importlib._bootstrap_external>", line 678, in exec_module
  File "<frozen importlib._bootstrap>", line 219, in _call_with_frames_removed
  File "/opt/airflow/dags/dag_orchestator_kafka.py", line 42, in <module>
    start >> trigger_dag_1 >> trigger_dag_2 >> end
NameError: name 'trigger_dag_2' is not defined
[2024-06-26 14:56:29,018] {processor.py:656} WARNING - No viable dags retrieved from /opt/airflow/dags/dag_orchestator_kafka.py
[2024-06-26 14:56:29,026] {processor.py:171} INFO - Processing /opt/airflow/dags/dag_orchestator_kafka.py took 0.040 seconds
[2024-06-26 14:56:46,114] {processor.py:163} INFO - Started process (PID=20239) to work on /opt/airflow/dags/dag_orchestator_kafka.py
[2024-06-26 14:56:46,116] {processor.py:642} INFO - Processing file /opt/airflow/dags/dag_orchestator_kafka.py for tasks to queue
[2024-06-26 14:56:46,117] {logging_mixin.py:109} INFO - [2024-06-26 14:56:46,117] {dagbag.py:500} INFO - Filling up the DagBag from /opt/airflow/dags/dag_orchestator_kafka.py
[2024-06-26 14:56:46,144] {processor.py:654} INFO - DAG(s) dict_keys(['orchestrator_Kafka_dag']) retrieved from /opt/airflow/dags/dag_orchestator_kafka.py
[2024-06-26 14:56:46,381] {logging_mixin.py:109} INFO - [2024-06-26 14:56:46,381] {dag.py:2398} INFO - Sync 1 DAGs
[2024-06-26 14:56:46,394] {logging_mixin.py:109} INFO - [2024-06-26 14:56:46,393] {dag.py:2937} INFO - Setting next_dagrun for orchestrator_Kafka_dag to 2024-06-18T00:00:00+00:00
[2024-06-26 14:56:46,408] {processor.py:171} INFO - Processing /opt/airflow/dags/dag_orchestator_kafka.py took 0.297 seconds
[2024-06-26 14:57:16,525] {processor.py:163} INFO - Started process (PID=20265) to work on /opt/airflow/dags/dag_orchestator_kafka.py
[2024-06-26 14:57:16,526] {processor.py:642} INFO - Processing file /opt/airflow/dags/dag_orchestator_kafka.py for tasks to queue
[2024-06-26 14:57:16,527] {logging_mixin.py:109} INFO - [2024-06-26 14:57:16,526] {dagbag.py:500} INFO - Filling up the DagBag from /opt/airflow/dags/dag_orchestator_kafka.py
[2024-06-26 14:57:16,552] {processor.py:654} INFO - DAG(s) dict_keys(['orchestrator_Kafka_dag']) retrieved from /opt/airflow/dags/dag_orchestator_kafka.py
[2024-06-26 14:57:16,561] {logging_mixin.py:109} INFO - [2024-06-26 14:57:16,561] {dag.py:2398} INFO - Sync 1 DAGs
[2024-06-26 14:57:16,575] {logging_mixin.py:109} INFO - [2024-06-26 14:57:16,575] {dag.py:2937} INFO - Setting next_dagrun for orchestrator_Kafka_dag to 2024-06-18T00:00:00+00:00
[2024-06-26 14:57:16,585] {processor.py:171} INFO - Processing /opt/airflow/dags/dag_orchestator_kafka.py took 0.062 seconds
[2024-06-26 14:57:46,833] {processor.py:163} INFO - Started process (PID=20291) to work on /opt/airflow/dags/dag_orchestator_kafka.py
[2024-06-26 14:57:46,834] {processor.py:642} INFO - Processing file /opt/airflow/dags/dag_orchestator_kafka.py for tasks to queue
[2024-06-26 14:57:46,835] {logging_mixin.py:109} INFO - [2024-06-26 14:57:46,835] {dagbag.py:500} INFO - Filling up the DagBag from /opt/airflow/dags/dag_orchestator_kafka.py
[2024-06-26 14:57:46,863] {processor.py:654} INFO - DAG(s) dict_keys(['orchestrator_Kafka_dag']) retrieved from /opt/airflow/dags/dag_orchestator_kafka.py
[2024-06-26 14:57:46,872] {logging_mixin.py:109} INFO - [2024-06-26 14:57:46,872] {dag.py:2398} INFO - Sync 1 DAGs
[2024-06-26 14:57:46,885] {logging_mixin.py:109} INFO - [2024-06-26 14:57:46,885] {dag.py:2937} INFO - Setting next_dagrun for orchestrator_Kafka_dag to 2024-06-18T00:00:00+00:00
[2024-06-26 14:57:46,895] {processor.py:171} INFO - Processing /opt/airflow/dags/dag_orchestator_kafka.py took 0.065 seconds
[2024-06-26 14:58:17,543] {processor.py:163} INFO - Started process (PID=20317) to work on /opt/airflow/dags/dag_orchestator_kafka.py
[2024-06-26 14:58:17,544] {processor.py:642} INFO - Processing file /opt/airflow/dags/dag_orchestator_kafka.py for tasks to queue
[2024-06-26 14:58:17,544] {logging_mixin.py:109} INFO - [2024-06-26 14:58:17,544] {dagbag.py:500} INFO - Filling up the DagBag from /opt/airflow/dags/dag_orchestator_kafka.py
[2024-06-26 14:58:17,571] {processor.py:654} INFO - DAG(s) dict_keys(['orchestrator_Kafka_dag']) retrieved from /opt/airflow/dags/dag_orchestator_kafka.py
[2024-06-26 14:58:17,580] {logging_mixin.py:109} INFO - [2024-06-26 14:58:17,580] {dag.py:2398} INFO - Sync 1 DAGs
[2024-06-26 14:58:17,594] {logging_mixin.py:109} INFO - [2024-06-26 14:58:17,594] {dag.py:2937} INFO - Setting next_dagrun for orchestrator_Kafka_dag to 2024-06-18T00:00:00+00:00
[2024-06-26 14:58:17,603] {processor.py:171} INFO - Processing /opt/airflow/dags/dag_orchestator_kafka.py took 0.063 seconds
[2024-06-26 14:58:48,131] {processor.py:163} INFO - Started process (PID=20343) to work on /opt/airflow/dags/dag_orchestator_kafka.py
[2024-06-26 14:58:48,133] {processor.py:642} INFO - Processing file /opt/airflow/dags/dag_orchestator_kafka.py for tasks to queue
[2024-06-26 14:58:48,133] {logging_mixin.py:109} INFO - [2024-06-26 14:58:48,133] {dagbag.py:500} INFO - Filling up the DagBag from /opt/airflow/dags/dag_orchestator_kafka.py
[2024-06-26 14:58:48,161] {processor.py:654} INFO - DAG(s) dict_keys(['orchestrator_Kafka_dag']) retrieved from /opt/airflow/dags/dag_orchestator_kafka.py
[2024-06-26 14:58:48,170] {logging_mixin.py:109} INFO - [2024-06-26 14:58:48,170] {dag.py:2398} INFO - Sync 1 DAGs
[2024-06-26 14:58:48,182] {logging_mixin.py:109} INFO - [2024-06-26 14:58:48,181] {dag.py:2937} INFO - Setting next_dagrun for orchestrator_Kafka_dag to 2024-06-18T00:00:00+00:00
[2024-06-26 14:58:48,191] {processor.py:171} INFO - Processing /opt/airflow/dags/dag_orchestator_kafka.py took 0.064 seconds
[2024-06-26 14:59:18,332] {processor.py:163} INFO - Started process (PID=20369) to work on /opt/airflow/dags/dag_orchestator_kafka.py
[2024-06-26 14:59:18,333] {processor.py:642} INFO - Processing file /opt/airflow/dags/dag_orchestator_kafka.py for tasks to queue
[2024-06-26 14:59:18,334] {logging_mixin.py:109} INFO - [2024-06-26 14:59:18,333] {dagbag.py:500} INFO - Filling up the DagBag from /opt/airflow/dags/dag_orchestator_kafka.py
[2024-06-26 14:59:18,363] {processor.py:654} INFO - DAG(s) dict_keys(['orchestrator_Kafka_dag']) retrieved from /opt/airflow/dags/dag_orchestator_kafka.py
[2024-06-26 14:59:18,374] {logging_mixin.py:109} INFO - [2024-06-26 14:59:18,374] {dag.py:2398} INFO - Sync 1 DAGs
[2024-06-26 14:59:18,388] {logging_mixin.py:109} INFO - [2024-06-26 14:59:18,387] {dag.py:2937} INFO - Setting next_dagrun for orchestrator_Kafka_dag to 2024-06-18T00:00:00+00:00
[2024-06-26 14:59:18,397] {processor.py:171} INFO - Processing /opt/airflow/dags/dag_orchestator_kafka.py took 0.068 seconds
[2024-06-26 14:59:48,830] {processor.py:163} INFO - Started process (PID=20400) to work on /opt/airflow/dags/dag_orchestator_kafka.py
[2024-06-26 14:59:48,832] {processor.py:642} INFO - Processing file /opt/airflow/dags/dag_orchestator_kafka.py for tasks to queue
[2024-06-26 14:59:48,832] {logging_mixin.py:109} INFO - [2024-06-26 14:59:48,832] {dagbag.py:500} INFO - Filling up the DagBag from /opt/airflow/dags/dag_orchestator_kafka.py
[2024-06-26 14:59:48,861] {processor.py:654} INFO - DAG(s) dict_keys(['orchestrator_Kafka_dag']) retrieved from /opt/airflow/dags/dag_orchestator_kafka.py
[2024-06-26 14:59:48,876] {logging_mixin.py:109} INFO - [2024-06-26 14:59:48,876] {dag.py:2398} INFO - Sync 1 DAGs
[2024-06-26 14:59:48,889] {logging_mixin.py:109} INFO - [2024-06-26 14:59:48,889] {dag.py:2937} INFO - Setting next_dagrun for orchestrator_Kafka_dag to 2024-06-18T00:00:00+00:00
[2024-06-26 14:59:48,900] {processor.py:171} INFO - Processing /opt/airflow/dags/dag_orchestator_kafka.py took 0.074 seconds
[2024-06-26 15:00:19,486] {processor.py:163} INFO - Started process (PID=20431) to work on /opt/airflow/dags/dag_orchestator_kafka.py
[2024-06-26 15:00:19,486] {processor.py:642} INFO - Processing file /opt/airflow/dags/dag_orchestator_kafka.py for tasks to queue
[2024-06-26 15:00:19,487] {logging_mixin.py:109} INFO - [2024-06-26 15:00:19,487] {dagbag.py:500} INFO - Filling up the DagBag from /opt/airflow/dags/dag_orchestator_kafka.py
[2024-06-26 15:00:19,515] {processor.py:654} INFO - DAG(s) dict_keys(['orchestrator_Kafka_dag']) retrieved from /opt/airflow/dags/dag_orchestator_kafka.py
[2024-06-26 15:00:19,525] {logging_mixin.py:109} INFO - [2024-06-26 15:00:19,525] {dag.py:2398} INFO - Sync 1 DAGs
[2024-06-26 15:00:19,541] {logging_mixin.py:109} INFO - [2024-06-26 15:00:19,541] {dag.py:2937} INFO - Setting next_dagrun for orchestrator_Kafka_dag to 2024-06-18T00:00:00+00:00
[2024-06-26 15:00:19,550] {processor.py:171} INFO - Processing /opt/airflow/dags/dag_orchestator_kafka.py took 0.068 seconds
[2024-06-26 15:00:50,138] {processor.py:163} INFO - Started process (PID=20462) to work on /opt/airflow/dags/dag_orchestator_kafka.py
[2024-06-26 15:00:50,139] {processor.py:642} INFO - Processing file /opt/airflow/dags/dag_orchestator_kafka.py for tasks to queue
[2024-06-26 15:00:50,140] {logging_mixin.py:109} INFO - [2024-06-26 15:00:50,140] {dagbag.py:500} INFO - Filling up the DagBag from /opt/airflow/dags/dag_orchestator_kafka.py
[2024-06-26 15:00:50,171] {processor.py:654} INFO - DAG(s) dict_keys(['orchestrator_Kafka_dag']) retrieved from /opt/airflow/dags/dag_orchestator_kafka.py
[2024-06-26 15:00:50,181] {logging_mixin.py:109} INFO - [2024-06-26 15:00:50,180] {dag.py:2398} INFO - Sync 1 DAGs
[2024-06-26 15:00:50,195] {logging_mixin.py:109} INFO - [2024-06-26 15:00:50,195] {dag.py:2937} INFO - Setting next_dagrun for orchestrator_Kafka_dag to 2024-06-18T00:00:00+00:00
[2024-06-26 15:00:50,203] {processor.py:171} INFO - Processing /opt/airflow/dags/dag_orchestator_kafka.py took 0.069 seconds
[2024-06-26 15:01:20,347] {processor.py:163} INFO - Started process (PID=20493) to work on /opt/airflow/dags/dag_orchestator_kafka.py
[2024-06-26 15:01:20,348] {processor.py:642} INFO - Processing file /opt/airflow/dags/dag_orchestator_kafka.py for tasks to queue
[2024-06-26 15:01:20,349] {logging_mixin.py:109} INFO - [2024-06-26 15:01:20,348] {dagbag.py:500} INFO - Filling up the DagBag from /opt/airflow/dags/dag_orchestator_kafka.py
[2024-06-26 15:01:20,374] {processor.py:654} INFO - DAG(s) dict_keys(['orchestrator_Kafka_dag']) retrieved from /opt/airflow/dags/dag_orchestator_kafka.py
[2024-06-26 15:01:20,383] {logging_mixin.py:109} INFO - [2024-06-26 15:01:20,383] {dag.py:2398} INFO - Sync 1 DAGs
[2024-06-26 15:01:20,394] {logging_mixin.py:109} INFO - [2024-06-26 15:01:20,394] {dag.py:2937} INFO - Setting next_dagrun for orchestrator_Kafka_dag to 2024-06-18T00:00:00+00:00
[2024-06-26 15:01:20,403] {processor.py:171} INFO - Processing /opt/airflow/dags/dag_orchestator_kafka.py took 0.059 seconds
[2024-06-26 15:01:50,939] {processor.py:163} INFO - Started process (PID=20524) to work on /opt/airflow/dags/dag_orchestator_kafka.py
[2024-06-26 15:01:50,940] {processor.py:642} INFO - Processing file /opt/airflow/dags/dag_orchestator_kafka.py for tasks to queue
[2024-06-26 15:01:50,941] {logging_mixin.py:109} INFO - [2024-06-26 15:01:50,941] {dagbag.py:500} INFO - Filling up the DagBag from /opt/airflow/dags/dag_orchestator_kafka.py
[2024-06-26 15:01:50,967] {processor.py:654} INFO - DAG(s) dict_keys(['orchestrator_Kafka_dag']) retrieved from /opt/airflow/dags/dag_orchestator_kafka.py
[2024-06-26 15:01:50,977] {logging_mixin.py:109} INFO - [2024-06-26 15:01:50,977] {dag.py:2398} INFO - Sync 1 DAGs
[2024-06-26 15:01:50,989] {logging_mixin.py:109} INFO - [2024-06-26 15:01:50,988] {dag.py:2937} INFO - Setting next_dagrun for orchestrator_Kafka_dag to 2024-06-18T00:00:00+00:00
[2024-06-26 15:01:50,999] {processor.py:171} INFO - Processing /opt/airflow/dags/dag_orchestator_kafka.py took 0.063 seconds
[2024-06-26 15:02:21,541] {processor.py:163} INFO - Started process (PID=20555) to work on /opt/airflow/dags/dag_orchestator_kafka.py
[2024-06-26 15:02:21,542] {processor.py:642} INFO - Processing file /opt/airflow/dags/dag_orchestator_kafka.py for tasks to queue
[2024-06-26 15:02:21,543] {logging_mixin.py:109} INFO - [2024-06-26 15:02:21,543] {dagbag.py:500} INFO - Filling up the DagBag from /opt/airflow/dags/dag_orchestator_kafka.py
[2024-06-26 15:02:21,570] {processor.py:654} INFO - DAG(s) dict_keys(['orchestrator_Kafka_dag']) retrieved from /opt/airflow/dags/dag_orchestator_kafka.py
[2024-06-26 15:02:21,579] {logging_mixin.py:109} INFO - [2024-06-26 15:02:21,579] {dag.py:2398} INFO - Sync 1 DAGs
[2024-06-26 15:02:21,591] {logging_mixin.py:109} INFO - [2024-06-26 15:02:21,590] {dag.py:2937} INFO - Setting next_dagrun for orchestrator_Kafka_dag to 2024-06-18T00:00:00+00:00
[2024-06-26 15:02:21,600] {processor.py:171} INFO - Processing /opt/airflow/dags/dag_orchestator_kafka.py took 0.064 seconds
[2024-06-26 15:02:52,019] {processor.py:163} INFO - Started process (PID=20586) to work on /opt/airflow/dags/dag_orchestator_kafka.py
[2024-06-26 15:02:52,021] {processor.py:642} INFO - Processing file /opt/airflow/dags/dag_orchestator_kafka.py for tasks to queue
[2024-06-26 15:02:52,022] {logging_mixin.py:109} INFO - [2024-06-26 15:02:52,022] {dagbag.py:500} INFO - Filling up the DagBag from /opt/airflow/dags/dag_orchestator_kafka.py
[2024-06-26 15:02:52,049] {processor.py:654} INFO - DAG(s) dict_keys(['orchestrator_Kafka_dag']) retrieved from /opt/airflow/dags/dag_orchestator_kafka.py
[2024-06-26 15:02:52,059] {logging_mixin.py:109} INFO - [2024-06-26 15:02:52,059] {dag.py:2398} INFO - Sync 1 DAGs
[2024-06-26 15:02:52,072] {logging_mixin.py:109} INFO - [2024-06-26 15:02:52,072] {dag.py:2937} INFO - Setting next_dagrun for orchestrator_Kafka_dag to 2024-06-18T00:00:00+00:00
[2024-06-26 15:02:52,082] {processor.py:171} INFO - Processing /opt/airflow/dags/dag_orchestator_kafka.py took 0.066 seconds
[2024-06-26 15:03:22,726] {processor.py:163} INFO - Started process (PID=20617) to work on /opt/airflow/dags/dag_orchestator_kafka.py
[2024-06-26 15:03:22,729] {processor.py:642} INFO - Processing file /opt/airflow/dags/dag_orchestator_kafka.py for tasks to queue
[2024-06-26 15:03:22,730] {logging_mixin.py:109} INFO - [2024-06-26 15:03:22,730] {dagbag.py:500} INFO - Filling up the DagBag from /opt/airflow/dags/dag_orchestator_kafka.py
[2024-06-26 15:03:22,763] {processor.py:654} INFO - DAG(s) dict_keys(['orchestrator_Kafka_dag']) retrieved from /opt/airflow/dags/dag_orchestator_kafka.py
[2024-06-26 15:03:22,772] {logging_mixin.py:109} INFO - [2024-06-26 15:03:22,772] {dag.py:2398} INFO - Sync 1 DAGs
[2024-06-26 15:03:22,784] {logging_mixin.py:109} INFO - [2024-06-26 15:03:22,784] {dag.py:2937} INFO - Setting next_dagrun for orchestrator_Kafka_dag to 2024-06-18T00:00:00+00:00
[2024-06-26 15:03:22,794] {processor.py:171} INFO - Processing /opt/airflow/dags/dag_orchestator_kafka.py took 0.077 seconds
[2024-06-26 15:03:52,993] {processor.py:163} INFO - Started process (PID=20646) to work on /opt/airflow/dags/dag_orchestator_kafka.py
[2024-06-26 15:03:53,005] {processor.py:642} INFO - Processing file /opt/airflow/dags/dag_orchestator_kafka.py for tasks to queue
[2024-06-26 15:03:53,006] {logging_mixin.py:109} INFO - [2024-06-26 15:03:53,006] {dagbag.py:500} INFO - Filling up the DagBag from /opt/airflow/dags/dag_orchestator_kafka.py
[2024-06-26 15:03:53,039] {processor.py:654} INFO - DAG(s) dict_keys(['orchestrator_Kafka_dag']) retrieved from /opt/airflow/dags/dag_orchestator_kafka.py
[2024-06-26 15:03:53,052] {logging_mixin.py:109} INFO - [2024-06-26 15:03:53,052] {dag.py:2398} INFO - Sync 1 DAGs
[2024-06-26 15:03:53,073] {logging_mixin.py:109} INFO - [2024-06-26 15:03:53,073] {dag.py:2937} INFO - Setting next_dagrun for orchestrator_Kafka_dag to 2024-06-18T00:00:00+00:00
[2024-06-26 15:03:53,087] {processor.py:171} INFO - Processing /opt/airflow/dags/dag_orchestator_kafka.py took 0.100 seconds
[2024-06-26 15:04:23,268] {processor.py:163} INFO - Started process (PID=20669) to work on /opt/airflow/dags/dag_orchestator_kafka.py
[2024-06-26 15:04:23,270] {processor.py:642} INFO - Processing file /opt/airflow/dags/dag_orchestator_kafka.py for tasks to queue
[2024-06-26 15:04:23,270] {logging_mixin.py:109} INFO - [2024-06-26 15:04:23,270] {dagbag.py:500} INFO - Filling up the DagBag from /opt/airflow/dags/dag_orchestator_kafka.py
[2024-06-26 15:04:23,297] {processor.py:654} INFO - DAG(s) dict_keys(['orchestrator_Kafka_dag']) retrieved from /opt/airflow/dags/dag_orchestator_kafka.py
[2024-06-26 15:04:23,307] {logging_mixin.py:109} INFO - [2024-06-26 15:04:23,307] {dag.py:2398} INFO - Sync 1 DAGs
[2024-06-26 15:04:23,320] {logging_mixin.py:109} INFO - [2024-06-26 15:04:23,320] {dag.py:2937} INFO - Setting next_dagrun for orchestrator_Kafka_dag to 2024-06-18T00:00:00+00:00
[2024-06-26 15:04:23,328] {processor.py:171} INFO - Processing /opt/airflow/dags/dag_orchestator_kafka.py took 0.063 seconds
[2024-06-26 15:04:53,970] {processor.py:163} INFO - Started process (PID=20694) to work on /opt/airflow/dags/dag_orchestator_kafka.py
[2024-06-26 15:04:53,985] {processor.py:642} INFO - Processing file /opt/airflow/dags/dag_orchestator_kafka.py for tasks to queue
[2024-06-26 15:04:53,988] {logging_mixin.py:109} INFO - [2024-06-26 15:04:53,986] {dagbag.py:500} INFO - Filling up the DagBag from /opt/airflow/dags/dag_orchestator_kafka.py
[2024-06-26 15:04:54,043] {processor.py:654} INFO - DAG(s) dict_keys(['orchestrator_Kafka_dag']) retrieved from /opt/airflow/dags/dag_orchestator_kafka.py
[2024-06-26 15:04:54,096] {logging_mixin.py:109} INFO - [2024-06-26 15:04:54,096] {dag.py:2398} INFO - Sync 1 DAGs
[2024-06-26 15:04:54,155] {logging_mixin.py:109} INFO - [2024-06-26 15:04:54,155] {dag.py:2937} INFO - Setting next_dagrun for orchestrator_Kafka_dag to 2024-06-18T00:00:00+00:00
[2024-06-26 15:04:54,165] {processor.py:171} INFO - Processing /opt/airflow/dags/dag_orchestator_kafka.py took 0.198 seconds
