[2024-06-21 18:33:15,216] {taskinstance.py:1037} INFO - Dependencies all met for <TaskInstance: orchestrator_dag.trigger_text_processing_dag_1 manual__2024-06-21T18:33:11.606251+00:00 [queued]>
[2024-06-21 18:33:15,235] {taskinstance.py:1037} INFO - Dependencies all met for <TaskInstance: orchestrator_dag.trigger_text_processing_dag_1 manual__2024-06-21T18:33:11.606251+00:00 [queued]>
[2024-06-21 18:33:15,236] {taskinstance.py:1243} INFO - 
--------------------------------------------------------------------------------
[2024-06-21 18:33:15,236] {taskinstance.py:1244} INFO - Starting attempt 1 of 2
[2024-06-21 18:33:15,236] {taskinstance.py:1245} INFO - 
--------------------------------------------------------------------------------
[2024-06-21 18:33:15,272] {taskinstance.py:1264} INFO - Executing <Task(TriggerDagRunOperator): trigger_text_processing_dag_1> on 2024-06-21 18:33:11.606251+00:00
[2024-06-21 18:33:15,275] {standard_task_runner.py:52} INFO - Started process 241 to run task
[2024-06-21 18:33:15,283] {standard_task_runner.py:76} INFO - Running: ['airflow', 'tasks', 'run', 'orchestrator_dag', 'trigger_text_processing_dag_1', 'manual__2024-06-21T18:33:11.606251+00:00', '--job-id', '93', '--raw', '--subdir', 'DAGS_FOLDER/dag_orchestrator.py', '--cfg-path', '/tmp/tmpu_fl9rgp', '--error-file', '/tmp/tmpkcntg725']
[2024-06-21 18:33:15,286] {standard_task_runner.py:77} INFO - Job 93: Subtask trigger_text_processing_dag_1
[2024-06-21 18:33:15,417] {logging_mixin.py:109} INFO - Running <TaskInstance: orchestrator_dag.trigger_text_processing_dag_1 manual__2024-06-21T18:33:11.606251+00:00 [running]> on host e3d17bd30143
[2024-06-21 18:33:15,911] {taskinstance.py:1431} INFO - Exporting the following env vars:
AIRFLOW_CTX_DAG_OWNER=airflow
AIRFLOW_CTX_DAG_ID=orchestrator_dag
AIRFLOW_CTX_TASK_ID=trigger_text_processing_dag_1
AIRFLOW_CTX_EXECUTION_DATE=2024-06-21T18:33:11.606251+00:00
AIRFLOW_CTX_DAG_RUN_ID=manual__2024-06-21T18:33:11.606251+00:00
[2024-06-21 18:33:16,013] {logging_mixin.py:109} WARNING - /home/airflow/.local/lib/python3.6/site-packages/airflow/api/common/trigger_dag.py:90 DeprecationWarning: Calling `DAG.create_dagrun()` without an explicit data interval is deprecated
[2024-06-21 18:33:16,265] {taskinstance.py:1282} INFO - Marking task as SUCCESS. dag_id=orchestrator_dag, task_id=trigger_text_processing_dag_1, execution_date=20240621T183311, start_date=20240621T183315, end_date=20240621T183316
[2024-06-21 18:33:16,396] {local_task_job.py:154} INFO - Task exited with return code 0
[2024-06-21 18:33:16,610] {local_task_job.py:264} INFO - 0 downstream tasks scheduled from follow-on schedule check
