[2024-06-21 06:33:02,268] {taskinstance.py:1037} INFO - Dependencies all met for <TaskInstance: text_processing_dag_1.process_text manual__2024-06-21T06:32:56.211196+00:00 [queued]>
[2024-06-21 06:33:02,289] {taskinstance.py:1037} INFO - Dependencies all met for <TaskInstance: text_processing_dag_1.process_text manual__2024-06-21T06:32:56.211196+00:00 [queued]>
[2024-06-21 06:33:02,289] {taskinstance.py:1243} INFO - 
--------------------------------------------------------------------------------
[2024-06-21 06:33:02,290] {taskinstance.py:1244} INFO - Starting attempt 1 of 2
[2024-06-21 06:33:02,290] {taskinstance.py:1245} INFO - 
--------------------------------------------------------------------------------
[2024-06-21 06:33:02,364] {taskinstance.py:1264} INFO - Executing <Task(PythonOperator): process_text> on 2024-06-21 06:32:56.211196+00:00
[2024-06-21 06:33:02,370] {standard_task_runner.py:52} INFO - Started process 261 to run task
[2024-06-21 06:33:02,395] {standard_task_runner.py:76} INFO - Running: ['airflow', 'tasks', 'run', 'text_processing_dag_1', 'process_text', 'manual__2024-06-21T06:32:56.211196+00:00', '--job-id', '86', '--raw', '--subdir', 'DAGS_FOLDER/dag_text_processing_1.py', '--cfg-path', '/tmp/tmpne5b5wzc', '--error-file', '/tmp/tmpeyonznff']
[2024-06-21 06:33:02,405] {standard_task_runner.py:77} INFO - Job 86: Subtask process_text
[2024-06-21 06:33:02,566] {logging_mixin.py:109} INFO - Running <TaskInstance: text_processing_dag_1.process_text manual__2024-06-21T06:32:56.211196+00:00 [running]> on host 95c89469de59
[2024-06-21 06:33:02,652] {taskinstance.py:1431} INFO - Exporting the following env vars:
AIRFLOW_CTX_DAG_OWNER=airflow
AIRFLOW_CTX_DAG_ID=text_processing_dag_1
AIRFLOW_CTX_TASK_ID=process_text
AIRFLOW_CTX_EXECUTION_DATE=2024-06-21T06:32:56.211196+00:00
AIRFLOW_CTX_DAG_RUN_ID=manual__2024-06-21T06:32:56.211196+00:00
[2024-06-21 06:33:11,282] {logging_mixin.py:109} INFO - Error: ZERO_RESULTS for city: white
[2024-06-21 06:33:13,488] {logging_mixin.py:109} INFO - Processed data saved to /opt/airflow/data/processed_data_1.json
[2024-06-21 06:33:14,045] {python.py:175} INFO - Done. Returned value was: None
[2024-06-21 06:33:14,172] {taskinstance.py:1282} INFO - Marking task as SUCCESS. dag_id=text_processing_dag_1, task_id=process_text, execution_date=20240621T063256, start_date=20240621T063302, end_date=20240621T063314
[2024-06-21 06:33:14,293] {local_task_job.py:154} INFO - Task exited with return code 0
[2024-06-21 06:33:14,387] {local_task_job.py:264} INFO - 0 downstream tasks scheduled from follow-on schedule check
