[2024-06-26 15:57:25,333] {taskinstance.py:1037} INFO - Dependencies all met for <TaskInstance: webscraping_dag.scrape_and_produce scheduled__2023-03-03T11:00:00+00:00 [queued]>
[2024-06-26 15:57:25,351] {taskinstance.py:1037} INFO - Dependencies all met for <TaskInstance: webscraping_dag.scrape_and_produce scheduled__2023-03-03T11:00:00+00:00 [queued]>
[2024-06-26 15:57:25,352] {taskinstance.py:1243} INFO - 
--------------------------------------------------------------------------------
[2024-06-26 15:57:25,352] {taskinstance.py:1244} INFO - Starting attempt 1 of 2
[2024-06-26 15:57:25,352] {taskinstance.py:1245} INFO - 
--------------------------------------------------------------------------------
[2024-06-26 15:57:25,373] {taskinstance.py:1264} INFO - Executing <Task(PythonOperator): scrape_and_produce> on 2023-03-03 11:00:00+00:00
[2024-06-26 15:57:25,376] {standard_task_runner.py:52} INFO - Started process 5489 to run task
[2024-06-26 15:57:25,383] {standard_task_runner.py:76} INFO - Running: ['airflow', 'tasks', 'run', 'webscraping_dag', 'scrape_and_produce', 'scheduled__2023-03-03T11:00:00+00:00', '--job-id', '1671', '--raw', '--subdir', 'DAGS_FOLDER/webscraping_dag.py', '--cfg-path', '/tmp/tmpfgksd0fy', '--error-file', '/tmp/tmpdwrze7ci']
[2024-06-26 15:57:25,388] {standard_task_runner.py:77} INFO - Job 1671: Subtask scrape_and_produce
[2024-06-26 15:57:25,508] {logging_mixin.py:109} INFO - Running <TaskInstance: webscraping_dag.scrape_and_produce scheduled__2023-03-03T11:00:00+00:00 [running]> on host 1f86a07ac7e4
[2024-06-26 15:57:25,615] {taskinstance.py:1431} INFO - Exporting the following env vars:
AIRFLOW_CTX_DAG_OWNER=airflow
AIRFLOW_CTX_DAG_ID=webscraping_dag
AIRFLOW_CTX_TASK_ID=scrape_and_produce
AIRFLOW_CTX_EXECUTION_DATE=2023-03-03T11:00:00+00:00
AIRFLOW_CTX_DAG_RUN_ID=scheduled__2023-03-03T11:00:00+00:00
[2024-06-26 15:57:25,634] {logging_mixin.py:109} INFO - Error initializing WebDriver: Message: 'chromedriver' executable needs to be in PATH. Please see https://sites.google.com/a/chromium.org/chromedriver/home
[2024-06-26 15:57:25,634] {logging_mixin.py:109} INFO - 
[2024-06-26 15:57:25,634] {python.py:175} INFO - Done. Returned value was: None
[2024-06-26 15:57:25,660] {taskinstance.py:1282} INFO - Marking task as SUCCESS. dag_id=webscraping_dag, task_id=scrape_and_produce, execution_date=20230303T110000, start_date=20240626T155725, end_date=20240626T155725
[2024-06-26 15:57:25,684] {local_task_job.py:154} INFO - Task exited with return code 0
[2024-06-26 15:57:25,789] {local_task_job.py:264} INFO - 0 downstream tasks scheduled from follow-on schedule check
