[2024-06-26 15:54:05,075] {taskinstance.py:1037} INFO - Dependencies all met for <TaskInstance: webscraping_dag.scrape_and_produce scheduled__2023-02-16T08:00:00+00:00 [queued]>
[2024-06-26 15:54:05,091] {taskinstance.py:1037} INFO - Dependencies all met for <TaskInstance: webscraping_dag.scrape_and_produce scheduled__2023-02-16T08:00:00+00:00 [queued]>
[2024-06-26 15:54:05,091] {taskinstance.py:1243} INFO - 
--------------------------------------------------------------------------------
[2024-06-26 15:54:05,093] {taskinstance.py:1244} INFO - Starting attempt 1 of 2
[2024-06-26 15:54:05,093] {taskinstance.py:1245} INFO - 
--------------------------------------------------------------------------------
[2024-06-26 15:54:05,113] {taskinstance.py:1264} INFO - Executing <Task(PythonOperator): scrape_and_produce> on 2023-02-16 08:00:00+00:00
[2024-06-26 15:54:05,116] {standard_task_runner.py:52} INFO - Started process 4206 to run task
[2024-06-26 15:54:05,123] {standard_task_runner.py:76} INFO - Running: ['airflow', 'tasks', 'run', 'webscraping_dag', 'scrape_and_produce', 'scheduled__2023-02-16T08:00:00+00:00', '--job-id', '1308', '--raw', '--subdir', 'DAGS_FOLDER/webscraping_dag.py', '--cfg-path', '/tmp/tmplt5reif_', '--error-file', '/tmp/tmpv4nay_4g']
[2024-06-26 15:54:05,129] {standard_task_runner.py:77} INFO - Job 1308: Subtask scrape_and_produce
[2024-06-26 15:54:05,256] {logging_mixin.py:109} INFO - Running <TaskInstance: webscraping_dag.scrape_and_produce scheduled__2023-02-16T08:00:00+00:00 [running]> on host 1f86a07ac7e4
[2024-06-26 15:54:05,355] {taskinstance.py:1431} INFO - Exporting the following env vars:
AIRFLOW_CTX_DAG_OWNER=airflow
AIRFLOW_CTX_DAG_ID=webscraping_dag
AIRFLOW_CTX_TASK_ID=scrape_and_produce
AIRFLOW_CTX_EXECUTION_DATE=2023-02-16T08:00:00+00:00
AIRFLOW_CTX_DAG_RUN_ID=scheduled__2023-02-16T08:00:00+00:00
[2024-06-26 15:54:05,362] {logging_mixin.py:109} INFO - Error initializing WebDriver: Message: 'chromedriver' executable needs to be in PATH. Please see https://sites.google.com/a/chromium.org/chromedriver/home
[2024-06-26 15:54:05,362] {logging_mixin.py:109} INFO - 
[2024-06-26 15:54:05,362] {python.py:175} INFO - Done. Returned value was: None
[2024-06-26 15:54:05,394] {taskinstance.py:1282} INFO - Marking task as SUCCESS. dag_id=webscraping_dag, task_id=scrape_and_produce, execution_date=20230216T080000, start_date=20240626T155405, end_date=20240626T155405
[2024-06-26 15:54:05,457] {local_task_job.py:154} INFO - Task exited with return code 0
[2024-06-26 15:54:05,498] {local_task_job.py:264} INFO - 0 downstream tasks scheduled from follow-on schedule check
