[2024-06-26 15:47:46,539] {taskinstance.py:1037} INFO - Dependencies all met for <TaskInstance: webscraping_dag.scrape_and_produce scheduled__2023-01-18T07:00:00+00:00 [queued]>
[2024-06-26 15:47:46,552] {taskinstance.py:1037} INFO - Dependencies all met for <TaskInstance: webscraping_dag.scrape_and_produce scheduled__2023-01-18T07:00:00+00:00 [queued]>
[2024-06-26 15:47:46,552] {taskinstance.py:1243} INFO - 
--------------------------------------------------------------------------------
[2024-06-26 15:47:46,552] {taskinstance.py:1244} INFO - Starting attempt 1 of 2
[2024-06-26 15:47:46,552] {taskinstance.py:1245} INFO - 
--------------------------------------------------------------------------------
[2024-06-26 15:47:46,567] {taskinstance.py:1264} INFO - Executing <Task(PythonOperator): scrape_and_produce> on 2023-01-18 07:00:00+00:00
[2024-06-26 15:47:46,569] {standard_task_runner.py:52} INFO - Started process 1768 to run task
[2024-06-26 15:47:46,572] {standard_task_runner.py:76} INFO - Running: ['airflow', 'tasks', 'run', 'webscraping_dag', 'scrape_and_produce', 'scheduled__2023-01-18T07:00:00+00:00', '--job-id', '611', '--raw', '--subdir', 'DAGS_FOLDER/webscraping_dag.py', '--cfg-path', '/tmp/tmpltbx0kvp', '--error-file', '/tmp/tmpw4fuazxc']
[2024-06-26 15:47:46,576] {standard_task_runner.py:77} INFO - Job 611: Subtask scrape_and_produce
[2024-06-26 15:47:46,642] {logging_mixin.py:109} INFO - Running <TaskInstance: webscraping_dag.scrape_and_produce scheduled__2023-01-18T07:00:00+00:00 [running]> on host 1f86a07ac7e4
[2024-06-26 15:47:46,815] {taskinstance.py:1431} INFO - Exporting the following env vars:
AIRFLOW_CTX_DAG_OWNER=airflow
AIRFLOW_CTX_DAG_ID=webscraping_dag
AIRFLOW_CTX_TASK_ID=scrape_and_produce
AIRFLOW_CTX_EXECUTION_DATE=2023-01-18T07:00:00+00:00
AIRFLOW_CTX_DAG_RUN_ID=scheduled__2023-01-18T07:00:00+00:00
[2024-06-26 15:47:46,821] {logging_mixin.py:109} INFO - Error initializing WebDriver: Message: 'chromedriver' executable needs to be in PATH. Please see https://sites.google.com/a/chromium.org/chromedriver/home
[2024-06-26 15:47:46,821] {logging_mixin.py:109} INFO - 
[2024-06-26 15:47:46,821] {python.py:175} INFO - Done. Returned value was: None
[2024-06-26 15:47:46,849] {taskinstance.py:1282} INFO - Marking task as SUCCESS. dag_id=webscraping_dag, task_id=scrape_and_produce, execution_date=20230118T070000, start_date=20240626T154746, end_date=20240626T154746
[2024-06-26 15:47:46,904] {local_task_job.py:154} INFO - Task exited with return code 0
[2024-06-26 15:47:46,986] {local_task_job.py:264} INFO - 0 downstream tasks scheduled from follow-on schedule check
