[2024-06-20 19:32:09,735] {taskinstance.py:1037} INFO - Dependencies all met for <TaskInstance: orchestrator_dag.trigger_text_processing_dag_1 manual__2024-06-20T13:34:53.376286+00:00 [queued]>
[2024-06-20 19:32:09,777] {taskinstance.py:1037} INFO - Dependencies all met for <TaskInstance: orchestrator_dag.trigger_text_processing_dag_1 manual__2024-06-20T13:34:53.376286+00:00 [queued]>
[2024-06-20 19:32:09,777] {taskinstance.py:1243} INFO - 
--------------------------------------------------------------------------------
[2024-06-20 19:32:09,779] {taskinstance.py:1244} INFO - Starting attempt 1 of 2
[2024-06-20 19:32:09,779] {taskinstance.py:1245} INFO - 
--------------------------------------------------------------------------------
[2024-06-20 19:32:09,816] {taskinstance.py:1264} INFO - Executing <Task(TriggerDagRunOperator): trigger_text_processing_dag_1> on 2024-06-20 13:34:53.376286+00:00
[2024-06-20 19:32:09,819] {standard_task_runner.py:52} INFO - Started process 192 to run task
[2024-06-20 19:32:09,839] {standard_task_runner.py:76} INFO - Running: ['airflow', 'tasks', 'run', 'orchestrator_dag', 'trigger_text_processing_dag_1', 'manual__2024-06-20T13:34:53.376286+00:00', '--job-id', '4', '--raw', '--subdir', 'DAGS_FOLDER/dag_orchestrator.py', '--cfg-path', '/tmp/tmpb9cwj86x', '--error-file', '/tmp/tmphlvs3ear']
[2024-06-20 19:32:09,842] {standard_task_runner.py:77} INFO - Job 4: Subtask trigger_text_processing_dag_1
[2024-06-20 19:32:10,089] {logging_mixin.py:109} INFO - Running <TaskInstance: orchestrator_dag.trigger_text_processing_dag_1 manual__2024-06-20T13:34:53.376286+00:00 [running]> on host 09fa9687a8d2
[2024-06-20 19:32:10,340] {taskinstance.py:1431} INFO - Exporting the following env vars:
AIRFLOW_CTX_DAG_OWNER=airflow
AIRFLOW_CTX_DAG_ID=orchestrator_dag
AIRFLOW_CTX_TASK_ID=trigger_text_processing_dag_1
AIRFLOW_CTX_EXECUTION_DATE=2024-06-20T13:34:53.376286+00:00
AIRFLOW_CTX_DAG_RUN_ID=manual__2024-06-20T13:34:53.376286+00:00
[2024-06-20 19:32:10,435] {logging_mixin.py:109} WARNING - /home/airflow/.local/lib/python3.6/site-packages/airflow/api/common/trigger_dag.py:90 DeprecationWarning: Calling `DAG.create_dagrun()` without an explicit data interval is deprecated
[2024-06-20 19:32:10,658] {taskinstance.py:1282} INFO - Marking task as SUCCESS. dag_id=orchestrator_dag, task_id=trigger_text_processing_dag_1, execution_date=20240620T133453, start_date=20240620T193209, end_date=20240620T193210
[2024-06-20 19:32:10,752] {local_task_job.py:154} INFO - Task exited with return code 0
[2024-06-20 19:32:11,010] {local_task_job.py:264} INFO - 0 downstream tasks scheduled from follow-on schedule check
