[2024-07-12 00:28:55,023] {taskinstance.py:1037} INFO - Dependencies all met for <TaskInstance: text_processing_dag_1.process_text manual__2024-07-12T00:28:51.844553+00:00 [queued]>
[2024-07-12 00:28:55,050] {taskinstance.py:1037} INFO - Dependencies all met for <TaskInstance: text_processing_dag_1.process_text manual__2024-07-12T00:28:51.844553+00:00 [queued]>
[2024-07-12 00:28:55,051] {taskinstance.py:1243} INFO - 
--------------------------------------------------------------------------------
[2024-07-12 00:28:55,051] {taskinstance.py:1244} INFO - Starting attempt 1 of 2
[2024-07-12 00:28:55,051] {taskinstance.py:1245} INFO - 
--------------------------------------------------------------------------------
[2024-07-12 00:28:55,080] {taskinstance.py:1264} INFO - Executing <Task(PythonOperator): process_text> on 2024-07-12 00:28:51.844553+00:00
[2024-07-12 00:28:55,091] {standard_task_runner.py:76} INFO - Running: ['airflow', 'tasks', 'run', 'text_processing_dag_1', 'process_text', 'manual__2024-07-12T00:28:51.844553+00:00', '--job-id', '3220', '--raw', '--subdir', 'DAGS_FOLDER/dag_text_processing_1.py', '--cfg-path', '/tmp/tmp5kszqg24', '--error-file', '/tmp/tmpzeo5f8zh']
[2024-07-12 00:28:55,086] {standard_task_runner.py:52} INFO - Started process 4869 to run task
[2024-07-12 00:28:55,094] {standard_task_runner.py:77} INFO - Job 3220: Subtask process_text
[2024-07-12 00:28:55,167] {logging_mixin.py:109} INFO - Running <TaskInstance: text_processing_dag_1.process_text manual__2024-07-12T00:28:51.844553+00:00 [running]> on host cf249bbdc0d0
[2024-07-12 00:28:55,255] {taskinstance.py:1431} INFO - Exporting the following env vars:
AIRFLOW_CTX_DAG_OWNER=airflow
AIRFLOW_CTX_DAG_ID=text_processing_dag_1
AIRFLOW_CTX_TASK_ID=process_text
AIRFLOW_CTX_EXECUTION_DATE=2024-07-12T00:28:51.844553+00:00
AIRFLOW_CTX_DAG_RUN_ID=manual__2024-07-12T00:28:51.844553+00:00
[2024-07-12 00:28:56,685] {logging_mixin.py:109} INFO - Index(['date', 'time', 'messages', 'video_links', 'video_durations'], dtype='object')
[2024-07-12 00:29:05,267] {local_task_job.py:212} WARNING - State of this instance has been externally set to None. Terminating instance.
[2024-07-12 00:29:05,278] {process_utils.py:124} INFO - Sending Signals.SIGTERM to group 4869. PIDs of all processes in the group: [4869]
[2024-07-12 00:29:05,281] {process_utils.py:75} INFO - Sending the signal Signals.SIGTERM to group 4869
[2024-07-12 00:29:05,282] {taskinstance.py:1413} ERROR - Received SIGTERM. Terminating subprocesses.
[2024-07-12 00:29:05,296] {taskinstance.py:1718} ERROR - Task failed with exception
Traceback (most recent call last):
  File "/home/airflow/.local/lib/python3.6/site-packages/airflow/models/taskinstance.py", line 1334, in _run_raw_task
    self._execute_task_with_callbacks(context)
  File "/home/airflow/.local/lib/python3.6/site-packages/airflow/models/taskinstance.py", line 1460, in _execute_task_with_callbacks
    result = self._execute_task(context, self.task)
  File "/home/airflow/.local/lib/python3.6/site-packages/airflow/models/taskinstance.py", line 1516, in _execute_task
    result = execute_callable(context=context)
  File "/home/airflow/.local/lib/python3.6/site-packages/airflow/operators/python.py", line 174, in execute
    return_value = self.execute_callable()
  File "/home/airflow/.local/lib/python3.6/site-packages/airflow/operators/python.py", line 188, in execute_callable
    return self.python_callable(*self.op_args, **self.op_kwargs)
  File "/opt/airflow/dags/../scripts/text_processing.py", line 99, in process_text
    summary = summarize_text(i)
  File "/opt/airflow/dags/../scripts/text_processing.py", line 91, in summarize_text
    sentence_scores = {sent: sum(token.vector_norm for token in nlp(sent)) for sent in sentences}
  File "/opt/airflow/dags/../scripts/text_processing.py", line 91, in <dictcomp>
    sentence_scores = {sent: sum(token.vector_norm for token in nlp(sent)) for sent in sentences}
  File "/home/airflow/.local/lib/python3.6/site-packages/spacy/language.py", line 1047, in __call__
    error_handler(name, proc, [doc], e)
  File "/home/airflow/.local/lib/python3.6/site-packages/spacy/util.py", line 1724, in raise_error
    raise e
  File "/home/airflow/.local/lib/python3.6/site-packages/spacy/language.py", line 1042, in __call__
    doc = proc(doc, **component_cfg.get(name, {}))  # type: ignore[call-arg]
  File "spacy/pipeline/trainable_pipe.pyx", line 56, in spacy.pipeline.trainable_pipe.TrainablePipe.__call__
  File "/home/airflow/.local/lib/python3.6/site-packages/spacy/util.py", line 1724, in raise_error
    raise e
  File "spacy/pipeline/trainable_pipe.pyx", line 52, in spacy.pipeline.trainable_pipe.TrainablePipe.__call__
  File "spacy/pipeline/transition_parser.pyx", line 263, in spacy.pipeline.transition_parser.Parser.predict
  File "spacy/pipeline/transition_parser.pyx", line 284, in spacy.pipeline.transition_parser.Parser.greedy_parse
  File "/home/airflow/.local/lib/python3.6/site-packages/thinc/model.py", line 334, in predict
    return self._func(self, X, is_train=False)[0]
  File "/home/airflow/.local/lib/python3.6/site-packages/spacy/ml/tb_framework.py", line 39, in forward
    has_upper=model.attrs["has_upper"],
  File "spacy/ml/parser_model.pyx", line 249, in spacy.ml.parser_model.ParserStepModel.__init__
  File "/home/airflow/.local/lib/python3.6/site-packages/thinc/model.py", line 310, in __call__
    return self._func(self, X, is_train=is_train)
  File "/home/airflow/.local/lib/python3.6/site-packages/thinc/layers/chain.py", line 54, in forward
    Y, inc_layer_grad = layer(X, is_train=is_train)
  File "/home/airflow/.local/lib/python3.6/site-packages/thinc/model.py", line 310, in __call__
    return self._func(self, X, is_train=is_train)
  File "/home/airflow/.local/lib/python3.6/site-packages/thinc/layers/chain.py", line 54, in forward
    Y, inc_layer_grad = layer(X, is_train=is_train)
  File "/home/airflow/.local/lib/python3.6/site-packages/thinc/model.py", line 310, in __call__
    return self._func(self, X, is_train=is_train)
  File "/home/airflow/.local/lib/python3.6/site-packages/thinc/layers/with_array.py", line 42, in forward
    return cast(Tuple[SeqT, Callable], _list_forward(model, Xseq, is_train))
  File "/home/airflow/.local/lib/python3.6/site-packages/thinc/layers/with_array.py", line 77, in _list_forward
    Yf, get_dXf = layer(Xf, is_train)
  File "/home/airflow/.local/lib/python3.6/site-packages/thinc/model.py", line 310, in __call__
    return self._func(self, X, is_train=is_train)
  File "/home/airflow/.local/lib/python3.6/site-packages/thinc/layers/chain.py", line 54, in forward
    Y, inc_layer_grad = layer(X, is_train=is_train)
  File "/home/airflow/.local/lib/python3.6/site-packages/thinc/model.py", line 310, in __call__
    return self._func(self, X, is_train=is_train)
  File "/home/airflow/.local/lib/python3.6/site-packages/thinc/layers/residual.py", line 41, in forward
    Y, backprop_layer = model.layers[0](X, is_train)
  File "/home/airflow/.local/lib/python3.6/site-packages/thinc/model.py", line 310, in __call__
    return self._func(self, X, is_train=is_train)
  File "/home/airflow/.local/lib/python3.6/site-packages/thinc/layers/chain.py", line 54, in forward
    Y, inc_layer_grad = layer(X, is_train=is_train)
  File "/home/airflow/.local/lib/python3.6/site-packages/thinc/model.py", line 310, in __call__
    return self._func(self, X, is_train=is_train)
  File "/home/airflow/.local/lib/python3.6/site-packages/thinc/layers/chain.py", line 54, in forward
    Y, inc_layer_grad = layer(X, is_train=is_train)
  File "/home/airflow/.local/lib/python3.6/site-packages/thinc/model.py", line 310, in __call__
    return self._func(self, X, is_train=is_train)
  File "/home/airflow/.local/lib/python3.6/site-packages/thinc/layers/chain.py", line 54, in forward
    Y, inc_layer_grad = layer(X, is_train=is_train)
  File "/home/airflow/.local/lib/python3.6/site-packages/thinc/model.py", line 310, in __call__
    return self._func(self, X, is_train=is_train)
  File "/home/airflow/.local/lib/python3.6/site-packages/thinc/layers/maxout.py", line 52, in forward
    Y = model.ops.gemm(X, W, trans2=True)
  File "/home/airflow/.local/lib/python3.6/site-packages/airflow/models/taskinstance.py", line 1415, in signal_handler
    raise AirflowException("Task received SIGTERM signal")
airflow.exceptions.AirflowException: Task received SIGTERM signal
[2024-07-12 00:29:05,304] {taskinstance.py:1282} INFO - Marking task as FAILED. dag_id=text_processing_dag_1, task_id=process_text, execution_date=20240712T002851, start_date=20240712T002855, end_date=20240712T002905
[2024-07-12 00:29:05,324] {standard_task_runner.py:92} ERROR - Failed to execute job 3220 for task process_text
Traceback (most recent call last):
  File "/home/airflow/.local/lib/python3.6/site-packages/airflow/task/task_runner/standard_task_runner.py", line 85, in _start_by_fork
    args.func(args, dag=self.dag)
  File "/home/airflow/.local/lib/python3.6/site-packages/airflow/cli/cli_parser.py", line 48, in command
    return func(*args, **kwargs)
  File "/home/airflow/.local/lib/python3.6/site-packages/airflow/utils/cli.py", line 92, in wrapper
    return f(*args, **kwargs)
  File "/home/airflow/.local/lib/python3.6/site-packages/airflow/cli/commands/task_command.py", line 298, in task_run
    _run_task_by_selected_method(args, dag, ti)
  File "/home/airflow/.local/lib/python3.6/site-packages/airflow/cli/commands/task_command.py", line 107, in _run_task_by_selected_method
    _run_raw_task(args, ti)
  File "/home/airflow/.local/lib/python3.6/site-packages/airflow/cli/commands/task_command.py", line 184, in _run_raw_task
    error_file=args.error_file,
  File "/home/airflow/.local/lib/python3.6/site-packages/airflow/utils/session.py", line 70, in wrapper
    return func(*args, session=session, **kwargs)
  File "/home/airflow/.local/lib/python3.6/site-packages/airflow/models/taskinstance.py", line 1334, in _run_raw_task
    self._execute_task_with_callbacks(context)
  File "/home/airflow/.local/lib/python3.6/site-packages/airflow/models/taskinstance.py", line 1460, in _execute_task_with_callbacks
    result = self._execute_task(context, self.task)
  File "/home/airflow/.local/lib/python3.6/site-packages/airflow/models/taskinstance.py", line 1516, in _execute_task
    result = execute_callable(context=context)
  File "/home/airflow/.local/lib/python3.6/site-packages/airflow/operators/python.py", line 174, in execute
    return_value = self.execute_callable()
  File "/home/airflow/.local/lib/python3.6/site-packages/airflow/operators/python.py", line 188, in execute_callable
    return self.python_callable(*self.op_args, **self.op_kwargs)
  File "/opt/airflow/dags/../scripts/text_processing.py", line 99, in process_text
    summary = summarize_text(i)
  File "/opt/airflow/dags/../scripts/text_processing.py", line 91, in summarize_text
    sentence_scores = {sent: sum(token.vector_norm for token in nlp(sent)) for sent in sentences}
  File "/opt/airflow/dags/../scripts/text_processing.py", line 91, in <dictcomp>
    sentence_scores = {sent: sum(token.vector_norm for token in nlp(sent)) for sent in sentences}
  File "/home/airflow/.local/lib/python3.6/site-packages/spacy/language.py", line 1047, in __call__
    error_handler(name, proc, [doc], e)
  File "/home/airflow/.local/lib/python3.6/site-packages/spacy/util.py", line 1724, in raise_error
    raise e
  File "/home/airflow/.local/lib/python3.6/site-packages/spacy/language.py", line 1042, in __call__
    doc = proc(doc, **component_cfg.get(name, {}))  # type: ignore[call-arg]
  File "spacy/pipeline/trainable_pipe.pyx", line 56, in spacy.pipeline.trainable_pipe.TrainablePipe.__call__
  File "/home/airflow/.local/lib/python3.6/site-packages/spacy/util.py", line 1724, in raise_error
    raise e
  File "spacy/pipeline/trainable_pipe.pyx", line 52, in spacy.pipeline.trainable_pipe.TrainablePipe.__call__
  File "spacy/pipeline/transition_parser.pyx", line 263, in spacy.pipeline.transition_parser.Parser.predict
  File "spacy/pipeline/transition_parser.pyx", line 284, in spacy.pipeline.transition_parser.Parser.greedy_parse
  File "/home/airflow/.local/lib/python3.6/site-packages/thinc/model.py", line 334, in predict
    return self._func(self, X, is_train=False)[0]
  File "/home/airflow/.local/lib/python3.6/site-packages/spacy/ml/tb_framework.py", line 39, in forward
    has_upper=model.attrs["has_upper"],
  File "spacy/ml/parser_model.pyx", line 249, in spacy.ml.parser_model.ParserStepModel.__init__
  File "/home/airflow/.local/lib/python3.6/site-packages/thinc/model.py", line 310, in __call__
    return self._func(self, X, is_train=is_train)
  File "/home/airflow/.local/lib/python3.6/site-packages/thinc/layers/chain.py", line 54, in forward
    Y, inc_layer_grad = layer(X, is_train=is_train)
  File "/home/airflow/.local/lib/python3.6/site-packages/thinc/model.py", line 310, in __call__
    return self._func(self, X, is_train=is_train)
  File "/home/airflow/.local/lib/python3.6/site-packages/thinc/layers/chain.py", line 54, in forward
    Y, inc_layer_grad = layer(X, is_train=is_train)
  File "/home/airflow/.local/lib/python3.6/site-packages/thinc/model.py", line 310, in __call__
    return self._func(self, X, is_train=is_train)
  File "/home/airflow/.local/lib/python3.6/site-packages/thinc/layers/with_array.py", line 42, in forward
    return cast(Tuple[SeqT, Callable], _list_forward(model, Xseq, is_train))
  File "/home/airflow/.local/lib/python3.6/site-packages/thinc/layers/with_array.py", line 77, in _list_forward
    Yf, get_dXf = layer(Xf, is_train)
  File "/home/airflow/.local/lib/python3.6/site-packages/thinc/model.py", line 310, in __call__
    return self._func(self, X, is_train=is_train)
  File "/home/airflow/.local/lib/python3.6/site-packages/thinc/layers/chain.py", line 54, in forward
    Y, inc_layer_grad = layer(X, is_train=is_train)
  File "/home/airflow/.local/lib/python3.6/site-packages/thinc/model.py", line 310, in __call__
    return self._func(self, X, is_train=is_train)
  File "/home/airflow/.local/lib/python3.6/site-packages/thinc/layers/residual.py", line 41, in forward
    Y, backprop_layer = model.layers[0](X, is_train)
  File "/home/airflow/.local/lib/python3.6/site-packages/thinc/model.py", line 310, in __call__
    return self._func(self, X, is_train=is_train)
  File "/home/airflow/.local/lib/python3.6/site-packages/thinc/layers/chain.py", line 54, in forward
    Y, inc_layer_grad = layer(X, is_train=is_train)
  File "/home/airflow/.local/lib/python3.6/site-packages/thinc/model.py", line 310, in __call__
    return self._func(self, X, is_train=is_train)
  File "/home/airflow/.local/lib/python3.6/site-packages/thinc/layers/chain.py", line 54, in forward
    Y, inc_layer_grad = layer(X, is_train=is_train)
  File "/home/airflow/.local/lib/python3.6/site-packages/thinc/model.py", line 310, in __call__
    return self._func(self, X, is_train=is_train)
  File "/home/airflow/.local/lib/python3.6/site-packages/thinc/layers/chain.py", line 54, in forward
    Y, inc_layer_grad = layer(X, is_train=is_train)
  File "/home/airflow/.local/lib/python3.6/site-packages/thinc/model.py", line 310, in __call__
    return self._func(self, X, is_train=is_train)
  File "/home/airflow/.local/lib/python3.6/site-packages/thinc/layers/maxout.py", line 52, in forward
    Y = model.ops.gemm(X, W, trans2=True)
  File "/home/airflow/.local/lib/python3.6/site-packages/airflow/models/taskinstance.py", line 1415, in signal_handler
    raise AirflowException("Task received SIGTERM signal")
airflow.exceptions.AirflowException: Task received SIGTERM signal
[2024-07-12 00:29:05,374] {process_utils.py:70} INFO - Process psutil.Process(pid=4869, status='terminated', exitcode=1, started='00:28:54') (4869) terminated with exit code 1
