[2024-07-12 00:41:43,273] {taskinstance.py:1037} INFO - Dependencies all met for <TaskInstance: text_processing_dag_1.process_text manual__2024-07-12T00:41:41.278044+00:00 [queued]>
[2024-07-12 00:41:43,283] {taskinstance.py:1037} INFO - Dependencies all met for <TaskInstance: text_processing_dag_1.process_text manual__2024-07-12T00:41:41.278044+00:00 [queued]>
[2024-07-12 00:41:43,284] {taskinstance.py:1243} INFO - 
--------------------------------------------------------------------------------
[2024-07-12 00:41:43,284] {taskinstance.py:1244} INFO - Starting attempt 1 of 2
[2024-07-12 00:41:43,284] {taskinstance.py:1245} INFO - 
--------------------------------------------------------------------------------
[2024-07-12 00:41:43,294] {taskinstance.py:1264} INFO - Executing <Task(PythonOperator): process_text> on 2024-07-12 00:41:41.278044+00:00
[2024-07-12 00:41:43,299] {standard_task_runner.py:52} INFO - Started process 5689 to run task
[2024-07-12 00:41:43,303] {standard_task_runner.py:76} INFO - Running: ['airflow', 'tasks', 'run', 'text_processing_dag_1', 'process_text', 'manual__2024-07-12T00:41:41.278044+00:00', '--job-id', '3238', '--raw', '--subdir', 'DAGS_FOLDER/dag_text_processing_1.py', '--cfg-path', '/tmp/tmphbho3c7e', '--error-file', '/tmp/tmpb646d5ub']
[2024-07-12 00:41:43,306] {standard_task_runner.py:77} INFO - Job 3238: Subtask process_text
[2024-07-12 00:41:43,378] {logging_mixin.py:109} INFO - Running <TaskInstance: text_processing_dag_1.process_text manual__2024-07-12T00:41:41.278044+00:00 [running]> on host cf249bbdc0d0
[2024-07-12 00:41:43,459] {taskinstance.py:1431} INFO - Exporting the following env vars:
AIRFLOW_CTX_DAG_OWNER=airflow
AIRFLOW_CTX_DAG_ID=text_processing_dag_1
AIRFLOW_CTX_TASK_ID=process_text
AIRFLOW_CTX_EXECUTION_DATE=2024-07-12T00:41:41.278044+00:00
AIRFLOW_CTX_DAG_RUN_ID=manual__2024-07-12T00:41:41.278044+00:00
[2024-07-12 00:41:44,342] {logging_mixin.py:109} INFO - Index(['date', 'time', 'messages', 'video_links', 'video_durations'], dtype='object')
[2024-07-12 00:41:48,695] {logging_mixin.py:109} INFO - Error: ZERO_RESULTS for city: الأهالي
[2024-07-12 00:41:51,148] {logging_mixin.py:109} INFO - Error: ZERO_RESULTS for city: Maythaloun
[2024-07-12 00:41:51,742] {logging_mixin.py:109} INFO - Processed data saved to /opt/airflow/data/processed_data_1.json
[2024-07-12 00:41:51,744] {python.py:175} INFO - Done. Returned value was: None
[2024-07-12 00:41:51,765] {taskinstance.py:1282} INFO - Marking task as SUCCESS. dag_id=text_processing_dag_1, task_id=process_text, execution_date=20240712T004141, start_date=20240712T004143, end_date=20240712T004151
[2024-07-12 00:41:51,802] {local_task_job.py:154} INFO - Task exited with return code 0
[2024-07-12 00:41:51,847] {local_task_job.py:264} INFO - 0 downstream tasks scheduled from follow-on schedule check
