[2024-07-12 00:29:24,418] {taskinstance.py:1037} INFO - Dependencies all met for <TaskInstance: text_processing_dag_1.process_text manual__2024-07-12T00:29:22.032711+00:00 [queued]>
[2024-07-12 00:29:24,429] {taskinstance.py:1037} INFO - Dependencies all met for <TaskInstance: text_processing_dag_1.process_text manual__2024-07-12T00:29:22.032711+00:00 [queued]>
[2024-07-12 00:29:24,429] {taskinstance.py:1243} INFO - 
--------------------------------------------------------------------------------
[2024-07-12 00:29:24,429] {taskinstance.py:1244} INFO - Starting attempt 1 of 2
[2024-07-12 00:29:24,430] {taskinstance.py:1245} INFO - 
--------------------------------------------------------------------------------
[2024-07-12 00:29:24,441] {taskinstance.py:1264} INFO - Executing <Task(PythonOperator): process_text> on 2024-07-12 00:29:22.032711+00:00
[2024-07-12 00:29:24,445] {standard_task_runner.py:52} INFO - Started process 4919 to run task
[2024-07-12 00:29:24,449] {standard_task_runner.py:76} INFO - Running: ['airflow', 'tasks', 'run', 'text_processing_dag_1', 'process_text', 'manual__2024-07-12T00:29:22.032711+00:00', '--job-id', '3225', '--raw', '--subdir', 'DAGS_FOLDER/dag_text_processing_1.py', '--cfg-path', '/tmp/tmpss2b53a0', '--error-file', '/tmp/tmpgaylh1yh']
[2024-07-12 00:29:24,452] {standard_task_runner.py:77} INFO - Job 3225: Subtask process_text
[2024-07-12 00:29:24,521] {logging_mixin.py:109} INFO - Running <TaskInstance: text_processing_dag_1.process_text manual__2024-07-12T00:29:22.032711+00:00 [running]> on host cf249bbdc0d0
[2024-07-12 00:29:24,587] {taskinstance.py:1431} INFO - Exporting the following env vars:
AIRFLOW_CTX_DAG_OWNER=airflow
AIRFLOW_CTX_DAG_ID=text_processing_dag_1
AIRFLOW_CTX_TASK_ID=process_text
AIRFLOW_CTX_EXECUTION_DATE=2024-07-12T00:29:22.032711+00:00
AIRFLOW_CTX_DAG_RUN_ID=manual__2024-07-12T00:29:22.032711+00:00
[2024-07-12 00:29:25,376] {logging_mixin.py:109} INFO - Index(['date', 'time', 'messages', 'video_links', 'video_durations'], dtype='object')
[2024-07-12 00:29:37,784] {logging_mixin.py:109} INFO - Error: ZERO_RESULTS for city: شهيد
[2024-07-12 00:29:38,146] {logging_mixin.py:109} INFO - Error: ZERO_RESULTS for city: mosque
[2024-07-12 00:29:39,677] {local_task_job.py:212} WARNING - State of this instance has been externally set to None. Terminating instance.
[2024-07-12 00:29:39,680] {process_utils.py:124} INFO - Sending Signals.SIGTERM to group 4919. PIDs of all processes in the group: [4919]
[2024-07-12 00:29:39,680] {process_utils.py:75} INFO - Sending the signal Signals.SIGTERM to group 4919
[2024-07-12 00:29:39,680] {taskinstance.py:1413} ERROR - Received SIGTERM. Terminating subprocesses.
[2024-07-12 00:29:39,681] {logging_mixin.py:109} INFO - Error fetching data for city: ramallah, Error: Task received SIGTERM signal
[2024-07-12 00:29:42,719] {logging_mixin.py:109} INFO - Error: ZERO_RESULTS for city: الأهالي
[2024-07-12 00:29:45,484] {logging_mixin.py:109} INFO - Error: ZERO_RESULTS for city: Maythaloun
[2024-07-12 00:29:45,825] {logging_mixin.py:109} INFO - Processed data saved to /opt/airflow/data/processed_data_1.json
[2024-07-12 00:29:45,827] {python.py:175} INFO - Done. Returned value was: None
[2024-07-12 00:29:45,848] {taskinstance.py:1282} INFO - Marking task as SUCCESS. dag_id=text_processing_dag_1, task_id=process_text, execution_date=20240712T002922, start_date=20240712T002924, end_date=20240712T002945
[2024-07-12 00:29:45,896] {process_utils.py:70} INFO - Process psutil.Process(pid=4919, status='terminated', exitcode=0, started='00:29:23') (4919) terminated with exit code 0
