[2024-06-26 16:18:58,969] {taskinstance.py:1037} INFO - Dependencies all met for <TaskInstance: webscraping_dag.scrape_and_produce scheduled__2023-04-26T17:00:00+00:00 [queued]>
[2024-06-26 16:18:58,979] {taskinstance.py:1037} INFO - Dependencies all met for <TaskInstance: webscraping_dag.scrape_and_produce scheduled__2023-04-26T17:00:00+00:00 [queued]>
[2024-06-26 16:18:58,979] {taskinstance.py:1243} INFO - 
--------------------------------------------------------------------------------
[2024-06-26 16:18:58,979] {taskinstance.py:1244} INFO - Starting attempt 1 of 2
[2024-06-26 16:18:58,980] {taskinstance.py:1245} INFO - 
--------------------------------------------------------------------------------
[2024-06-26 16:18:58,995] {taskinstance.py:1264} INFO - Executing <Task(PythonOperator): scrape_and_produce> on 2023-04-26 17:00:00+00:00
[2024-06-26 16:18:58,997] {standard_task_runner.py:52} INFO - Started process 10807 to run task
[2024-06-26 16:18:59,000] {standard_task_runner.py:76} INFO - Running: ['airflow', 'tasks', 'run', 'webscraping_dag', 'scrape_and_produce', 'scheduled__2023-04-26T17:00:00+00:00', '--job-id', '2990', '--raw', '--subdir', 'DAGS_FOLDER/webscraping_dag.py', '--cfg-path', '/tmp/tmpm8lyivbv', '--error-file', '/tmp/tmpo5rbt14w']
[2024-06-26 16:18:59,005] {standard_task_runner.py:77} INFO - Job 2990: Subtask scrape_and_produce
[2024-06-26 16:18:59,075] {logging_mixin.py:109} INFO - Running <TaskInstance: webscraping_dag.scrape_and_produce scheduled__2023-04-26T17:00:00+00:00 [running]> on host 1f86a07ac7e4
[2024-06-26 16:18:59,143] {taskinstance.py:1431} INFO - Exporting the following env vars:
AIRFLOW_CTX_DAG_OWNER=airflow
AIRFLOW_CTX_DAG_ID=webscraping_dag
AIRFLOW_CTX_TASK_ID=scrape_and_produce
AIRFLOW_CTX_EXECUTION_DATE=2023-04-26T17:00:00+00:00
AIRFLOW_CTX_DAG_RUN_ID=scheduled__2023-04-26T17:00:00+00:00
[2024-06-26 16:18:59,149] {logging_mixin.py:109} INFO - Error initializing WebDriver: Message: 'chromedriver' executable needs to be in PATH. Please see https://sites.google.com/a/chromium.org/chromedriver/home
[2024-06-26 16:18:59,150] {logging_mixin.py:109} INFO - 
[2024-06-26 16:18:59,150] {python.py:175} INFO - Done. Returned value was: None
[2024-06-26 16:18:59,323] {taskinstance.py:1282} INFO - Marking task as SUCCESS. dag_id=webscraping_dag, task_id=scrape_and_produce, execution_date=20230426T170000, start_date=20240626T161858, end_date=20240626T161859
[2024-06-26 16:18:59,374] {local_task_job.py:154} INFO - Task exited with return code 0
[2024-06-26 16:18:59,424] {local_task_job.py:264} INFO - 0 downstream tasks scheduled from follow-on schedule check
