[2024-06-26 15:57:05,766] {taskinstance.py:1037} INFO - Dependencies all met for <TaskInstance: webscraping_dag.scrape_and_produce scheduled__2023-03-01T21:00:00+00:00 [queued]>
[2024-06-26 15:57:05,783] {taskinstance.py:1037} INFO - Dependencies all met for <TaskInstance: webscraping_dag.scrape_and_produce scheduled__2023-03-01T21:00:00+00:00 [queued]>
[2024-06-26 15:57:05,783] {taskinstance.py:1243} INFO - 
--------------------------------------------------------------------------------
[2024-06-26 15:57:05,783] {taskinstance.py:1244} INFO - Starting attempt 1 of 2
[2024-06-26 15:57:05,783] {taskinstance.py:1245} INFO - 
--------------------------------------------------------------------------------
[2024-06-26 15:57:05,811] {taskinstance.py:1264} INFO - Executing <Task(PythonOperator): scrape_and_produce> on 2023-03-01 21:00:00+00:00
[2024-06-26 15:57:05,817] {standard_task_runner.py:52} INFO - Started process 5352 to run task
[2024-06-26 15:57:05,820] {standard_task_runner.py:76} INFO - Running: ['airflow', 'tasks', 'run', 'webscraping_dag', 'scrape_and_produce', 'scheduled__2023-03-01T21:00:00+00:00', '--job-id', '1633', '--raw', '--subdir', 'DAGS_FOLDER/webscraping_dag.py', '--cfg-path', '/tmp/tmpaf21a81h', '--error-file', '/tmp/tmpkpszxi8g']
[2024-06-26 15:57:05,826] {standard_task_runner.py:77} INFO - Job 1633: Subtask scrape_and_produce
[2024-06-26 15:57:05,975] {logging_mixin.py:109} INFO - Running <TaskInstance: webscraping_dag.scrape_and_produce scheduled__2023-03-01T21:00:00+00:00 [running]> on host 1f86a07ac7e4
[2024-06-26 15:57:06,099] {taskinstance.py:1431} INFO - Exporting the following env vars:
AIRFLOW_CTX_DAG_OWNER=airflow
AIRFLOW_CTX_DAG_ID=webscraping_dag
AIRFLOW_CTX_TASK_ID=scrape_and_produce
AIRFLOW_CTX_EXECUTION_DATE=2023-03-01T21:00:00+00:00
AIRFLOW_CTX_DAG_RUN_ID=scheduled__2023-03-01T21:00:00+00:00
[2024-06-26 15:57:06,124] {logging_mixin.py:109} INFO - Error initializing WebDriver: Message: 'chromedriver' executable needs to be in PATH. Please see https://sites.google.com/a/chromium.org/chromedriver/home
[2024-06-26 15:57:06,125] {logging_mixin.py:109} INFO - 
[2024-06-26 15:57:06,125] {python.py:175} INFO - Done. Returned value was: None
[2024-06-26 15:57:06,197] {taskinstance.py:1282} INFO - Marking task as SUCCESS. dag_id=webscraping_dag, task_id=scrape_and_produce, execution_date=20230301T210000, start_date=20240626T155705, end_date=20240626T155706
[2024-06-26 15:57:06,290] {local_task_job.py:154} INFO - Task exited with return code 0
[2024-06-26 15:57:06,380] {local_task_job.py:264} INFO - 0 downstream tasks scheduled from follow-on schedule check
