[2024-06-26 16:04:20,250] {taskinstance.py:1037} INFO - Dependencies all met for <TaskInstance: webscraping_dag.scrape_and_produce scheduled__2023-04-04T11:00:00+00:00 [queued]>
[2024-06-26 16:04:20,263] {taskinstance.py:1037} INFO - Dependencies all met for <TaskInstance: webscraping_dag.scrape_and_produce scheduled__2023-04-04T11:00:00+00:00 [queued]>
[2024-06-26 16:04:20,263] {taskinstance.py:1243} INFO - 
--------------------------------------------------------------------------------
[2024-06-26 16:04:20,264] {taskinstance.py:1244} INFO - Starting attempt 1 of 2
[2024-06-26 16:04:20,264] {taskinstance.py:1245} INFO - 
--------------------------------------------------------------------------------
[2024-06-26 16:04:20,279] {taskinstance.py:1264} INFO - Executing <Task(PythonOperator): scrape_and_produce> on 2023-04-04 11:00:00+00:00
[2024-06-26 16:04:20,281] {standard_task_runner.py:52} INFO - Started process 8228 to run task
[2024-06-26 16:04:20,292] {standard_task_runner.py:76} INFO - Running: ['airflow', 'tasks', 'run', 'webscraping_dag', 'scrape_and_produce', 'scheduled__2023-04-04T11:00:00+00:00', '--job-id', '2439', '--raw', '--subdir', 'DAGS_FOLDER/webscraping_dag.py', '--cfg-path', '/tmp/tmp4g85sjpl', '--error-file', '/tmp/tmprn67673j']
[2024-06-26 16:04:20,295] {standard_task_runner.py:77} INFO - Job 2439: Subtask scrape_and_produce
[2024-06-26 16:04:20,376] {logging_mixin.py:109} INFO - Running <TaskInstance: webscraping_dag.scrape_and_produce scheduled__2023-04-04T11:00:00+00:00 [running]> on host 1f86a07ac7e4
[2024-06-26 16:04:20,477] {taskinstance.py:1431} INFO - Exporting the following env vars:
AIRFLOW_CTX_DAG_OWNER=airflow
AIRFLOW_CTX_DAG_ID=webscraping_dag
AIRFLOW_CTX_TASK_ID=scrape_and_produce
AIRFLOW_CTX_EXECUTION_DATE=2023-04-04T11:00:00+00:00
AIRFLOW_CTX_DAG_RUN_ID=scheduled__2023-04-04T11:00:00+00:00
[2024-06-26 16:04:20,484] {logging_mixin.py:109} INFO - Error initializing WebDriver: Message: 'chromedriver' executable needs to be in PATH. Please see https://sites.google.com/a/chromium.org/chromedriver/home
[2024-06-26 16:04:20,484] {logging_mixin.py:109} INFO - 
[2024-06-26 16:04:20,484] {python.py:175} INFO - Done. Returned value was: None
[2024-06-26 16:04:20,505] {taskinstance.py:1282} INFO - Marking task as SUCCESS. dag_id=webscraping_dag, task_id=scrape_and_produce, execution_date=20230404T110000, start_date=20240626T160420, end_date=20240626T160420
[2024-06-26 16:04:20,546] {local_task_job.py:154} INFO - Task exited with return code 0
[2024-06-26 16:04:20,581] {local_task_job.py:264} INFO - 0 downstream tasks scheduled from follow-on schedule check
