[2024-06-25 04:53:39,575] {taskinstance.py:1037} INFO - Dependencies all met for <TaskInstance: orchestrator_dag.trigger_text_processing_dag_1 scheduled__2024-06-18T00:00:00+00:00 [queued]>
[2024-06-25 04:53:39,587] {taskinstance.py:1037} INFO - Dependencies all met for <TaskInstance: orchestrator_dag.trigger_text_processing_dag_1 scheduled__2024-06-18T00:00:00+00:00 [queued]>
[2024-06-25 04:53:39,588] {taskinstance.py:1243} INFO - 
--------------------------------------------------------------------------------
[2024-06-25 04:53:39,588] {taskinstance.py:1244} INFO - Starting attempt 2 of 3
[2024-06-25 04:53:39,588] {taskinstance.py:1245} INFO - 
--------------------------------------------------------------------------------
[2024-06-25 04:53:39,602] {taskinstance.py:1264} INFO - Executing <Task(TriggerDagRunOperator): trigger_text_processing_dag_1> on 2024-06-18 00:00:00+00:00
[2024-06-25 04:53:39,606] {standard_task_runner.py:52} INFO - Started process 3234 to run task
[2024-06-25 04:53:39,609] {standard_task_runner.py:76} INFO - Running: ['airflow', 'tasks', 'run', 'orchestrator_dag', 'trigger_text_processing_dag_1', 'scheduled__2024-06-18T00:00:00+00:00', '--job-id', '136', '--raw', '--subdir', 'DAGS_FOLDER/dag_orchestrator.py', '--cfg-path', '/tmp/tmpd409c0ww', '--error-file', '/tmp/tmpokd75ob8']
[2024-06-25 04:53:39,613] {standard_task_runner.py:77} INFO - Job 136: Subtask trigger_text_processing_dag_1
[2024-06-25 04:53:39,697] {logging_mixin.py:109} INFO - Running <TaskInstance: orchestrator_dag.trigger_text_processing_dag_1 scheduled__2024-06-18T00:00:00+00:00 [running]> on host 09709d0d4538
[2024-06-25 04:53:39,808] {taskinstance.py:1431} INFO - Exporting the following env vars:
AIRFLOW_CTX_DAG_OWNER=airflow
AIRFLOW_CTX_DAG_ID=orchestrator_dag
AIRFLOW_CTX_TASK_ID=trigger_text_processing_dag_1
AIRFLOW_CTX_EXECUTION_DATE=2024-06-18T00:00:00+00:00
AIRFLOW_CTX_DAG_RUN_ID=scheduled__2024-06-18T00:00:00+00:00
[2024-06-25 04:53:39,865] {logging_mixin.py:109} WARNING - /home/airflow/.local/lib/python3.6/site-packages/airflow/api/common/trigger_dag.py:90 DeprecationWarning: Calling `DAG.create_dagrun()` without an explicit data interval is deprecated
[2024-06-25 04:53:39,932] {taskinstance.py:1282} INFO - Marking task as SUCCESS. dag_id=orchestrator_dag, task_id=trigger_text_processing_dag_1, execution_date=20240618T000000, start_date=20240625T045339, end_date=20240625T045339
[2024-06-25 04:53:39,988] {local_task_job.py:154} INFO - Task exited with return code 0
[2024-06-25 04:53:40,128] {local_task_job.py:264} INFO - 1 downstream tasks scheduled from follow-on schedule check
[2024-07-12 00:26:46,643] {taskinstance.py:1037} INFO - Dependencies all met for <TaskInstance: orchestrator_dag.trigger_text_processing_dag_1 scheduled__2024-06-18T00:00:00+00:00 [queued]>
[2024-07-12 00:26:46,693] {taskinstance.py:1037} INFO - Dependencies all met for <TaskInstance: orchestrator_dag.trigger_text_processing_dag_1 scheduled__2024-06-18T00:00:00+00:00 [queued]>
[2024-07-12 00:26:46,693] {taskinstance.py:1243} INFO - 
--------------------------------------------------------------------------------
[2024-07-12 00:26:46,693] {taskinstance.py:1244} INFO - Starting attempt 2 of 3
[2024-07-12 00:26:46,693] {taskinstance.py:1245} INFO - 
--------------------------------------------------------------------------------
[2024-07-12 00:26:46,764] {taskinstance.py:1264} INFO - Executing <Task(TriggerDagRunOperator): trigger_text_processing_dag_1> on 2024-06-18 00:00:00+00:00
[2024-07-12 00:26:46,769] {standard_task_runner.py:52} INFO - Started process 4646 to run task
[2024-07-12 00:26:46,790] {standard_task_runner.py:76} INFO - Running: ['airflow', 'tasks', 'run', 'orchestrator_dag', 'trigger_text_processing_dag_1', 'scheduled__2024-06-18T00:00:00+00:00', '--job-id', '3184', '--raw', '--subdir', 'DAGS_FOLDER/dag_orchestrator.py', '--cfg-path', '/tmp/tmpsztumo6_', '--error-file', '/tmp/tmptetvglot']
[2024-07-12 00:26:46,866] {standard_task_runner.py:77} INFO - Job 3184: Subtask trigger_text_processing_dag_1
[2024-07-12 00:26:47,175] {logging_mixin.py:109} INFO - Running <TaskInstance: orchestrator_dag.trigger_text_processing_dag_1 scheduled__2024-06-18T00:00:00+00:00 [running]> on host cf249bbdc0d0
[2024-07-12 00:26:47,486] {taskinstance.py:1431} INFO - Exporting the following env vars:
AIRFLOW_CTX_DAG_OWNER=airflow
AIRFLOW_CTX_DAG_ID=orchestrator_dag
AIRFLOW_CTX_TASK_ID=trigger_text_processing_dag_1
AIRFLOW_CTX_EXECUTION_DATE=2024-06-18T00:00:00+00:00
AIRFLOW_CTX_DAG_RUN_ID=scheduled__2024-06-18T00:00:00+00:00
[2024-07-12 00:26:47,663] {logging_mixin.py:109} WARNING - /home/airflow/.local/lib/python3.6/site-packages/airflow/api/common/trigger_dag.py:90 DeprecationWarning: Calling `DAG.create_dagrun()` without an explicit data interval is deprecated
[2024-07-12 00:26:48,475] {taskinstance.py:1282} INFO - Marking task as SUCCESS. dag_id=orchestrator_dag, task_id=trigger_text_processing_dag_1, execution_date=20240618T000000, start_date=20240712T002646, end_date=20240712T002648
[2024-07-12 00:26:48,550] {local_task_job.py:154} INFO - Task exited with return code 0
[2024-07-12 00:26:48,819] {local_task_job.py:264} INFO - 1 downstream tasks scheduled from follow-on schedule check
