[2024-06-26 16:13:50,818] {taskinstance.py:1037} INFO - Dependencies all met for <TaskInstance: webscraping_dag.scrape_and_produce scheduled__2023-04-13T15:00:00+00:00 [queued]>
[2024-06-26 16:13:50,850] {taskinstance.py:1037} INFO - Dependencies all met for <TaskInstance: webscraping_dag.scrape_and_produce scheduled__2023-04-13T15:00:00+00:00 [queued]>
[2024-06-26 16:13:50,851] {taskinstance.py:1243} INFO - 
--------------------------------------------------------------------------------
[2024-06-26 16:13:50,852] {taskinstance.py:1244} INFO - Starting attempt 2 of 2
[2024-06-26 16:13:50,852] {taskinstance.py:1245} INFO - 
--------------------------------------------------------------------------------
[2024-06-26 16:13:50,884] {taskinstance.py:1264} INFO - Executing <Task(PythonOperator): scrape_and_produce> on 2023-04-13 15:00:00+00:00
[2024-06-26 16:13:50,886] {standard_task_runner.py:52} INFO - Started process 9501 to run task
[2024-06-26 16:13:50,930] {standard_task_runner.py:76} INFO - Running: ['airflow', 'tasks', 'run', 'webscraping_dag', 'scrape_and_produce', 'scheduled__2023-04-13T15:00:00+00:00', '--job-id', '2674', '--raw', '--subdir', 'DAGS_FOLDER/webscraping_dag.py', '--cfg-path', '/tmp/tmpj33687a4', '--error-file', '/tmp/tmp8gfvrt2a']
[2024-06-26 16:13:50,952] {standard_task_runner.py:77} INFO - Job 2674: Subtask scrape_and_produce
[2024-06-26 16:13:51,202] {logging_mixin.py:109} INFO - Running <TaskInstance: webscraping_dag.scrape_and_produce scheduled__2023-04-13T15:00:00+00:00 [running]> on host 1f86a07ac7e4
[2024-06-26 16:13:51,440] {taskinstance.py:1431} INFO - Exporting the following env vars:
AIRFLOW_CTX_DAG_OWNER=airflow
AIRFLOW_CTX_DAG_ID=webscraping_dag
AIRFLOW_CTX_TASK_ID=scrape_and_produce
AIRFLOW_CTX_EXECUTION_DATE=2023-04-13T15:00:00+00:00
AIRFLOW_CTX_DAG_RUN_ID=scheduled__2023-04-13T15:00:00+00:00
[2024-06-26 16:13:51,470] {logging_mixin.py:109} INFO - Error initializing WebDriver: Message: 'chromedriver' executable needs to be in PATH. Please see https://sites.google.com/a/chromium.org/chromedriver/home
[2024-06-26 16:13:51,474] {logging_mixin.py:109} INFO - 
[2024-06-26 16:13:51,475] {python.py:175} INFO - Done. Returned value was: None
[2024-06-26 16:13:51,530] {taskinstance.py:1282} INFO - Marking task as SUCCESS. dag_id=webscraping_dag, task_id=scrape_and_produce, execution_date=20230413T150000, start_date=20240626T161350, end_date=20240626T161351
[2024-06-26 16:13:51,600] {local_task_job.py:154} INFO - Task exited with return code 0
[2024-06-26 16:13:51,984] {local_task_job.py:264} INFO - 0 downstream tasks scheduled from follow-on schedule check
