[2024-07-12 00:29:55,757] {taskinstance.py:1037} INFO - Dependencies all met for <TaskInstance: text_processing_dag_2.process_text manual__2024-07-12T00:29:53.338327+00:00 [queued]>
[2024-07-12 00:29:55,768] {taskinstance.py:1037} INFO - Dependencies all met for <TaskInstance: text_processing_dag_2.process_text manual__2024-07-12T00:29:53.338327+00:00 [queued]>
[2024-07-12 00:29:55,768] {taskinstance.py:1243} INFO - 
--------------------------------------------------------------------------------
[2024-07-12 00:29:55,769] {taskinstance.py:1244} INFO - Starting attempt 1 of 2
[2024-07-12 00:29:55,769] {taskinstance.py:1245} INFO - 
--------------------------------------------------------------------------------
[2024-07-12 00:29:55,780] {taskinstance.py:1264} INFO - Executing <Task(PythonOperator): process_text> on 2024-07-12 00:29:53.338327+00:00
[2024-07-12 00:29:55,784] {standard_task_runner.py:52} INFO - Started process 4970 to run task
[2024-07-12 00:29:55,787] {standard_task_runner.py:76} INFO - Running: ['airflow', 'tasks', 'run', 'text_processing_dag_2', 'process_text', 'manual__2024-07-12T00:29:53.338327+00:00', '--job-id', '3231', '--raw', '--subdir', 'DAGS_FOLDER/dag_text_processing_2.py', '--cfg-path', '/tmp/tmpw4d87cun', '--error-file', '/tmp/tmpkoo8v06w']
[2024-07-12 00:29:55,791] {standard_task_runner.py:77} INFO - Job 3231: Subtask process_text
[2024-07-12 00:29:55,868] {logging_mixin.py:109} INFO - Running <TaskInstance: text_processing_dag_2.process_text manual__2024-07-12T00:29:53.338327+00:00 [running]> on host cf249bbdc0d0
[2024-07-12 00:29:55,951] {taskinstance.py:1431} INFO - Exporting the following env vars:
AIRFLOW_CTX_DAG_OWNER=airflow
AIRFLOW_CTX_DAG_ID=text_processing_dag_2
AIRFLOW_CTX_TASK_ID=process_text
AIRFLOW_CTX_EXECUTION_DATE=2024-07-12T00:29:53.338327+00:00
AIRFLOW_CTX_DAG_RUN_ID=manual__2024-07-12T00:29:53.338327+00:00
[2024-07-12 00:29:56,829] {logging_mixin.py:109} INFO - Index(['date', 'time', 'messages', 'video_links', 'video_durations',
       'cleaned_text_entities', 'title', 'matched_city', 'combined_text',
       'summarized', 'matched_city2', 'city_result', 'latitude', 'longitude'],
      dtype='object')
[2024-07-12 00:30:13,076] {logging_mixin.py:109} INFO - Processed data saved to /opt/airflow/data/processed_data_2.json
[2024-07-12 00:30:13,078] {python.py:175} INFO - Done. Returned value was: None
[2024-07-12 00:30:13,100] {taskinstance.py:1282} INFO - Marking task as SUCCESS. dag_id=text_processing_dag_2, task_id=process_text, execution_date=20240712T002953, start_date=20240712T002955, end_date=20240712T003013
[2024-07-12 00:30:13,129] {local_task_job.py:154} INFO - Task exited with return code 0
[2024-07-12 00:30:13,218] {local_task_job.py:264} INFO - 0 downstream tasks scheduled from follow-on schedule check
