[2024-07-12 00:27:09,749] {taskinstance.py:1037} INFO - Dependencies all met for <TaskInstance: text_processing_dag_2.process_text manual__2024-07-12T00:26:53.893302+00:00 [queued]>
[2024-07-12 00:27:09,813] {taskinstance.py:1037} INFO - Dependencies all met for <TaskInstance: text_processing_dag_2.process_text manual__2024-07-12T00:26:53.893302+00:00 [queued]>
[2024-07-12 00:27:09,815] {taskinstance.py:1243} INFO - 
--------------------------------------------------------------------------------
[2024-07-12 00:27:09,817] {taskinstance.py:1244} INFO - Starting attempt 1 of 2
[2024-07-12 00:27:09,818] {taskinstance.py:1245} INFO - 
--------------------------------------------------------------------------------
[2024-07-12 00:27:09,900] {taskinstance.py:1264} INFO - Executing <Task(PythonOperator): process_text> on 2024-07-12 00:26:53.893302+00:00
[2024-07-12 00:27:09,926] {standard_task_runner.py:52} INFO - Started process 4760 to run task
[2024-07-12 00:27:09,984] {standard_task_runner.py:76} INFO - Running: ['airflow', 'tasks', 'run', 'text_processing_dag_2', 'process_text', 'manual__2024-07-12T00:26:53.893302+00:00', '--job-id', '3211', '--raw', '--subdir', 'DAGS_FOLDER/dag_text_processing_2.py', '--cfg-path', '/tmp/tmp9ih6iggp', '--error-file', '/tmp/tmp0x2k04m1']
[2024-07-12 00:27:10,025] {standard_task_runner.py:77} INFO - Job 3211: Subtask process_text
[2024-07-12 00:27:10,351] {logging_mixin.py:109} INFO - Running <TaskInstance: text_processing_dag_2.process_text manual__2024-07-12T00:26:53.893302+00:00 [running]> on host cf249bbdc0d0
[2024-07-12 00:27:10,589] {taskinstance.py:1431} INFO - Exporting the following env vars:
AIRFLOW_CTX_DAG_OWNER=airflow
AIRFLOW_CTX_DAG_ID=text_processing_dag_2
AIRFLOW_CTX_TASK_ID=process_text
AIRFLOW_CTX_EXECUTION_DATE=2024-07-12T00:26:53.893302+00:00
AIRFLOW_CTX_DAG_RUN_ID=manual__2024-07-12T00:26:53.893302+00:00
[2024-07-12 00:27:15,581] {logging_mixin.py:109} INFO - Index(['date', 'time', 'messages', 'video_links', 'video_durations',
       'cleaned_text_entities', 'title', 'matched_city', 'combined_text',
       'summarized', 'matched_city2', 'city_result', 'latitude', 'longitude'],
      dtype='object')
[2024-07-12 00:28:37,811] {local_task_job.py:212} WARNING - State of this instance has been externally set to None. Terminating instance.
[2024-07-12 00:28:37,857] {process_utils.py:124} INFO - Sending Signals.SIGTERM to group 4760. PIDs of all processes in the group: [4760]
[2024-07-12 00:28:37,864] {process_utils.py:75} INFO - Sending the signal Signals.SIGTERM to group 4760
[2024-07-12 00:28:37,933] {taskinstance.py:1413} ERROR - Received SIGTERM. Terminating subprocesses.
[2024-07-12 00:28:37,934] {logging_mixin.py:109} INFO - Error fetching data for city: gaza, Error: Task received SIGTERM signal
[2024-07-12 00:28:39,704] {logging_mixin.py:109} INFO - Processed data saved to /opt/airflow/data/processed_data_2.json
[2024-07-12 00:28:39,745] {python.py:175} INFO - Done. Returned value was: None
[2024-07-12 00:28:40,050] {taskinstance.py:1282} INFO - Marking task as SUCCESS. dag_id=text_processing_dag_2, task_id=process_text, execution_date=20240712T002653, start_date=20240712T002709, end_date=20240712T002840
[2024-07-12 00:28:40,200] {process_utils.py:70} INFO - Process psutil.Process(pid=4760, status='terminated', exitcode=0, started='00:27:09') (4760) terminated with exit code 0
