[2024-07-12 00:27:02,255] {taskinstance.py:1037} INFO - Dependencies all met for <TaskInstance: text_processing_dag_1.process_text manual__2024-07-12T00:26:47.539227+00:00 [queued]>
[2024-07-12 00:27:02,313] {taskinstance.py:1037} INFO - Dependencies all met for <TaskInstance: text_processing_dag_1.process_text manual__2024-07-12T00:26:47.539227+00:00 [queued]>
[2024-07-12 00:27:02,313] {taskinstance.py:1243} INFO - 
--------------------------------------------------------------------------------
[2024-07-12 00:27:02,313] {taskinstance.py:1244} INFO - Starting attempt 1 of 2
[2024-07-12 00:27:02,322] {taskinstance.py:1245} INFO - 
--------------------------------------------------------------------------------
[2024-07-12 00:27:02,410] {taskinstance.py:1264} INFO - Executing <Task(PythonOperator): process_text> on 2024-07-12 00:26:47.539227+00:00
[2024-07-12 00:27:02,418] {standard_task_runner.py:52} INFO - Started process 4733 to run task
[2024-07-12 00:27:02,518] {standard_task_runner.py:76} INFO - Running: ['airflow', 'tasks', 'run', 'text_processing_dag_1', 'process_text', 'manual__2024-07-12T00:26:47.539227+00:00', '--job-id', '3207', '--raw', '--subdir', 'DAGS_FOLDER/dag_text_processing_1.py', '--cfg-path', '/tmp/tmp00z315l9', '--error-file', '/tmp/tmp75ha_aba']
[2024-07-12 00:27:02,521] {standard_task_runner.py:77} INFO - Job 3207: Subtask process_text
[2024-07-12 00:27:02,869] {logging_mixin.py:109} INFO - Running <TaskInstance: text_processing_dag_1.process_text manual__2024-07-12T00:26:47.539227+00:00 [running]> on host cf249bbdc0d0
[2024-07-12 00:27:03,198] {taskinstance.py:1431} INFO - Exporting the following env vars:
AIRFLOW_CTX_DAG_OWNER=airflow
AIRFLOW_CTX_DAG_ID=text_processing_dag_1
AIRFLOW_CTX_TASK_ID=process_text
AIRFLOW_CTX_EXECUTION_DATE=2024-07-12T00:26:47.539227+00:00
AIRFLOW_CTX_DAG_RUN_ID=manual__2024-07-12T00:26:47.539227+00:00
[2024-07-12 00:27:09,329] {logging_mixin.py:109} INFO - Index(['date', 'time', 'messages', 'video_links', 'video_durations'], dtype='object')
[2024-07-12 00:28:36,034] {logging_mixin.py:109} INFO - Error: ZERO_RESULTS for city: شهيد
[2024-07-12 00:28:36,759] {logging_mixin.py:109} INFO - Error: ZERO_RESULTS for city: mosque
[2024-07-12 00:28:41,088] {local_task_job.py:212} WARNING - State of this instance has been externally set to None. Terminating instance.
[2024-07-12 00:28:41,092] {process_utils.py:124} INFO - Sending Signals.SIGTERM to group 4733. PIDs of all processes in the group: [4733]
[2024-07-12 00:28:41,092] {process_utils.py:75} INFO - Sending the signal Signals.SIGTERM to group 4733
[2024-07-12 00:28:41,095] {taskinstance.py:1413} ERROR - Received SIGTERM. Terminating subprocesses.
[2024-07-12 00:28:41,101] {logging_mixin.py:109} INFO - Error fetching data for city: gaza+city, Error: Task received SIGTERM signal
[2024-07-12 00:28:44,717] {logging_mixin.py:109} INFO - Error: ZERO_RESULTS for city: الأهالي
[2024-07-12 00:28:47,453] {logging_mixin.py:109} INFO - Error: ZERO_RESULTS for city: Maythaloun
[2024-07-12 00:28:47,897] {logging_mixin.py:109} INFO - Processed data saved to /opt/airflow/data/processed_data_1.json
[2024-07-12 00:28:47,899] {python.py:175} INFO - Done. Returned value was: None
[2024-07-12 00:28:47,925] {taskinstance.py:1282} INFO - Marking task as SUCCESS. dag_id=text_processing_dag_1, task_id=process_text, execution_date=20240712T002647, start_date=20240712T002702, end_date=20240712T002847
[2024-07-12 00:28:47,992] {process_utils.py:70} INFO - Process psutil.Process(pid=4733, status='terminated', exitcode=0, started='00:27:01') (4733) terminated with exit code 0
