[2024-06-25 05:00:46,206] {taskinstance.py:1037} INFO - Dependencies all met for <TaskInstance: text_processing_dag_1.process_text manual__2024-06-25T04:55:40.369047+00:00 [queued]>
[2024-06-25 05:00:46,217] {taskinstance.py:1037} INFO - Dependencies all met for <TaskInstance: text_processing_dag_1.process_text manual__2024-06-25T04:55:40.369047+00:00 [queued]>
[2024-06-25 05:00:46,217] {taskinstance.py:1243} INFO - 
--------------------------------------------------------------------------------
[2024-06-25 05:00:46,217] {taskinstance.py:1244} INFO - Starting attempt 2 of 2
[2024-06-25 05:00:46,217] {taskinstance.py:1245} INFO - 
--------------------------------------------------------------------------------
[2024-06-25 05:00:46,228] {taskinstance.py:1264} INFO - Executing <Task(PythonOperator): process_text> on 2024-06-25 04:55:40.369047+00:00
[2024-06-25 05:00:46,232] {standard_task_runner.py:52} INFO - Started process 3783 to run task
[2024-06-25 05:00:46,236] {standard_task_runner.py:76} INFO - Running: ['airflow', 'tasks', 'run', 'text_processing_dag_1', 'process_text', 'manual__2024-06-25T04:55:40.369047+00:00', '--job-id', '179', '--raw', '--subdir', 'DAGS_FOLDER/dag_text_processing_1.py', '--cfg-path', '/tmp/tmpnho7sure', '--error-file', '/tmp/tmpwojbx7ty']
[2024-06-25 05:00:46,239] {standard_task_runner.py:77} INFO - Job 179: Subtask process_text
[2024-06-25 05:00:46,311] {logging_mixin.py:109} INFO - Running <TaskInstance: text_processing_dag_1.process_text manual__2024-06-25T04:55:40.369047+00:00 [running]> on host 09709d0d4538
[2024-06-25 05:00:46,381] {taskinstance.py:1431} INFO - Exporting the following env vars:
AIRFLOW_CTX_DAG_OWNER=airflow
AIRFLOW_CTX_DAG_ID=text_processing_dag_1
AIRFLOW_CTX_TASK_ID=process_text
AIRFLOW_CTX_EXECUTION_DATE=2024-06-25T04:55:40.369047+00:00
AIRFLOW_CTX_DAG_RUN_ID=manual__2024-06-25T04:55:40.369047+00:00
[2024-06-25 05:00:51,800] {logging_mixin.py:109} INFO - Processed data saved to /opt/airflow/data/processed_data_1.json
[2024-06-25 05:00:51,805] {python.py:175} INFO - Done. Returned value was: None
[2024-06-25 05:00:51,836] {taskinstance.py:1282} INFO - Marking task as SUCCESS. dag_id=text_processing_dag_1, task_id=process_text, execution_date=20240625T045540, start_date=20240625T050046, end_date=20240625T050051
[2024-06-25 05:00:52,004] {local_task_job.py:154} INFO - Task exited with return code 0
[2024-06-25 05:00:52,046] {local_task_job.py:264} INFO - 0 downstream tasks scheduled from follow-on schedule check
