[2024-07-12 00:26:52,559] {taskinstance.py:1037} INFO - Dependencies all met for <TaskInstance: text_processing_dag_1.process_text manual__2024-06-25T04:55:40.369047+00:00 [queued]>
[2024-07-12 00:26:52,572] {taskinstance.py:1037} INFO - Dependencies all met for <TaskInstance: text_processing_dag_1.process_text manual__2024-06-25T04:55:40.369047+00:00 [queued]>
[2024-07-12 00:26:52,573] {taskinstance.py:1243} INFO - 
--------------------------------------------------------------------------------
[2024-07-12 00:26:52,573] {taskinstance.py:1244} INFO - Starting attempt 3 of 4
[2024-07-12 00:26:52,573] {taskinstance.py:1245} INFO - 
--------------------------------------------------------------------------------
[2024-07-12 00:26:52,608] {taskinstance.py:1264} INFO - Executing <Task(PythonOperator): process_text> on 2024-06-25 04:55:40.369047+00:00
[2024-07-12 00:26:52,624] {standard_task_runner.py:52} INFO - Started process 4689 to run task
[2024-07-12 00:26:52,675] {standard_task_runner.py:76} INFO - Running: ['airflow', 'tasks', 'run', 'text_processing_dag_1', 'process_text', 'manual__2024-06-25T04:55:40.369047+00:00', '--job-id', '3199', '--raw', '--subdir', 'DAGS_FOLDER/dag_text_processing_1.py', '--cfg-path', '/tmp/tmpmvhap3oe', '--error-file', '/tmp/tmphymt3vrq']
[2024-07-12 00:26:52,698] {standard_task_runner.py:77} INFO - Job 3199: Subtask process_text
[2024-07-12 00:26:52,990] {logging_mixin.py:109} INFO - Running <TaskInstance: text_processing_dag_1.process_text manual__2024-06-25T04:55:40.369047+00:00 [running]> on host cf249bbdc0d0
[2024-07-12 00:26:53,367] {taskinstance.py:1431} INFO - Exporting the following env vars:
AIRFLOW_CTX_DAG_OWNER=airflow
AIRFLOW_CTX_DAG_ID=text_processing_dag_1
AIRFLOW_CTX_TASK_ID=process_text
AIRFLOW_CTX_EXECUTION_DATE=2024-06-25T04:55:40.369047+00:00
AIRFLOW_CTX_DAG_RUN_ID=manual__2024-06-25T04:55:40.369047+00:00
[2024-07-12 00:27:01,988] {logging_mixin.py:109} INFO - Index(['date', 'time', 'messages', 'video_links', 'video_durations'], dtype='object')
[2024-07-12 00:28:29,142] {logging_mixin.py:109} INFO - Error: ZERO_RESULTS for city: شهيد
[2024-07-12 00:28:29,845] {logging_mixin.py:109} INFO - Error: ZERO_RESULTS for city: mosque
[2024-07-12 00:28:36,519] {local_task_job.py:212} WARNING - State of this instance has been externally set to None. Terminating instance.
[2024-07-12 00:28:36,529] {process_utils.py:124} INFO - Sending Signals.SIGTERM to group 4689. PIDs of all processes in the group: [4689]
[2024-07-12 00:28:36,530] {process_utils.py:75} INFO - Sending the signal Signals.SIGTERM to group 4689
[2024-07-12 00:28:36,533] {taskinstance.py:1413} ERROR - Received SIGTERM. Terminating subprocesses.
[2024-07-12 00:28:36,534] {logging_mixin.py:109} INFO - Error fetching data for city: gaza+city, Error: encoding with 'idna' codec failed (AirflowException: Task received SIGTERM signal)
[2024-07-12 00:28:38,553] {logging_mixin.py:109} INFO - Error: ZERO_RESULTS for city: الأهالي
[2024-07-12 00:28:43,816] {logging_mixin.py:109} INFO - Error: ZERO_RESULTS for city: Maythaloun
[2024-07-12 00:28:44,397] {logging_mixin.py:109} INFO - Processed data saved to /opt/airflow/data/processed_data_1.json
[2024-07-12 00:28:44,403] {python.py:175} INFO - Done. Returned value was: None
[2024-07-12 00:28:44,434] {taskinstance.py:1282} INFO - Marking task as SUCCESS. dag_id=text_processing_dag_1, task_id=process_text, execution_date=20240625T045540, start_date=20240712T002652, end_date=20240712T002844
[2024-07-12 00:28:44,541] {process_utils.py:70} INFO - Process psutil.Process(pid=4689, status='terminated', exitcode=0, started='00:26:52') (4689) terminated with exit code 0
