[2024-06-25 05:11:05,513] {taskinstance.py:1037} INFO - Dependencies all met for <TaskInstance: text_processing_dag_2.process_text manual__2024-06-25T05:11:02.617210+00:00 [queued]>
[2024-06-25 05:11:05,524] {taskinstance.py:1037} INFO - Dependencies all met for <TaskInstance: text_processing_dag_2.process_text manual__2024-06-25T05:11:02.617210+00:00 [queued]>
[2024-06-25 05:11:05,524] {taskinstance.py:1243} INFO - 
--------------------------------------------------------------------------------
[2024-06-25 05:11:05,524] {taskinstance.py:1244} INFO - Starting attempt 1 of 2
[2024-06-25 05:11:05,525] {taskinstance.py:1245} INFO - 
--------------------------------------------------------------------------------
[2024-06-25 05:11:05,538] {taskinstance.py:1264} INFO - Executing <Task(PythonOperator): process_text> on 2024-06-25 05:11:02.617210+00:00
[2024-06-25 05:11:05,543] {standard_task_runner.py:52} INFO - Started process 4253 to run task
[2024-06-25 05:11:05,548] {standard_task_runner.py:76} INFO - Running: ['airflow', 'tasks', 'run', 'text_processing_dag_2', 'process_text', 'manual__2024-06-25T05:11:02.617210+00:00', '--job-id', '186', '--raw', '--subdir', 'DAGS_FOLDER/dag_text_processing_2.py', '--cfg-path', '/tmp/tmpn_1v_wr6', '--error-file', '/tmp/tmpbrroo1k9']
[2024-06-25 05:11:05,552] {standard_task_runner.py:77} INFO - Job 186: Subtask process_text
[2024-06-25 05:11:05,621] {logging_mixin.py:109} INFO - Running <TaskInstance: text_processing_dag_2.process_text manual__2024-06-25T05:11:02.617210+00:00 [running]> on host 09709d0d4538
[2024-06-25 05:11:05,693] {taskinstance.py:1431} INFO - Exporting the following env vars:
AIRFLOW_CTX_DAG_OWNER=airflow
AIRFLOW_CTX_DAG_ID=text_processing_dag_2
AIRFLOW_CTX_TASK_ID=process_text
AIRFLOW_CTX_EXECUTION_DATE=2024-06-25T05:11:02.617210+00:00
AIRFLOW_CTX_DAG_RUN_ID=manual__2024-06-25T05:11:02.617210+00:00
[2024-06-25 05:11:10,563] {logging_mixin.py:109} INFO - Processed data saved to /opt/airflow/data/processed_data_2.csv
[2024-06-25 05:11:10,566] {python.py:175} INFO - Done. Returned value was: None
[2024-06-25 05:11:10,599] {taskinstance.py:1282} INFO - Marking task as SUCCESS. dag_id=text_processing_dag_2, task_id=process_text, execution_date=20240625T051102, start_date=20240625T051105, end_date=20240625T051110
[2024-06-25 05:11:10,690] {local_task_job.py:154} INFO - Task exited with return code 0
[2024-06-25 05:11:10,737] {local_task_job.py:264} INFO - 0 downstream tasks scheduled from follow-on schedule check
