[2024-06-26 16:00:43,555] {taskinstance.py:1037} INFO - Dependencies all met for <TaskInstance: webscraping_dag.scrape_and_produce scheduled__2023-03-18T12:00:00+00:00 [queued]>
[2024-06-26 16:00:43,578] {taskinstance.py:1037} INFO - Dependencies all met for <TaskInstance: webscraping_dag.scrape_and_produce scheduled__2023-03-18T12:00:00+00:00 [queued]>
[2024-06-26 16:00:43,579] {taskinstance.py:1243} INFO - 
--------------------------------------------------------------------------------
[2024-06-26 16:00:43,579] {taskinstance.py:1244} INFO - Starting attempt 1 of 2
[2024-06-26 16:00:43,579] {taskinstance.py:1245} INFO - 
--------------------------------------------------------------------------------
[2024-06-26 16:00:43,616] {taskinstance.py:1264} INFO - Executing <Task(PythonOperator): scrape_and_produce> on 2023-03-18 12:00:00+00:00
[2024-06-26 16:00:43,622] {standard_task_runner.py:52} INFO - Started process 6790 to run task
[2024-06-26 16:00:43,629] {standard_task_runner.py:76} INFO - Running: ['airflow', 'tasks', 'run', 'webscraping_dag', 'scrape_and_produce', 'scheduled__2023-03-18T12:00:00+00:00', '--job-id', '2032', '--raw', '--subdir', 'DAGS_FOLDER/webscraping_dag.py', '--cfg-path', '/tmp/tmpovmai53u', '--error-file', '/tmp/tmp1jar1xs0']
[2024-06-26 16:00:43,632] {standard_task_runner.py:77} INFO - Job 2032: Subtask scrape_and_produce
[2024-06-26 16:00:43,740] {logging_mixin.py:109} INFO - Running <TaskInstance: webscraping_dag.scrape_and_produce scheduled__2023-03-18T12:00:00+00:00 [running]> on host 1f86a07ac7e4
[2024-06-26 16:00:43,859] {taskinstance.py:1431} INFO - Exporting the following env vars:
AIRFLOW_CTX_DAG_OWNER=airflow
AIRFLOW_CTX_DAG_ID=webscraping_dag
AIRFLOW_CTX_TASK_ID=scrape_and_produce
AIRFLOW_CTX_EXECUTION_DATE=2023-03-18T12:00:00+00:00
AIRFLOW_CTX_DAG_RUN_ID=scheduled__2023-03-18T12:00:00+00:00
[2024-06-26 16:00:43,870] {logging_mixin.py:109} INFO - Error initializing WebDriver: Message: 'chromedriver' executable needs to be in PATH. Please see https://sites.google.com/a/chromium.org/chromedriver/home
[2024-06-26 16:00:43,871] {logging_mixin.py:109} INFO - 
[2024-06-26 16:00:43,871] {python.py:175} INFO - Done. Returned value was: None
[2024-06-26 16:00:43,934] {taskinstance.py:1282} INFO - Marking task as SUCCESS. dag_id=webscraping_dag, task_id=scrape_and_produce, execution_date=20230318T120000, start_date=20240626T160043, end_date=20240626T160043
[2024-06-26 16:00:43,971] {local_task_job.py:154} INFO - Task exited with return code 0
[2024-06-26 16:00:44,050] {local_task_job.py:264} INFO - 0 downstream tasks scheduled from follow-on schedule check
