[2024-06-26 16:02:53,610] {taskinstance.py:1037} INFO - Dependencies all met for <TaskInstance: webscraping_dag.scrape_and_produce scheduled__2023-03-28T10:00:00+00:00 [queued]>
[2024-06-26 16:02:53,624] {taskinstance.py:1037} INFO - Dependencies all met for <TaskInstance: webscraping_dag.scrape_and_produce scheduled__2023-03-28T10:00:00+00:00 [queued]>
[2024-06-26 16:02:53,624] {taskinstance.py:1243} INFO - 
--------------------------------------------------------------------------------
[2024-06-26 16:02:53,624] {taskinstance.py:1244} INFO - Starting attempt 1 of 2
[2024-06-26 16:02:53,624] {taskinstance.py:1245} INFO - 
--------------------------------------------------------------------------------
[2024-06-26 16:02:53,641] {taskinstance.py:1264} INFO - Executing <Task(PythonOperator): scrape_and_produce> on 2023-03-28 10:00:00+00:00
[2024-06-26 16:02:53,643] {standard_task_runner.py:52} INFO - Started process 7628 to run task
[2024-06-26 16:02:53,647] {standard_task_runner.py:76} INFO - Running: ['airflow', 'tasks', 'run', 'webscraping_dag', 'scrape_and_produce', 'scheduled__2023-03-28T10:00:00+00:00', '--job-id', '2270', '--raw', '--subdir', 'DAGS_FOLDER/webscraping_dag.py', '--cfg-path', '/tmp/tmpd958g0kp', '--error-file', '/tmp/tmpz3ufp7o9']
[2024-06-26 16:02:53,655] {standard_task_runner.py:77} INFO - Job 2270: Subtask scrape_and_produce
[2024-06-26 16:02:53,747] {logging_mixin.py:109} INFO - Running <TaskInstance: webscraping_dag.scrape_and_produce scheduled__2023-03-28T10:00:00+00:00 [running]> on host 1f86a07ac7e4
[2024-06-26 16:02:53,841] {taskinstance.py:1431} INFO - Exporting the following env vars:
AIRFLOW_CTX_DAG_OWNER=airflow
AIRFLOW_CTX_DAG_ID=webscraping_dag
AIRFLOW_CTX_TASK_ID=scrape_and_produce
AIRFLOW_CTX_EXECUTION_DATE=2023-03-28T10:00:00+00:00
AIRFLOW_CTX_DAG_RUN_ID=scheduled__2023-03-28T10:00:00+00:00
[2024-06-26 16:02:53,848] {logging_mixin.py:109} INFO - Error initializing WebDriver: Message: 'chromedriver' executable needs to be in PATH. Please see https://sites.google.com/a/chromium.org/chromedriver/home
[2024-06-26 16:02:53,848] {logging_mixin.py:109} INFO - 
[2024-06-26 16:02:53,849] {python.py:175} INFO - Done. Returned value was: None
[2024-06-26 16:02:53,875] {taskinstance.py:1282} INFO - Marking task as SUCCESS. dag_id=webscraping_dag, task_id=scrape_and_produce, execution_date=20230328T100000, start_date=20240626T160253, end_date=20240626T160253
[2024-06-26 16:02:53,947] {local_task_job.py:154} INFO - Task exited with return code 0
[2024-06-26 16:02:54,080] {local_task_job.py:264} INFO - 0 downstream tasks scheduled from follow-on schedule check
