[2024-07-12 00:27:09,607] {taskinstance.py:1037} INFO - Dependencies all met for <TaskInstance: text_processing_dag_2.process_text manual__2024-07-12T00:26:51.624434+00:00 [queued]>
[2024-07-12 00:27:09,658] {taskinstance.py:1037} INFO - Dependencies all met for <TaskInstance: text_processing_dag_2.process_text manual__2024-07-12T00:26:51.624434+00:00 [queued]>
[2024-07-12 00:27:09,659] {taskinstance.py:1243} INFO - 
--------------------------------------------------------------------------------
[2024-07-12 00:27:09,660] {taskinstance.py:1244} INFO - Starting attempt 1 of 2
[2024-07-12 00:27:09,661] {taskinstance.py:1245} INFO - 
--------------------------------------------------------------------------------
[2024-07-12 00:27:09,719] {taskinstance.py:1264} INFO - Executing <Task(PythonOperator): process_text> on 2024-07-12 00:26:51.624434+00:00
[2024-07-12 00:27:09,746] {standard_task_runner.py:52} INFO - Started process 4759 to run task
[2024-07-12 00:27:09,776] {standard_task_runner.py:76} INFO - Running: ['airflow', 'tasks', 'run', 'text_processing_dag_2', 'process_text', 'manual__2024-07-12T00:26:51.624434+00:00', '--job-id', '3210', '--raw', '--subdir', 'DAGS_FOLDER/dag_text_processing_2.py', '--cfg-path', '/tmp/tmp_cv_cw6q', '--error-file', '/tmp/tmp6yuaz2qq']
[2024-07-12 00:27:09,800] {standard_task_runner.py:77} INFO - Job 3210: Subtask process_text
[2024-07-12 00:27:10,327] {logging_mixin.py:109} INFO - Running <TaskInstance: text_processing_dag_2.process_text manual__2024-07-12T00:26:51.624434+00:00 [running]> on host cf249bbdc0d0
[2024-07-12 00:27:10,827] {taskinstance.py:1431} INFO - Exporting the following env vars:
AIRFLOW_CTX_DAG_OWNER=airflow
AIRFLOW_CTX_DAG_ID=text_processing_dag_2
AIRFLOW_CTX_TASK_ID=process_text
AIRFLOW_CTX_EXECUTION_DATE=2024-07-12T00:26:51.624434+00:00
AIRFLOW_CTX_DAG_RUN_ID=manual__2024-07-12T00:26:51.624434+00:00
[2024-07-12 00:27:18,546] {logging_mixin.py:109} INFO - Index(['date', 'time', 'messages', 'video_links', 'video_durations',
       'cleaned_text_entities', 'title', 'matched_city', 'combined_text',
       'summarized', 'matched_city2', 'city_result', 'latitude', 'longitude'],
      dtype='object')
[2024-07-12 00:28:38,244] {local_task_job.py:212} WARNING - State of this instance has been externally set to None. Terminating instance.
[2024-07-12 00:28:38,284] {process_utils.py:124} INFO - Sending Signals.SIGTERM to group 4759. PIDs of all processes in the group: [4759]
[2024-07-12 00:28:38,284] {process_utils.py:75} INFO - Sending the signal Signals.SIGTERM to group 4759
[2024-07-12 00:28:38,284] {taskinstance.py:1413} ERROR - Received SIGTERM. Terminating subprocesses.
[2024-07-12 00:28:38,285] {logging_mixin.py:109} INFO - Error fetching data for city: east+gaza+city, Error: Task received SIGTERM signal
[2024-07-12 00:28:46,480] {logging_mixin.py:109} INFO - Processed data saved to /opt/airflow/data/processed_data_2.json
[2024-07-12 00:28:46,482] {python.py:175} INFO - Done. Returned value was: None
[2024-07-12 00:28:46,520] {taskinstance.py:1282} INFO - Marking task as SUCCESS. dag_id=text_processing_dag_2, task_id=process_text, execution_date=20240712T002651, start_date=20240712T002709, end_date=20240712T002846
[2024-07-12 00:28:46,617] {process_utils.py:70} INFO - Process psutil.Process(pid=4759, status='terminated', exitcode=0, started='00:27:09') (4759) terminated with exit code 0
