[2024-06-26 15:48:16,013] {taskinstance.py:1037} INFO - Dependencies all met for <TaskInstance: webscraping_dag.scrape_and_produce scheduled__2023-01-20T11:00:00+00:00 [queued]>
[2024-06-26 15:48:16,024] {taskinstance.py:1037} INFO - Dependencies all met for <TaskInstance: webscraping_dag.scrape_and_produce scheduled__2023-01-20T11:00:00+00:00 [queued]>
[2024-06-26 15:48:16,025] {taskinstance.py:1243} INFO - 
--------------------------------------------------------------------------------
[2024-06-26 15:48:16,025] {taskinstance.py:1244} INFO - Starting attempt 1 of 2
[2024-06-26 15:48:16,025] {taskinstance.py:1245} INFO - 
--------------------------------------------------------------------------------
[2024-06-26 15:48:16,056] {taskinstance.py:1264} INFO - Executing <Task(PythonOperator): scrape_and_produce> on 2023-01-20 11:00:00+00:00
[2024-06-26 15:48:16,058] {standard_task_runner.py:52} INFO - Started process 1952 to run task
[2024-06-26 15:48:16,063] {standard_task_runner.py:76} INFO - Running: ['airflow', 'tasks', 'run', 'webscraping_dag', 'scrape_and_produce', 'scheduled__2023-01-20T11:00:00+00:00', '--job-id', '663', '--raw', '--subdir', 'DAGS_FOLDER/webscraping_dag.py', '--cfg-path', '/tmp/tmppmoa1j7m', '--error-file', '/tmp/tmppnqrd48p']
[2024-06-26 15:48:16,069] {standard_task_runner.py:77} INFO - Job 663: Subtask scrape_and_produce
[2024-06-26 15:48:16,162] {logging_mixin.py:109} INFO - Running <TaskInstance: webscraping_dag.scrape_and_produce scheduled__2023-01-20T11:00:00+00:00 [running]> on host 1f86a07ac7e4
[2024-06-26 15:48:16,252] {taskinstance.py:1431} INFO - Exporting the following env vars:
AIRFLOW_CTX_DAG_OWNER=airflow
AIRFLOW_CTX_DAG_ID=webscraping_dag
AIRFLOW_CTX_TASK_ID=scrape_and_produce
AIRFLOW_CTX_EXECUTION_DATE=2023-01-20T11:00:00+00:00
AIRFLOW_CTX_DAG_RUN_ID=scheduled__2023-01-20T11:00:00+00:00
[2024-06-26 15:48:16,260] {logging_mixin.py:109} INFO - Error initializing WebDriver: Message: 'chromedriver' executable needs to be in PATH. Please see https://sites.google.com/a/chromium.org/chromedriver/home
[2024-06-26 15:48:16,261] {logging_mixin.py:109} INFO - 
[2024-06-26 15:48:16,261] {python.py:175} INFO - Done. Returned value was: None
[2024-06-26 15:48:16,345] {taskinstance.py:1282} INFO - Marking task as SUCCESS. dag_id=webscraping_dag, task_id=scrape_and_produce, execution_date=20230120T110000, start_date=20240626T154816, end_date=20240626T154816
[2024-06-26 15:48:16,415] {local_task_job.py:154} INFO - Task exited with return code 0
[2024-06-26 15:48:16,523] {local_task_job.py:264} INFO - 0 downstream tasks scheduled from follow-on schedule check
