[2024-06-26 15:48:37,886] {taskinstance.py:1037} INFO - Dependencies all met for <TaskInstance: webscraping_dag.scrape_and_produce scheduled__2023-01-22T00:00:00+00:00 [queued]>
[2024-06-26 15:48:37,901] {taskinstance.py:1037} INFO - Dependencies all met for <TaskInstance: webscraping_dag.scrape_and_produce scheduled__2023-01-22T00:00:00+00:00 [queued]>
[2024-06-26 15:48:37,901] {taskinstance.py:1243} INFO - 
--------------------------------------------------------------------------------
[2024-06-26 15:48:37,901] {taskinstance.py:1244} INFO - Starting attempt 1 of 2
[2024-06-26 15:48:37,902] {taskinstance.py:1245} INFO - 
--------------------------------------------------------------------------------
[2024-06-26 15:48:37,938] {taskinstance.py:1264} INFO - Executing <Task(PythonOperator): scrape_and_produce> on 2023-01-22 00:00:00+00:00
[2024-06-26 15:48:37,941] {standard_task_runner.py:52} INFO - Started process 2078 to run task
[2024-06-26 15:48:37,959] {standard_task_runner.py:76} INFO - Running: ['airflow', 'tasks', 'run', 'webscraping_dag', 'scrape_and_produce', 'scheduled__2023-01-22T00:00:00+00:00', '--job-id', '700', '--raw', '--subdir', 'DAGS_FOLDER/webscraping_dag.py', '--cfg-path', '/tmp/tmpdwz7h1bi', '--error-file', '/tmp/tmp_4uasctq']
[2024-06-26 15:48:37,965] {standard_task_runner.py:77} INFO - Job 700: Subtask scrape_and_produce
[2024-06-26 15:48:38,165] {logging_mixin.py:109} INFO - Running <TaskInstance: webscraping_dag.scrape_and_produce scheduled__2023-01-22T00:00:00+00:00 [running]> on host 1f86a07ac7e4
[2024-06-26 15:48:38,332] {taskinstance.py:1431} INFO - Exporting the following env vars:
AIRFLOW_CTX_DAG_OWNER=airflow
AIRFLOW_CTX_DAG_ID=webscraping_dag
AIRFLOW_CTX_TASK_ID=scrape_and_produce
AIRFLOW_CTX_EXECUTION_DATE=2023-01-22T00:00:00+00:00
AIRFLOW_CTX_DAG_RUN_ID=scheduled__2023-01-22T00:00:00+00:00
[2024-06-26 15:48:38,345] {logging_mixin.py:109} INFO - Error initializing WebDriver: Message: 'chromedriver' executable needs to be in PATH. Please see https://sites.google.com/a/chromium.org/chromedriver/home
[2024-06-26 15:48:38,345] {logging_mixin.py:109} INFO - 
[2024-06-26 15:48:38,345] {python.py:175} INFO - Done. Returned value was: None
[2024-06-26 15:48:38,383] {taskinstance.py:1282} INFO - Marking task as SUCCESS. dag_id=webscraping_dag, task_id=scrape_and_produce, execution_date=20230122T000000, start_date=20240626T154837, end_date=20240626T154838
[2024-06-26 15:48:38,460] {local_task_job.py:154} INFO - Task exited with return code 0
[2024-06-26 15:48:38,536] {local_task_job.py:264} INFO - 0 downstream tasks scheduled from follow-on schedule check
