[2024-06-26 16:14:32,116] {taskinstance.py:1037} INFO - Dependencies all met for <TaskInstance: webscraping_dag.scrape_and_produce scheduled__2023-04-15T16:00:00+00:00 [queued]>
[2024-06-26 16:14:32,126] {taskinstance.py:1037} INFO - Dependencies all met for <TaskInstance: webscraping_dag.scrape_and_produce scheduled__2023-04-15T16:00:00+00:00 [queued]>
[2024-06-26 16:14:32,127] {taskinstance.py:1243} INFO - 
--------------------------------------------------------------------------------
[2024-06-26 16:14:32,127] {taskinstance.py:1244} INFO - Starting attempt 1 of 2
[2024-06-26 16:14:32,127] {taskinstance.py:1245} INFO - 
--------------------------------------------------------------------------------
[2024-06-26 16:14:32,142] {taskinstance.py:1264} INFO - Executing <Task(PythonOperator): scrape_and_produce> on 2023-04-15 16:00:00+00:00
[2024-06-26 16:14:32,146] {standard_task_runner.py:52} INFO - Started process 9657 to run task
[2024-06-26 16:14:32,149] {standard_task_runner.py:76} INFO - Running: ['airflow', 'tasks', 'run', 'webscraping_dag', 'scrape_and_produce', 'scheduled__2023-04-15T16:00:00+00:00', '--job-id', '2708', '--raw', '--subdir', 'DAGS_FOLDER/webscraping_dag.py', '--cfg-path', '/tmp/tmpwfs_ypcm', '--error-file', '/tmp/tmpfcnqb93n']
[2024-06-26 16:14:32,153] {standard_task_runner.py:77} INFO - Job 2708: Subtask scrape_and_produce
[2024-06-26 16:14:32,262] {logging_mixin.py:109} INFO - Running <TaskInstance: webscraping_dag.scrape_and_produce scheduled__2023-04-15T16:00:00+00:00 [running]> on host 1f86a07ac7e4
[2024-06-26 16:14:32,361] {taskinstance.py:1431} INFO - Exporting the following env vars:
AIRFLOW_CTX_DAG_OWNER=airflow
AIRFLOW_CTX_DAG_ID=webscraping_dag
AIRFLOW_CTX_TASK_ID=scrape_and_produce
AIRFLOW_CTX_EXECUTION_DATE=2023-04-15T16:00:00+00:00
AIRFLOW_CTX_DAG_RUN_ID=scheduled__2023-04-15T16:00:00+00:00
[2024-06-26 16:14:32,375] {logging_mixin.py:109} INFO - Error initializing WebDriver: Message: 'chromedriver' executable needs to be in PATH. Please see https://sites.google.com/a/chromium.org/chromedriver/home
[2024-06-26 16:14:32,376] {logging_mixin.py:109} INFO - 
[2024-06-26 16:14:32,376] {python.py:175} INFO - Done. Returned value was: None
[2024-06-26 16:14:32,402] {taskinstance.py:1282} INFO - Marking task as SUCCESS. dag_id=webscraping_dag, task_id=scrape_and_produce, execution_date=20230415T160000, start_date=20240626T161432, end_date=20240626T161432
[2024-06-26 16:14:32,448] {local_task_job.py:154} INFO - Task exited with return code 0
[2024-06-26 16:14:32,618] {local_task_job.py:264} INFO - 0 downstream tasks scheduled from follow-on schedule check
