[2024-06-20 19:32:12,183] {taskinstance.py:1037} INFO - Dependencies all met for <TaskInstance: orchestrator_dag.trigger_text_processing_dag_2 manual__2024-06-20T13:34:53.376286+00:00 [queued]>
[2024-06-20 19:32:12,317] {taskinstance.py:1037} INFO - Dependencies all met for <TaskInstance: orchestrator_dag.trigger_text_processing_dag_2 manual__2024-06-20T13:34:53.376286+00:00 [queued]>
[2024-06-20 19:32:12,317] {taskinstance.py:1243} INFO - 
--------------------------------------------------------------------------------
[2024-06-20 19:32:12,317] {taskinstance.py:1244} INFO - Starting attempt 1 of 2
[2024-06-20 19:32:12,318] {taskinstance.py:1245} INFO - 
--------------------------------------------------------------------------------
[2024-06-20 19:32:12,371] {taskinstance.py:1264} INFO - Executing <Task(TriggerDagRunOperator): trigger_text_processing_dag_2> on 2024-06-20 13:34:53.376286+00:00
[2024-06-20 19:32:12,376] {standard_task_runner.py:52} INFO - Started process 228 to run task
[2024-06-20 19:32:12,385] {standard_task_runner.py:76} INFO - Running: ['airflow', 'tasks', 'run', 'orchestrator_dag', 'trigger_text_processing_dag_2', 'manual__2024-06-20T13:34:53.376286+00:00', '--job-id', '8', '--raw', '--subdir', 'DAGS_FOLDER/dag_orchestrator.py', '--cfg-path', '/tmp/tmp6bm794ul', '--error-file', '/tmp/tmpteji3h04']
[2024-06-20 19:32:12,420] {standard_task_runner.py:77} INFO - Job 8: Subtask trigger_text_processing_dag_2
[2024-06-20 19:32:12,730] {logging_mixin.py:109} INFO - Running <TaskInstance: orchestrator_dag.trigger_text_processing_dag_2 manual__2024-06-20T13:34:53.376286+00:00 [running]> on host 09fa9687a8d2
[2024-06-20 19:32:13,011] {taskinstance.py:1431} INFO - Exporting the following env vars:
AIRFLOW_CTX_DAG_OWNER=airflow
AIRFLOW_CTX_DAG_ID=orchestrator_dag
AIRFLOW_CTX_TASK_ID=trigger_text_processing_dag_2
AIRFLOW_CTX_EXECUTION_DATE=2024-06-20T13:34:53.376286+00:00
AIRFLOW_CTX_DAG_RUN_ID=manual__2024-06-20T13:34:53.376286+00:00
[2024-06-20 19:32:13,222] {logging_mixin.py:109} WARNING - /home/airflow/.local/lib/python3.6/site-packages/airflow/api/common/trigger_dag.py:90 DeprecationWarning: Calling `DAG.create_dagrun()` without an explicit data interval is deprecated
[2024-06-20 19:32:13,620] {taskinstance.py:1282} INFO - Marking task as SUCCESS. dag_id=orchestrator_dag, task_id=trigger_text_processing_dag_2, execution_date=20240620T133453, start_date=20240620T193212, end_date=20240620T193213
[2024-06-20 19:32:13,735] {local_task_job.py:154} INFO - Task exited with return code 0
[2024-06-20 19:32:13,941] {local_task_job.py:264} INFO - 1 downstream tasks scheduled from follow-on schedule check
