[2024-06-26 22:53:18,428] {taskinstance.py:1037} INFO - Dependencies all met for <TaskInstance: orchestrator_dag.trigger_text_processing_dag_2 manual__2024-06-26T22:53:12.503772+00:00 [queued]>
[2024-06-26 22:53:18,438] {taskinstance.py:1037} INFO - Dependencies all met for <TaskInstance: orchestrator_dag.trigger_text_processing_dag_2 manual__2024-06-26T22:53:12.503772+00:00 [queued]>
[2024-06-26 22:53:18,438] {taskinstance.py:1243} INFO - 
--------------------------------------------------------------------------------
[2024-06-26 22:53:18,438] {taskinstance.py:1244} INFO - Starting attempt 1 of 2
[2024-06-26 22:53:18,438] {taskinstance.py:1245} INFO - 
--------------------------------------------------------------------------------
[2024-06-26 22:53:18,451] {taskinstance.py:1264} INFO - Executing <Task(TriggerDagRunOperator): trigger_text_processing_dag_2> on 2024-06-26 22:53:12.503772+00:00
[2024-06-26 22:53:18,454] {standard_task_runner.py:52} INFO - Started process 1999 to run task
[2024-06-26 22:53:18,460] {standard_task_runner.py:76} INFO - Running: ['airflow', 'tasks', 'run', 'orchestrator_dag', 'trigger_text_processing_dag_2', 'manual__2024-06-26T22:53:12.503772+00:00', '--job-id', '3148', '--raw', '--subdir', 'DAGS_FOLDER/dag_orchestrator.py', '--cfg-path', '/tmp/tmpzs_5glnr', '--error-file', '/tmp/tmpxmkxp3qe']
[2024-06-26 22:53:18,463] {standard_task_runner.py:77} INFO - Job 3148: Subtask trigger_text_processing_dag_2
[2024-06-26 22:53:18,532] {logging_mixin.py:109} INFO - Running <TaskInstance: orchestrator_dag.trigger_text_processing_dag_2 manual__2024-06-26T22:53:12.503772+00:00 [running]> on host cf249bbdc0d0
[2024-06-26 22:53:18,609] {taskinstance.py:1431} INFO - Exporting the following env vars:
AIRFLOW_CTX_DAG_OWNER=airflow
AIRFLOW_CTX_DAG_ID=orchestrator_dag
AIRFLOW_CTX_TASK_ID=trigger_text_processing_dag_2
AIRFLOW_CTX_EXECUTION_DATE=2024-06-26T22:53:12.503772+00:00
AIRFLOW_CTX_DAG_RUN_ID=manual__2024-06-26T22:53:12.503772+00:00
[2024-06-26 22:53:18,656] {logging_mixin.py:109} WARNING - /home/airflow/.local/lib/python3.6/site-packages/airflow/api/common/trigger_dag.py:90 DeprecationWarning: Calling `DAG.create_dagrun()` without an explicit data interval is deprecated
[2024-06-26 22:53:18,734] {taskinstance.py:1282} INFO - Marking task as SUCCESS. dag_id=orchestrator_dag, task_id=trigger_text_processing_dag_2, execution_date=20240626T225312, start_date=20240626T225318, end_date=20240626T225318
[2024-06-26 22:53:18,789] {local_task_job.py:154} INFO - Task exited with return code 0
[2024-06-26 22:53:18,850] {local_task_job.py:264} INFO - 1 downstream tasks scheduled from follow-on schedule check
