[2024-07-12 00:26:53,292] {taskinstance.py:1037} INFO - Dependencies all met for <TaskInstance: text_processing_dag_1.process_text manual__2024-06-25T04:55:32.668498+00:00 [queued]>
[2024-07-12 00:26:53,351] {taskinstance.py:1037} INFO - Dependencies all met for <TaskInstance: text_processing_dag_1.process_text manual__2024-06-25T04:55:32.668498+00:00 [queued]>
[2024-07-12 00:26:53,354] {taskinstance.py:1243} INFO - 
--------------------------------------------------------------------------------
[2024-07-12 00:26:53,355] {taskinstance.py:1244} INFO - Starting attempt 3 of 4
[2024-07-12 00:26:53,355] {taskinstance.py:1245} INFO - 
--------------------------------------------------------------------------------
[2024-07-12 00:26:53,428] {taskinstance.py:1264} INFO - Executing <Task(PythonOperator): process_text> on 2024-06-25 04:55:32.668498+00:00
[2024-07-12 00:26:53,453] {standard_task_runner.py:52} INFO - Started process 4701 to run task
[2024-07-12 00:26:53,627] {standard_task_runner.py:76} INFO - Running: ['airflow', 'tasks', 'run', 'text_processing_dag_1', 'process_text', 'manual__2024-06-25T04:55:32.668498+00:00', '--job-id', '3202', '--raw', '--subdir', 'DAGS_FOLDER/dag_text_processing_1.py', '--cfg-path', '/tmp/tmpq5402_e1', '--error-file', '/tmp/tmpsibffkqo']
[2024-07-12 00:26:53,633] {standard_task_runner.py:77} INFO - Job 3202: Subtask process_text
[2024-07-12 00:26:54,185] {logging_mixin.py:109} INFO - Running <TaskInstance: text_processing_dag_1.process_text manual__2024-06-25T04:55:32.668498+00:00 [running]> on host cf249bbdc0d0
[2024-07-12 00:26:54,633] {taskinstance.py:1431} INFO - Exporting the following env vars:
AIRFLOW_CTX_DAG_OWNER=airflow
AIRFLOW_CTX_DAG_ID=text_processing_dag_1
AIRFLOW_CTX_TASK_ID=process_text
AIRFLOW_CTX_EXECUTION_DATE=2024-06-25T04:55:32.668498+00:00
AIRFLOW_CTX_DAG_RUN_ID=manual__2024-06-25T04:55:32.668498+00:00
[2024-07-12 00:27:02,613] {logging_mixin.py:109} INFO - Index(['date', 'time', 'messages', 'video_links', 'video_durations'], dtype='object')
[2024-07-12 00:28:30,068] {logging_mixin.py:109} INFO - Error: ZERO_RESULTS for city: شهيد
[2024-07-12 00:28:31,045] {logging_mixin.py:109} INFO - Error: ZERO_RESULTS for city: mosque
[2024-07-12 00:28:36,928] {local_task_job.py:212} WARNING - State of this instance has been externally set to None. Terminating instance.
[2024-07-12 00:28:36,941] {process_utils.py:124} INFO - Sending Signals.SIGTERM to group 4701. PIDs of all processes in the group: [4701]
[2024-07-12 00:28:36,946] {process_utils.py:75} INFO - Sending the signal Signals.SIGTERM to group 4701
[2024-07-12 00:28:36,950] {taskinstance.py:1413} ERROR - Received SIGTERM. Terminating subprocesses.
[2024-07-12 00:28:36,958] {logging_mixin.py:109} INFO - Error fetching data for city: gaza+city, Error: Task received SIGTERM signal
[2024-07-12 00:28:40,445] {logging_mixin.py:109} INFO - Error: ZERO_RESULTS for city: الأهالي
[2024-07-12 00:28:44,805] {logging_mixin.py:109} INFO - Error: ZERO_RESULTS for city: Maythaloun
[2024-07-12 00:28:45,160] {logging_mixin.py:109} INFO - Processed data saved to /opt/airflow/data/processed_data_1.json
[2024-07-12 00:28:45,172] {python.py:175} INFO - Done. Returned value was: None
[2024-07-12 00:28:45,242] {taskinstance.py:1282} INFO - Marking task as SUCCESS. dag_id=text_processing_dag_1, task_id=process_text, execution_date=20240625T045532, start_date=20240712T002653, end_date=20240712T002845
[2024-07-12 00:28:45,295] {process_utils.py:70} INFO - Process psutil.Process(pid=4701, status='terminated', exitcode=0, started='00:26:52') (4701) terminated with exit code 0
