[2024-06-26 16:15:59,299] {taskinstance.py:1037} INFO - Dependencies all met for <TaskInstance: webscraping_dag.scrape_and_produce manual__2024-06-26T16:15:57.869141+00:00 [queued]>
[2024-06-26 16:15:59,314] {taskinstance.py:1037} INFO - Dependencies all met for <TaskInstance: webscraping_dag.scrape_and_produce manual__2024-06-26T16:15:57.869141+00:00 [queued]>
[2024-06-26 16:15:59,315] {taskinstance.py:1243} INFO - 
--------------------------------------------------------------------------------
[2024-06-26 16:15:59,315] {taskinstance.py:1244} INFO - Starting attempt 1 of 2
[2024-06-26 16:15:59,315] {taskinstance.py:1245} INFO - 
--------------------------------------------------------------------------------
[2024-06-26 16:15:59,345] {taskinstance.py:1264} INFO - Executing <Task(PythonOperator): scrape_and_produce> on 2024-06-26 16:15:57.869141+00:00
[2024-06-26 16:15:59,348] {standard_task_runner.py:52} INFO - Started process 10101 to run task
[2024-06-26 16:15:59,351] {standard_task_runner.py:76} INFO - Running: ['airflow', 'tasks', 'run', 'webscraping_dag', 'scrape_and_produce', 'manual__2024-06-26T16:15:57.869141+00:00', '--job-id', '2809', '--raw', '--subdir', 'DAGS_FOLDER/webscraping_dag.py', '--cfg-path', '/tmp/tmpibpqc8ve', '--error-file', '/tmp/tmpy2hkzjfk']
[2024-06-26 16:15:59,356] {standard_task_runner.py:77} INFO - Job 2809: Subtask scrape_and_produce
[2024-06-26 16:15:59,430] {logging_mixin.py:109} INFO - Running <TaskInstance: webscraping_dag.scrape_and_produce manual__2024-06-26T16:15:57.869141+00:00 [running]> on host 1f86a07ac7e4
[2024-06-26 16:15:59,504] {taskinstance.py:1431} INFO - Exporting the following env vars:
AIRFLOW_CTX_DAG_OWNER=airflow
AIRFLOW_CTX_DAG_ID=webscraping_dag
AIRFLOW_CTX_TASK_ID=scrape_and_produce
AIRFLOW_CTX_EXECUTION_DATE=2024-06-26T16:15:57.869141+00:00
AIRFLOW_CTX_DAG_RUN_ID=manual__2024-06-26T16:15:57.869141+00:00
[2024-06-26 16:15:59,510] {logging_mixin.py:109} INFO - Error initializing WebDriver: Message: 'chromedriver' executable needs to be in PATH. Please see https://sites.google.com/a/chromium.org/chromedriver/home
[2024-06-26 16:15:59,511] {logging_mixin.py:109} INFO - 
[2024-06-26 16:15:59,511] {python.py:175} INFO - Done. Returned value was: None
[2024-06-26 16:15:59,530] {taskinstance.py:1282} INFO - Marking task as SUCCESS. dag_id=webscraping_dag, task_id=scrape_and_produce, execution_date=20240626T161557, start_date=20240626T161559, end_date=20240626T161559
[2024-06-26 16:15:59,563] {local_task_job.py:154} INFO - Task exited with return code 0
[2024-06-26 16:15:59,598] {local_task_job.py:264} INFO - 0 downstream tasks scheduled from follow-on schedule check
