[2024-07-12 00:26:50,578] {taskinstance.py:1037} INFO - Dependencies all met for <TaskInstance: orchestrator_dag.trigger_text_processing_dag_2 manual__2024-06-26T22:53:15.598827+00:00 [queued]>
[2024-07-12 00:26:50,627] {taskinstance.py:1037} INFO - Dependencies all met for <TaskInstance: orchestrator_dag.trigger_text_processing_dag_2 manual__2024-06-26T22:53:15.598827+00:00 [queued]>
[2024-07-12 00:26:50,627] {taskinstance.py:1243} INFO - 
--------------------------------------------------------------------------------
[2024-07-12 00:26:50,627] {taskinstance.py:1244} INFO - Starting attempt 2 of 3
[2024-07-12 00:26:50,627] {taskinstance.py:1245} INFO - 
--------------------------------------------------------------------------------
[2024-07-12 00:26:50,700] {taskinstance.py:1264} INFO - Executing <Task(TriggerDagRunOperator): trigger_text_processing_dag_2> on 2024-06-26 22:53:15.598827+00:00
[2024-07-12 00:26:50,716] {standard_task_runner.py:52} INFO - Started process 4673 to run task
[2024-07-12 00:26:50,733] {standard_task_runner.py:76} INFO - Running: ['airflow', 'tasks', 'run', 'orchestrator_dag', 'trigger_text_processing_dag_2', 'manual__2024-06-26T22:53:15.598827+00:00', '--job-id', '3187', '--raw', '--subdir', 'DAGS_FOLDER/dag_orchestrator.py', '--cfg-path', '/tmp/tmpx6sp2ho5', '--error-file', '/tmp/tmpbzabtwl1']
[2024-07-12 00:26:50,755] {standard_task_runner.py:77} INFO - Job 3187: Subtask trigger_text_processing_dag_2
[2024-07-12 00:26:51,105] {logging_mixin.py:109} INFO - Running <TaskInstance: orchestrator_dag.trigger_text_processing_dag_2 manual__2024-06-26T22:53:15.598827+00:00 [running]> on host cf249bbdc0d0
[2024-07-12 00:26:51,624] {taskinstance.py:1431} INFO - Exporting the following env vars:
AIRFLOW_CTX_DAG_OWNER=airflow
AIRFLOW_CTX_DAG_ID=orchestrator_dag
AIRFLOW_CTX_TASK_ID=trigger_text_processing_dag_2
AIRFLOW_CTX_EXECUTION_DATE=2024-06-26T22:53:15.598827+00:00
AIRFLOW_CTX_DAG_RUN_ID=manual__2024-06-26T22:53:15.598827+00:00
[2024-07-12 00:26:51,812] {logging_mixin.py:109} WARNING - /home/airflow/.local/lib/python3.6/site-packages/airflow/api/common/trigger_dag.py:90 DeprecationWarning: Calling `DAG.create_dagrun()` without an explicit data interval is deprecated
[2024-07-12 00:26:52,592] {taskinstance.py:1282} INFO - Marking task as SUCCESS. dag_id=orchestrator_dag, task_id=trigger_text_processing_dag_2, execution_date=20240626T225315, start_date=20240712T002650, end_date=20240712T002652
[2024-07-12 00:26:52,659] {local_task_job.py:154} INFO - Task exited with return code 0
[2024-07-12 00:26:52,792] {local_task_job.py:264} INFO - 1 downstream tasks scheduled from follow-on schedule check
