[2024-06-21 18:33:17,184] {taskinstance.py:1037} INFO - Dependencies all met for <TaskInstance: orchestrator_dag.trigger_text_processing_dag_2 manual__2024-06-21T18:33:11.606251+00:00 [queued]>
[2024-06-21 18:33:17,233] {taskinstance.py:1037} INFO - Dependencies all met for <TaskInstance: orchestrator_dag.trigger_text_processing_dag_2 manual__2024-06-21T18:33:11.606251+00:00 [queued]>
[2024-06-21 18:33:17,240] {taskinstance.py:1243} INFO - 
--------------------------------------------------------------------------------
[2024-06-21 18:33:17,240] {taskinstance.py:1244} INFO - Starting attempt 1 of 2
[2024-06-21 18:33:17,240] {taskinstance.py:1245} INFO - 
--------------------------------------------------------------------------------
[2024-06-21 18:33:17,301] {taskinstance.py:1264} INFO - Executing <Task(TriggerDagRunOperator): trigger_text_processing_dag_2> on 2024-06-21 18:33:11.606251+00:00
[2024-06-21 18:33:17,305] {standard_task_runner.py:52} INFO - Started process 247 to run task
[2024-06-21 18:33:17,339] {standard_task_runner.py:76} INFO - Running: ['airflow', 'tasks', 'run', 'orchestrator_dag', 'trigger_text_processing_dag_2', 'manual__2024-06-21T18:33:11.606251+00:00', '--job-id', '94', '--raw', '--subdir', 'DAGS_FOLDER/dag_orchestrator.py', '--cfg-path', '/tmp/tmpyk_rulj6', '--error-file', '/tmp/tmphyg4a_un']
[2024-06-21 18:33:17,348] {standard_task_runner.py:77} INFO - Job 94: Subtask trigger_text_processing_dag_2
[2024-06-21 18:33:17,558] {logging_mixin.py:109} INFO - Running <TaskInstance: orchestrator_dag.trigger_text_processing_dag_2 manual__2024-06-21T18:33:11.606251+00:00 [running]> on host e3d17bd30143
[2024-06-21 18:33:17,836] {taskinstance.py:1431} INFO - Exporting the following env vars:
AIRFLOW_CTX_DAG_OWNER=airflow
AIRFLOW_CTX_DAG_ID=orchestrator_dag
AIRFLOW_CTX_TASK_ID=trigger_text_processing_dag_2
AIRFLOW_CTX_EXECUTION_DATE=2024-06-21T18:33:11.606251+00:00
AIRFLOW_CTX_DAG_RUN_ID=manual__2024-06-21T18:33:11.606251+00:00
[2024-06-21 18:33:17,952] {logging_mixin.py:109} WARNING - /home/airflow/.local/lib/python3.6/site-packages/airflow/api/common/trigger_dag.py:90 DeprecationWarning: Calling `DAG.create_dagrun()` without an explicit data interval is deprecated
[2024-06-21 18:33:18,208] {taskinstance.py:1282} INFO - Marking task as SUCCESS. dag_id=orchestrator_dag, task_id=trigger_text_processing_dag_2, execution_date=20240621T183311, start_date=20240621T183317, end_date=20240621T183318
[2024-06-21 18:33:18,243] {local_task_job.py:154} INFO - Task exited with return code 0
[2024-06-21 18:33:18,375] {local_task_job.py:264} INFO - 1 downstream tasks scheduled from follow-on schedule check
